{"name": "Image gallery with only one image", "status": "broken", "statusDetails": {"message": "selenium.common.exceptions.NoSuchElementException: Message: no such element: Unable to locate element: {\"method\":\"xpath\",\"selector\":\"//div[@class='slide-container']\"}\n  (Session info: MicrosoftEdge=130.0.2849.80); For documentation on this error, please visit: https://www.selenium.dev/documentation/webdriver/troubleshooting/errors#no-such-element-exception\nStacktrace:\n#0 0x563e522f95be <unknown>\n#1 0x563e51dc09f6 <unknown>\n#2 0x563e51e0c3ee <unknown>\n#3 0x563e51e0c6c1 <unknown>\n#4 0x563e51e50324 <unknown>\n#5 0x563e51e2ff7d <unknown>\n#6 0x563e51e4defe <unknown>\n#7 0x563e51e2fcf3 <unknown>\n#8 0x563e51e002de <unknown>\n#9 0x563e51e00fbe <unknown>\n#10 0x563e522ce521 <unknown>\n#11 0x563e522d1791 <unknown>\n#12 0x563e522d120b <unknown>\n#13 0x563e522d1bc5 <unknown>\n#14 0x563e522bfef2 <unknown>\n#15 0x563e522d1f4d <unknown>\n#16 0x563e522a98c5 <unknown>\n#17 0x563e522e9d18 <unknown>\n#18 0x563e522e9f2f <unknown>\n#19 0x563e522f81bc <unknown>\n#20 0x7ff846694ac3 <unknown>", "trace": "self = <Tests.test_AboutPage.TestAboutPage object at 0x7ff0e62aa610>\nproxy_driver = <selenium.webdriver.edge.webdriver.WebDriver (session=\"1dbf60017e3ad6b2c30e0ccf5dd93db6\")>\n\n    @severity(severity_level.NORMAL)\n    @allure.feature('About page')\n    @allure.title(\"Image gallery with only one image\")\n    @allure.issue(\"QP-266\", \"Story QP-266\")\n    @allure.issue(\"QP-356\", \"Epic QP-356\")\n    @allure.testcase(\"58522\", \"C58522\")\n    @pytest.mark.parametrize(\"proxy_driver\", [\"about_page_test_9\"], indirect=True)\n    def test_9(self, proxy_driver):\n        proxy_driver.get(BaseClass.url + \"about\")\n        main_nav_obj = MainNavigation(proxy_driver)\n        about_page_obj = AboutPage(proxy_driver)\n        main_nav_obj.wait_page_to_load()\n        with check, allure.step(\"C58522: Next image button is not visible\"):\n            assert not about_page_obj.is_next_slide_button_visible()\n        with check, allure.step(\"C58522: Scroll bar is not visible\"):\n>           assert not about_page_obj.is_image_carousel_scroll_visible()\n\nTests/test_AboutPage.py:165: \n_ _ _ _ _ _ _ _ _ _ _ _ _ _ _ _ _ _ _ _ _ _ _ _ _ _ _ _ _ _ _ _ _ _ _ _ _ _ _ _ \nPages/AboutPage.py:127: in is_image_carousel_scroll_visible\n    scroll_width = self.driver.find_element(*self.image_carousel).get_attribute('scrollWidth')\n/opt/hostedtoolcache/Python/3.11.10/x64/lib/python3.11/site-packages/selenium/webdriver/remote/webdriver.py:741: in find_element\n    return self.execute(Command.FIND_ELEMENT, {\"using\": by, \"value\": value})[\"value\"]\n/opt/hostedtoolcache/Python/3.11.10/x64/lib/python3.11/site-packages/selenium/webdriver/remote/webdriver.py:347: in execute\n    self.error_handler.check_response(response)\n_ _ _ _ _ _ _ _ _ _ _ _ _ _ _ _ _ _ _ _ _ _ _ _ _ _ _ _ _ _ _ _ _ _ _ _ _ _ _ _ \n\nself = <selenium.webdriver.remote.errorhandler.ErrorHandler object at 0x7ff0e6c10890>\nresponse = {'status': 404, 'value': '{\"value\":{\"error\":\"no such element\",\"message\":\"no such element: Unable to locate element: {\\...\\\\n#18 0x563e522e9f2f \\\\u003Cunknown>\\\\n#19 0x563e522f81bc \\\\u003Cunknown>\\\\n#20 0x7ff846694ac3 \\\\u003Cunknown>\\\\n\"}}'}\n\n    def check_response(self, response: Dict[str, Any]) -> None:\n        \"\"\"Checks that a JSON response from the WebDriver does not have an\n        error.\n    \n        :Args:\n         - response - The JSON response from the WebDriver server as a dictionary\n           object.\n    \n        :Raises: If the response contains an error message.\n        \"\"\"\n        status = response.get(\"status\", None)\n        if not status or status == ErrorCode.SUCCESS:\n            return\n        value = None\n        message = response.get(\"message\", \"\")\n        screen: str = response.get(\"screen\", \"\")\n        stacktrace = None\n        if isinstance(status, int):\n            value_json = response.get(\"value\", None)\n            if value_json and isinstance(value_json, str):\n                import json\n    \n                try:\n                    value = json.loads(value_json)\n                    if len(value) == 1:\n                        value = value[\"value\"]\n                    status = value.get(\"error\", None)\n                    if not status:\n                        status = value.get(\"status\", ErrorCode.UNKNOWN_ERROR)\n                        message = value.get(\"value\") or value.get(\"message\")\n                        if not isinstance(message, str):\n                            value = message\n                            message = message.get(\"message\")\n                    else:\n                        message = value.get(\"message\", None)\n                except ValueError:\n                    pass\n    \n        exception_class: Type[WebDriverException]\n        e = ErrorCode()\n        error_codes = [item for item in dir(e) if not item.startswith(\"__\")]\n        for error_code in error_codes:\n            error_info = getattr(ErrorCode, error_code)\n            if isinstance(error_info, list) and status in error_info:\n                exception_class = getattr(ExceptionMapping, error_code, WebDriverException)\n                break\n        else:\n            exception_class = WebDriverException\n    \n        if not value:\n            value = response[\"value\"]\n        if isinstance(value, str):\n            raise exception_class(value)\n        if message == \"\" and \"message\" in value:\n            message = value[\"message\"]\n    \n        screen = None  # type: ignore[assignment]\n        if \"screen\" in value:\n            screen = value[\"screen\"]\n    \n        stacktrace = None\n        st_value = value.get(\"stackTrace\") or value.get(\"stacktrace\")\n        if st_value:\n            if isinstance(st_value, str):\n                stacktrace = st_value.split(\"\\n\")\n            else:\n                stacktrace = []\n                try:\n                    for frame in st_value:\n                        line = frame.get(\"lineNumber\", \"\")\n                        file = frame.get(\"fileName\", \"<anonymous>\")\n                        if line:\n                            file = f\"{file}:{line}\"\n                        meth = frame.get(\"methodName\", \"<anonymous>\")\n                        if \"className\" in frame:\n                            meth = f\"{frame['className']}.{meth}\"\n                        msg = \"    at %s (%s)\"\n                        msg = msg % (meth, file)\n                        stacktrace.append(msg)\n                except TypeError:\n                    pass\n        if exception_class == UnexpectedAlertPresentException:\n            alert_text = None\n            if \"data\" in value:\n                alert_text = value[\"data\"].get(\"text\")\n            elif \"alert\" in value:\n                alert_text = value[\"alert\"].get(\"text\")\n            raise exception_class(message, screen, stacktrace, alert_text)  # type: ignore[call-arg]  # mypy is not smart enough here\n>       raise exception_class(message, screen, stacktrace)\nE       selenium.common.exceptions.NoSuchElementException: Message: no such element: Unable to locate element: {\"method\":\"xpath\",\"selector\":\"//div[@class='slide-container']\"}\nE         (Session info: MicrosoftEdge=130.0.2849.80); For documentation on this error, please visit: https://www.selenium.dev/documentation/webdriver/troubleshooting/errors#no-such-element-exception\nE       Stacktrace:\nE       #0 0x563e522f95be <unknown>\nE       #1 0x563e51dc09f6 <unknown>\nE       #2 0x563e51e0c3ee <unknown>\nE       #3 0x563e51e0c6c1 <unknown>\nE       #4 0x563e51e50324 <unknown>\nE       #5 0x563e51e2ff7d <unknown>\nE       #6 0x563e51e4defe <unknown>\nE       #7 0x563e51e2fcf3 <unknown>\nE       #8 0x563e51e002de <unknown>\nE       #9 0x563e51e00fbe <unknown>\nE       #10 0x563e522ce521 <unknown>\nE       #11 0x563e522d1791 <unknown>\nE       #12 0x563e522d120b <unknown>\nE       #13 0x563e522d1bc5 <unknown>\nE       #14 0x563e522bfef2 <unknown>\nE       #15 0x563e522d1f4d <unknown>\nE       #16 0x563e522a98c5 <unknown>\nE       #17 0x563e522e9d18 <unknown>\nE       #18 0x563e522e9f2f <unknown>\nE       #19 0x563e522f81bc <unknown>\nE       #20 0x7ff846694ac3 <unknown>\n\n/opt/hostedtoolcache/Python/3.11.10/x64/lib/python3.11/site-packages/selenium/webdriver/remote/errorhandler.py:229: NoSuchElementException"}, "steps": [{"name": "C58522: Next image button is not visible", "status": "passed", "start": 1732012646199, "stop": 1732012656234}, {"name": "C58522: Scroll bar is not visible", "status": "broken", "statusDetails": {"message": "selenium.common.exceptions.NoSuchElementException: Message: no such element: Unable to locate element: {\"method\":\"xpath\",\"selector\":\"//div[@class='slide-container']\"}\n  (Session info: MicrosoftEdge=130.0.2849.80); For documentation on this error, please visit: https://www.selenium.dev/documentation/webdriver/troubleshooting/errors#no-such-element-exception\nStacktrace:\n#0 0x563e522f95be <unknown>\n#1 0x563e51dc09f6 <unknown>\n#2 0x563e51e0c3ee <unknown>\n#3 0x563e51e0c6c1 <unknown>\n#4 0x563e51e50324 <unknown>\n#5 0x563e51e2ff7d <unknown>\n#6 0x563e51e4defe <unknown>\n#7 0x563e51e2fcf3 <unknown>\n#8 0x563e51e002de <unknown>\n#9 0x563e51e00fbe <unknown>\n#10 0x563e522ce521 <unknown>\n#11 0x563e522d1791 <unknown>\n#12 0x563e522d120b <unknown>\n#13 0x563e522d1bc5 <unknown>\n#14 0x563e522bfef2 <unknown>\n#15 0x563e522d1f4d <unknown>\n#16 0x563e522a98c5 <unknown>\n#17 0x563e522e9d18 <unknown>\n#18 0x563e522e9f2f <unknown>\n#19 0x563e522f81bc <unknown>\n#20 0x7ff846694ac3 <unknown>\n\n", "trace": "  File \"/home/runner/work/QUBA_WEB/QUBA_WEB/Tests/test_AboutPage.py\", line 165, in test_9\n    assert not about_page_obj.is_image_carousel_scroll_visible()\n  File \"/home/runner/work/QUBA_WEB/QUBA_WEB/Pages/AboutPage.py\", line 127, in is_image_carousel_scroll_visible\n    scroll_width = self.driver.find_element(*self.image_carousel).get_attribute('scrollWidth')\n                   ^^^^^^^^^^^^^^^^^^^^^^^^^^^^^^^^^^^^^^^^^^^^^^\n  File \"/opt/hostedtoolcache/Python/3.11.10/x64/lib/python3.11/site-packages/selenium/webdriver/remote/webdriver.py\", line 741, in find_element\n    return self.execute(Command.FIND_ELEMENT, {\"using\": by, \"value\": value})[\"value\"]\n           ^^^^^^^^^^^^^^^^^^^^^^^^^^^^^^^^^^^^^^^^^^^^^^^^^^^^^^^^^^^^^^^^^\n  File \"/opt/hostedtoolcache/Python/3.11.10/x64/lib/python3.11/site-packages/selenium/webdriver/remote/webdriver.py\", line 347, in execute\n    self.error_handler.check_response(response)\n  File \"/opt/hostedtoolcache/Python/3.11.10/x64/lib/python3.11/site-packages/selenium/webdriver/remote/errorhandler.py\", line 229, in check_response\n    raise exception_class(message, screen, stacktrace)\n"}, "start": 1732012656234, "stop": 1732012666250}], "attachments": [{"name": "stdout", "source": "7baf3c37-c945-498b-9317-333893f03c66-attachment.txt", "type": "text/plain"}], "parameters": [{"name": "proxy_driver", "value": "'about_page_test_9'"}, {"name": "driver", "value": "'edge'"}], "start": 1732012644032, "stop": 1732012666251, "uuid": "8f8ed171-5bd6-4ee1-86d3-9e07f13e24ac", "historyId": "a62706d125119b2924f65a46bf1039dd", "testCaseId": "6604f3249b7fa9a7af0e103bab10b894", "fullName": "Tests.test_AboutPage.TestAboutPage#test_9", "labels": [{"name": "severity", "value": "normal"}, {"name": "feature", "value": "About page"}, {"name": "tag", "value": "flaky(reruns=3, reruns_delay=1)"}, {"name": "parentSuite", "value": "Tests"}, {"name": "suite", "value": "test_AboutPage"}, {"name": "subSuite", "value": "TestAboutPage"}, {"name": "host", "value": "fv-az849-188"}, {"name": "thread", "value": "1849-MainThread"}, {"name": "framework", "value": "pytest"}, {"name": "language", "value": "cpython3"}, {"name": "package", "value": "Tests.test_AboutPage"}], "links": [{"type": "tms", "url": "https://hedgehoglabqa.testrail.io/index.php?/cases/view/58522", "name": "C58522"}, {"type": "issue", "url": "https://hedgehog-lab.atlassian.net/browse/QP-356", "name": "Epic QP-356"}, {"type": "issue", "url": "https://hedgehog-lab.atlassian.net/browse/QP-266", "name": "Story QP-266"}]}