{"name": "Image gallery with only one image", "status": "broken", "statusDetails": {"message": "selenium.common.exceptions.NoSuchElementException: Message: no such element: Unable to locate element: {\"method\":\"xpath\",\"selector\":\"//div[@class='slide-container']\"}\n  (Session info: MicrosoftEdge=131.0.2903.51); For documentation on this error, please visit: https://www.selenium.dev/documentation/webdriver/troubleshooting/errors#no-such-element-exception\nStacktrace:\n#0 0x5557333fa95e <unknown>\n#1 0x555732eafb76 <unknown>\n#2 0x555732efd45e <unknown>\n#3 0x555732efd731 <unknown>\n#4 0x555732f414f4 <unknown>\n#5 0x555732f2120d <unknown>\n#6 0x555732f3f18a <unknown>\n#7 0x555732f20f83 <unknown>\n#8 0x555732ef101e <unknown>\n#9 0x555732ef1cfe <unknown>\n#10 0x5557333cf9f1 <unknown>\n#11 0x5557333d2bee <unknown>\n#12 0x5557333d266b <unknown>\n#13 0x5557333d3015 <unknown>\n#14 0x5557333c1402 <unknown>\n#15 0x5557333d339d <unknown>\n#16 0x5557333ab5c5 <unknown>\n#17 0x5557333eb018 <unknown>\n#18 0x5557333eb22f <unknown>\n#19 0x5557333f954c <unknown>\n#20 0x7fc51a694ac3 <unknown>", "trace": "self = <Tests.test_AboutPage.TestAboutPage object at 0x7f21a60a3190>\nproxy_driver = <selenium.webdriver.edge.webdriver.WebDriver (session=\"cc1cd4d217d664a2ebe73c108687b31f\")>\n\n    @severity(severity_level.NORMAL)\n    @allure.feature('About page')\n    @allure.title(\"Image gallery with only one image\")\n    @allure.issue(\"QP-266\", \"Story QP-266\")\n    @allure.issue(\"QP-356\", \"Epic QP-356\")\n    @allure.testcase(\"58522\", \"C58522\")\n    @pytest.mark.parametrize(\"proxy_driver\", [\"about_page_test_9\"], indirect=True)\n    def test_9(self, proxy_driver):\n        proxy_driver.get(BaseClass.url + \"about\")\n        main_nav_obj = MainNavigation(proxy_driver)\n        about_page_obj = AboutPage(proxy_driver)\n        main_nav_obj.wait_page_to_load()\n>       about_page_obj.scroll_to_image_gallery(self.current_browser)\n\nTests/test_AboutPage.py:156: \n_ _ _ _ _ _ _ _ _ _ _ _ _ _ _ _ _ _ _ _ _ _ _ _ _ _ _ _ _ _ _ _ _ _ _ _ _ _ _ _ \nPages/AboutPage.py:157: in scroll_to_image_gallery\n    element = self.driver.find_element(*self.image_carousel)\n/opt/hostedtoolcache/Python/3.11.10/x64/lib/python3.11/site-packages/selenium/webdriver/remote/webdriver.py:741: in find_element\n    return self.execute(Command.FIND_ELEMENT, {\"using\": by, \"value\": value})[\"value\"]\n/opt/hostedtoolcache/Python/3.11.10/x64/lib/python3.11/site-packages/selenium/webdriver/remote/webdriver.py:347: in execute\n    self.error_handler.check_response(response)\n_ _ _ _ _ _ _ _ _ _ _ _ _ _ _ _ _ _ _ _ _ _ _ _ _ _ _ _ _ _ _ _ _ _ _ _ _ _ _ _ \n\nself = <selenium.webdriver.remote.errorhandler.ErrorHandler object at 0x7f21a6951390>\nresponse = {'status': 404, 'value': '{\"value\":{\"error\":\"no such element\",\"message\":\"no such element: Unable to locate element: {\\...\\\\n#18 0x5557333eb22f \\\\u003Cunknown>\\\\n#19 0x5557333f954c \\\\u003Cunknown>\\\\n#20 0x7fc51a694ac3 \\\\u003Cunknown>\\\\n\"}}'}\n\n    def check_response(self, response: Dict[str, Any]) -> None:\n        \"\"\"Checks that a JSON response from the WebDriver does not have an\n        error.\n    \n        :Args:\n         - response - The JSON response from the WebDriver server as a dictionary\n           object.\n    \n        :Raises: If the response contains an error message.\n        \"\"\"\n        status = response.get(\"status\", None)\n        if not status or status == ErrorCode.SUCCESS:\n            return\n        value = None\n        message = response.get(\"message\", \"\")\n        screen: str = response.get(\"screen\", \"\")\n        stacktrace = None\n        if isinstance(status, int):\n            value_json = response.get(\"value\", None)\n            if value_json and isinstance(value_json, str):\n                import json\n    \n                try:\n                    value = json.loads(value_json)\n                    if len(value) == 1:\n                        value = value[\"value\"]\n                    status = value.get(\"error\", None)\n                    if not status:\n                        status = value.get(\"status\", ErrorCode.UNKNOWN_ERROR)\n                        message = value.get(\"value\") or value.get(\"message\")\n                        if not isinstance(message, str):\n                            value = message\n                            message = message.get(\"message\")\n                    else:\n                        message = value.get(\"message\", None)\n                except ValueError:\n                    pass\n    \n        exception_class: Type[WebDriverException]\n        e = ErrorCode()\n        error_codes = [item for item in dir(e) if not item.startswith(\"__\")]\n        for error_code in error_codes:\n            error_info = getattr(ErrorCode, error_code)\n            if isinstance(error_info, list) and status in error_info:\n                exception_class = getattr(ExceptionMapping, error_code, WebDriverException)\n                break\n        else:\n            exception_class = WebDriverException\n    \n        if not value:\n            value = response[\"value\"]\n        if isinstance(value, str):\n            raise exception_class(value)\n        if message == \"\" and \"message\" in value:\n            message = value[\"message\"]\n    \n        screen = None  # type: ignore[assignment]\n        if \"screen\" in value:\n            screen = value[\"screen\"]\n    \n        stacktrace = None\n        st_value = value.get(\"stackTrace\") or value.get(\"stacktrace\")\n        if st_value:\n            if isinstance(st_value, str):\n                stacktrace = st_value.split(\"\\n\")\n            else:\n                stacktrace = []\n                try:\n                    for frame in st_value:\n                        line = frame.get(\"lineNumber\", \"\")\n                        file = frame.get(\"fileName\", \"<anonymous>\")\n                        if line:\n                            file = f\"{file}:{line}\"\n                        meth = frame.get(\"methodName\", \"<anonymous>\")\n                        if \"className\" in frame:\n                            meth = f\"{frame['className']}.{meth}\"\n                        msg = \"    at %s (%s)\"\n                        msg = msg % (meth, file)\n                        stacktrace.append(msg)\n                except TypeError:\n                    pass\n        if exception_class == UnexpectedAlertPresentException:\n            alert_text = None\n            if \"data\" in value:\n                alert_text = value[\"data\"].get(\"text\")\n            elif \"alert\" in value:\n                alert_text = value[\"alert\"].get(\"text\")\n            raise exception_class(message, screen, stacktrace, alert_text)  # type: ignore[call-arg]  # mypy is not smart enough here\n>       raise exception_class(message, screen, stacktrace)\nE       selenium.common.exceptions.NoSuchElementException: Message: no such element: Unable to locate element: {\"method\":\"xpath\",\"selector\":\"//div[@class='slide-container']\"}\nE         (Session info: MicrosoftEdge=131.0.2903.51); For documentation on this error, please visit: https://www.selenium.dev/documentation/webdriver/troubleshooting/errors#no-such-element-exception\nE       Stacktrace:\nE       #0 0x5557333fa95e <unknown>\nE       #1 0x555732eafb76 <unknown>\nE       #2 0x555732efd45e <unknown>\nE       #3 0x555732efd731 <unknown>\nE       #4 0x555732f414f4 <unknown>\nE       #5 0x555732f2120d <unknown>\nE       #6 0x555732f3f18a <unknown>\nE       #7 0x555732f20f83 <unknown>\nE       #8 0x555732ef101e <unknown>\nE       #9 0x555732ef1cfe <unknown>\nE       #10 0x5557333cf9f1 <unknown>\nE       #11 0x5557333d2bee <unknown>\nE       #12 0x5557333d266b <unknown>\nE       #13 0x5557333d3015 <unknown>\nE       #14 0x5557333c1402 <unknown>\nE       #15 0x5557333d339d <unknown>\nE       #16 0x5557333ab5c5 <unknown>\nE       #17 0x5557333eb018 <unknown>\nE       #18 0x5557333eb22f <unknown>\nE       #19 0x5557333f954c <unknown>\nE       #20 0x7fc51a694ac3 <unknown>\n\n/opt/hostedtoolcache/Python/3.11.10/x64/lib/python3.11/site-packages/selenium/webdriver/remote/errorhandler.py:229: NoSuchElementException"}, "attachments": [{"name": "stdout", "source": "e8fa5980-f3cd-4f86-bf28-4782e2786fe9-attachment.txt", "type": "text/plain"}], "parameters": [{"name": "proxy_driver", "value": "'about_page_test_9'"}, {"name": "driver", "value": "'edge'"}], "start": 1732025982789, "stop": 1732025994987, "uuid": "4550ac70-ca8a-4b15-8602-1b2a5ad4dacf", "historyId": "a62706d125119b2924f65a46bf1039dd", "testCaseId": "6604f3249b7fa9a7af0e103bab10b894", "fullName": "Tests.test_AboutPage.TestAboutPage#test_9", "labels": [{"name": "feature", "value": "About page"}, {"name": "severity", "value": "normal"}, {"name": "tag", "value": "flaky(reruns=3, reruns_delay=1)"}, {"name": "parentSuite", "value": "Tests"}, {"name": "suite", "value": "test_AboutPage"}, {"name": "subSuite", "value": "TestAboutPage"}, {"name": "host", "value": "fv-az837-353"}, {"name": "thread", "value": "1755-MainThread"}, {"name": "framework", "value": "pytest"}, {"name": "language", "value": "cpython3"}, {"name": "package", "value": "Tests.test_AboutPage"}], "links": [{"type": "tms", "url": "https://hedgehoglabqa.testrail.io/index.php?/cases/view/58522", "name": "C58522"}, {"type": "issue", "url": "https://hedgehog-lab.atlassian.net/browse/QP-356", "name": "Epic QP-356"}, {"type": "issue", "url": "https://hedgehog-lab.atlassian.net/browse/QP-266", "name": "Story QP-266"}]}