{"name": "Check individual Historic site", "status": "broken", "statusDetails": {"message": "selenium.common.exceptions.NoSuchElementException: Message: no such element: Unable to locate element: {\"method\":\"xpath\",\"selector\":\"//button[@aria-label='Go to next page']\"}\n  (Session info: MicrosoftEdge=131.0.2903.70); For documentation on this error, please visit: https://www.selenium.dev/documentation/webdriver/troubleshooting/errors#no-such-element-exception\nStacktrace:\n#0 0x564ec808d94e <unknown>\n#1 0x564ec7b42b76 <unknown>\n#2 0x564ec7b9045e <unknown>\n#3 0x564ec7b90731 <unknown>\n#4 0x564ec7bd44f4 <unknown>\n#5 0x564ec7bb420d <unknown>\n#6 0x564ec7bd218a <unknown>\n#7 0x564ec7bb3f83 <unknown>\n#8 0x564ec7b8401e <unknown>\n#9 0x564ec7b84cfe <unknown>\n#10 0x564ec80629e1 <unknown>\n#11 0x564ec8065bde <unknown>\n#12 0x564ec806565b <unknown>\n#13 0x564ec8066005 <unknown>\n#14 0x564ec80543f2 <unknown>\n#15 0x564ec806638d <unknown>\n#16 0x564ec803e5b5 <unknown>\n#17 0x564ec807e008 <unknown>\n#18 0x564ec807e21f <unknown>\n#19 0x564ec808c53c <unknown>\n#20 0x7f09b849ca94 <unknown>\n#21 0x7f09b8529c3c <unknown>", "trace": "self = <Tests.test_Sites.TestSites object at 0x7fe44fd96d90>\ndriver = <selenium.webdriver.edge.webdriver.WebDriver (session=\"079154f264dffc6ab6d936eef7c68d08\")>\nsite_type = 'Historic', test_case = '58358'\n\n    @severity(severity_level.NORMAL)\n    @allure.feature('Sites')\n    @allure.title(\"Check individual {site_type} site\")\n    @allure.issue(\"QP-263\", \"Story QP-263\")\n    @allure.issue(\"QP-356\", \"Epic QP-356\")\n    @allure.testcase(\"58358\", \"C58358\")\n    @allure.testcase(\"58366\", \"C58366\")\n    @pytest.mark.parametrize('site_type, test_case', [(\"Historic\", \"58358\"), (\"Retail\", \"58366\")])\n    def test_8(self, driver, site_type, test_case):\n        sites_obj = Sites(driver)\n        site_list = self.site_list\n        filtered_site = split_historic_and_retail_sites(site_list, site_type)\n        site_ids = list(filtered_site.keys())\n        random_id = random.choice(site_ids)\n        site_information = self.api_requests.get_individual_site(random_id)\n        sites_obj.scroll_to_tab_buttons()\n        sites_obj.click_site_tab_button(site_type)\n        while not sites_obj.is_site_card_visible_by_title(site_type, site_information[random_id][\"title\"]):\n>           sites_obj.scroll_to_pagination()\n\nTests/test_Sites.py:194: \n_ _ _ _ _ _ _ _ _ _ _ _ _ _ _ _ _ _ _ _ _ _ _ _ _ _ _ _ _ _ _ _ _ _ _ _ _ _ _ _ \nPages/SitesPage.py:193: in scroll_to_pagination\n    element = self.driver.find_element(*self.next_pagination_button)\n/opt/hostedtoolcache/Python/3.11.10/x64/lib/python3.11/site-packages/selenium/webdriver/remote/webdriver.py:741: in find_element\n    return self.execute(Command.FIND_ELEMENT, {\"using\": by, \"value\": value})[\"value\"]\n/opt/hostedtoolcache/Python/3.11.10/x64/lib/python3.11/site-packages/selenium/webdriver/remote/webdriver.py:347: in execute\n    self.error_handler.check_response(response)\n_ _ _ _ _ _ _ _ _ _ _ _ _ _ _ _ _ _ _ _ _ _ _ _ _ _ _ _ _ _ _ _ _ _ _ _ _ _ _ _ \n\nself = <selenium.webdriver.remote.errorhandler.ErrorHandler object at 0x7fe450c53b10>\nresponse = {'status': 404, 'value': '{\"value\":{\"error\":\"no such element\",\"message\":\"no such element: Unable to locate element: {\\...\\\\n#19 0x564ec808c53c \\\\u003Cunknown>\\\\n#20 0x7f09b849ca94 \\\\u003Cunknown>\\\\n#21 0x7f09b8529c3c \\\\u003Cunknown>\\\\n\"}}'}\n\n    def check_response(self, response: Dict[str, Any]) -> None:\n        \"\"\"Checks that a JSON response from the WebDriver does not have an\n        error.\n    \n        :Args:\n         - response - The JSON response from the WebDriver server as a dictionary\n           object.\n    \n        :Raises: If the response contains an error message.\n        \"\"\"\n        status = response.get(\"status\", None)\n        if not status or status == ErrorCode.SUCCESS:\n            return\n        value = None\n        message = response.get(\"message\", \"\")\n        screen: str = response.get(\"screen\", \"\")\n        stacktrace = None\n        if isinstance(status, int):\n            value_json = response.get(\"value\", None)\n            if value_json and isinstance(value_json, str):\n                import json\n    \n                try:\n                    value = json.loads(value_json)\n                    if len(value) == 1:\n                        value = value[\"value\"]\n                    status = value.get(\"error\", None)\n                    if not status:\n                        status = value.get(\"status\", ErrorCode.UNKNOWN_ERROR)\n                        message = value.get(\"value\") or value.get(\"message\")\n                        if not isinstance(message, str):\n                            value = message\n                            message = message.get(\"message\")\n                    else:\n                        message = value.get(\"message\", None)\n                except ValueError:\n                    pass\n    \n        exception_class: Type[WebDriverException]\n        e = ErrorCode()\n        error_codes = [item for item in dir(e) if not item.startswith(\"__\")]\n        for error_code in error_codes:\n            error_info = getattr(ErrorCode, error_code)\n            if isinstance(error_info, list) and status in error_info:\n                exception_class = getattr(ExceptionMapping, error_code, WebDriverException)\n                break\n        else:\n            exception_class = WebDriverException\n    \n        if not value:\n            value = response[\"value\"]\n        if isinstance(value, str):\n            raise exception_class(value)\n        if message == \"\" and \"message\" in value:\n            message = value[\"message\"]\n    \n        screen = None  # type: ignore[assignment]\n        if \"screen\" in value:\n            screen = value[\"screen\"]\n    \n        stacktrace = None\n        st_value = value.get(\"stackTrace\") or value.get(\"stacktrace\")\n        if st_value:\n            if isinstance(st_value, str):\n                stacktrace = st_value.split(\"\\n\")\n            else:\n                stacktrace = []\n                try:\n                    for frame in st_value:\n                        line = frame.get(\"lineNumber\", \"\")\n                        file = frame.get(\"fileName\", \"<anonymous>\")\n                        if line:\n                            file = f\"{file}:{line}\"\n                        meth = frame.get(\"methodName\", \"<anonymous>\")\n                        if \"className\" in frame:\n                            meth = f\"{frame['className']}.{meth}\"\n                        msg = \"    at %s (%s)\"\n                        msg = msg % (meth, file)\n                        stacktrace.append(msg)\n                except TypeError:\n                    pass\n        if exception_class == UnexpectedAlertPresentException:\n            alert_text = None\n            if \"data\" in value:\n                alert_text = value[\"data\"].get(\"text\")\n            elif \"alert\" in value:\n                alert_text = value[\"alert\"].get(\"text\")\n            raise exception_class(message, screen, stacktrace, alert_text)  # type: ignore[call-arg]  # mypy is not smart enough here\n>       raise exception_class(message, screen, stacktrace)\nE       selenium.common.exceptions.NoSuchElementException: Message: no such element: Unable to locate element: {\"method\":\"xpath\",\"selector\":\"//button[@aria-label='Go to next page']\"}\nE         (Session info: MicrosoftEdge=131.0.2903.70); For documentation on this error, please visit: https://www.selenium.dev/documentation/webdriver/troubleshooting/errors#no-such-element-exception\nE       Stacktrace:\nE       #0 0x564ec808d94e <unknown>\nE       #1 0x564ec7b42b76 <unknown>\nE       #2 0x564ec7b9045e <unknown>\nE       #3 0x564ec7b90731 <unknown>\nE       #4 0x564ec7bd44f4 <unknown>\nE       #5 0x564ec7bb420d <unknown>\nE       #6 0x564ec7bd218a <unknown>\nE       #7 0x564ec7bb3f83 <unknown>\nE       #8 0x564ec7b8401e <unknown>\nE       #9 0x564ec7b84cfe <unknown>\nE       #10 0x564ec80629e1 <unknown>\nE       #11 0x564ec8065bde <unknown>\nE       #12 0x564ec806565b <unknown>\nE       #13 0x564ec8066005 <unknown>\nE       #14 0x564ec80543f2 <unknown>\nE       #15 0x564ec806638d <unknown>\nE       #16 0x564ec803e5b5 <unknown>\nE       #17 0x564ec807e008 <unknown>\nE       #18 0x564ec807e21f <unknown>\nE       #19 0x564ec808c53c <unknown>\nE       #20 0x7f09b849ca94 <unknown>\nE       #21 0x7f09b8529c3c <unknown>\n\n/opt/hostedtoolcache/Python/3.11.10/x64/lib/python3.11/site-packages/selenium/webdriver/remote/errorhandler.py:229: NoSuchElementException"}, "parameters": [{"name": "site_type", "value": "'Historic'"}, {"name": "test_case", "value": "'58358'"}, {"name": "driver", "value": "'edge'"}], "start": 1733629867771, "stop": 1733629894516, "uuid": "db68f677-0e11-40f8-ab66-97ab432a2d48", "historyId": "2179b5de6e4345571b3f86bbabf1aab5", "testCaseId": "50878a02f9790329519832282ed7d4b8", "fullName": "Tests.test_Sites.TestSites#test_8", "labels": [{"name": "severity", "value": "normal"}, {"name": "feature", "value": "Sites"}, {"name": "tag", "value": "flaky(reruns=3, reruns_delay=1)"}, {"name": "parentSuite", "value": "Tests"}, {"name": "suite", "value": "test_Sites"}, {"name": "subSuite", "value": "TestSites"}, {"name": "host", "value": "fv-az1120-212"}, {"name": "thread", "value": "1971-MainThread"}, {"name": "framework", "value": "pytest"}, {"name": "language", "value": "cpython3"}, {"name": "package", "value": "Tests.test_Sites"}], "links": [{"type": "tms", "url": "https://hedgehoglabqa.testrail.io/index.php?/cases/view/58366", "name": "C58366"}, {"type": "tms", "url": "https://hedgehoglabqa.testrail.io/index.php?/cases/view/58358", "name": "C58358"}, {"type": "issue", "url": "https://hedgehog-lab.atlassian.net/browse/QP-356", "name": "Epic QP-356"}, {"type": "issue", "url": "https://hedgehog-lab.atlassian.net/browse/QP-263", "name": "Story QP-263"}]}