{"name": "Check events carousel appearance", "status": "failed", "statusDetails": {"message": "AssertionError: assert False", "trace": "self = <Tests.test_HomePage.TestHomePage object at 0x10360f990>\ndriver = <selenium.webdriver.safari.webdriver.WebDriver (session=\"7EC53660-4AA9-4EF0-8993-D4A29A618BA9\")>\n\n    @severity(severity_level.CRITICAL)\n    @allure.feature('Home page')\n    @allure.title(\"Check events carousel appearance\")\n    @allure.issue(\"QP-269\", \"Story QP-269\")\n    @allure.issue(\"QP-356\", \"Epic QP-356\")\n    @allure.testcase(\"58400\", \"C58400\")\n    @pytest.mark.dependency(name=\"test_22\")\n    def test_22(self, driver):\n        home_page_obj = HomePage(driver)\n        events_list = self.event_list\n        if len(list(events_list.keys())) == 0:\n            pytest.skip(\"No events available\")\n        with check, allure.step(\"C58400: Check is event carousel title visible\"):\n            assert home_page_obj.is_event_carousel_title_visible()\n        with check, allure.step(\"C58400: Check is event carousel description visible\"):\n            assert home_page_obj.is_event_carousel_description_visible()\n        with check, allure.step(\"C58400: Check is event carousel button visible\"):\n            assert home_page_obj.is_event_carousel_button_visible()\n        with check, allure.step(\"C58400: Check are event carousel event cards visible\"):\n            assert home_page_obj.is_event_carousel_cards_visible()\n        cond = random.choice([True, False])\n>       assert cond\nE       assert False\n\nTests/test_HomePage.py:369: AssertionError"}, "steps": [{"name": "C58400: Check is event carousel title visible", "status": "passed", "start": 1734007487248, "stop": 1734007487266}, {"name": "C58400: Check is event carousel description visible", "status": "passed", "start": 1734007487266, "stop": 1734007487279}, {"name": "C58400: Check is event carousel button visible", "status": "passed", "start": 1734007487279, "stop": 1734007487287}, {"name": "C58400: Check are event carousel event cards visible", "status": "passed", "start": 1734007487287, "stop": 1734007487290}], "parameters": [{"name": "driver", "value": "'safari'"}], "start": 1734007487248, "stop": 1734007487290, "uuid": "db34afb2-3373-4827-8739-6e93681eb427", "historyId": "85e1329321a913a2b58bd06d95da1421", "testCaseId": "7f07700a2fae8f624b172e4ff88bb89e", "fullName": "Tests.test_HomePage.TestHomePage#test_22", "labels": [{"name": "feature", "value": "Home page"}, {"name": "severity", "value": "critical"}, {"name": "tag", "value": "dependency(name='test_22')"}, {"name": "tag", "value": "flaky(reruns=3, reruns_delay=1)"}, {"name": "parentSuite", "value": "Tests"}, {"name": "suite", "value": "test_HomePage"}, {"name": "subSuite", "value": "TestHomePage"}, {"name": "host", "value": "Mac-1734006637736.local"}, {"name": "thread", "value": "2092-MainThread"}, {"name": "framework", "value": "pytest"}, {"name": "language", "value": "cpython3"}, {"name": "package", "value": "Tests.test_HomePage"}], "links": [{"type": "tms", "url": "https://hedgehoglabqa.testrail.io/index.php?/cases/view/58400", "name": "C58400"}, {"type": "issue", "url": "https://hedgehog-lab.atlassian.net/browse/QP-356", "name": "Epic QP-356"}, {"type": "issue", "url": "https://hedgehog-lab.atlassian.net/browse/QP-269", "name": "Story QP-269"}]}