{"name": "Site with only one photo", "status": "broken", "statusDetails": {"message": "selenium.common.exceptions.NoSuchElementException: Message: no such element: Unable to locate element: {\"method\":\"xpath\",\"selector\":\"//button[@aria-label='Go to next page']\"}\n  (Session info: MicrosoftEdge=131.0.2903.70); For documentation on this error, please visit: https://www.selenium.dev/documentation/webdriver/troubleshooting/errors#no-such-element-exception\nStacktrace:\n#0 0x55cb8081494e <unknown>\n#1 0x55cb802c9b76 <unknown>\n#2 0x55cb8031745e <unknown>\n#3 0x55cb80317731 <unknown>\n#4 0x55cb8035b4f4 <unknown>\n#5 0x55cb8033b20d <unknown>\n#6 0x55cb8035918a <unknown>\n#7 0x55cb8033af83 <unknown>\n#8 0x55cb8030b01e <unknown>\n#9 0x55cb8030bcfe <unknown>\n#10 0x55cb807e99e1 <unknown>\n#11 0x55cb807ecbde <unknown>\n#12 0x55cb807ec65b <unknown>\n#13 0x55cb807ed005 <unknown>\n#14 0x55cb807db3f2 <unknown>\n#15 0x55cb807ed38d <unknown>\n#16 0x55cb807c55b5 <unknown>\n#17 0x55cb80805008 <unknown>\n#18 0x55cb8080521f <unknown>\n#19 0x55cb8081353c <unknown>\n#20 0x7ff77d69ca94 <unknown>\n#21 0x7ff77d729c3c <unknown>", "trace": "self = <Tests.test_Sites.TestSites object at 0x7f3505d8b010>\ndriver = <selenium.webdriver.edge.webdriver.WebDriver (session=\"c45d820ef100c7db4a3d960215e786d9\")>\n\n    @severity(severity_level.CRITICAL)\n    @allure.feature('Individual Sites')\n    @allure.title(\"Site with only one photo\")\n    @allure.issue(\"QP-264\", \"Story QP-264\")\n    @allure.issue(\"QP-356\", \"Epic QP-356\")\n    @allure.testcase(\"58411\", \"C58411\")\n    def test_19(self, driver):\n        sites_obj = Sites(driver)\n        main_nav_obj = MainNavigation(driver)\n        about_obj = AboutPage(driver)\n        site_list = self.site_list\n        sites_ids = list(site_list.keys())\n        (TestSites.one_image_site, TestSites.several_images_site,\n         TestSites.full_description_site, TestSites.site_with_exhibits,\n         TestSites.site_without_exhibits) = sites_obj.get_sites_with_conditions(self.api_obj, sites_ids)\n        if len(list(self.one_image_site.keys())) == 0:\n            pytest.skip(\"No sites available with only 1 image\")\n        one_image_site_id = list(self.one_image_site.keys())[0]\n        sites_obj.scroll_to_tab_buttons()\n        sites_obj.click_site_tab_button(self.one_image_site[one_image_site_id][\"type\"])\n        while not sites_obj.is_site_card_visible_by_title(self.one_image_site[one_image_site_id][\"type\"],\n                                                          self.one_image_site[one_image_site_id][\"title\"]):\n>           sites_obj.scroll_to_pagination()\n\nTests/test_Sites.py:454: \n_ _ _ _ _ _ _ _ _ _ _ _ _ _ _ _ _ _ _ _ _ _ _ _ _ _ _ _ _ _ _ _ _ _ _ _ _ _ _ _ \nPages/SitesPage.py:193: in scroll_to_pagination\n    element = self.driver.find_element(*self.next_pagination_button)\n/opt/hostedtoolcache/Python/3.11.10/x64/lib/python3.11/site-packages/selenium/webdriver/remote/webdriver.py:741: in find_element\n    return self.execute(Command.FIND_ELEMENT, {\"using\": by, \"value\": value})[\"value\"]\n/opt/hostedtoolcache/Python/3.11.10/x64/lib/python3.11/site-packages/selenium/webdriver/remote/webdriver.py:347: in execute\n    self.error_handler.check_response(response)\n_ _ _ _ _ _ _ _ _ _ _ _ _ _ _ _ _ _ _ _ _ _ _ _ _ _ _ _ _ _ _ _ _ _ _ _ _ _ _ _ \n\nself = <selenium.webdriver.remote.errorhandler.ErrorHandler object at 0x7f350788ffd0>\nresponse = {'status': 404, 'value': '{\"value\":{\"error\":\"no such element\",\"message\":\"no such element: Unable to locate element: {\\...\\\\n#19 0x55cb8081353c \\\\u003Cunknown>\\\\n#20 0x7ff77d69ca94 \\\\u003Cunknown>\\\\n#21 0x7ff77d729c3c \\\\u003Cunknown>\\\\n\"}}'}\n\n    def check_response(self, response: Dict[str, Any]) -> None:\n        \"\"\"Checks that a JSON response from the WebDriver does not have an\n        error.\n    \n        :Args:\n         - response - The JSON response from the WebDriver server as a dictionary\n           object.\n    \n        :Raises: If the response contains an error message.\n        \"\"\"\n        status = response.get(\"status\", None)\n        if not status or status == ErrorCode.SUCCESS:\n            return\n        value = None\n        message = response.get(\"message\", \"\")\n        screen: str = response.get(\"screen\", \"\")\n        stacktrace = None\n        if isinstance(status, int):\n            value_json = response.get(\"value\", None)\n            if value_json and isinstance(value_json, str):\n                import json\n    \n                try:\n                    value = json.loads(value_json)\n                    if len(value) == 1:\n                        value = value[\"value\"]\n                    status = value.get(\"error\", None)\n                    if not status:\n                        status = value.get(\"status\", ErrorCode.UNKNOWN_ERROR)\n                        message = value.get(\"value\") or value.get(\"message\")\n                        if not isinstance(message, str):\n                            value = message\n                            message = message.get(\"message\")\n                    else:\n                        message = value.get(\"message\", None)\n                except ValueError:\n                    pass\n    \n        exception_class: Type[WebDriverException]\n        e = ErrorCode()\n        error_codes = [item for item in dir(e) if not item.startswith(\"__\")]\n        for error_code in error_codes:\n            error_info = getattr(ErrorCode, error_code)\n            if isinstance(error_info, list) and status in error_info:\n                exception_class = getattr(ExceptionMapping, error_code, WebDriverException)\n                break\n        else:\n            exception_class = WebDriverException\n    \n        if not value:\n            value = response[\"value\"]\n        if isinstance(value, str):\n            raise exception_class(value)\n        if message == \"\" and \"message\" in value:\n            message = value[\"message\"]\n    \n        screen = None  # type: ignore[assignment]\n        if \"screen\" in value:\n            screen = value[\"screen\"]\n    \n        stacktrace = None\n        st_value = value.get(\"stackTrace\") or value.get(\"stacktrace\")\n        if st_value:\n            if isinstance(st_value, str):\n                stacktrace = st_value.split(\"\\n\")\n            else:\n                stacktrace = []\n                try:\n                    for frame in st_value:\n                        line = frame.get(\"lineNumber\", \"\")\n                        file = frame.get(\"fileName\", \"<anonymous>\")\n                        if line:\n                            file = f\"{file}:{line}\"\n                        meth = frame.get(\"methodName\", \"<anonymous>\")\n                        if \"className\" in frame:\n                            meth = f\"{frame['className']}.{meth}\"\n                        msg = \"    at %s (%s)\"\n                        msg = msg % (meth, file)\n                        stacktrace.append(msg)\n                except TypeError:\n                    pass\n        if exception_class == UnexpectedAlertPresentException:\n            alert_text = None\n            if \"data\" in value:\n                alert_text = value[\"data\"].get(\"text\")\n            elif \"alert\" in value:\n                alert_text = value[\"alert\"].get(\"text\")\n            raise exception_class(message, screen, stacktrace, alert_text)  # type: ignore[call-arg]  # mypy is not smart enough here\n>       raise exception_class(message, screen, stacktrace)\nE       selenium.common.exceptions.NoSuchElementException: Message: no such element: Unable to locate element: {\"method\":\"xpath\",\"selector\":\"//button[@aria-label='Go to next page']\"}\nE         (Session info: MicrosoftEdge=131.0.2903.70); For documentation on this error, please visit: https://www.selenium.dev/documentation/webdriver/troubleshooting/errors#no-such-element-exception\nE       Stacktrace:\nE       #0 0x55cb8081494e <unknown>\nE       #1 0x55cb802c9b76 <unknown>\nE       #2 0x55cb8031745e <unknown>\nE       #3 0x55cb80317731 <unknown>\nE       #4 0x55cb8035b4f4 <unknown>\nE       #5 0x55cb8033b20d <unknown>\nE       #6 0x55cb8035918a <unknown>\nE       #7 0x55cb8033af83 <unknown>\nE       #8 0x55cb8030b01e <unknown>\nE       #9 0x55cb8030bcfe <unknown>\nE       #10 0x55cb807e99e1 <unknown>\nE       #11 0x55cb807ecbde <unknown>\nE       #12 0x55cb807ec65b <unknown>\nE       #13 0x55cb807ed005 <unknown>\nE       #14 0x55cb807db3f2 <unknown>\nE       #15 0x55cb807ed38d <unknown>\nE       #16 0x55cb807c55b5 <unknown>\nE       #17 0x55cb80805008 <unknown>\nE       #18 0x55cb8080521f <unknown>\nE       #19 0x55cb8081353c <unknown>\nE       #20 0x7ff77d69ca94 <unknown>\nE       #21 0x7ff77d729c3c <unknown>\n\n/opt/hostedtoolcache/Python/3.11.10/x64/lib/python3.11/site-packages/selenium/webdriver/remote/errorhandler.py:229: NoSuchElementException"}, "parameters": [{"name": "driver", "value": "'edge'"}], "start": 1733726612496, "stop": 1733726641466, "uuid": "b43b25a8-c798-4efd-8ec0-05cd5a23a14f", "historyId": "345b3fde6731ba1856714972898b17c9", "testCaseId": "010e025f56af4d3ede93e21cef7b21e5", "fullName": "Tests.test_Sites.TestSites#test_19", "labels": [{"name": "feature", "value": "Individual Sites"}, {"name": "severity", "value": "critical"}, {"name": "tag", "value": "flaky(reruns=3, reruns_delay=1)"}, {"name": "parentSuite", "value": "Tests"}, {"name": "suite", "value": "test_Sites"}, {"name": "subSuite", "value": "TestSites"}, {"name": "host", "value": "fv-az1337-355"}, {"name": "thread", "value": "1945-MainThread"}, {"name": "framework", "value": "pytest"}, {"name": "language", "value": "cpython3"}, {"name": "package", "value": "Tests.test_Sites"}], "links": [{"type": "tms", "url": "https://hedgehoglabqa.testrail.io/index.php?/cases/view/58411", "name": "C58411"}, {"type": "issue", "url": "https://hedgehog-lab.atlassian.net/browse/QP-356", "name": "Epic QP-356"}, {"type": "issue", "url": "https://hedgehog-lab.atlassian.net/browse/QP-264", "name": "Story QP-264"}]}