{"name": "Image gallery with only one image", "status": "broken", "statusDetails": {"message": "selenium.common.exceptions.NoSuchElementException: Message: no such element: Unable to locate element: {\"method\":\"xpath\",\"selector\":\"//div[@class='slide-container']\"}\n  (Session info: MicrosoftEdge=130.0.2849.80); For documentation on this error, please visit: https://www.selenium.dev/documentation/webdriver/troubleshooting/errors#no-such-element-exception\nStacktrace:\n#0 0x5630e81235be <unknown>\n#1 0x5630e7bea9f6 <unknown>\n#2 0x5630e7c363ee <unknown>\n#3 0x5630e7c366c1 <unknown>\n#4 0x5630e7c7a324 <unknown>\n#5 0x5630e7c59f7d <unknown>\n#6 0x5630e7c77efe <unknown>\n#7 0x5630e7c59cf3 <unknown>\n#8 0x5630e7c2a2de <unknown>\n#9 0x5630e7c2afbe <unknown>\n#10 0x5630e80f8521 <unknown>\n#11 0x5630e80fb791 <unknown>\n#12 0x5630e80fb20b <unknown>\n#13 0x5630e80fbbc5 <unknown>\n#14 0x5630e80e9ef2 <unknown>\n#15 0x5630e80fbf4d <unknown>\n#16 0x5630e80d38c5 <unknown>\n#17 0x5630e8113d18 <unknown>\n#18 0x5630e8113f2f <unknown>\n#19 0x5630e81221bc <unknown>\n#20 0x7f1339094ac3 <unknown>", "trace": "self = <Tests.test_AboutPage.TestAboutPage object at 0x7fb292ea3310>\nproxy_driver = <selenium.webdriver.edge.webdriver.WebDriver (session=\"50e716086efcf5bbb718da035cfbb477\")>\n\n    @severity(severity_level.NORMAL)\n    @allure.feature('About page')\n    @allure.title(\"Image gallery with only one image\")\n    @allure.issue(\"QP-266\", \"Story QP-266\")\n    @allure.issue(\"QP-356\", \"Epic QP-356\")\n    @allure.testcase(\"58522\", \"C58522\")\n    @pytest.mark.parametrize(\"proxy_driver\", [\"about_page_test_9\"], indirect=True)\n    def test_9(self, proxy_driver):\n        proxy_driver.get(BaseClass.url + \"about\")\n        proxy_driver.set_window_size(1920, 1080)\n        main_nav_obj = MainNavigation(proxy_driver)\n        about_page_obj = AboutPage(proxy_driver)\n        main_nav_obj.wait_page_to_load()\n        timestamp = datetime.now().strftime(\"%Y%m%d_%H%M%S\")\n        screenshot_path = os.path.join(os.getcwd(), f\"screenshot_{timestamp}.png\")\n        proxy_driver.save_screenshot(screenshot_path)\n        print(f\"Screenshot saved at {screenshot_path}\")\n>       about_page_obj.scroll_to_image_gallery(self.current_browser)\n\nTests/test_AboutPage.py:163: \n_ _ _ _ _ _ _ _ _ _ _ _ _ _ _ _ _ _ _ _ _ _ _ _ _ _ _ _ _ _ _ _ _ _ _ _ _ _ _ _ \nPages/AboutPage.py:157: in scroll_to_image_gallery\n    element = self.driver.find_element(*self.image_carousel)\n/opt/hostedtoolcache/Python/3.11.10/x64/lib/python3.11/site-packages/selenium/webdriver/remote/webdriver.py:741: in find_element\n    return self.execute(Command.FIND_ELEMENT, {\"using\": by, \"value\": value})[\"value\"]\n/opt/hostedtoolcache/Python/3.11.10/x64/lib/python3.11/site-packages/selenium/webdriver/remote/webdriver.py:347: in execute\n    self.error_handler.check_response(response)\n_ _ _ _ _ _ _ _ _ _ _ _ _ _ _ _ _ _ _ _ _ _ _ _ _ _ _ _ _ _ _ _ _ _ _ _ _ _ _ _ \n\nself = <selenium.webdriver.remote.errorhandler.ErrorHandler object at 0x7fb291a10750>\nresponse = {'status': 404, 'value': '{\"value\":{\"error\":\"no such element\",\"message\":\"no such element: Unable to locate element: {\\...\\\\n#18 0x5630e8113f2f \\\\u003Cunknown>\\\\n#19 0x5630e81221bc \\\\u003Cunknown>\\\\n#20 0x7f1339094ac3 \\\\u003Cunknown>\\\\n\"}}'}\n\n    def check_response(self, response: Dict[str, Any]) -> None:\n        \"\"\"Checks that a JSON response from the WebDriver does not have an\n        error.\n    \n        :Args:\n         - response - The JSON response from the WebDriver server as a dictionary\n           object.\n    \n        :Raises: If the response contains an error message.\n        \"\"\"\n        status = response.get(\"status\", None)\n        if not status or status == ErrorCode.SUCCESS:\n            return\n        value = None\n        message = response.get(\"message\", \"\")\n        screen: str = response.get(\"screen\", \"\")\n        stacktrace = None\n        if isinstance(status, int):\n            value_json = response.get(\"value\", None)\n            if value_json and isinstance(value_json, str):\n                import json\n    \n                try:\n                    value = json.loads(value_json)\n                    if len(value) == 1:\n                        value = value[\"value\"]\n                    status = value.get(\"error\", None)\n                    if not status:\n                        status = value.get(\"status\", ErrorCode.UNKNOWN_ERROR)\n                        message = value.get(\"value\") or value.get(\"message\")\n                        if not isinstance(message, str):\n                            value = message\n                            message = message.get(\"message\")\n                    else:\n                        message = value.get(\"message\", None)\n                except ValueError:\n                    pass\n    \n        exception_class: Type[WebDriverException]\n        e = ErrorCode()\n        error_codes = [item for item in dir(e) if not item.startswith(\"__\")]\n        for error_code in error_codes:\n            error_info = getattr(ErrorCode, error_code)\n            if isinstance(error_info, list) and status in error_info:\n                exception_class = getattr(ExceptionMapping, error_code, WebDriverException)\n                break\n        else:\n            exception_class = WebDriverException\n    \n        if not value:\n            value = response[\"value\"]\n        if isinstance(value, str):\n            raise exception_class(value)\n        if message == \"\" and \"message\" in value:\n            message = value[\"message\"]\n    \n        screen = None  # type: ignore[assignment]\n        if \"screen\" in value:\n            screen = value[\"screen\"]\n    \n        stacktrace = None\n        st_value = value.get(\"stackTrace\") or value.get(\"stacktrace\")\n        if st_value:\n            if isinstance(st_value, str):\n                stacktrace = st_value.split(\"\\n\")\n            else:\n                stacktrace = []\n                try:\n                    for frame in st_value:\n                        line = frame.get(\"lineNumber\", \"\")\n                        file = frame.get(\"fileName\", \"<anonymous>\")\n                        if line:\n                            file = f\"{file}:{line}\"\n                        meth = frame.get(\"methodName\", \"<anonymous>\")\n                        if \"className\" in frame:\n                            meth = f\"{frame['className']}.{meth}\"\n                        msg = \"    at %s (%s)\"\n                        msg = msg % (meth, file)\n                        stacktrace.append(msg)\n                except TypeError:\n                    pass\n        if exception_class == UnexpectedAlertPresentException:\n            alert_text = None\n            if \"data\" in value:\n                alert_text = value[\"data\"].get(\"text\")\n            elif \"alert\" in value:\n                alert_text = value[\"alert\"].get(\"text\")\n            raise exception_class(message, screen, stacktrace, alert_text)  # type: ignore[call-arg]  # mypy is not smart enough here\n>       raise exception_class(message, screen, stacktrace)\nE       selenium.common.exceptions.NoSuchElementException: Message: no such element: Unable to locate element: {\"method\":\"xpath\",\"selector\":\"//div[@class='slide-container']\"}\nE         (Session info: MicrosoftEdge=130.0.2849.80); For documentation on this error, please visit: https://www.selenium.dev/documentation/webdriver/troubleshooting/errors#no-such-element-exception\nE       Stacktrace:\nE       #0 0x5630e81235be <unknown>\nE       #1 0x5630e7bea9f6 <unknown>\nE       #2 0x5630e7c363ee <unknown>\nE       #3 0x5630e7c366c1 <unknown>\nE       #4 0x5630e7c7a324 <unknown>\nE       #5 0x5630e7c59f7d <unknown>\nE       #6 0x5630e7c77efe <unknown>\nE       #7 0x5630e7c59cf3 <unknown>\nE       #8 0x5630e7c2a2de <unknown>\nE       #9 0x5630e7c2afbe <unknown>\nE       #10 0x5630e80f8521 <unknown>\nE       #11 0x5630e80fb791 <unknown>\nE       #12 0x5630e80fb20b <unknown>\nE       #13 0x5630e80fbbc5 <unknown>\nE       #14 0x5630e80e9ef2 <unknown>\nE       #15 0x5630e80fbf4d <unknown>\nE       #16 0x5630e80d38c5 <unknown>\nE       #17 0x5630e8113d18 <unknown>\nE       #18 0x5630e8113f2f <unknown>\nE       #19 0x5630e81221bc <unknown>\nE       #20 0x7f1339094ac3 <unknown>\n\n/opt/hostedtoolcache/Python/3.11.10/x64/lib/python3.11/site-packages/selenium/webdriver/remote/errorhandler.py:229: NoSuchElementException"}, "attachments": [{"name": "stdout", "source": "3af1ec4e-5337-493a-a5f9-7066f6fb3979-attachment.txt", "type": "text/plain"}], "parameters": [{"name": "proxy_driver", "value": "'about_page_test_9'"}, {"name": "driver", "value": "'edge'"}], "start": 1732089972875, "stop": 1732089985227, "uuid": "4b9c62cb-6f9d-4262-97d1-f63d8bcdbbbf", "historyId": "a62706d125119b2924f65a46bf1039dd", "testCaseId": "6604f3249b7fa9a7af0e103bab10b894", "fullName": "Tests.test_AboutPage.TestAboutPage#test_9", "labels": [{"name": "severity", "value": "normal"}, {"name": "feature", "value": "About page"}, {"name": "tag", "value": "flaky(reruns=3, reruns_delay=1)"}, {"name": "parentSuite", "value": "Tests"}, {"name": "suite", "value": "test_AboutPage"}, {"name": "subSuite", "value": "TestAboutPage"}, {"name": "host", "value": "fv-az1146-599"}, {"name": "thread", "value": "1769-MainThread"}, {"name": "framework", "value": "pytest"}, {"name": "language", "value": "cpython3"}, {"name": "package", "value": "Tests.test_AboutPage"}], "links": [{"type": "tms", "url": "https://hedgehoglabqa.testrail.io/index.php?/cases/view/58522", "name": "C58522"}, {"type": "issue", "url": "https://hedgehog-lab.atlassian.net/browse/QP-356", "name": "Epic QP-356"}, {"type": "issue", "url": "https://hedgehog-lab.atlassian.net/browse/QP-266", "name": "Story QP-266"}]}