{"name": "Successful message send", "status": "broken", "statusDetails": {"message": "selenium.common.exceptions.NoSuchElementException: Message: no such element: Unable to locate element: {\"method\":\"css selector\",\"selector\":\"[id=\"name\"]\"}\n  (Session info: MicrosoftEdge=130.0.2849.80); For documentation on this error, please visit: https://www.selenium.dev/documentation/webdriver/troubleshooting/errors#no-such-element-exception\nStacktrace:\n#0 0x55a6015745be <unknown>\n#1 0x55a60103b9f6 <unknown>\n#2 0x55a6010873ee <unknown>\n#3 0x55a6010876c1 <unknown>\n#4 0x55a6010cb324 <unknown>\n#5 0x55a6010aaf7d <unknown>\n#6 0x55a6010c8efe <unknown>\n#7 0x55a6010aacf3 <unknown>\n#8 0x55a60107b2de <unknown>\n#9 0x55a60107bfbe <unknown>\n#10 0x55a601549521 <unknown>\n#11 0x55a60154c791 <unknown>\n#12 0x55a60154c20b <unknown>\n#13 0x55a60154cbc5 <unknown>\n#14 0x55a60153aef2 <unknown>\n#15 0x55a60154cf4d <unknown>\n#16 0x55a6015248c5 <unknown>\n#17 0x55a601564d18 <unknown>\n#18 0x55a601564f2f <unknown>\n#19 0x55a6015731bc <unknown>\n#20 0x7f8820894ac3 <unknown>", "trace": "self = <Tests.test_ContactPage.TestContactPage object at 0x7ff0ab0dc150>\ndriver = <selenium.webdriver.edge.webdriver.WebDriver (session=\"28e537e3e893330a7cf1c7b40d097897\")>\n\n    @severity(severity_level.CRITICAL)\n    @allure.feature('Contact page')\n    @allure.title(\"Successful message send\")\n    def test_2(self, driver):\n        contact_obj = ContactPage(driver)\n        random_name = contact_obj.generate_random_name()\n        random_email = TestContactPage.current_browser + \"_\" + contact_obj.generate_random_email()\n        random_message = contact_obj.generate_random_message()\n>       contact_obj.set_name_field(random_name)\n\nTests/test_ContactPage.py:43: \n_ _ _ _ _ _ _ _ _ _ _ _ _ _ _ _ _ _ _ _ _ _ _ _ _ _ _ _ _ _ _ _ _ _ _ _ _ _ _ _ \nPages/ContactPage.py:33: in set_name_field\n    self.driver.find_element(*self.name_input_field).send_keys(name)\n/opt/hostedtoolcache/Python/3.11.10/x64/lib/python3.11/site-packages/selenium/webdriver/remote/webdriver.py:741: in find_element\n    return self.execute(Command.FIND_ELEMENT, {\"using\": by, \"value\": value})[\"value\"]\n/opt/hostedtoolcache/Python/3.11.10/x64/lib/python3.11/site-packages/selenium/webdriver/remote/webdriver.py:347: in execute\n    self.error_handler.check_response(response)\n_ _ _ _ _ _ _ _ _ _ _ _ _ _ _ _ _ _ _ _ _ _ _ _ _ _ _ _ _ _ _ _ _ _ _ _ _ _ _ _ \n\nself = <selenium.webdriver.remote.errorhandler.ErrorHandler object at 0x7ff0a9d9c210>\nresponse = {'status': 404, 'value': '{\"value\":{\"error\":\"no such element\",\"message\":\"no such element: Unable to locate element: {\\...\\\\n#18 0x55a601564f2f \\\\u003Cunknown>\\\\n#19 0x55a6015731bc \\\\u003Cunknown>\\\\n#20 0x7f8820894ac3 \\\\u003Cunknown>\\\\n\"}}'}\n\n    def check_response(self, response: Dict[str, Any]) -> None:\n        \"\"\"Checks that a JSON response from the WebDriver does not have an\n        error.\n    \n        :Args:\n         - response - The JSON response from the WebDriver server as a dictionary\n           object.\n    \n        :Raises: If the response contains an error message.\n        \"\"\"\n        status = response.get(\"status\", None)\n        if not status or status == ErrorCode.SUCCESS:\n            return\n        value = None\n        message = response.get(\"message\", \"\")\n        screen: str = response.get(\"screen\", \"\")\n        stacktrace = None\n        if isinstance(status, int):\n            value_json = response.get(\"value\", None)\n            if value_json and isinstance(value_json, str):\n                import json\n    \n                try:\n                    value = json.loads(value_json)\n                    if len(value) == 1:\n                        value = value[\"value\"]\n                    status = value.get(\"error\", None)\n                    if not status:\n                        status = value.get(\"status\", ErrorCode.UNKNOWN_ERROR)\n                        message = value.get(\"value\") or value.get(\"message\")\n                        if not isinstance(message, str):\n                            value = message\n                            message = message.get(\"message\")\n                    else:\n                        message = value.get(\"message\", None)\n                except ValueError:\n                    pass\n    \n        exception_class: Type[WebDriverException]\n        e = ErrorCode()\n        error_codes = [item for item in dir(e) if not item.startswith(\"__\")]\n        for error_code in error_codes:\n            error_info = getattr(ErrorCode, error_code)\n            if isinstance(error_info, list) and status in error_info:\n                exception_class = getattr(ExceptionMapping, error_code, WebDriverException)\n                break\n        else:\n            exception_class = WebDriverException\n    \n        if not value:\n            value = response[\"value\"]\n        if isinstance(value, str):\n            raise exception_class(value)\n        if message == \"\" and \"message\" in value:\n            message = value[\"message\"]\n    \n        screen = None  # type: ignore[assignment]\n        if \"screen\" in value:\n            screen = value[\"screen\"]\n    \n        stacktrace = None\n        st_value = value.get(\"stackTrace\") or value.get(\"stacktrace\")\n        if st_value:\n            if isinstance(st_value, str):\n                stacktrace = st_value.split(\"\\n\")\n            else:\n                stacktrace = []\n                try:\n                    for frame in st_value:\n                        line = frame.get(\"lineNumber\", \"\")\n                        file = frame.get(\"fileName\", \"<anonymous>\")\n                        if line:\n                            file = f\"{file}:{line}\"\n                        meth = frame.get(\"methodName\", \"<anonymous>\")\n                        if \"className\" in frame:\n                            meth = f\"{frame['className']}.{meth}\"\n                        msg = \"    at %s (%s)\"\n                        msg = msg % (meth, file)\n                        stacktrace.append(msg)\n                except TypeError:\n                    pass\n        if exception_class == UnexpectedAlertPresentException:\n            alert_text = None\n            if \"data\" in value:\n                alert_text = value[\"data\"].get(\"text\")\n            elif \"alert\" in value:\n                alert_text = value[\"alert\"].get(\"text\")\n            raise exception_class(message, screen, stacktrace, alert_text)  # type: ignore[call-arg]  # mypy is not smart enough here\n>       raise exception_class(message, screen, stacktrace)\nE       selenium.common.exceptions.NoSuchElementException: Message: no such element: Unable to locate element: {\"method\":\"css selector\",\"selector\":\"[id=\"name\"]\"}\nE         (Session info: MicrosoftEdge=130.0.2849.80); For documentation on this error, please visit: https://www.selenium.dev/documentation/webdriver/troubleshooting/errors#no-such-element-exception\nE       Stacktrace:\nE       #0 0x55a6015745be <unknown>\nE       #1 0x55a60103b9f6 <unknown>\nE       #2 0x55a6010873ee <unknown>\nE       #3 0x55a6010876c1 <unknown>\nE       #4 0x55a6010cb324 <unknown>\nE       #5 0x55a6010aaf7d <unknown>\nE       #6 0x55a6010c8efe <unknown>\nE       #7 0x55a6010aacf3 <unknown>\nE       #8 0x55a60107b2de <unknown>\nE       #9 0x55a60107bfbe <unknown>\nE       #10 0x55a601549521 <unknown>\nE       #11 0x55a60154c791 <unknown>\nE       #12 0x55a60154c20b <unknown>\nE       #13 0x55a60154cbc5 <unknown>\nE       #14 0x55a60153aef2 <unknown>\nE       #15 0x55a60154cf4d <unknown>\nE       #16 0x55a6015248c5 <unknown>\nE       #17 0x55a601564d18 <unknown>\nE       #18 0x55a601564f2f <unknown>\nE       #19 0x55a6015731bc <unknown>\nE       #20 0x7f8820894ac3 <unknown>\n\n/opt/hostedtoolcache/Python/3.11.10/x64/lib/python3.11/site-packages/selenium/webdriver/remote/errorhandler.py:229: NoSuchElementException"}, "parameters": [{"name": "driver", "value": "'edge'"}], "start": 1731814516639, "stop": 1731814526702, "uuid": "d83b5fa3-7ddf-4519-aaf2-b7e01305b133", "historyId": "c215c51156221bee009195390ca8046d", "testCaseId": "57f9fa933cde1d635b1cb9def516227a", "fullName": "Tests.test_ContactPage.TestContactPage#test_2", "labels": [{"name": "severity", "value": "critical"}, {"name": "feature", "value": "Contact page"}, {"name": "parentSuite", "value": "Tests"}, {"name": "suite", "value": "test_ContactPage"}, {"name": "subSuite", "value": "TestContactPage"}, {"name": "host", "value": "fv-az1153-402"}, {"name": "thread", "value": "1856-MainThread"}, {"name": "framework", "value": "pytest"}, {"name": "language", "value": "cpython3"}, {"name": "package", "value": "Tests.test_ContactPage"}]}