{"name": "Scroll trough images", "status": "failed", "statusDetails": {"message": "AssertionError: FAILURE: assert (False)\n +  where False = <bound method AboutPage.is_next_slide_button_visible of <Pages.AboutPage.AboutPage object at 0x7f3507509e90>>()\n +    where <bound method AboutPage.is_next_slide_button_visible of <Pages.AboutPage.AboutPage object at 0x7f3507509e90>> = <Pages.AboutPage.AboutPage object at 0x7f3507509e90>.is_next_slide_button_visible\ntest_Sites.py:556 in test_22() -> with check, allure.step(\"C58415: Initially next is visible and previous is not\"):\ntest_Sites.py:557 in test_22 -> assert about_obj.is_next_slide_button_visible() and not about_obj.is_previous_slide_button_visible()\nAssertionError: assert (False)\n +  where False = <bound method AboutPage.is_next_slide_button_visible of <Pages.AboutPage.AboutPage object at 0x7f3507509e90>>()\n +    where <bound method AboutPage.is_next_slide_button_visible of <Pages.AboutPage.AboutPage object at 0x7f3507509e90>> = <Pages.AboutPage.AboutPage object at 0x7f3507509e90>.is_next_slide_button_visible\n\n\n------------------------------------------------------------\nFailed Checks: 1\n------------------------------------------------------------\nself = <Tests.test_Sites.TestSites object at 0x7f3505d88610>\ndriver = <selenium.webdriver.edge.webdriver.WebDriver (session=\"c45d820ef100c7db4a3d960215e786d9\")>\n\n    @severity(severity_level.MINOR)\n    @allure.feature('Individual Sites')\n    @allure.title(\"Scroll trough images\")\n    @allure.issue(\"QP-264\", \"Story QP-264\")\n    @allure.issue(\"QP-356\", \"Epic QP-356\")\n    @allure.testcase(\"58415\", \"C58415\")\n    def test_22(self, driver):\n        about_obj = AboutPage(driver)\n        with check, allure.step(\"C58415: Initially next is visible and previous is not\"):\n            assert about_obj.is_next_slide_button_visible() and not about_obj.is_previous_slide_button_visible()\n        with check, allure.step(\"C58415: Carousel position is at the start\"):\n>           assert about_obj.get_image_carousel_position() == \"start\"\n\nTests/test_Sites.py:559: \n_ _ _ _ _ _ _ _ _ _ _ _ _ _ _ _ _ _ _ _ _ _ _ _ _ _ _ _ _ _ _ _ _ _ _ _ _ _ _ _ \nPages/AboutPage.py:140: in get_image_carousel_position\n    carousel = self.driver.find_element(*self.image_carousel)\n/opt/hostedtoolcache/Python/3.11.10/x64/lib/python3.11/site-packages/selenium/webdriver/remote/webdriver.py:741: in find_element\n    return self.execute(Command.FIND_ELEMENT, {\"using\": by, \"value\": value})[\"value\"]\n/opt/hostedtoolcache/Python/3.11.10/x64/lib/python3.11/site-packages/selenium/webdriver/remote/webdriver.py:347: in execute\n    self.error_handler.check_response(response)\n_ _ _ _ _ _ _ _ _ _ _ _ _ _ _ _ _ _ _ _ _ _ _ _ _ _ _ _ _ _ _ _ _ _ _ _ _ _ _ _ \n\nself = <selenium.webdriver.remote.errorhandler.ErrorHandler object at 0x7f350788ffd0>\nresponse = {'status': 404, 'value': '{\"value\":{\"error\":\"no such element\",\"message\":\"no such element: Unable to locate element: {\\...\\\\n#19 0x55cb8081353c \\\\u003Cunknown>\\\\n#20 0x7ff77d69ca94 \\\\u003Cunknown>\\\\n#21 0x7ff77d729c3c \\\\u003Cunknown>\\\\n\"}}'}\n\n    def check_response(self, response: Dict[str, Any]) -> None:\n        \"\"\"Checks that a JSON response from the WebDriver does not have an\n        error.\n    \n        :Args:\n         - response - The JSON response from the WebDriver server as a dictionary\n           object.\n    \n        :Raises: If the response contains an error message.\n        \"\"\"\n        status = response.get(\"status\", None)\n        if not status or status == ErrorCode.SUCCESS:\n            return\n        value = None\n        message = response.get(\"message\", \"\")\n        screen: str = response.get(\"screen\", \"\")\n        stacktrace = None\n        if isinstance(status, int):\n            value_json = response.get(\"value\", None)\n            if value_json and isinstance(value_json, str):\n                import json\n    \n                try:\n                    value = json.loads(value_json)\n                    if len(value) == 1:\n                        value = value[\"value\"]\n                    status = value.get(\"error\", None)\n                    if not status:\n                        status = value.get(\"status\", ErrorCode.UNKNOWN_ERROR)\n                        message = value.get(\"value\") or value.get(\"message\")\n                        if not isinstance(message, str):\n                            value = message\n                            message = message.get(\"message\")\n                    else:\n                        message = value.get(\"message\", None)\n                except ValueError:\n                    pass\n    \n        exception_class: Type[WebDriverException]\n        e = ErrorCode()\n        error_codes = [item for item in dir(e) if not item.startswith(\"__\")]\n        for error_code in error_codes:\n            error_info = getattr(ErrorCode, error_code)\n            if isinstance(error_info, list) and status in error_info:\n                exception_class = getattr(ExceptionMapping, error_code, WebDriverException)\n                break\n        else:\n            exception_class = WebDriverException\n    \n        if not value:\n            value = response[\"value\"]\n        if isinstance(value, str):\n            raise exception_class(value)\n        if message == \"\" and \"message\" in value:\n            message = value[\"message\"]\n    \n        screen = None  # type: ignore[assignment]\n        if \"screen\" in value:\n            screen = value[\"screen\"]\n    \n        stacktrace = None\n        st_value = value.get(\"stackTrace\") or value.get(\"stacktrace\")\n        if st_value:\n            if isinstance(st_value, str):\n                stacktrace = st_value.split(\"\\n\")\n            else:\n                stacktrace = []\n                try:\n                    for frame in st_value:\n                        line = frame.get(\"lineNumber\", \"\")\n                        file = frame.get(\"fileName\", \"<anonymous>\")\n                        if line:\n                            file = f\"{file}:{line}\"\n                        meth = frame.get(\"methodName\", \"<anonymous>\")\n                        if \"className\" in frame:\n                            meth = f\"{frame['className']}.{meth}\"\n                        msg = \"    at %s (%s)\"\n                        msg = msg % (meth, file)\n                        stacktrace.append(msg)\n                except TypeError:\n                    pass\n        if exception_class == UnexpectedAlertPresentException:\n            alert_text = None\n            if \"data\" in value:\n                alert_text = value[\"data\"].get(\"text\")\n            elif \"alert\" in value:\n                alert_text = value[\"alert\"].get(\"text\")\n            raise exception_class(message, screen, stacktrace, alert_text)  # type: ignore[call-arg]  # mypy is not smart enough here\n>       raise exception_class(message, screen, stacktrace)\nE       selenium.common.exceptions.NoSuchElementException: Message: no such element: Unable to locate element: {\"method\":\"xpath\",\"selector\":\"//div[@class='slide-container']\"}\nE         (Session info: MicrosoftEdge=131.0.2903.70); For documentation on this error, please visit: https://www.selenium.dev/documentation/webdriver/troubleshooting/errors#no-such-element-exception\nE       Stacktrace:\nE       #0 0x55cb8081494e <unknown>\nE       #1 0x55cb802c9b76 <unknown>\nE       #2 0x55cb8031745e <unknown>\nE       #3 0x55cb80317731 <unknown>\nE       #4 0x55cb8035b4f4 <unknown>\nE       #5 0x55cb8033b20d <unknown>\nE       #6 0x55cb8035918a <unknown>\nE       #7 0x55cb8033af83 <unknown>\nE       #8 0x55cb8030b01e <unknown>\nE       #9 0x55cb8030bcfe <unknown>\nE       #10 0x55cb807e99e1 <unknown>\nE       #11 0x55cb807ecbde <unknown>\nE       #12 0x55cb807ec65b <unknown>\nE       #13 0x55cb807ed005 <unknown>\nE       #14 0x55cb807db3f2 <unknown>\nE       #15 0x55cb807ed38d <unknown>\nE       #16 0x55cb807c55b5 <unknown>\nE       #17 0x55cb80805008 <unknown>\nE       #18 0x55cb8080521f <unknown>\nE       #19 0x55cb8081353c <unknown>\nE       #20 0x7ff77d69ca94 <unknown>\nE       #21 0x7ff77d729c3c <unknown>\n\n/opt/hostedtoolcache/Python/3.11.10/x64/lib/python3.11/site-packages/selenium/webdriver/remote/errorhandler.py:229: NoSuchElementException", "trace": "FAILURE: assert (False)\n +  where False = <bound method AboutPage.is_next_slide_button_visible of <Pages.AboutPage.AboutPage object at 0x7f3507509e90>>()\n +    where <bound method AboutPage.is_next_slide_button_visible of <Pages.AboutPage.AboutPage object at 0x7f3507509e90>> = <Pages.AboutPage.AboutPage object at 0x7f3507509e90>.is_next_slide_button_visible\ntest_Sites.py:556 in test_22() -> with check, allure.step(\"C58415: Initially next is visible and previous is not\"):\ntest_Sites.py:557 in test_22 -> assert about_obj.is_next_slide_button_visible() and not about_obj.is_previous_slide_button_visible()\nAssertionError: assert (False)\n +  where False = <bound method AboutPage.is_next_slide_button_visible of <Pages.AboutPage.AboutPage object at 0x7f3507509e90>>()\n +    where <bound method AboutPage.is_next_slide_button_visible of <Pages.AboutPage.AboutPage object at 0x7f3507509e90>> = <Pages.AboutPage.AboutPage object at 0x7f3507509e90>.is_next_slide_button_visible\n\n\n------------------------------------------------------------\nFailed Checks: 1\n------------------------------------------------------------\nself = <Tests.test_Sites.TestSites object at 0x7f3505d88610>\ndriver = <selenium.webdriver.edge.webdriver.WebDriver (session=\"c45d820ef100c7db4a3d960215e786d9\")>\n\n    @severity(severity_level.MINOR)\n    @allure.feature('Individual Sites')\n    @allure.title(\"Scroll trough images\")\n    @allure.issue(\"QP-264\", \"Story QP-264\")\n    @allure.issue(\"QP-356\", \"Epic QP-356\")\n    @allure.testcase(\"58415\", \"C58415\")\n    def test_22(self, driver):\n        about_obj = AboutPage(driver)\n        with check, allure.step(\"C58415: Initially next is visible and previous is not\"):\n            assert about_obj.is_next_slide_button_visible() and not about_obj.is_previous_slide_button_visible()\n        with check, allure.step(\"C58415: Carousel position is at the start\"):\n>           assert about_obj.get_image_carousel_position() == \"start\"\n\nTests/test_Sites.py:559: \n_ _ _ _ _ _ _ _ _ _ _ _ _ _ _ _ _ _ _ _ _ _ _ _ _ _ _ _ _ _ _ _ _ _ _ _ _ _ _ _ \nPages/AboutPage.py:140: in get_image_carousel_position\n    carousel = self.driver.find_element(*self.image_carousel)\n/opt/hostedtoolcache/Python/3.11.10/x64/lib/python3.11/site-packages/selenium/webdriver/remote/webdriver.py:741: in find_element\n    return self.execute(Command.FIND_ELEMENT, {\"using\": by, \"value\": value})[\"value\"]\n/opt/hostedtoolcache/Python/3.11.10/x64/lib/python3.11/site-packages/selenium/webdriver/remote/webdriver.py:347: in execute\n    self.error_handler.check_response(response)\n_ _ _ _ _ _ _ _ _ _ _ _ _ _ _ _ _ _ _ _ _ _ _ _ _ _ _ _ _ _ _ _ _ _ _ _ _ _ _ _ \n\nself = <selenium.webdriver.remote.errorhandler.ErrorHandler object at 0x7f350788ffd0>\nresponse = {'status': 404, 'value': '{\"value\":{\"error\":\"no such element\",\"message\":\"no such element: Unable to locate element: {\\...\\\\n#19 0x55cb8081353c \\\\u003Cunknown>\\\\n#20 0x7ff77d69ca94 \\\\u003Cunknown>\\\\n#21 0x7ff77d729c3c \\\\u003Cunknown>\\\\n\"}}'}\n\n    def check_response(self, response: Dict[str, Any]) -> None:\n        \"\"\"Checks that a JSON response from the WebDriver does not have an\n        error.\n    \n        :Args:\n         - response - The JSON response from the WebDriver server as a dictionary\n           object.\n    \n        :Raises: If the response contains an error message.\n        \"\"\"\n        status = response.get(\"status\", None)\n        if not status or status == ErrorCode.SUCCESS:\n            return\n        value = None\n        message = response.get(\"message\", \"\")\n        screen: str = response.get(\"screen\", \"\")\n        stacktrace = None\n        if isinstance(status, int):\n            value_json = response.get(\"value\", None)\n            if value_json and isinstance(value_json, str):\n                import json\n    \n                try:\n                    value = json.loads(value_json)\n                    if len(value) == 1:\n                        value = value[\"value\"]\n                    status = value.get(\"error\", None)\n                    if not status:\n                        status = value.get(\"status\", ErrorCode.UNKNOWN_ERROR)\n                        message = value.get(\"value\") or value.get(\"message\")\n                        if not isinstance(message, str):\n                            value = message\n                            message = message.get(\"message\")\n                    else:\n                        message = value.get(\"message\", None)\n                except ValueError:\n                    pass\n    \n        exception_class: Type[WebDriverException]\n        e = ErrorCode()\n        error_codes = [item for item in dir(e) if not item.startswith(\"__\")]\n        for error_code in error_codes:\n            error_info = getattr(ErrorCode, error_code)\n            if isinstance(error_info, list) and status in error_info:\n                exception_class = getattr(ExceptionMapping, error_code, WebDriverException)\n                break\n        else:\n            exception_class = WebDriverException\n    \n        if not value:\n            value = response[\"value\"]\n        if isinstance(value, str):\n            raise exception_class(value)\n        if message == \"\" and \"message\" in value:\n            message = value[\"message\"]\n    \n        screen = None  # type: ignore[assignment]\n        if \"screen\" in value:\n            screen = value[\"screen\"]\n    \n        stacktrace = None\n        st_value = value.get(\"stackTrace\") or value.get(\"stacktrace\")\n        if st_value:\n            if isinstance(st_value, str):\n                stacktrace = st_value.split(\"\\n\")\n            else:\n                stacktrace = []\n                try:\n                    for frame in st_value:\n                        line = frame.get(\"lineNumber\", \"\")\n                        file = frame.get(\"fileName\", \"<anonymous>\")\n                        if line:\n                            file = f\"{file}:{line}\"\n                        meth = frame.get(\"methodName\", \"<anonymous>\")\n                        if \"className\" in frame:\n                            meth = f\"{frame['className']}.{meth}\"\n                        msg = \"    at %s (%s)\"\n                        msg = msg % (meth, file)\n                        stacktrace.append(msg)\n                except TypeError:\n                    pass\n        if exception_class == UnexpectedAlertPresentException:\n            alert_text = None\n            if \"data\" in value:\n                alert_text = value[\"data\"].get(\"text\")\n            elif \"alert\" in value:\n                alert_text = value[\"alert\"].get(\"text\")\n            raise exception_class(message, screen, stacktrace, alert_text)  # type: ignore[call-arg]  # mypy is not smart enough here\n>       raise exception_class(message, screen, stacktrace)\nE       selenium.common.exceptions.NoSuchElementException: Message: no such element: Unable to locate element: {\"method\":\"xpath\",\"selector\":\"//div[@class='slide-container']\"}\nE         (Session info: MicrosoftEdge=131.0.2903.70); For documentation on this error, please visit: https://www.selenium.dev/documentation/webdriver/troubleshooting/errors#no-such-element-exception\nE       Stacktrace:\nE       #0 0x55cb8081494e <unknown>\nE       #1 0x55cb802c9b76 <unknown>\nE       #2 0x55cb8031745e <unknown>\nE       #3 0x55cb80317731 <unknown>\nE       #4 0x55cb8035b4f4 <unknown>\nE       #5 0x55cb8033b20d <unknown>\nE       #6 0x55cb8035918a <unknown>\nE       #7 0x55cb8033af83 <unknown>\nE       #8 0x55cb8030b01e <unknown>\nE       #9 0x55cb8030bcfe <unknown>\nE       #10 0x55cb807e99e1 <unknown>\nE       #11 0x55cb807ecbde <unknown>\nE       #12 0x55cb807ec65b <unknown>\nE       #13 0x55cb807ed005 <unknown>\nE       #14 0x55cb807db3f2 <unknown>\nE       #15 0x55cb807ed38d <unknown>\nE       #16 0x55cb807c55b5 <unknown>\nE       #17 0x55cb80805008 <unknown>\nE       #18 0x55cb8080521f <unknown>\nE       #19 0x55cb8081353c <unknown>\nE       #20 0x7ff77d69ca94 <unknown>\nE       #21 0x7ff77d729c3c <unknown>\n\n/opt/hostedtoolcache/Python/3.11.10/x64/lib/python3.11/site-packages/selenium/webdriver/remote/errorhandler.py:229: NoSuchElementException"}, "steps": [{"name": "C58415: Initially next is visible and previous is not", "status": "failed", "statusDetails": {"message": "AssertionError: assert (False)\n +  where False = <bound method AboutPage.is_next_slide_button_visible of <Pages.AboutPage.AboutPage object at 0x7f3507509e90>>()\n +    where <bound method AboutPage.is_next_slide_button_visible of <Pages.AboutPage.AboutPage object at 0x7f3507509e90>> = <Pages.AboutPage.AboutPage object at 0x7f3507509e90>.is_next_slide_button_visible\n", "trace": "  File \"/home/runner/work/QUBA_WEB/QUBA_WEB/Tests/test_Sites.py\", line 557, in test_22\n    assert about_obj.is_next_slide_button_visible() and not about_obj.is_previous_slide_button_visible()\n"}, "start": 1733726927019, "stop": 1733726938046}, {"name": "C58415: Carousel position is at the start", "status": "broken", "statusDetails": {"message": "selenium.common.exceptions.NoSuchElementException: Message: no such element: Unable to locate element: {\"method\":\"xpath\",\"selector\":\"//div[@class='slide-container']\"}\n  (Session info: MicrosoftEdge=131.0.2903.70); For documentation on this error, please visit: https://www.selenium.dev/documentation/webdriver/troubleshooting/errors#no-such-element-exception\nStacktrace:\n#0 0x55cb8081494e <unknown>\n#1 0x55cb802c9b76 <unknown>\n#2 0x55cb8031745e <unknown>\n#3 0x55cb80317731 <unknown>\n#4 0x55cb8035b4f4 <unknown>\n#5 0x55cb8033b20d <unknown>\n#6 0x55cb8035918a <unknown>\n#7 0x55cb8033af83 <unknown>\n#8 0x55cb8030b01e <unknown>\n#9 0x55cb8030bcfe <unknown>\n#10 0x55cb807e99e1 <unknown>\n#11 0x55cb807ecbde <unknown>\n#12 0x55cb807ec65b <unknown>\n#13 0x55cb807ed005 <unknown>\n#14 0x55cb807db3f2 <unknown>\n#15 0x55cb807ed38d <unknown>\n#16 0x55cb807c55b5 <unknown>\n#17 0x55cb80805008 <unknown>\n#18 0x55cb8080521f <unknown>\n#19 0x55cb8081353c <unknown>\n#20 0x7ff77d69ca94 <unknown>\n#21 0x7ff77d729c3c <unknown>\n\n", "trace": "  File \"/home/runner/work/QUBA_WEB/QUBA_WEB/Tests/test_Sites.py\", line 559, in test_22\n    assert about_obj.get_image_carousel_position() == \"start\"\n  File \"/home/runner/work/QUBA_WEB/QUBA_WEB/Pages/AboutPage.py\", line 140, in get_image_carousel_position\n    carousel = self.driver.find_element(*self.image_carousel)\n               ^^^^^^^^^^^^^^^^^^^^^^^^^^^^^^^^^^^^^^^^^^^^^^\n  File \"/opt/hostedtoolcache/Python/3.11.10/x64/lib/python3.11/site-packages/selenium/webdriver/remote/webdriver.py\", line 741, in find_element\n    return self.execute(Command.FIND_ELEMENT, {\"using\": by, \"value\": value})[\"value\"]\n           ^^^^^^^^^^^^^^^^^^^^^^^^^^^^^^^^^^^^^^^^^^^^^^^^^^^^^^^^^^^^^^^^^\n  File \"/opt/hostedtoolcache/Python/3.11.10/x64/lib/python3.11/site-packages/selenium/webdriver/remote/webdriver.py\", line 347, in execute\n    self.error_handler.check_response(response)\n  File \"/opt/hostedtoolcache/Python/3.11.10/x64/lib/python3.11/site-packages/selenium/webdriver/remote/errorhandler.py\", line 229, in check_response\n    raise exception_class(message, screen, stacktrace)\n"}, "start": 1733726938048, "stop": 1733726948066}], "parameters": [{"name": "driver", "value": "'edge'"}], "start": 1733726927018, "stop": 1733726948067, "uuid": "99d67eb0-4671-4a2f-86f5-c9141fadc010", "historyId": "c1f9b02e507976082c52661751770974", "testCaseId": "64642a789e509c273fbfbbc094c3d795", "fullName": "Tests.test_Sites.TestSites#test_22", "labels": [{"name": "feature", "value": "Individual Sites"}, {"name": "severity", "value": "minor"}, {"name": "tag", "value": "flaky(reruns=3, reruns_delay=1)"}, {"name": "parentSuite", "value": "Tests"}, {"name": "suite", "value": "test_Sites"}, {"name": "subSuite", "value": "TestSites"}, {"name": "host", "value": "fv-az1337-355"}, {"name": "thread", "value": "1945-MainThread"}, {"name": "framework", "value": "pytest"}, {"name": "language", "value": "cpython3"}, {"name": "package", "value": "Tests.test_Sites"}], "links": [{"type": "tms", "url": "https://hedgehoglabqa.testrail.io/index.php?/cases/view/58415", "name": "C58415"}, {"type": "issue", "url": "https://hedgehog-lab.atlassian.net/browse/QP-356", "name": "Epic QP-356"}, {"type": "issue", "url": "https://hedgehog-lab.atlassian.net/browse/QP-264", "name": "Story QP-264"}]}