{"name": "Click Add to Calendar link", "status": "failed", "statusDetails": {"message": "AssertionError: FAILURE: assert False\ntest_Events.py:355 in test_17() -> with check, allure.step(\"C58500: File is downloaded\"):\ntest_Events.py:356 in test_17 -> assert cond\nAssertionError: assert False\n\n\n------------------------------------------------------------\nFailed Checks: 1\n------------------------------------------------------------\nself = <Tests.test_Events.TestEvents object at 0x7f814d91dbd0>\ndriver = <selenium.webdriver.edge.webdriver.WebDriver (session=\"17dea56c1ac367dee40320f8da14349f\")>\n\n    @severity(severity_level.CRITICAL)\n    @allure.feature('Individual Events')\n    @allure.title(\"Click Add to Calendar link\")\n    @allure.issue(\"QP-268\", \"Story QP-268\")\n    @allure.issue(\"QP-356\", \"Epic QP-356\")\n    @allure.testcase(\"58500\", \"C58500\")\n    @pytest.mark.dependency(depends=[\"test_8\"])\n    def test_17(self, driver):\n        events_obj = Events(driver)\n        download_dir = self.create_download_dir(self.current_browser)\n        file_name = self.get_download_file_name(driver.current_url)\n        file_path = os.path.join(download_dir, file_name)\n        events_obj.click_single_event_add_to_calendar_link()\n    \n        cond = False\n        for _ in range(10):\n            if os.path.exists(file_path):\n                cond = True\n                break\n            time.sleep(1)\n        with check, allure.step(\"C58500: File is downloaded\"):\n            assert cond\n    \n        file_content = {}\n>       file = open(file_path, 'r')\nE       FileNotFoundError: [Errno 2] No such file or directory: '/home/runner/work/QUBA_WEB/QUBA_WEB/Resources/edge_download_dir/leverage-synergies.ics'\n\nTests/test_Events.py:359: FileNotFoundError", "trace": "FAILURE: assert False\ntest_Events.py:355 in test_17() -> with check, allure.step(\"C58500: File is downloaded\"):\ntest_Events.py:356 in test_17 -> assert cond\nAssertionError: assert False\n\n\n------------------------------------------------------------\nFailed Checks: 1\n------------------------------------------------------------\nself = <Tests.test_Events.TestEvents object at 0x7f814d91dbd0>\ndriver = <selenium.webdriver.edge.webdriver.WebDriver (session=\"17dea56c1ac367dee40320f8da14349f\")>\n\n    @severity(severity_level.CRITICAL)\n    @allure.feature('Individual Events')\n    @allure.title(\"Click Add to Calendar link\")\n    @allure.issue(\"QP-268\", \"Story QP-268\")\n    @allure.issue(\"QP-356\", \"Epic QP-356\")\n    @allure.testcase(\"58500\", \"C58500\")\n    @pytest.mark.dependency(depends=[\"test_8\"])\n    def test_17(self, driver):\n        events_obj = Events(driver)\n        download_dir = self.create_download_dir(self.current_browser)\n        file_name = self.get_download_file_name(driver.current_url)\n        file_path = os.path.join(download_dir, file_name)\n        events_obj.click_single_event_add_to_calendar_link()\n    \n        cond = False\n        for _ in range(10):\n            if os.path.exists(file_path):\n                cond = True\n                break\n            time.sleep(1)\n        with check, allure.step(\"C58500: File is downloaded\"):\n            assert cond\n    \n        file_content = {}\n>       file = open(file_path, 'r')\nE       FileNotFoundError: [Errno 2] No such file or directory: '/home/runner/work/QUBA_WEB/QUBA_WEB/Resources/edge_download_dir/leverage-synergies.ics'\n\nTests/test_Events.py:359: FileNotFoundError"}, "steps": [{"name": "C58500: File is downloaded", "status": "failed", "statusDetails": {"message": "AssertionError: assert False\n", "trace": "  File \"/home/runner/work/QUBA_WEB/QUBA_WEB/Tests/test_Events.py\", line 356, in test_17\n    assert cond\n"}, "start": 1733302717894, "stop": 1733302717894}], "parameters": [{"name": "driver", "value": "'edge'"}], "start": 1733302707836, "stop": 1733302717896, "uuid": "21f0ac4a-08f2-4b7c-8cbf-b623a4a5e970", "historyId": "8908ec96a3c3d1e16c8303bcf4a5a9f1", "testCaseId": "e07010f572494ae9108f05899b49d9e7", "fullName": "Tests.test_Events.TestEvents#test_17", "labels": [{"name": "severity", "value": "critical"}, {"name": "feature", "value": "Individual Events"}, {"name": "tag", "value": "dependency(depends=['test_8'])"}, {"name": "tag", "value": "flaky(reruns=3, reruns_delay=1)"}, {"name": "parentSuite", "value": "Tests"}, {"name": "suite", "value": "test_Events"}, {"name": "subSuite", "value": "TestEvents"}, {"name": "host", "value": "fv-az1773-789"}, {"name": "thread", "value": "1783-MainThread"}, {"name": "framework", "value": "pytest"}, {"name": "language", "value": "cpython3"}, {"name": "package", "value": "Tests.test_Events"}], "links": [{"type": "tms", "url": "https://hedgehoglabqa.testrail.io/index.php?/cases/view/58500", "name": "C58500"}, {"type": "issue", "url": "https://hedgehog-lab.atlassian.net/browse/QP-356", "name": "Epic QP-356"}, {"type": "issue", "url": "https://hedgehog-lab.atlassian.net/browse/QP-268", "name": "Story QP-268"}]}