{"name": "Image gallery with only one image", "status": "broken", "statusDetails": {"message": "selenium.common.exceptions.NoSuchElementException: Message: no such element: Unable to locate element: {\"method\":\"xpath\",\"selector\":\"//a[.='About']\"}\n  (Session info: MicrosoftEdge=130.0.2849.80); For documentation on this error, please visit: https://www.selenium.dev/documentation/webdriver/troubleshooting/errors#no-such-element-exception\nStacktrace:\n#0 0x555f47fd65be <unknown>\n#1 0x555f47a9d9f6 <unknown>\n#2 0x555f47ae93ee <unknown>\n#3 0x555f47ae96c1 <unknown>\n#4 0x555f47b2d324 <unknown>\n#5 0x555f47b0cf7d <unknown>\n#6 0x555f47b2aefe <unknown>\n#7 0x555f47b0ccf3 <unknown>\n#8 0x555f47add2de <unknown>\n#9 0x555f47addfbe <unknown>\n#10 0x555f47fab521 <unknown>\n#11 0x555f47fae791 <unknown>\n#12 0x555f47fae20b <unknown>\n#13 0x555f47faebc5 <unknown>\n#14 0x555f47f9cef2 <unknown>\n#15 0x555f47faef4d <unknown>\n#16 0x555f47f868c5 <unknown>\n#17 0x555f47fc6d18 <unknown>\n#18 0x555f47fc6f2f <unknown>\n#19 0x555f47fd51bc <unknown>\n#20 0x7fa779694ac3 <unknown>", "trace": "self = <Tests.test_AboutPage.TestAboutPage object at 0x7ff2d7ceef90>\nproxy_driver = <selenium.webdriver.edge.webdriver.WebDriver (session=\"2c43f44dc6596b53670d0ad0a89021c3\")>\n\n    @severity(severity_level.NORMAL)\n    @allure.feature('About page')\n    @allure.title(\"Image gallery with only one image\")\n    @allure.issue(\"QP-266\", \"Story QP-266\")\n    @allure.issue(\"QP-356\", \"Epic QP-356\")\n    @allure.testcase(\"58522\", \"C58522\")\n    @pytest.mark.parametrize(\"proxy_driver\", [\"about_page_test_9\"], indirect=True)\n    def test_9(self, proxy_driver):\n        proxy_driver.get(BaseClass.url)\n        main_nav_obj = MainNavigation(proxy_driver)\n        about_page_obj = AboutPage(proxy_driver)\n        main_nav_obj.wait_page_to_load()\n        timestamp = datetime.now().strftime(\"%Y%m%d_%H%M%S\")\n        screenshot_path = os.path.join(os.getcwd(), f\"screenshot_{timestamp}.png\")\n        proxy_driver.save_screenshot(screenshot_path)\n        print(f\"Screenshot saved at {screenshot_path}\")\n        proxy_driver.refresh()\n        main_nav_obj.wait_page_to_load()\n        timestamp = datetime.now().strftime(\"%Y%m%d_%H%M%S\")\n        screenshot_path = os.path.join(os.getcwd(), f\"screenshot_{timestamp}.png\")\n        proxy_driver.save_screenshot(screenshot_path)\n        print(f\"Screenshot saved at {screenshot_path}\")\n>       main_nav_obj.click_about_button()\n\nTests/test_AboutPage.py:168: \n_ _ _ _ _ _ _ _ _ _ _ _ _ _ _ _ _ _ _ _ _ _ _ _ _ _ _ _ _ _ _ _ _ _ _ _ _ _ _ _ \nPages/MainNavigation.py:38: in click_about_button\n    self.driver.find_element(*self.about_button).click()\n/opt/hostedtoolcache/Python/3.11.10/x64/lib/python3.11/site-packages/selenium/webdriver/remote/webdriver.py:741: in find_element\n    return self.execute(Command.FIND_ELEMENT, {\"using\": by, \"value\": value})[\"value\"]\n/opt/hostedtoolcache/Python/3.11.10/x64/lib/python3.11/site-packages/selenium/webdriver/remote/webdriver.py:347: in execute\n    self.error_handler.check_response(response)\n_ _ _ _ _ _ _ _ _ _ _ _ _ _ _ _ _ _ _ _ _ _ _ _ _ _ _ _ _ _ _ _ _ _ _ _ _ _ _ _ \n\nself = <selenium.webdriver.remote.errorhandler.ErrorHandler object at 0x7ff2d894ae50>\nresponse = {'status': 404, 'value': '{\"value\":{\"error\":\"no such element\",\"message\":\"no such element: Unable to locate element: {\\...\\\\n#18 0x555f47fc6f2f \\\\u003Cunknown>\\\\n#19 0x555f47fd51bc \\\\u003Cunknown>\\\\n#20 0x7fa779694ac3 \\\\u003Cunknown>\\\\n\"}}'}\n\n    def check_response(self, response: Dict[str, Any]) -> None:\n        \"\"\"Checks that a JSON response from the WebDriver does not have an\n        error.\n    \n        :Args:\n         - response - The JSON response from the WebDriver server as a dictionary\n           object.\n    \n        :Raises: If the response contains an error message.\n        \"\"\"\n        status = response.get(\"status\", None)\n        if not status or status == ErrorCode.SUCCESS:\n            return\n        value = None\n        message = response.get(\"message\", \"\")\n        screen: str = response.get(\"screen\", \"\")\n        stacktrace = None\n        if isinstance(status, int):\n            value_json = response.get(\"value\", None)\n            if value_json and isinstance(value_json, str):\n                import json\n    \n                try:\n                    value = json.loads(value_json)\n                    if len(value) == 1:\n                        value = value[\"value\"]\n                    status = value.get(\"error\", None)\n                    if not status:\n                        status = value.get(\"status\", ErrorCode.UNKNOWN_ERROR)\n                        message = value.get(\"value\") or value.get(\"message\")\n                        if not isinstance(message, str):\n                            value = message\n                            message = message.get(\"message\")\n                    else:\n                        message = value.get(\"message\", None)\n                except ValueError:\n                    pass\n    \n        exception_class: Type[WebDriverException]\n        e = ErrorCode()\n        error_codes = [item for item in dir(e) if not item.startswith(\"__\")]\n        for error_code in error_codes:\n            error_info = getattr(ErrorCode, error_code)\n            if isinstance(error_info, list) and status in error_info:\n                exception_class = getattr(ExceptionMapping, error_code, WebDriverException)\n                break\n        else:\n            exception_class = WebDriverException\n    \n        if not value:\n            value = response[\"value\"]\n        if isinstance(value, str):\n            raise exception_class(value)\n        if message == \"\" and \"message\" in value:\n            message = value[\"message\"]\n    \n        screen = None  # type: ignore[assignment]\n        if \"screen\" in value:\n            screen = value[\"screen\"]\n    \n        stacktrace = None\n        st_value = value.get(\"stackTrace\") or value.get(\"stacktrace\")\n        if st_value:\n            if isinstance(st_value, str):\n                stacktrace = st_value.split(\"\\n\")\n            else:\n                stacktrace = []\n                try:\n                    for frame in st_value:\n                        line = frame.get(\"lineNumber\", \"\")\n                        file = frame.get(\"fileName\", \"<anonymous>\")\n                        if line:\n                            file = f\"{file}:{line}\"\n                        meth = frame.get(\"methodName\", \"<anonymous>\")\n                        if \"className\" in frame:\n                            meth = f\"{frame['className']}.{meth}\"\n                        msg = \"    at %s (%s)\"\n                        msg = msg % (meth, file)\n                        stacktrace.append(msg)\n                except TypeError:\n                    pass\n        if exception_class == UnexpectedAlertPresentException:\n            alert_text = None\n            if \"data\" in value:\n                alert_text = value[\"data\"].get(\"text\")\n            elif \"alert\" in value:\n                alert_text = value[\"alert\"].get(\"text\")\n            raise exception_class(message, screen, stacktrace, alert_text)  # type: ignore[call-arg]  # mypy is not smart enough here\n>       raise exception_class(message, screen, stacktrace)\nE       selenium.common.exceptions.NoSuchElementException: Message: no such element: Unable to locate element: {\"method\":\"xpath\",\"selector\":\"//a[.='About']\"}\nE         (Session info: MicrosoftEdge=130.0.2849.80); For documentation on this error, please visit: https://www.selenium.dev/documentation/webdriver/troubleshooting/errors#no-such-element-exception\nE       Stacktrace:\nE       #0 0x555f47fd65be <unknown>\nE       #1 0x555f47a9d9f6 <unknown>\nE       #2 0x555f47ae93ee <unknown>\nE       #3 0x555f47ae96c1 <unknown>\nE       #4 0x555f47b2d324 <unknown>\nE       #5 0x555f47b0cf7d <unknown>\nE       #6 0x555f47b2aefe <unknown>\nE       #7 0x555f47b0ccf3 <unknown>\nE       #8 0x555f47add2de <unknown>\nE       #9 0x555f47addfbe <unknown>\nE       #10 0x555f47fab521 <unknown>\nE       #11 0x555f47fae791 <unknown>\nE       #12 0x555f47fae20b <unknown>\nE       #13 0x555f47faebc5 <unknown>\nE       #14 0x555f47f9cef2 <unknown>\nE       #15 0x555f47faef4d <unknown>\nE       #16 0x555f47f868c5 <unknown>\nE       #17 0x555f47fc6d18 <unknown>\nE       #18 0x555f47fc6f2f <unknown>\nE       #19 0x555f47fd51bc <unknown>\nE       #20 0x7fa779694ac3 <unknown>\n\n/opt/hostedtoolcache/Python/3.11.10/x64/lib/python3.11/site-packages/selenium/webdriver/remote/errorhandler.py:229: NoSuchElementException"}, "attachments": [{"name": "stdout", "source": "b56cdaf7-bdaf-4a5e-9351-f696b6e82fe4-attachment.txt", "type": "text/plain"}], "parameters": [{"name": "proxy_driver", "value": "'about_page_test_9'"}, {"name": "driver", "value": "'edge'"}], "start": 1732093836683, "stop": 1732093851095, "uuid": "4f609c3b-ff36-488c-a1c5-40fadefbc889", "historyId": "a62706d125119b2924f65a46bf1039dd", "testCaseId": "6604f3249b7fa9a7af0e103bab10b894", "fullName": "Tests.test_AboutPage.TestAboutPage#test_9", "labels": [{"name": "severity", "value": "normal"}, {"name": "feature", "value": "About page"}, {"name": "tag", "value": "flaky(reruns=3, reruns_delay=1)"}, {"name": "parentSuite", "value": "Tests"}, {"name": "suite", "value": "test_AboutPage"}, {"name": "subSuite", "value": "TestAboutPage"}, {"name": "host", "value": "fv-az730-715"}, {"name": "thread", "value": "1850-MainThread"}, {"name": "framework", "value": "pytest"}, {"name": "language", "value": "cpython3"}, {"name": "package", "value": "Tests.test_AboutPage"}], "links": [{"type": "tms", "url": "https://hedgehoglabqa.testrail.io/index.php?/cases/view/58522", "name": "C58522"}, {"type": "issue", "url": "https://hedgehog-lab.atlassian.net/browse/QP-356", "name": "Epic QP-356"}, {"type": "issue", "url": "https://hedgehog-lab.atlassian.net/browse/QP-266", "name": "Story QP-266"}]}