{"name": "Check individual Retail site", "status": "broken", "statusDetails": {"message": "selenium.common.exceptions.NoSuchElementException: Message: no such element: Unable to locate element: {\"method\":\"xpath\",\"selector\":\"//button[@aria-controls='Retail']\"}\n  (Session info: chrome=130.0.6723.58); For documentation on this error, please visit: https://www.selenium.dev/documentation/webdriver/troubleshooting/errors#no-such-element-exception\nStacktrace:\n#0 0x56472ebef0aa <unknown>\n#1 0x56472e7061a0 <unknown>\n#2 0x56472e752d06 <unknown>\n#3 0x56472e752fa1 <unknown>\n#4 0x56472e798344 <unknown>\n#5 0x56472e776dad <unknown>\n#6 0x56472e795866 <unknown>\n#7 0x56472e776b23 <unknown>\n#8 0x56472e745990 <unknown>\n#9 0x56472e74696e <unknown>\n#10 0x56472ebbb16b <unknown>\n#11 0x56472ebbef68 <unknown>\n#12 0x56472eba864c <unknown>\n#13 0x56472ebbfae7 <unknown>\n#14 0x56472eb8d4af <unknown>\n#15 0x56472ebdd4f8 <unknown>\n#16 0x56472ebdd6c0 <unknown>\n#17 0x56472ebedf26 <unknown>\n#18 0x7fc86b894ac3 <unknown>", "trace": "self = <Tests.test_Sites.TestSites object at 0x7f7bdc7ef890>\ndriver = <selenium.webdriver.chrome.webdriver.WebDriver (session=\"c3cc7f4dcb18f080294512d7a0c028df\")>\nsite_type = 'Retail'\n\n    @severity(severity_level.NORMAL)\n    @allure.feature('Sites')\n    @allure.title(\"Check individual {site_type} site\")\n    @pytest.mark.parametrize('site_type', [\"Historic\", \"Retail\"])\n    def test_4(self, driver, site_type):\n        sites_obj = Sites(driver)\n>       sites_obj.click_site_tab_button(site_type)\n\nTests/test_Sites.py:93: \n_ _ _ _ _ _ _ _ _ _ _ _ _ _ _ _ _ _ _ _ _ _ _ _ _ _ _ _ _ _ _ _ _ _ _ _ _ _ _ _ \nPages/SitesPage.py:51: in click_site_tab_button\n    self.driver.find_element(By.XPATH, f\"//button[@aria-controls='{site_type}']\").click()\n/opt/hostedtoolcache/Python/3.11.10/x64/lib/python3.11/site-packages/selenium/webdriver/remote/webdriver.py:741: in find_element\n    return self.execute(Command.FIND_ELEMENT, {\"using\": by, \"value\": value})[\"value\"]\n/opt/hostedtoolcache/Python/3.11.10/x64/lib/python3.11/site-packages/selenium/webdriver/remote/webdriver.py:347: in execute\n    self.error_handler.check_response(response)\n_ _ _ _ _ _ _ _ _ _ _ _ _ _ _ _ _ _ _ _ _ _ _ _ _ _ _ _ _ _ _ _ _ _ _ _ _ _ _ _ \n\nself = <selenium.webdriver.remote.errorhandler.ErrorHandler object at 0x7f7bdc8f0550>\nresponse = {'status': 404, 'value': '{\"value\":{\"error\":\"no such element\",\"message\":\"no such element: Unable to locate element: {\\...\\\\n#16 0x56472ebdd6c0 \\\\u003Cunknown>\\\\n#17 0x56472ebedf26 \\\\u003Cunknown>\\\\n#18 0x7fc86b894ac3 \\\\u003Cunknown>\\\\n\"}}'}\n\n    def check_response(self, response: Dict[str, Any]) -> None:\n        \"\"\"Checks that a JSON response from the WebDriver does not have an\n        error.\n    \n        :Args:\n         - response - The JSON response from the WebDriver server as a dictionary\n           object.\n    \n        :Raises: If the response contains an error message.\n        \"\"\"\n        status = response.get(\"status\", None)\n        if not status or status == ErrorCode.SUCCESS:\n            return\n        value = None\n        message = response.get(\"message\", \"\")\n        screen: str = response.get(\"screen\", \"\")\n        stacktrace = None\n        if isinstance(status, int):\n            value_json = response.get(\"value\", None)\n            if value_json and isinstance(value_json, str):\n                import json\n    \n                try:\n                    value = json.loads(value_json)\n                    if len(value) == 1:\n                        value = value[\"value\"]\n                    status = value.get(\"error\", None)\n                    if not status:\n                        status = value.get(\"status\", ErrorCode.UNKNOWN_ERROR)\n                        message = value.get(\"value\") or value.get(\"message\")\n                        if not isinstance(message, str):\n                            value = message\n                            message = message.get(\"message\")\n                    else:\n                        message = value.get(\"message\", None)\n                except ValueError:\n                    pass\n    \n        exception_class: Type[WebDriverException]\n        e = ErrorCode()\n        error_codes = [item for item in dir(e) if not item.startswith(\"__\")]\n        for error_code in error_codes:\n            error_info = getattr(ErrorCode, error_code)\n            if isinstance(error_info, list) and status in error_info:\n                exception_class = getattr(ExceptionMapping, error_code, WebDriverException)\n                break\n        else:\n            exception_class = WebDriverException\n    \n        if not value:\n            value = response[\"value\"]\n        if isinstance(value, str):\n            raise exception_class(value)\n        if message == \"\" and \"message\" in value:\n            message = value[\"message\"]\n    \n        screen = None  # type: ignore[assignment]\n        if \"screen\" in value:\n            screen = value[\"screen\"]\n    \n        stacktrace = None\n        st_value = value.get(\"stackTrace\") or value.get(\"stacktrace\")\n        if st_value:\n            if isinstance(st_value, str):\n                stacktrace = st_value.split(\"\\n\")\n            else:\n                stacktrace = []\n                try:\n                    for frame in st_value:\n                        line = frame.get(\"lineNumber\", \"\")\n                        file = frame.get(\"fileName\", \"<anonymous>\")\n                        if line:\n                            file = f\"{file}:{line}\"\n                        meth = frame.get(\"methodName\", \"<anonymous>\")\n                        if \"className\" in frame:\n                            meth = f\"{frame['className']}.{meth}\"\n                        msg = \"    at %s (%s)\"\n                        msg = msg % (meth, file)\n                        stacktrace.append(msg)\n                except TypeError:\n                    pass\n        if exception_class == UnexpectedAlertPresentException:\n            alert_text = None\n            if \"data\" in value:\n                alert_text = value[\"data\"].get(\"text\")\n            elif \"alert\" in value:\n                alert_text = value[\"alert\"].get(\"text\")\n            raise exception_class(message, screen, stacktrace, alert_text)  # type: ignore[call-arg]  # mypy is not smart enough here\n>       raise exception_class(message, screen, stacktrace)\nE       selenium.common.exceptions.NoSuchElementException: Message: no such element: Unable to locate element: {\"method\":\"xpath\",\"selector\":\"//button[@aria-controls='Retail']\"}\nE         (Session info: chrome=130.0.6723.58); For documentation on this error, please visit: https://www.selenium.dev/documentation/webdriver/troubleshooting/errors#no-such-element-exception\nE       Stacktrace:\nE       #0 0x56472ebef0aa <unknown>\nE       #1 0x56472e7061a0 <unknown>\nE       #2 0x56472e752d06 <unknown>\nE       #3 0x56472e752fa1 <unknown>\nE       #4 0x56472e798344 <unknown>\nE       #5 0x56472e776dad <unknown>\nE       #6 0x56472e795866 <unknown>\nE       #7 0x56472e776b23 <unknown>\nE       #8 0x56472e745990 <unknown>\nE       #9 0x56472e74696e <unknown>\nE       #10 0x56472ebbb16b <unknown>\nE       #11 0x56472ebbef68 <unknown>\nE       #12 0x56472eba864c <unknown>\nE       #13 0x56472ebbfae7 <unknown>\nE       #14 0x56472eb8d4af <unknown>\nE       #15 0x56472ebdd4f8 <unknown>\nE       #16 0x56472ebdd6c0 <unknown>\nE       #17 0x56472ebedf26 <unknown>\nE       #18 0x7fc86b894ac3 <unknown>\n\n/opt/hostedtoolcache/Python/3.11.10/x64/lib/python3.11/site-packages/selenium/webdriver/remote/errorhandler.py:229: NoSuchElementException"}, "parameters": [{"name": "site_type", "value": "'Retail'"}, {"name": "driver", "value": "'chrome'"}], "start": 1730463620020, "stop": 1730463630073, "uuid": "f323f50d-e9c5-448e-8b27-4212e8917f10", "historyId": "bb7105b013f7b5fbdfffcfe7486a83ea", "testCaseId": "d2791afe34442a6025f422a4d0dcd7c1", "fullName": "Tests.test_Sites.TestSites#test_4", "labels": [{"name": "feature", "value": "Sites"}, {"name": "severity", "value": "normal"}, {"name": "tag", "value": "flaky(reruns=3, reruns_delay=0.5, rerun_except='assert')"}, {"name": "parentSuite", "value": "Tests"}, {"name": "suite", "value": "test_Sites"}, {"name": "subSuite", "value": "TestSites"}, {"name": "host", "value": "fv-az770-661"}, {"name": "thread", "value": "1729-MainThread"}, {"name": "framework", "value": "pytest"}, {"name": "language", "value": "cpython3"}, {"name": "package", "value": "Tests.test_Sites"}]}