{"name": "Scroll images with buttons", "status": "failed", "statusDetails": {"message": "AssertionError: FAILURE: assert (False)\n +  where False = <bound method AboutPage.is_next_slide_button_visible of <Pages.AboutPage.AboutPage object at 0x7f3a094676d0>>()\n +    where <bound method AboutPage.is_next_slide_button_visible of <Pages.AboutPage.AboutPage object at 0x7f3a094676d0>> = <Pages.AboutPage.AboutPage object at 0x7f3a094676d0>.is_next_slide_button_visible\ntest_Sites.py:515 in test_21() -> with check, allure.step(\"C58414: Initially next is visible and previous is not\"):\ntest_Sites.py:516 in test_21 -> assert about_obj.is_next_slide_button_visible() and not about_obj.is_previous_slide_button_visible()\nAssertionError: assert (False)\n +  where False = <bound method AboutPage.is_next_slide_button_visible of <Pages.AboutPage.AboutPage object at 0x7f3a094676d0>>()\n +    where <bound method AboutPage.is_next_slide_button_visible of <Pages.AboutPage.AboutPage object at 0x7f3a094676d0>> = <Pages.AboutPage.AboutPage object at 0x7f3a094676d0>.is_next_slide_button_visible\n\n\n------------------------------------------------------------\nFailed Checks: 1\n------------------------------------------------------------\nself = <Tests.test_Sites.TestSites object at 0x7f3a092a9ad0>\ndriver = <selenium.webdriver.chrome.webdriver.WebDriver (session=\"f5355e49cd2c5e5f0e9f3588a862a9e7\")>\n\n    @severity(severity_level.MINOR)\n    @allure.feature('Individual Sites')\n    @allure.title(\"Scroll images with buttons\")\n    @allure.issue(\"QP-264\", \"Story QP-264\")\n    @allure.issue(\"QP-356\", \"Epic QP-356\")\n    @allure.testcase(\"58414\", \"C58414\")\n    def test_21(self, driver):\n        about_obj = AboutPage(driver)\n        with check, allure.step(\"C58414: Initially next is visible and previous is not\"):\n            assert about_obj.is_next_slide_button_visible() and not about_obj.is_previous_slide_button_visible()\n        with check, allure.step(\"C58414: Carousel position is at the start\"):\n            assert about_obj.get_image_carousel_position() == \"start\"\n        with check, allure.step(\"C58414: Next and previous buttons after clicking next\"):\n>           about_obj.click_next_slide_button()\n\nTests/test_Sites.py:520: \n_ _ _ _ _ _ _ _ _ _ _ _ _ _ _ _ _ _ _ _ _ _ _ _ _ _ _ _ _ _ _ _ _ _ _ _ _ _ _ _ \nPages/AboutPage.py:105: in click_next_slide_button\n    self.driver.find_element(*self.next_slide_button).click()\n/opt/hostedtoolcache/Python/3.11.10/x64/lib/python3.11/site-packages/selenium/webdriver/remote/webdriver.py:741: in find_element\n    return self.execute(Command.FIND_ELEMENT, {\"using\": by, \"value\": value})[\"value\"]\n/opt/hostedtoolcache/Python/3.11.10/x64/lib/python3.11/site-packages/selenium/webdriver/remote/webdriver.py:347: in execute\n    self.error_handler.check_response(response)\n_ _ _ _ _ _ _ _ _ _ _ _ _ _ _ _ _ _ _ _ _ _ _ _ _ _ _ _ _ _ _ _ _ _ _ _ _ _ _ _ \n\nself = <selenium.webdriver.remote.errorhandler.ErrorHandler object at 0x7f3a095c67d0>\nresponse = {'status': 404, 'value': '{\"value\":{\"error\":\"no such element\",\"message\":\"no such element: Unable to locate element: {\\...\\\\n#16 0x565110a42740 \\\\u003Cunknown>\\\\n#17 0x565110a52196 \\\\u003Cunknown>\\\\n#18 0x7f81cfa94ac3 \\\\u003Cunknown>\\\\n\"}}'}\n\n    def check_response(self, response: Dict[str, Any]) -> None:\n        \"\"\"Checks that a JSON response from the WebDriver does not have an\n        error.\n    \n        :Args:\n         - response - The JSON response from the WebDriver server as a dictionary\n           object.\n    \n        :Raises: If the response contains an error message.\n        \"\"\"\n        status = response.get(\"status\", None)\n        if not status or status == ErrorCode.SUCCESS:\n            return\n        value = None\n        message = response.get(\"message\", \"\")\n        screen: str = response.get(\"screen\", \"\")\n        stacktrace = None\n        if isinstance(status, int):\n            value_json = response.get(\"value\", None)\n            if value_json and isinstance(value_json, str):\n                import json\n    \n                try:\n                    value = json.loads(value_json)\n                    if len(value) == 1:\n                        value = value[\"value\"]\n                    status = value.get(\"error\", None)\n                    if not status:\n                        status = value.get(\"status\", ErrorCode.UNKNOWN_ERROR)\n                        message = value.get(\"value\") or value.get(\"message\")\n                        if not isinstance(message, str):\n                            value = message\n                            message = message.get(\"message\")\n                    else:\n                        message = value.get(\"message\", None)\n                except ValueError:\n                    pass\n    \n        exception_class: Type[WebDriverException]\n        e = ErrorCode()\n        error_codes = [item for item in dir(e) if not item.startswith(\"__\")]\n        for error_code in error_codes:\n            error_info = getattr(ErrorCode, error_code)\n            if isinstance(error_info, list) and status in error_info:\n                exception_class = getattr(ExceptionMapping, error_code, WebDriverException)\n                break\n        else:\n            exception_class = WebDriverException\n    \n        if not value:\n            value = response[\"value\"]\n        if isinstance(value, str):\n            raise exception_class(value)\n        if message == \"\" and \"message\" in value:\n            message = value[\"message\"]\n    \n        screen = None  # type: ignore[assignment]\n        if \"screen\" in value:\n            screen = value[\"screen\"]\n    \n        stacktrace = None\n        st_value = value.get(\"stackTrace\") or value.get(\"stacktrace\")\n        if st_value:\n            if isinstance(st_value, str):\n                stacktrace = st_value.split(\"\\n\")\n            else:\n                stacktrace = []\n                try:\n                    for frame in st_value:\n                        line = frame.get(\"lineNumber\", \"\")\n                        file = frame.get(\"fileName\", \"<anonymous>\")\n                        if line:\n                            file = f\"{file}:{line}\"\n                        meth = frame.get(\"methodName\", \"<anonymous>\")\n                        if \"className\" in frame:\n                            meth = f\"{frame['className']}.{meth}\"\n                        msg = \"    at %s (%s)\"\n                        msg = msg % (meth, file)\n                        stacktrace.append(msg)\n                except TypeError:\n                    pass\n        if exception_class == UnexpectedAlertPresentException:\n            alert_text = None\n            if \"data\" in value:\n                alert_text = value[\"data\"].get(\"text\")\n            elif \"alert\" in value:\n                alert_text = value[\"alert\"].get(\"text\")\n            raise exception_class(message, screen, stacktrace, alert_text)  # type: ignore[call-arg]  # mypy is not smart enough here\n>       raise exception_class(message, screen, stacktrace)\nE       selenium.common.exceptions.NoSuchElementException: Message: no such element: Unable to locate element: {\"method\":\"xpath\",\"selector\":\"//button[@class='next-slide']\"}\nE         (Session info: chrome=131.0.6778.85); For documentation on this error, please visit: https://www.selenium.dev/documentation/webdriver/troubleshooting/errors#no-such-element-exception\nE       Stacktrace:\nE       #0 0x565110a5331a <unknown>\nE       #1 0x5651105696e0 <unknown>\nE       #2 0x5651105b83e6 <unknown>\nE       #3 0x5651105b8681 <unknown>\nE       #4 0x5651105fdb04 <unknown>\nE       #5 0x5651105dc48d <unknown>\nE       #6 0x5651105faed7 <unknown>\nE       #7 0x5651105dc203 <unknown>\nE       #8 0x5651105aacc0 <unknown>\nE       #9 0x5651105abc9e <unknown>\nE       #10 0x565110a20d0b <unknown>\nE       #11 0x565110a24c92 <unknown>\nE       #12 0x565110a0db3c <unknown>\nE       #13 0x565110a25807 <unknown>\nE       #14 0x5651109f30df <unknown>\nE       #15 0x565110a42578 <unknown>\nE       #16 0x565110a42740 <unknown>\nE       #17 0x565110a52196 <unknown>\nE       #18 0x7f81cfa94ac3 <unknown>\n\n/opt/hostedtoolcache/Python/3.11.10/x64/lib/python3.11/site-packages/selenium/webdriver/remote/errorhandler.py:229: NoSuchElementException", "trace": "FAILURE: assert (False)\n +  where False = <bound method AboutPage.is_next_slide_button_visible of <Pages.AboutPage.AboutPage object at 0x7f3a094676d0>>()\n +    where <bound method AboutPage.is_next_slide_button_visible of <Pages.AboutPage.AboutPage object at 0x7f3a094676d0>> = <Pages.AboutPage.AboutPage object at 0x7f3a094676d0>.is_next_slide_button_visible\ntest_Sites.py:515 in test_21() -> with check, allure.step(\"C58414: Initially next is visible and previous is not\"):\ntest_Sites.py:516 in test_21 -> assert about_obj.is_next_slide_button_visible() and not about_obj.is_previous_slide_button_visible()\nAssertionError: assert (False)\n +  where False = <bound method AboutPage.is_next_slide_button_visible of <Pages.AboutPage.AboutPage object at 0x7f3a094676d0>>()\n +    where <bound method AboutPage.is_next_slide_button_visible of <Pages.AboutPage.AboutPage object at 0x7f3a094676d0>> = <Pages.AboutPage.AboutPage object at 0x7f3a094676d0>.is_next_slide_button_visible\n\n\n------------------------------------------------------------\nFailed Checks: 1\n------------------------------------------------------------\nself = <Tests.test_Sites.TestSites object at 0x7f3a092a9ad0>\ndriver = <selenium.webdriver.chrome.webdriver.WebDriver (session=\"f5355e49cd2c5e5f0e9f3588a862a9e7\")>\n\n    @severity(severity_level.MINOR)\n    @allure.feature('Individual Sites')\n    @allure.title(\"Scroll images with buttons\")\n    @allure.issue(\"QP-264\", \"Story QP-264\")\n    @allure.issue(\"QP-356\", \"Epic QP-356\")\n    @allure.testcase(\"58414\", \"C58414\")\n    def test_21(self, driver):\n        about_obj = AboutPage(driver)\n        with check, allure.step(\"C58414: Initially next is visible and previous is not\"):\n            assert about_obj.is_next_slide_button_visible() and not about_obj.is_previous_slide_button_visible()\n        with check, allure.step(\"C58414: Carousel position is at the start\"):\n            assert about_obj.get_image_carousel_position() == \"start\"\n        with check, allure.step(\"C58414: Next and previous buttons after clicking next\"):\n>           about_obj.click_next_slide_button()\n\nTests/test_Sites.py:520: \n_ _ _ _ _ _ _ _ _ _ _ _ _ _ _ _ _ _ _ _ _ _ _ _ _ _ _ _ _ _ _ _ _ _ _ _ _ _ _ _ \nPages/AboutPage.py:105: in click_next_slide_button\n    self.driver.find_element(*self.next_slide_button).click()\n/opt/hostedtoolcache/Python/3.11.10/x64/lib/python3.11/site-packages/selenium/webdriver/remote/webdriver.py:741: in find_element\n    return self.execute(Command.FIND_ELEMENT, {\"using\": by, \"value\": value})[\"value\"]\n/opt/hostedtoolcache/Python/3.11.10/x64/lib/python3.11/site-packages/selenium/webdriver/remote/webdriver.py:347: in execute\n    self.error_handler.check_response(response)\n_ _ _ _ _ _ _ _ _ _ _ _ _ _ _ _ _ _ _ _ _ _ _ _ _ _ _ _ _ _ _ _ _ _ _ _ _ _ _ _ \n\nself = <selenium.webdriver.remote.errorhandler.ErrorHandler object at 0x7f3a095c67d0>\nresponse = {'status': 404, 'value': '{\"value\":{\"error\":\"no such element\",\"message\":\"no such element: Unable to locate element: {\\...\\\\n#16 0x565110a42740 \\\\u003Cunknown>\\\\n#17 0x565110a52196 \\\\u003Cunknown>\\\\n#18 0x7f81cfa94ac3 \\\\u003Cunknown>\\\\n\"}}'}\n\n    def check_response(self, response: Dict[str, Any]) -> None:\n        \"\"\"Checks that a JSON response from the WebDriver does not have an\n        error.\n    \n        :Args:\n         - response - The JSON response from the WebDriver server as a dictionary\n           object.\n    \n        :Raises: If the response contains an error message.\n        \"\"\"\n        status = response.get(\"status\", None)\n        if not status or status == ErrorCode.SUCCESS:\n            return\n        value = None\n        message = response.get(\"message\", \"\")\n        screen: str = response.get(\"screen\", \"\")\n        stacktrace = None\n        if isinstance(status, int):\n            value_json = response.get(\"value\", None)\n            if value_json and isinstance(value_json, str):\n                import json\n    \n                try:\n                    value = json.loads(value_json)\n                    if len(value) == 1:\n                        value = value[\"value\"]\n                    status = value.get(\"error\", None)\n                    if not status:\n                        status = value.get(\"status\", ErrorCode.UNKNOWN_ERROR)\n                        message = value.get(\"value\") or value.get(\"message\")\n                        if not isinstance(message, str):\n                            value = message\n                            message = message.get(\"message\")\n                    else:\n                        message = value.get(\"message\", None)\n                except ValueError:\n                    pass\n    \n        exception_class: Type[WebDriverException]\n        e = ErrorCode()\n        error_codes = [item for item in dir(e) if not item.startswith(\"__\")]\n        for error_code in error_codes:\n            error_info = getattr(ErrorCode, error_code)\n            if isinstance(error_info, list) and status in error_info:\n                exception_class = getattr(ExceptionMapping, error_code, WebDriverException)\n                break\n        else:\n            exception_class = WebDriverException\n    \n        if not value:\n            value = response[\"value\"]\n        if isinstance(value, str):\n            raise exception_class(value)\n        if message == \"\" and \"message\" in value:\n            message = value[\"message\"]\n    \n        screen = None  # type: ignore[assignment]\n        if \"screen\" in value:\n            screen = value[\"screen\"]\n    \n        stacktrace = None\n        st_value = value.get(\"stackTrace\") or value.get(\"stacktrace\")\n        if st_value:\n            if isinstance(st_value, str):\n                stacktrace = st_value.split(\"\\n\")\n            else:\n                stacktrace = []\n                try:\n                    for frame in st_value:\n                        line = frame.get(\"lineNumber\", \"\")\n                        file = frame.get(\"fileName\", \"<anonymous>\")\n                        if line:\n                            file = f\"{file}:{line}\"\n                        meth = frame.get(\"methodName\", \"<anonymous>\")\n                        if \"className\" in frame:\n                            meth = f\"{frame['className']}.{meth}\"\n                        msg = \"    at %s (%s)\"\n                        msg = msg % (meth, file)\n                        stacktrace.append(msg)\n                except TypeError:\n                    pass\n        if exception_class == UnexpectedAlertPresentException:\n            alert_text = None\n            if \"data\" in value:\n                alert_text = value[\"data\"].get(\"text\")\n            elif \"alert\" in value:\n                alert_text = value[\"alert\"].get(\"text\")\n            raise exception_class(message, screen, stacktrace, alert_text)  # type: ignore[call-arg]  # mypy is not smart enough here\n>       raise exception_class(message, screen, stacktrace)\nE       selenium.common.exceptions.NoSuchElementException: Message: no such element: Unable to locate element: {\"method\":\"xpath\",\"selector\":\"//button[@class='next-slide']\"}\nE         (Session info: chrome=131.0.6778.85); For documentation on this error, please visit: https://www.selenium.dev/documentation/webdriver/troubleshooting/errors#no-such-element-exception\nE       Stacktrace:\nE       #0 0x565110a5331a <unknown>\nE       #1 0x5651105696e0 <unknown>\nE       #2 0x5651105b83e6 <unknown>\nE       #3 0x5651105b8681 <unknown>\nE       #4 0x5651105fdb04 <unknown>\nE       #5 0x5651105dc48d <unknown>\nE       #6 0x5651105faed7 <unknown>\nE       #7 0x5651105dc203 <unknown>\nE       #8 0x5651105aacc0 <unknown>\nE       #9 0x5651105abc9e <unknown>\nE       #10 0x565110a20d0b <unknown>\nE       #11 0x565110a24c92 <unknown>\nE       #12 0x565110a0db3c <unknown>\nE       #13 0x565110a25807 <unknown>\nE       #14 0x5651109f30df <unknown>\nE       #15 0x565110a42578 <unknown>\nE       #16 0x565110a42740 <unknown>\nE       #17 0x565110a52196 <unknown>\nE       #18 0x7f81cfa94ac3 <unknown>\n\n/opt/hostedtoolcache/Python/3.11.10/x64/lib/python3.11/site-packages/selenium/webdriver/remote/errorhandler.py:229: NoSuchElementException"}, "steps": [{"name": "C58414: Initially next is visible and previous is not", "status": "failed", "statusDetails": {"message": "AssertionError: assert (False)\n +  where False = <bound method AboutPage.is_next_slide_button_visible of <Pages.AboutPage.AboutPage object at 0x7f3a094676d0>>()\n +    where <bound method AboutPage.is_next_slide_button_visible of <Pages.AboutPage.AboutPage object at 0x7f3a094676d0>> = <Pages.AboutPage.AboutPage object at 0x7f3a094676d0>.is_next_slide_button_visible\n", "trace": "  File \"/home/runner/work/QUBA_WEB/QUBA_WEB/Tests/test_Sites.py\", line 516, in test_21\n    assert about_obj.is_next_slide_button_visible() and not about_obj.is_previous_slide_button_visible()\n"}, "start": 1732899045640, "stop": 1732899056668}, {"name": "C58414: Carousel position is at the start", "status": "passed", "start": 1732899056669, "stop": 1732899056683}, {"name": "C58414: Next and previous buttons after clicking next", "status": "broken", "statusDetails": {"message": "selenium.common.exceptions.NoSuchElementException: Message: no such element: Unable to locate element: {\"method\":\"xpath\",\"selector\":\"//button[@class='next-slide']\"}\n  (Session info: chrome=131.0.6778.85); For documentation on this error, please visit: https://www.selenium.dev/documentation/webdriver/troubleshooting/errors#no-such-element-exception\nStacktrace:\n#0 0x565110a5331a <unknown>\n#1 0x5651105696e0 <unknown>\n#2 0x5651105b83e6 <unknown>\n#3 0x5651105b8681 <unknown>\n#4 0x5651105fdb04 <unknown>\n#5 0x5651105dc48d <unknown>\n#6 0x5651105faed7 <unknown>\n#7 0x5651105dc203 <unknown>\n#8 0x5651105aacc0 <unknown>\n#9 0x5651105abc9e <unknown>\n#10 0x565110a20d0b <unknown>\n#11 0x565110a24c92 <unknown>\n#12 0x565110a0db3c <unknown>\n#13 0x565110a25807 <unknown>\n#14 0x5651109f30df <unknown>\n#15 0x565110a42578 <unknown>\n#16 0x565110a42740 <unknown>\n#17 0x565110a52196 <unknown>\n#18 0x7f81cfa94ac3 <unknown>\n\n", "trace": "  File \"/home/runner/work/QUBA_WEB/QUBA_WEB/Tests/test_Sites.py\", line 520, in test_21\n    about_obj.click_next_slide_button()\n  File \"/home/runner/work/QUBA_WEB/QUBA_WEB/Pages/AboutPage.py\", line 105, in click_next_slide_button\n    self.driver.find_element(*self.next_slide_button).click()\n    ^^^^^^^^^^^^^^^^^^^^^^^^^^^^^^^^^^^^^^^^^^^^^^^^^\n  File \"/opt/hostedtoolcache/Python/3.11.10/x64/lib/python3.11/site-packages/selenium/webdriver/remote/webdriver.py\", line 741, in find_element\n    return self.execute(Command.FIND_ELEMENT, {\"using\": by, \"value\": value})[\"value\"]\n           ^^^^^^^^^^^^^^^^^^^^^^^^^^^^^^^^^^^^^^^^^^^^^^^^^^^^^^^^^^^^^^^^^\n  File \"/opt/hostedtoolcache/Python/3.11.10/x64/lib/python3.11/site-packages/selenium/webdriver/remote/webdriver.py\", line 347, in execute\n    self.error_handler.check_response(response)\n  File \"/opt/hostedtoolcache/Python/3.11.10/x64/lib/python3.11/site-packages/selenium/webdriver/remote/errorhandler.py\", line 229, in check_response\n    raise exception_class(message, screen, stacktrace)\n"}, "start": 1732899056683, "stop": 1732899066709}], "parameters": [{"name": "driver", "value": "'chrome'"}], "start": 1732899045640, "stop": 1732899066710, "uuid": "42437fb4-2e4d-4c66-a948-6fb7054bcfcd", "historyId": "413df58438fe89303799fa820d856df3", "testCaseId": "d6d14e26c626b1153cffd75c185541bd", "fullName": "Tests.test_Sites.TestSites#test_21", "labels": [{"name": "severity", "value": "minor"}, {"name": "feature", "value": "Individual Sites"}, {"name": "tag", "value": "flaky(reruns=3, reruns_delay=1)"}, {"name": "parentSuite", "value": "Tests"}, {"name": "suite", "value": "test_Sites"}, {"name": "subSuite", "value": "TestSites"}, {"name": "host", "value": "fv-az1206-239"}, {"name": "thread", "value": "1784-MainThread"}, {"name": "framework", "value": "pytest"}, {"name": "language", "value": "cpython3"}, {"name": "package", "value": "Tests.test_Sites"}], "links": [{"type": "tms", "url": "https://hedgehoglabqa.testrail.io/index.php?/cases/view/58414", "name": "C58414"}, {"type": "issue", "url": "https://hedgehog-lab.atlassian.net/browse/QP-356", "name": "Epic QP-356"}, {"type": "issue", "url": "https://hedgehog-lab.atlassian.net/browse/QP-264", "name": "Story QP-264"}]}