{"name": "Unsave a site", "status": "broken", "statusDetails": {"message": "selenium.common.exceptions.NoSuchElementException: Message: no such element: Unable to locate element: {\"method\":\"xpath\",\"selector\":\"//div[@id='Historic']//h4[contains(., 'Quba Mosque')]/../..\"}\n  (Session info: chrome=131.0.6778.85); For documentation on this error, please visit: https://www.selenium.dev/documentation/webdriver/troubleshooting/errors#no-such-element-exception\nStacktrace:\n#0 0x565110a5331a <unknown>\n#1 0x5651105696e0 <unknown>\n#2 0x5651105b83e6 <unknown>\n#3 0x5651105b8681 <unknown>\n#4 0x5651105fdb04 <unknown>\n#5 0x5651105dc48d <unknown>\n#6 0x5651105faed7 <unknown>\n#7 0x5651105dc203 <unknown>\n#8 0x5651105aacc0 <unknown>\n#9 0x5651105abc9e <unknown>\n#10 0x565110a20d0b <unknown>\n#11 0x565110a24c92 <unknown>\n#12 0x565110a0db3c <unknown>\n#13 0x565110a25807 <unknown>\n#14 0x5651109f30df <unknown>\n#15 0x565110a42578 <unknown>\n#16 0x565110a42740 <unknown>\n#17 0x565110a52196 <unknown>\n#18 0x7f81cfa94ac3 <unknown>", "trace": "self = <Tests.test_Sites.TestSites object at 0x7f3a092a0bd0>\ndriver = <selenium.webdriver.chrome.webdriver.WebDriver (session=\"f5355e49cd2c5e5f0e9f3588a862a9e7\")>\n\n    @severity(severity_level.NORMAL)\n    @allure.feature('Individual Sites')\n    @allure.title(\"Unsave a site\")\n    @allure.issue(\"QP-283\", \"Story QP-283\")\n    @allure.issue(\"QP-356\", \"Epic QP-356\")\n    @allure.testcase(\"58748\", \"C58748\")\n    def test_39(self, driver):\n        sites_obj = Sites(driver)\n        main_nav_obj = MainNavigation(driver)\n        site_id = list(self.random_site_info.keys())[0]\n>       sites_obj.click_site_card_by_title(self.random_site_info[site_id][\"type\"],\n                                           self.random_site_info[site_id][\"title\"])\n\nTests/test_Sites.py:922: \n_ _ _ _ _ _ _ _ _ _ _ _ _ _ _ _ _ _ _ _ _ _ _ _ _ _ _ _ _ _ _ _ _ _ _ _ _ _ _ _ \nPages/SitesPage.py:175: in click_site_card_by_title\n    element = self.driver.find_element(By.XPATH, f\"//div[@id='{site_type}']//h4[contains(., '{site_title}')]/../..\")\n/opt/hostedtoolcache/Python/3.11.10/x64/lib/python3.11/site-packages/selenium/webdriver/remote/webdriver.py:741: in find_element\n    return self.execute(Command.FIND_ELEMENT, {\"using\": by, \"value\": value})[\"value\"]\n/opt/hostedtoolcache/Python/3.11.10/x64/lib/python3.11/site-packages/selenium/webdriver/remote/webdriver.py:347: in execute\n    self.error_handler.check_response(response)\n_ _ _ _ _ _ _ _ _ _ _ _ _ _ _ _ _ _ _ _ _ _ _ _ _ _ _ _ _ _ _ _ _ _ _ _ _ _ _ _ \n\nself = <selenium.webdriver.remote.errorhandler.ErrorHandler object at 0x7f3a095c67d0>\nresponse = {'status': 404, 'value': '{\"value\":{\"error\":\"no such element\",\"message\":\"no such element: Unable to locate element: {\\...\\\\n#16 0x565110a42740 \\\\u003Cunknown>\\\\n#17 0x565110a52196 \\\\u003Cunknown>\\\\n#18 0x7f81cfa94ac3 \\\\u003Cunknown>\\\\n\"}}'}\n\n    def check_response(self, response: Dict[str, Any]) -> None:\n        \"\"\"Checks that a JSON response from the WebDriver does not have an\n        error.\n    \n        :Args:\n         - response - The JSON response from the WebDriver server as a dictionary\n           object.\n    \n        :Raises: If the response contains an error message.\n        \"\"\"\n        status = response.get(\"status\", None)\n        if not status or status == ErrorCode.SUCCESS:\n            return\n        value = None\n        message = response.get(\"message\", \"\")\n        screen: str = response.get(\"screen\", \"\")\n        stacktrace = None\n        if isinstance(status, int):\n            value_json = response.get(\"value\", None)\n            if value_json and isinstance(value_json, str):\n                import json\n    \n                try:\n                    value = json.loads(value_json)\n                    if len(value) == 1:\n                        value = value[\"value\"]\n                    status = value.get(\"error\", None)\n                    if not status:\n                        status = value.get(\"status\", ErrorCode.UNKNOWN_ERROR)\n                        message = value.get(\"value\") or value.get(\"message\")\n                        if not isinstance(message, str):\n                            value = message\n                            message = message.get(\"message\")\n                    else:\n                        message = value.get(\"message\", None)\n                except ValueError:\n                    pass\n    \n        exception_class: Type[WebDriverException]\n        e = ErrorCode()\n        error_codes = [item for item in dir(e) if not item.startswith(\"__\")]\n        for error_code in error_codes:\n            error_info = getattr(ErrorCode, error_code)\n            if isinstance(error_info, list) and status in error_info:\n                exception_class = getattr(ExceptionMapping, error_code, WebDriverException)\n                break\n        else:\n            exception_class = WebDriverException\n    \n        if not value:\n            value = response[\"value\"]\n        if isinstance(value, str):\n            raise exception_class(value)\n        if message == \"\" and \"message\" in value:\n            message = value[\"message\"]\n    \n        screen = None  # type: ignore[assignment]\n        if \"screen\" in value:\n            screen = value[\"screen\"]\n    \n        stacktrace = None\n        st_value = value.get(\"stackTrace\") or value.get(\"stacktrace\")\n        if st_value:\n            if isinstance(st_value, str):\n                stacktrace = st_value.split(\"\\n\")\n            else:\n                stacktrace = []\n                try:\n                    for frame in st_value:\n                        line = frame.get(\"lineNumber\", \"\")\n                        file = frame.get(\"fileName\", \"<anonymous>\")\n                        if line:\n                            file = f\"{file}:{line}\"\n                        meth = frame.get(\"methodName\", \"<anonymous>\")\n                        if \"className\" in frame:\n                            meth = f\"{frame['className']}.{meth}\"\n                        msg = \"    at %s (%s)\"\n                        msg = msg % (meth, file)\n                        stacktrace.append(msg)\n                except TypeError:\n                    pass\n        if exception_class == UnexpectedAlertPresentException:\n            alert_text = None\n            if \"data\" in value:\n                alert_text = value[\"data\"].get(\"text\")\n            elif \"alert\" in value:\n                alert_text = value[\"alert\"].get(\"text\")\n            raise exception_class(message, screen, stacktrace, alert_text)  # type: ignore[call-arg]  # mypy is not smart enough here\n>       raise exception_class(message, screen, stacktrace)\nE       selenium.common.exceptions.NoSuchElementException: Message: no such element: Unable to locate element: {\"method\":\"xpath\",\"selector\":\"//div[@id='Historic']//h4[contains(., 'Quba Mosque')]/../..\"}\nE         (Session info: chrome=131.0.6778.85); For documentation on this error, please visit: https://www.selenium.dev/documentation/webdriver/troubleshooting/errors#no-such-element-exception\nE       Stacktrace:\nE       #0 0x565110a5331a <unknown>\nE       #1 0x5651105696e0 <unknown>\nE       #2 0x5651105b83e6 <unknown>\nE       #3 0x5651105b8681 <unknown>\nE       #4 0x5651105fdb04 <unknown>\nE       #5 0x5651105dc48d <unknown>\nE       #6 0x5651105faed7 <unknown>\nE       #7 0x5651105dc203 <unknown>\nE       #8 0x5651105aacc0 <unknown>\nE       #9 0x5651105abc9e <unknown>\nE       #10 0x565110a20d0b <unknown>\nE       #11 0x565110a24c92 <unknown>\nE       #12 0x565110a0db3c <unknown>\nE       #13 0x565110a25807 <unknown>\nE       #14 0x5651109f30df <unknown>\nE       #15 0x565110a42578 <unknown>\nE       #16 0x565110a42740 <unknown>\nE       #17 0x565110a52196 <unknown>\nE       #18 0x7f81cfa94ac3 <unknown>\n\n/opt/hostedtoolcache/Python/3.11.10/x64/lib/python3.11/site-packages/selenium/webdriver/remote/errorhandler.py:229: NoSuchElementException"}, "parameters": [{"name": "driver", "value": "'chrome'"}], "start": 1732899324086, "stop": 1732899334142, "uuid": "be5f5180-1a9d-4547-b1dd-f7d1da589297", "historyId": "a70369349738c2c36c73e363d4cdde7b", "testCaseId": "a55ddd87a580a0b0fb0740d719f14a7f", "fullName": "Tests.test_Sites.TestSites#test_39", "labels": [{"name": "feature", "value": "Individual Sites"}, {"name": "severity", "value": "normal"}, {"name": "tag", "value": "flaky(reruns=3, reruns_delay=1)"}, {"name": "parentSuite", "value": "Tests"}, {"name": "suite", "value": "test_Sites"}, {"name": "subSuite", "value": "TestSites"}, {"name": "host", "value": "fv-az1206-239"}, {"name": "thread", "value": "1784-MainThread"}, {"name": "framework", "value": "pytest"}, {"name": "language", "value": "cpython3"}, {"name": "package", "value": "Tests.test_Sites"}], "links": [{"type": "tms", "url": "https://hedgehoglabqa.testrail.io/index.php?/cases/view/58748", "name": "C58748"}, {"type": "issue", "url": "https://hedgehog-lab.atlassian.net/browse/QP-356", "name": "Epic QP-356"}, {"type": "issue", "url": "https://hedgehog-lab.atlassian.net/browse/QP-283", "name": "Story QP-283"}]}