{"name": "Unsuccessfully login with email: simeon.hhl.qagmail.com and password: Test#1234", "status": "broken", "statusDetails": {"message": "selenium.common.exceptions.TimeoutException: Message: \nStacktrace:\nRemoteError@chrome://remote/content/shared/RemoteError.sys.mjs:8:8\nWebDriverError@chrome://remote/content/shared/webdriver/Errors.sys.mjs:193:5\nNoSuchElementError@chrome://remote/content/shared/webdriver/Errors.sys.mjs:511:5\ndom.find/</<@chrome://remote/content/shared/DOM.sys.mjs:136:16", "trace": "self = <Tests.test_Login.TestLogin object at 0x7f70d0f14110>\ndriver = <selenium.webdriver.firefox.webdriver.WebDriver (session=\"d16c0acd-e303-44c1-86be-e69062b3ad57\")>\nemail = 'simeon.hhl.qagmail.com', password = 'Test#1234'\nerror = 'Please enter a valid email'\n\n    @severity(severity_level.NORMAL)\n    @allure.feature('Login')\n    @allure.title(\"Unsuccessfully login with email: {email} and password: {password}\")\n    @pytest.mark.parametrize('email,password,error', [\n        (BaseClass.email[:-1], BaseClass.password, \"There was a problem logging you in. Please try again.\"),\n        (BaseClass.email, BaseClass.password[:-1], \"There was a problem logging you in. Please try again.\"),\n        (BaseClass.email.replace(\"@\", \"\"), BaseClass.password, \"Please enter a valid email\"),\n        (\"\", BaseClass.password, \"Please enter your email\"),\n        (BaseClass.email, \"\", \"Please enter your password\")\n    ])\n    def test_2(self, driver, email, password, error):\n        current_browser = TestLogin.current_browser\n        login_obj = Login(driver)\n        driver.refresh()\n        login_obj.set_email_field(email, current_browser)\n        login_obj.set_password_field(password, current_browser)\n        with check, allure.step(\"Check for error\"):\n            if \"Please enter\" in error:\n>               assert login_obj.is_filed_error_message_visible()\n\nTests/test_Login.py:49: \n_ _ _ _ _ _ _ _ _ _ _ _ _ _ _ _ _ _ _ _ _ _ _ _ _ _ _ _ _ _ _ _ _ _ _ _ _ _ _ _ \nPages/LoginPage.py:46: in is_filed_error_message_visible\n    message = wait.until(EC.visibility_of_element_located(self.field_error_message))\n_ _ _ _ _ _ _ _ _ _ _ _ _ _ _ _ _ _ _ _ _ _ _ _ _ _ _ _ _ _ _ _ _ _ _ _ _ _ _ _ \n\nself = <selenium.webdriver.support.wait.WebDriverWait (session=\"d16c0acd-e303-44c1-86be-e69062b3ad57\")>\nmethod = <function visibility_of_element_located.<locals>._predicate at 0x7f70cfc7ad40>\nmessage = ''\n\n    def until(self, method: Callable[[D], Union[Literal[False], T]], message: str = \"\") -> T:\n        \"\"\"Calls the method provided with the driver as an argument until the \\\n        return value does not evaluate to ``False``.\n    \n        :param method: callable(WebDriver)\n        :param message: optional message for :exc:`TimeoutException`\n        :returns: the result of the last call to `method`\n        :raises: :exc:`selenium.common.exceptions.TimeoutException` if timeout occurs\n        \"\"\"\n        screen = None\n        stacktrace = None\n    \n        end_time = time.monotonic() + self._timeout\n        while True:\n            try:\n                value = method(self._driver)\n                if value:\n                    return value\n            except self._ignored_exceptions as exc:\n                screen = getattr(exc, \"screen\", None)\n                stacktrace = getattr(exc, \"stacktrace\", None)\n            time.sleep(self._poll)\n            if time.monotonic() > end_time:\n                break\n>       raise TimeoutException(message, screen, stacktrace)\nE       selenium.common.exceptions.TimeoutException: Message: \nE       Stacktrace:\nE       RemoteError@chrome://remote/content/shared/RemoteError.sys.mjs:8:8\nE       WebDriverError@chrome://remote/content/shared/webdriver/Errors.sys.mjs:193:5\nE       NoSuchElementError@chrome://remote/content/shared/webdriver/Errors.sys.mjs:511:5\nE       dom.find/</<@chrome://remote/content/shared/DOM.sys.mjs:136:16\n\n/opt/hostedtoolcache/Python/3.11.10/x64/lib/python3.11/site-packages/selenium/webdriver/support/wait.py:105: TimeoutException"}, "steps": [{"name": "Check for error", "status": "broken", "statusDetails": {"message": "selenium.common.exceptions.TimeoutException: Message: \nStacktrace:\nRemoteError@chrome://remote/content/shared/RemoteError.sys.mjs:8:8\nWebDriverError@chrome://remote/content/shared/webdriver/Errors.sys.mjs:193:5\nNoSuchElementError@chrome://remote/content/shared/webdriver/Errors.sys.mjs:511:5\ndom.find/</<@chrome://remote/content/shared/DOM.sys.mjs:136:16\n\n", "trace": "  File \"/home/runner/work/QUBA_WEB/QUBA_WEB/Tests/test_Login.py\", line 49, in test_2\n    assert login_obj.is_filed_error_message_visible()\n  File \"/home/runner/work/QUBA_WEB/QUBA_WEB/Pages/LoginPage.py\", line 46, in is_filed_error_message_visible\n    message = wait.until(EC.visibility_of_element_located(self.field_error_message))\n              ^^^^^^^^^^^^^^^^^^^^^^^^^^^^^^^^^^^^^^^^^^^^^^^^^^^^^^^^^^^^^^^^^^^^^^\n  File \"/opt/hostedtoolcache/Python/3.11.10/x64/lib/python3.11/site-packages/selenium/webdriver/support/wait.py\", line 105, in until\n    raise TimeoutException(message, screen, stacktrace)\n"}, "start": 1731924915132, "stop": 1731924946681}], "parameters": [{"name": "email", "value": "'simeon.hhl.qagmail.com'"}, {"name": "password", "value": "'Test#1234'"}, {"name": "error", "value": "'Please enter a valid email'"}, {"name": "driver", "value": "'firefox'"}], "start": 1731924911352, "stop": 1731924946681, "uuid": "cd186053-2550-467d-a982-e89a04554e5b", "historyId": "c665d330e7c882009d231683a3ea5ee1", "testCaseId": "c2811b1721d8231bbb0fb40778ae099c", "fullName": "Tests.test_Login.TestLogin#test_2", "labels": [{"name": "severity", "value": "normal"}, {"name": "feature", "value": "Login"}, {"name": "tag", "value": "flaky(reruns=3, reruns_delay=0.5, rerun_except='assert')"}, {"name": "parentSuite", "value": "Tests"}, {"name": "suite", "value": "test_Login"}, {"name": "subSuite", "value": "TestLogin"}, {"name": "host", "value": "fv-az1149-102"}, {"name": "thread", "value": "1798-MainThread"}, {"name": "framework", "value": "pytest"}, {"name": "language", "value": "cpython3"}, {"name": "package", "value": "Tests.test_Login"}]}