{"uid":"1ad5fc93118a07ce","name":"Navigate to Event information page","fullName":"Tests.test_Events.TestEvents#test_8","historyId":"28cdae66f839e72cb1d88a86eb45a183","time":{"start":1733725456304,"stop":1733725480604,"duration":24300},"status":"broken","statusMessage":"selenium.common.exceptions.NoSuchElementException: Message: no such element: Unable to locate element: {\"method\":\"xpath\",\"selector\":\"//button[@aria-label='Go to next page']\"}\n  (Session info: MicrosoftEdge=131.0.2903.70); For documentation on this error, please visit: https://www.selenium.dev/documentation/webdriver/troubleshooting/errors#no-such-element-exception\nStacktrace:\n#0 0x55a97868f94e <unknown>\n#1 0x55a978144b76 <unknown>\n#2 0x55a97819245e <unknown>\n#3 0x55a978192731 <unknown>\n#4 0x55a9781d64f4 <unknown>\n#5 0x55a9781b620d <unknown>\n#6 0x55a9781d418a <unknown>\n#7 0x55a9781b5f83 <unknown>\n#8 0x55a97818601e <unknown>\n#9 0x55a978186cfe <unknown>\n#10 0x55a9786649e1 <unknown>\n#11 0x55a978667bde <unknown>\n#12 0x55a97866765b <unknown>\n#13 0x55a978668005 <unknown>\n#14 0x55a9786563f2 <unknown>\n#15 0x55a97866838d <unknown>\n#16 0x55a9786405b5 <unknown>\n#17 0x55a978680008 <unknown>\n#18 0x55a97868021f <unknown>\n#19 0x55a97868e53c <unknown>\n#20 0x7f1d0389ca94 <unknown>\n#21 0x7f1d03929c3c <unknown>","statusTrace":"self = <Tests.test_Events.TestEvents object at 0x7f3507654a50>\ndriver = <selenium.webdriver.edge.webdriver.WebDriver (session=\"b4565d867a13aee4df533739be1de336\")>\n\n    @severity(severity_level.CRITICAL)\n    @allure.feature('Individual Events')\n    @allure.title(\"Navigate to Event information page\")\n    @allure.issue(\"QP-268\", \"Story QP-268\")\n    @allure.issue(\"QP-356\", \"Epic QP-356\")\n    @allure.testcase(\"58484\", \"C58484\")\n    @pytest.mark.dependency(depends=[\"test_1\"])\n    @pytest.mark.dependency(name=\"test_8\")\n    def test_8(self, driver):\n        events_obj = Events(driver)\n        event_list = self.event_list\n        event_ids = list(event_list.keys())\n        TestEvents.event_without_booking_link, TestEvents.full_description_event = (\n            events_obj.get_events_with_conditions(self.api_requests, event_ids))\n        events_obj.scroll_to_events_section()\n        while not events_obj.is_event_card_visible_by_title(self.full_description_event[\"title\"]):\n            events_obj.scroll_to_pagination()\n>           events_obj.click_go_to_next_page_button()\n\nTests/test_Events.py:198: \n_ _ _ _ _ _ _ _ _ _ _ _ _ _ _ _ _ _ _ _ _ _ _ _ _ _ _ _ _ _ _ _ _ _ _ _ _ _ _ _ \nPages/EventsPage.py:143: in click_go_to_next_page_button\n    self.driver.find_element(*self.go_to_next_page).click()\n/opt/hostedtoolcache/Python/3.11.10/x64/lib/python3.11/site-packages/selenium/webdriver/remote/webdriver.py:741: in find_element\n    return self.execute(Command.FIND_ELEMENT, {\"using\": by, \"value\": value})[\"value\"]\n/opt/hostedtoolcache/Python/3.11.10/x64/lib/python3.11/site-packages/selenium/webdriver/remote/webdriver.py:347: in execute\n    self.error_handler.check_response(response)\n_ _ _ _ _ _ _ _ _ _ _ _ _ _ _ _ _ _ _ _ _ _ _ _ _ _ _ _ _ _ _ _ _ _ _ _ _ _ _ _ \n\nself = <selenium.webdriver.remote.errorhandler.ErrorHandler object at 0x7f350705cb50>\nresponse = {'status': 404, 'value': '{\"value\":{\"error\":\"no such element\",\"message\":\"no such element: Unable to locate element: {\\...\\\\n#19 0x55a97868e53c \\\\u003Cunknown>\\\\n#20 0x7f1d0389ca94 \\\\u003Cunknown>\\\\n#21 0x7f1d03929c3c \\\\u003Cunknown>\\\\n\"}}'}\n\n    def check_response(self, response: Dict[str, Any]) -> None:\n        \"\"\"Checks that a JSON response from the WebDriver does not have an\n        error.\n    \n        :Args:\n         - response - The JSON response from the WebDriver server as a dictionary\n           object.\n    \n        :Raises: If the response contains an error message.\n        \"\"\"\n        status = response.get(\"status\", None)\n        if not status or status == ErrorCode.SUCCESS:\n            return\n        value = None\n        message = response.get(\"message\", \"\")\n        screen: str = response.get(\"screen\", \"\")\n        stacktrace = None\n        if isinstance(status, int):\n            value_json = response.get(\"value\", None)\n            if value_json and isinstance(value_json, str):\n                import json\n    \n                try:\n                    value = json.loads(value_json)\n                    if len(value) == 1:\n                        value = value[\"value\"]\n                    status = value.get(\"error\", None)\n                    if not status:\n                        status = value.get(\"status\", ErrorCode.UNKNOWN_ERROR)\n                        message = value.get(\"value\") or value.get(\"message\")\n                        if not isinstance(message, str):\n                            value = message\n                            message = message.get(\"message\")\n                    else:\n                        message = value.get(\"message\", None)\n                except ValueError:\n                    pass\n    \n        exception_class: Type[WebDriverException]\n        e = ErrorCode()\n        error_codes = [item for item in dir(e) if not item.startswith(\"__\")]\n        for error_code in error_codes:\n            error_info = getattr(ErrorCode, error_code)\n            if isinstance(error_info, list) and status in error_info:\n                exception_class = getattr(ExceptionMapping, error_code, WebDriverException)\n                break\n        else:\n            exception_class = WebDriverException\n    \n        if not value:\n            value = response[\"value\"]\n        if isinstance(value, str):\n            raise exception_class(value)\n        if message == \"\" and \"message\" in value:\n            message = value[\"message\"]\n    \n        screen = None  # type: ignore[assignment]\n        if \"screen\" in value:\n            screen = value[\"screen\"]\n    \n        stacktrace = None\n        st_value = value.get(\"stackTrace\") or value.get(\"stacktrace\")\n        if st_value:\n            if isinstance(st_value, str):\n                stacktrace = st_value.split(\"\\n\")\n            else:\n                stacktrace = []\n                try:\n                    for frame in st_value:\n                        line = frame.get(\"lineNumber\", \"\")\n                        file = frame.get(\"fileName\", \"<anonymous>\")\n                        if line:\n                            file = f\"{file}:{line}\"\n                        meth = frame.get(\"methodName\", \"<anonymous>\")\n                        if \"className\" in frame:\n                            meth = f\"{frame['className']}.{meth}\"\n                        msg = \"    at %s (%s)\"\n                        msg = msg % (meth, file)\n                        stacktrace.append(msg)\n                except TypeError:\n                    pass\n        if exception_class == UnexpectedAlertPresentException:\n            alert_text = None\n            if \"data\" in value:\n                alert_text = value[\"data\"].get(\"text\")\n            elif \"alert\" in value:\n                alert_text = value[\"alert\"].get(\"text\")\n            raise exception_class(message, screen, stacktrace, alert_text)  # type: ignore[call-arg]  # mypy is not smart enough here\n>       raise exception_class(message, screen, stacktrace)\nE       selenium.common.exceptions.NoSuchElementException: Message: no such element: Unable to locate element: {\"method\":\"xpath\",\"selector\":\"//button[@aria-label='Go to next page']\"}\nE         (Session info: MicrosoftEdge=131.0.2903.70); For documentation on this error, please visit: https://www.selenium.dev/documentation/webdriver/troubleshooting/errors#no-such-element-exception\nE       Stacktrace:\nE       #0 0x55a97868f94e <unknown>\nE       #1 0x55a978144b76 <unknown>\nE       #2 0x55a97819245e <unknown>\nE       #3 0x55a978192731 <unknown>\nE       #4 0x55a9781d64f4 <unknown>\nE       #5 0x55a9781b620d <unknown>\nE       #6 0x55a9781d418a <unknown>\nE       #7 0x55a9781b5f83 <unknown>\nE       #8 0x55a97818601e <unknown>\nE       #9 0x55a978186cfe <unknown>\nE       #10 0x55a9786649e1 <unknown>\nE       #11 0x55a978667bde <unknown>\nE       #12 0x55a97866765b <unknown>\nE       #13 0x55a978668005 <unknown>\nE       #14 0x55a9786563f2 <unknown>\nE       #15 0x55a97866838d <unknown>\nE       #16 0x55a9786405b5 <unknown>\nE       #17 0x55a978680008 <unknown>\nE       #18 0x55a97868021f <unknown>\nE       #19 0x55a97868e53c <unknown>\nE       #20 0x7f1d0389ca94 <unknown>\nE       #21 0x7f1d03929c3c <unknown>\n\n/opt/hostedtoolcache/Python/3.11.10/x64/lib/python3.11/site-packages/selenium/webdriver/remote/errorhandler.py:229: NoSuchElementException","flaky":false,"newFailed":false,"newBroken":false,"newPassed":false,"retriesCount":0,"retriesStatusChange":false,"beforeStages":[{"name":"_session_faker","time":{"start":1733724917735,"stop":1733724917802,"duration":67},"status":"passed","steps":[],"attachments":[],"parameters":[],"shouldDisplayMessage":false,"stepsCount":0,"attachmentsCount":0,"hasContent":false,"attachmentStep":false},{"name":"driver","time":{"start":1733725177765,"stop":1733725178231,"duration":466},"status":"passed","steps":[],"attachments":[],"parameters":[],"shouldDisplayMessage":false,"stepsCount":0,"attachmentsCount":0,"hasContent":false,"attachmentStep":false}],"afterStages":[{"name":"driver::0","time":{"start":1733725556298,"stop":1733725556402,"duration":104},"status":"passed","steps":[],"attachments":[],"parameters":[],"shouldDisplayMessage":false,"stepsCount":0,"attachmentsCount":0,"hasContent":false,"attachmentStep":false}],"labels":[{"name":"feature","value":"Individual Events"},{"name":"severity","value":"critical"},{"name":"tag","value":"dependency(name='test_8')"},{"name":"tag","value":"flaky(reruns=3, reruns_delay=1)"},{"name":"parentSuite","value":"Tests"},{"name":"suite","value":"test_Events"},{"name":"subSuite","value":"TestEvents"},{"name":"host","value":"fv-az1337-355"},{"name":"thread","value":"1945-MainThread"},{"name":"framework","value":"pytest"},{"name":"language","value":"cpython3"},{"name":"package","value":"Tests.test_Events"},{"name":"resultFormat","value":"allure2"}],"parameters":[{"name":"driver","value":"'edge'"}],"links":[{"name":"C58484","url":"https://hedgehoglabqa.testrail.io/index.php?/cases/view/58484","type":"tms"},{"name":"Epic QP-356","url":"https://hedgehog-lab.atlassian.net/browse/QP-356","type":"issue"},{"name":"Story QP-268","url":"https://hedgehog-lab.atlassian.net/browse/QP-268","type":"issue"}],"hidden":true,"retry":true,"extra":{"categories":[],"tags":["dependency(name='test_8')","flaky(reruns=3, reruns_delay=1)"]},"source":"1ad5fc93118a07ce.json","parameterValues":["'edge'"]}