{"uid":"1b47b02955260118","name":"Site with only one photo","fullName":"Tests.test_Sites.TestSites#test_19","historyId":"71aa7a0c1db944a439d1768e2060806f","time":{"start":1733726989337,"stop":1733727018214,"duration":28877},"status":"broken","statusMessage":"selenium.common.exceptions.NoSuchElementException: Message: ; For documentation on this error, please visit: https://www.selenium.dev/documentation/webdriver/troubleshooting/errors#no-such-element-exception","statusTrace":"self = <Tests.test_Sites.TestSites object at 0x103547610>\ndriver = <selenium.webdriver.safari.webdriver.WebDriver (session=\"DB76AC28-E9A1-4323-A659-2B65A2C7D3FD\")>\n\n    @severity(severity_level.CRITICAL)\n    @allure.feature('Individual Sites')\n    @allure.title(\"Site with only one photo\")\n    @allure.issue(\"QP-264\", \"Story QP-264\")\n    @allure.issue(\"QP-356\", \"Epic QP-356\")\n    @allure.testcase(\"58411\", \"C58411\")\n    def test_19(self, driver):\n        sites_obj = Sites(driver)\n        main_nav_obj = MainNavigation(driver)\n        about_obj = AboutPage(driver)\n        site_list = self.site_list\n        sites_ids = list(site_list.keys())\n        (TestSites.one_image_site, TestSites.several_images_site,\n         TestSites.full_description_site, TestSites.site_with_exhibits,\n         TestSites.site_without_exhibits) = sites_obj.get_sites_with_conditions(self.api_obj, sites_ids)\n        if len(list(self.one_image_site.keys())) == 0:\n            pytest.skip(\"No sites available with only 1 image\")\n        one_image_site_id = list(self.one_image_site.keys())[0]\n        sites_obj.scroll_to_tab_buttons()\n        sites_obj.click_site_tab_button(self.one_image_site[one_image_site_id][\"type\"])\n        while not sites_obj.is_site_card_visible_by_title(self.one_image_site[one_image_site_id][\"type\"],\n                                                          self.one_image_site[one_image_site_id][\"title\"]):\n>           sites_obj.scroll_to_pagination()\n\nTests/test_Sites.py:454: \n_ _ _ _ _ _ _ _ _ _ _ _ _ _ _ _ _ _ _ _ _ _ _ _ _ _ _ _ _ _ _ _ _ _ _ _ _ _ _ _ \nPages/SitesPage.py:193: in scroll_to_pagination\n    element = self.driver.find_element(*self.next_pagination_button)\n/Library/Frameworks/Python.framework/Versions/3.11/lib/python3.11/site-packages/selenium/webdriver/remote/webdriver.py:741: in find_element\n    return self.execute(Command.FIND_ELEMENT, {\"using\": by, \"value\": value})[\"value\"]\n/Library/Frameworks/Python.framework/Versions/3.11/lib/python3.11/site-packages/selenium/webdriver/remote/webdriver.py:347: in execute\n    self.error_handler.check_response(response)\n_ _ _ _ _ _ _ _ _ _ _ _ _ _ _ _ _ _ _ _ _ _ _ _ _ _ _ _ _ _ _ _ _ _ _ _ _ _ _ _ \n\nself = <selenium.webdriver.remote.errorhandler.ErrorHandler object at 0x10362dc10>\nresponse = {'status': 404, 'value': '{\"value\":{\"error\":\"no such element\",\"message\":\"\",\"stacktrace\":\"\"}}'}\n\n    def check_response(self, response: Dict[str, Any]) -> None:\n        \"\"\"Checks that a JSON response from the WebDriver does not have an\n        error.\n    \n        :Args:\n         - response - The JSON response from the WebDriver server as a dictionary\n           object.\n    \n        :Raises: If the response contains an error message.\n        \"\"\"\n        status = response.get(\"status\", None)\n        if not status or status == ErrorCode.SUCCESS:\n            return\n        value = None\n        message = response.get(\"message\", \"\")\n        screen: str = response.get(\"screen\", \"\")\n        stacktrace = None\n        if isinstance(status, int):\n            value_json = response.get(\"value\", None)\n            if value_json and isinstance(value_json, str):\n                import json\n    \n                try:\n                    value = json.loads(value_json)\n                    if len(value) == 1:\n                        value = value[\"value\"]\n                    status = value.get(\"error\", None)\n                    if not status:\n                        status = value.get(\"status\", ErrorCode.UNKNOWN_ERROR)\n                        message = value.get(\"value\") or value.get(\"message\")\n                        if not isinstance(message, str):\n                            value = message\n                            message = message.get(\"message\")\n                    else:\n                        message = value.get(\"message\", None)\n                except ValueError:\n                    pass\n    \n        exception_class: Type[WebDriverException]\n        e = ErrorCode()\n        error_codes = [item for item in dir(e) if not item.startswith(\"__\")]\n        for error_code in error_codes:\n            error_info = getattr(ErrorCode, error_code)\n            if isinstance(error_info, list) and status in error_info:\n                exception_class = getattr(ExceptionMapping, error_code, WebDriverException)\n                break\n        else:\n            exception_class = WebDriverException\n    \n        if not value:\n            value = response[\"value\"]\n        if isinstance(value, str):\n            raise exception_class(value)\n        if message == \"\" and \"message\" in value:\n            message = value[\"message\"]\n    \n        screen = None  # type: ignore[assignment]\n        if \"screen\" in value:\n            screen = value[\"screen\"]\n    \n        stacktrace = None\n        st_value = value.get(\"stackTrace\") or value.get(\"stacktrace\")\n        if st_value:\n            if isinstance(st_value, str):\n                stacktrace = st_value.split(\"\\n\")\n            else:\n                stacktrace = []\n                try:\n                    for frame in st_value:\n                        line = frame.get(\"lineNumber\", \"\")\n                        file = frame.get(\"fileName\", \"<anonymous>\")\n                        if line:\n                            file = f\"{file}:{line}\"\n                        meth = frame.get(\"methodName\", \"<anonymous>\")\n                        if \"className\" in frame:\n                            meth = f\"{frame['className']}.{meth}\"\n                        msg = \"    at %s (%s)\"\n                        msg = msg % (meth, file)\n                        stacktrace.append(msg)\n                except TypeError:\n                    pass\n        if exception_class == UnexpectedAlertPresentException:\n            alert_text = None\n            if \"data\" in value:\n                alert_text = value[\"data\"].get(\"text\")\n            elif \"alert\" in value:\n                alert_text = value[\"alert\"].get(\"text\")\n            raise exception_class(message, screen, stacktrace, alert_text)  # type: ignore[call-arg]  # mypy is not smart enough here\n>       raise exception_class(message, screen, stacktrace)\nE       selenium.common.exceptions.NoSuchElementException: Message: ; For documentation on this error, please visit: https://www.selenium.dev/documentation/webdriver/troubleshooting/errors#no-such-element-exception\n\n/Library/Frameworks/Python.framework/Versions/3.11/lib/python3.11/site-packages/selenium/webdriver/remote/errorhandler.py:229: NoSuchElementException","flaky":false,"newFailed":false,"newBroken":false,"newPassed":false,"retriesCount":3,"retriesStatusChange":false,"beforeStages":[{"name":"_session_faker","time":{"start":1733724913698,"stop":1733724913746,"duration":48},"status":"passed","steps":[],"attachments":[],"parameters":[],"shouldDisplayMessage":false,"stepsCount":0,"attachmentsCount":0,"hasContent":false,"attachmentStep":false},{"name":"driver","time":{"start":1733725645515,"stop":1733725646546,"duration":1031},"status":"passed","steps":[],"attachments":[],"parameters":[],"shouldDisplayMessage":false,"stepsCount":0,"attachmentsCount":0,"hasContent":false,"attachmentStep":false}],"afterStages":[{"name":"driver::0","time":{"start":1733727883329,"stop":1733727883359,"duration":30},"status":"passed","steps":[],"attachments":[],"parameters":[],"shouldDisplayMessage":false,"stepsCount":0,"attachmentsCount":0,"hasContent":false,"attachmentStep":false}],"labels":[{"name":"severity","value":"critical"},{"name":"feature","value":"Individual Sites"},{"name":"tag","value":"flaky(reruns=3, reruns_delay=1)"},{"name":"parentSuite","value":"Tests"},{"name":"suite","value":"test_Sites"},{"name":"subSuite","value":"TestSites"},{"name":"host","value":"Mac-1733723828397.local"},{"name":"thread","value":"2344-MainThread"},{"name":"framework","value":"pytest"},{"name":"language","value":"cpython3"},{"name":"package","value":"Tests.test_Sites"},{"name":"resultFormat","value":"allure2"}],"parameters":[{"name":"driver","value":"'safari'"}],"links":[{"name":"C58411","url":"https://hedgehoglabqa.testrail.io/index.php?/cases/view/58411","type":"tms"},{"name":"Epic QP-356","url":"https://hedgehog-lab.atlassian.net/browse/QP-356","type":"issue"},{"name":"Story QP-264","url":"https://hedgehog-lab.atlassian.net/browse/QP-264","type":"issue"}],"hidden":false,"retry":false,"extra":{"severity":"critical","retries":[{"uid":"e3591ce7d022b4b3","status":"broken","statusDetails":"selenium.common.exceptions.NoSuchElementException: Message: ; For documentation on this error, please visit: https://www.selenium.dev/documentation/webdriver/troubleshooting/errors#no-such-element-exception","time":{"start":1733726958986,"stop":1733726988143,"duration":29157}},{"uid":"ad6f68b608a7290b","status":"broken","statusDetails":"selenium.common.exceptions.NoSuchElementException: Message: ; For documentation on this error, please visit: https://www.selenium.dev/documentation/webdriver/troubleshooting/errors#no-such-element-exception","time":{"start":1733726928620,"stop":1733726957800,"duration":29180}},{"uid":"d35ebc307d0da2ee","status":"broken","statusDetails":"selenium.common.exceptions.NoSuchElementException: Message: ; For documentation on this error, please visit: https://www.selenium.dev/documentation/webdriver/troubleshooting/errors#no-such-element-exception","time":{"start":1733726898407,"stop":1733726927455,"duration":29048}}],"categories":[{"name":"Test defects","matchedStatuses":[],"flaky":false}],"history":{"statistic":{"failed":0,"broken":2,"skipped":0,"passed":6,"unknown":0,"total":8},"items":[{"uid":"53504b09d73b682b","status":"broken","statusDetails":"selenium.common.exceptions.NoSuchElementException: Message: ; For documentation on this error, please visit: https://www.selenium.dev/documentation/webdriver/troubleshooting/errors#no-such-element-exception","time":{"start":1733630976248,"stop":1733631005825,"duration":29577}},{"uid":"f4b4c3db18b77bb9","status":"passed","time":{"start":1733044743111,"stop":1733044770690,"duration":27579}},{"uid":"fabed4cb356b2eef","status":"passed","time":{"start":1733025071813,"stop":1733025099457,"duration":27644}},{"uid":"1d9a2af538223a4a","status":"passed","time":{"start":1732959505294,"stop":1732959532757,"duration":27463}},{"uid":"9c9f42a72e1d657c","status":"passed","time":{"start":1732957511781,"stop":1732957539239,"duration":27458}},{"uid":"afaa938537d1117a","status":"passed","time":{"start":1732898983634,"stop":1732899011131,"duration":27497}},{"uid":"e70b43f27b1ac6c6","status":"passed","time":{"start":1732895752350,"stop":1732895779764,"duration":27414}}]},"tags":["flaky(reruns=3, reruns_delay=1)"]},"source":"1b47b02955260118.json","parameterValues":["'safari'"]}