{"uid":"203dc72df9a92c32","name":"Successful message send","fullName":"Tests.test_ContactPage.TestContactPage#test_2","historyId":"83892223d8f6dc11f91d0f3f5b4896cb","time":{"start":1731930139529,"stop":1731930155606,"duration":16077},"status":"failed","statusMessage":"AssertionError: FAILURE: assert 'Full name: A...F1N4ypAR5\\r\\n' == 'Full name: M...rUKBnBkyV\\r\\n'\n  \n  - Full name: Matthew Francis\r\n  + Full name: Anna Ford\r\n  - Email address: firefox_gregperry@example.com\r\n  ?                        ----   ^^         ^^^\n  + Email address: firefox_petersonjason@example.net\r\n  ?                          ++ ^^^^^^^^         ^^^\n  - Your message: Uz7EAZo1oSo5LZ7Caa1dNTLfn2iPsiZZrUKBnBkyV\r\n  + Your message: f3cL1MbsTW4XoOLqF1N4ypAR5\ntest_ContactPage.py:52 in test_2() -> with check, allure.step(\"Email is correct\"):\ntest_ContactPage.py:53 in test_2 -> assert actual_email == expected_email\nAssertionError: assert 'Full name: A...F1N4ypAR5\\r\\n' == 'Full name: M...rUKBnBkyV\\r\\n'\n  \n  - Full name: Matthew Francis\r\n  + Full name: Anna Ford\r\n  - Email address: firefox_gregperry@example.com\r\n  ?                        ----   ^^         ^^^\n  + Email address: firefox_petersonjason@example.net\r\n  ?                          ++ ^^^^^^^^         ^^^\n  - Your message: Uz7EAZo1oSo5LZ7Caa1dNTLfn2iPsiZZrUKBnBkyV\r\n  + Your message: f3cL1MbsTW4XoOLqF1N4ypAR5\r\n\n\n------------------------------------------------------------\nFailed Checks: 1","statusTrace":"FAILURE: assert 'Full name: A...F1N4ypAR5\\r\\n' == 'Full name: M...rUKBnBkyV\\r\\n'\n  \n  - Full name: Matthew Francis\r\n  + Full name: Anna Ford\r\n  - Email address: firefox_gregperry@example.com\r\n  ?                        ----   ^^         ^^^\n  + Email address: firefox_petersonjason@example.net\r\n  ?                          ++ ^^^^^^^^         ^^^\n  - Your message: Uz7EAZo1oSo5LZ7Caa1dNTLfn2iPsiZZrUKBnBkyV\r\n  + Your message: f3cL1MbsTW4XoOLqF1N4ypAR5\ntest_ContactPage.py:52 in test_2() -> with check, allure.step(\"Email is correct\"):\ntest_ContactPage.py:53 in test_2 -> assert actual_email == expected_email\nAssertionError: assert 'Full name: A...F1N4ypAR5\\r\\n' == 'Full name: M...rUKBnBkyV\\r\\n'\n  \n  - Full name: Matthew Francis\r\n  + Full name: Anna Ford\r\n  - Email address: firefox_gregperry@example.com\r\n  ?                        ----   ^^         ^^^\n  + Email address: firefox_petersonjason@example.net\r\n  ?                          ++ ^^^^^^^^         ^^^\n  - Your message: Uz7EAZo1oSo5LZ7Caa1dNTLfn2iPsiZZrUKBnBkyV\r\n  + Your message: f3cL1MbsTW4XoOLqF1N4ypAR5\r\n\n\n------------------------------------------------------------\nFailed Checks: 1","flaky":false,"newFailed":false,"newBroken":false,"newPassed":false,"retriesCount":0,"retriesStatusChange":false,"beforeStages":[{"name":"_session_faker","time":{"start":1731929936305,"stop":1731929936364,"duration":59},"status":"passed","steps":[],"attachments":[],"parameters":[],"stepsCount":0,"shouldDisplayMessage":false,"attachmentsCount":0,"hasContent":false,"attachmentStep":false},{"name":"driver","time":{"start":1731930128891,"stop":1731930130663,"duration":1772},"status":"passed","steps":[],"attachments":[],"parameters":[],"stepsCount":0,"shouldDisplayMessage":false,"attachmentsCount":0,"hasContent":false,"attachmentStep":false},{"name":"setup","time":{"start":1731930139528,"stop":1731930139528,"duration":0},"status":"passed","steps":[],"attachments":[],"parameters":[],"stepsCount":0,"shouldDisplayMessage":false,"attachmentsCount":0,"hasContent":false,"attachmentStep":false}],"testStage":{"status":"failed","statusMessage":"AssertionError: FAILURE: assert 'Full name: A...F1N4ypAR5\\r\\n' == 'Full name: M...rUKBnBkyV\\r\\n'\n  \n  - Full name: Matthew Francis\r\n  + Full name: Anna Ford\r\n  - Email address: firefox_gregperry@example.com\r\n  ?                        ----   ^^         ^^^\n  + Email address: firefox_petersonjason@example.net\r\n  ?                          ++ ^^^^^^^^         ^^^\n  - Your message: Uz7EAZo1oSo5LZ7Caa1dNTLfn2iPsiZZrUKBnBkyV\r\n  + Your message: f3cL1MbsTW4XoOLqF1N4ypAR5\ntest_ContactPage.py:52 in test_2() -> with check, allure.step(\"Email is correct\"):\ntest_ContactPage.py:53 in test_2 -> assert actual_email == expected_email\nAssertionError: assert 'Full name: A...F1N4ypAR5\\r\\n' == 'Full name: M...rUKBnBkyV\\r\\n'\n  \n  - Full name: Matthew Francis\r\n  + Full name: Anna Ford\r\n  - Email address: firefox_gregperry@example.com\r\n  ?                        ----   ^^         ^^^\n  + Email address: firefox_petersonjason@example.net\r\n  ?                          ++ ^^^^^^^^         ^^^\n  - Your message: Uz7EAZo1oSo5LZ7Caa1dNTLfn2iPsiZZrUKBnBkyV\r\n  + Your message: f3cL1MbsTW4XoOLqF1N4ypAR5\r\n\n\n------------------------------------------------------------\nFailed Checks: 1","statusTrace":"FAILURE: assert 'Full name: A...F1N4ypAR5\\r\\n' == 'Full name: M...rUKBnBkyV\\r\\n'\n  \n  - Full name: Matthew Francis\r\n  + Full name: Anna Ford\r\n  - Email address: firefox_gregperry@example.com\r\n  ?                        ----   ^^         ^^^\n  + Email address: firefox_petersonjason@example.net\r\n  ?                          ++ ^^^^^^^^         ^^^\n  - Your message: Uz7EAZo1oSo5LZ7Caa1dNTLfn2iPsiZZrUKBnBkyV\r\n  + Your message: f3cL1MbsTW4XoOLqF1N4ypAR5\ntest_ContactPage.py:52 in test_2() -> with check, allure.step(\"Email is correct\"):\ntest_ContactPage.py:53 in test_2 -> assert actual_email == expected_email\nAssertionError: assert 'Full name: A...F1N4ypAR5\\r\\n' == 'Full name: M...rUKBnBkyV\\r\\n'\n  \n  - Full name: Matthew Francis\r\n  + Full name: Anna Ford\r\n  - Email address: firefox_gregperry@example.com\r\n  ?                        ----   ^^         ^^^\n  + Email address: firefox_petersonjason@example.net\r\n  ?                          ++ ^^^^^^^^         ^^^\n  - Your message: Uz7EAZo1oSo5LZ7Caa1dNTLfn2iPsiZZrUKBnBkyV\r\n  + Your message: f3cL1MbsTW4XoOLqF1N4ypAR5\r\n\n\n------------------------------------------------------------\nFailed Checks: 1","steps":[{"name":"Success message is visible","time":{"start":1731930154884,"stop":1731930154896,"duration":12},"status":"passed","steps":[],"attachments":[],"parameters":[],"stepsCount":0,"shouldDisplayMessage":false,"attachmentsCount":0,"hasContent":false,"attachmentStep":false},{"name":"Email is correct","time":{"start":1731930155574,"stop":1731930155575,"duration":1},"status":"failed","statusMessage":"AssertionError: assert 'Full name: A...F1N4ypAR5\\r\\n' == 'Full name: M...rUKBnBkyV\\r\\n'\n  \n  - Full name: Matthew Francis\r\n  + Full name: Anna Ford\r\n  - Email address: firefox_gregperry@example.com\r\n  ?                        ----   ^^         ^^^\n  + Email address: firefox_petersonjason@example.net\r\n  ?                          ++ ^^^^^^^^         ^^^\n  - Your message: Uz7EAZo1oSo5LZ7Caa1dNTLfn2iPsiZZrUKBnBkyV\r\n  + Your message: f3cL1MbsTW4XoOLqF1N4ypAR5\r\n","statusTrace":"  File \"/home/runner/work/QUBA_WEB/QUBA_WEB/Tests/test_ContactPage.py\", line 53, in test_2\n    assert actual_email == expected_email\n","steps":[],"attachments":[],"parameters":[],"stepsCount":0,"shouldDisplayMessage":true,"attachmentsCount":0,"hasContent":true,"attachmentStep":false}],"attachments":[],"parameters":[],"stepsCount":2,"shouldDisplayMessage":true,"attachmentsCount":0,"hasContent":true,"attachmentStep":false},"afterStages":[{"name":"driver::0","time":{"start":1731930155607,"stop":1731930156230,"duration":623},"status":"passed","steps":[],"attachments":[],"parameters":[],"stepsCount":0,"shouldDisplayMessage":false,"attachmentsCount":0,"hasContent":false,"attachmentStep":false}],"labels":[{"name":"severity","value":"critical"},{"name":"feature","value":"Contact page"},{"name":"parentSuite","value":"Tests"},{"name":"suite","value":"test_ContactPage"},{"name":"subSuite","value":"TestContactPage"},{"name":"host","value":"fv-az1773-91"},{"name":"thread","value":"1855-MainThread"},{"name":"framework","value":"pytest"},{"name":"language","value":"cpython3"},{"name":"package","value":"Tests.test_ContactPage"},{"name":"resultFormat","value":"allure2"}],"parameters":[{"name":"driver","value":"'firefox'"}],"links":[],"hidden":false,"retry":false,"extra":{"severity":"critical","retries":[],"categories":[{"name":"Product defects","matchedStatuses":[],"flaky":false}],"history":{"statistic":{"failed":2,"broken":3,"skipped":0,"passed":4,"unknown":0,"total":9},"items":[{"uid":"31776c955d3495c8","status":"failed","statusDetails":"AssertionError: FAILURE: assert 'Full name: R... BvzHujYS\\r\\n' == 'Full name: S...C627uGZE7\\r\\n'\n  \n  - Full name: Susan Ford\r\n  + Full name: Ronnie Dennis\r\n  - Email address: firefox_bjordan@example.org\r\n  ?                        ^^^ ^ ^\n  + Email address: firefox_humphreyheather@example.org\r\n  ?                        ^^^^^ ^^^^ ^^^^\n  - Your message: ObNc7zpqAvft2sc34K9shGRPkQpdqi6sWRTYud2rC627uGZE7\r\n  + Your message: MqYANPY GmDCMzmjcv3MAzKgs BvzHujYS\ntest_ContactPage.py:52 in test_2() -> with check, allure.step(\"Email is correct\"):\ntest_ContactPage.py:53 in test_2 -> assert actual_email == expected_email\nAssertionError: assert 'Full name: R... BvzHujYS\\r\\n' == 'Full name: S...C627uGZE7\\r\\n'\n  \n  - Full name: Susan Ford\r\n  + Full name: Ronnie Dennis\r\n  - Email address: firefox_bjordan@example.org\r\n  ?                        ^^^ ^ ^\n  + Email address: firefox_humphreyheather@example.org\r\n  ?                        ^^^^^ ^^^^ ^^^^\n  - Your message: ObNc7zpqAvft2sc34K9shGRPkQpdqi6sWRTYud2rC627uGZE7\r\n  + Your message: MqYANPY GmDCMzmjcv3MAzKgs BvzHujYS\r\n\n\n------------------------------------------------------------\nFailed Checks: 1","time":{"start":1731924716602,"stop":1731924732633,"duration":16031}},{"uid":"dc6425cec8fd926d","status":"broken","statusDetails":"selenium.common.exceptions.NoSuchElementException: Message: Unable to locate element: [id=\"name\"]; For documentation on this error, please visit: https://www.selenium.dev/documentation/webdriver/troubleshooting/errors#no-such-element-exception\nStacktrace:\nRemoteError@chrome://remote/content/shared/RemoteError.sys.mjs:8:8\nWebDriverError@chrome://remote/content/shared/webdriver/Errors.sys.mjs:193:5\nNoSuchElementError@chrome://remote/content/shared/webdriver/Errors.sys.mjs:511:5\ndom.find/</<@chrome://remote/content/shared/DOM.sys.mjs:136:16","time":{"start":1731914164118,"stop":1731914174140,"duration":10022}},{"uid":"beea3f3aa254862e","status":"broken","statusDetails":"selenium.common.exceptions.NoSuchElementException: Message: Unable to locate element: [id=\"name\"]; For documentation on this error, please visit: https://www.selenium.dev/documentation/webdriver/troubleshooting/errors#no-such-element-exception\nStacktrace:\nRemoteError@chrome://remote/content/shared/RemoteError.sys.mjs:8:8\nWebDriverError@chrome://remote/content/shared/webdriver/Errors.sys.mjs:193:5\nNoSuchElementError@chrome://remote/content/shared/webdriver/Errors.sys.mjs:511:5\ndom.find/</<@chrome://remote/content/shared/DOM.sys.mjs:136:16","time":{"start":1731814425655,"stop":1731814435676,"duration":10021}},{"uid":"bd71c25f36b10759","status":"broken","statusDetails":"selenium.common.exceptions.NoSuchElementException: Message: Unable to locate element: [id=\"name\"]; For documentation on this error, please visit: https://www.selenium.dev/documentation/webdriver/troubleshooting/errors#no-such-element-exception\nStacktrace:\nRemoteError@chrome://remote/content/shared/RemoteError.sys.mjs:8:8\nWebDriverError@chrome://remote/content/shared/webdriver/Errors.sys.mjs:193:5\nNoSuchElementError@chrome://remote/content/shared/webdriver/Errors.sys.mjs:511:5\ndom.find/</<@chrome://remote/content/shared/DOM.sys.mjs:136:16","time":{"start":1731684583214,"stop":1731684593235,"duration":10021}},{"uid":"348ce7622f36c2b7","status":"passed","time":{"start":1731208876686,"stop":1731208892960,"duration":16274}},{"uid":"faf4d1f52a692150","status":"passed","time":{"start":1730604393047,"stop":1730604409057,"duration":16010}},{"uid":"2718cda27c2646d","status":"passed","time":{"start":1730463484339,"stop":1730463500504,"duration":16165}},{"uid":"9780089b5673d75f","status":"passed","time":{"start":1730460714170,"stop":1730460730425,"duration":16255}}]},"tags":[]},"source":"203dc72df9a92c32.json","parameterValues":["'firefox'"]}