{"uid":"332779a997483571","name":"Unsuccessfully login with email: simeon.hhl.qa@gmail.com and password: Test#123","fullName":"Tests.test_Login.TestLogin#test_2","historyId":"3bf7edab350b73c43d4821286022e547","time":{"start":1731914234756,"stop":1731914235744,"duration":988},"status":"passed","flaky":false,"newFailed":false,"newBroken":false,"newPassed":true,"retriesCount":0,"retriesStatusChange":false,"beforeStages":[{"name":"_session_faker","time":{"start":1731913957349,"stop":1731913957407,"duration":58},"status":"passed","steps":[],"attachments":[],"parameters":[],"stepsCount":0,"shouldDisplayMessage":false,"attachmentsCount":0,"hasContent":false,"attachmentStep":false},{"name":"driver","time":{"start":1731914224009,"stop":1731914224473,"duration":464},"status":"passed","steps":[],"attachments":[],"parameters":[],"stepsCount":0,"shouldDisplayMessage":false,"attachmentsCount":0,"hasContent":false,"attachmentStep":false},{"name":"setup","time":{"start":1731914234755,"stop":1731914234755,"duration":0},"status":"passed","steps":[],"attachments":[],"parameters":[],"stepsCount":0,"shouldDisplayMessage":false,"attachmentsCount":0,"hasContent":false,"attachmentStep":false}],"testStage":{"status":"passed","steps":[{"name":"Check for error","time":{"start":1731914235624,"stop":1731914235731,"duration":107},"status":"passed","steps":[],"attachments":[],"parameters":[],"stepsCount":0,"shouldDisplayMessage":false,"attachmentsCount":0,"hasContent":false,"attachmentStep":false},{"name":"Check the error text","time":{"start":1731914235731,"stop":1731914235744,"duration":13},"status":"passed","steps":[],"attachments":[],"parameters":[],"stepsCount":0,"shouldDisplayMessage":false,"attachmentsCount":0,"hasContent":false,"attachmentStep":false}],"attachments":[],"parameters":[],"stepsCount":2,"shouldDisplayMessage":false,"attachmentsCount":0,"hasContent":true,"attachmentStep":false},"afterStages":[{"name":"driver::0","time":{"start":1731914248434,"stop":1731914248512,"duration":78},"status":"passed","steps":[],"attachments":[],"parameters":[],"stepsCount":0,"shouldDisplayMessage":false,"attachmentsCount":0,"hasContent":false,"attachmentStep":false}],"labels":[{"name":"severity","value":"normal"},{"name":"feature","value":"Login"},{"name":"tag","value":"flaky(reruns=3, reruns_delay=0.5, rerun_except='assert')"},{"name":"parentSuite","value":"Tests"},{"name":"suite","value":"test_Login"},{"name":"subSuite","value":"TestLogin"},{"name":"host","value":"fv-az692-655"},{"name":"thread","value":"1774-MainThread"},{"name":"framework","value":"pytest"},{"name":"language","value":"cpython3"},{"name":"package","value":"Tests.test_Login"},{"name":"resultFormat","value":"allure2"}],"parameters":[{"name":"driver","value":"'edge'"},{"name":"email","value":"'simeon.hhl.qa@gmail.com'"},{"name":"error","value":"'There was a problem logging you in. Please try again.'"},{"name":"password","value":"'Test#123'"}],"links":[],"hidden":false,"retry":false,"extra":{"severity":"normal","retries":[],"categories":[],"history":{"statistic":{"failed":0,"broken":2,"skipped":0,"passed":5,"unknown":0,"total":7},"items":[{"uid":"6551c497a3236304","status":"broken","statusDetails":"selenium.common.exceptions.NoSuchElementException: Message: no such element: Unable to locate element: {\"method\":\"css selector\",\"selector\":\"[id=\"email\"]\"}\n  (Session info: MicrosoftEdge=130.0.2849.80); For documentation on this error, please visit: https://www.selenium.dev/documentation/webdriver/troubleshooting/errors#no-such-element-exception\nStacktrace:\n#0 0x55bd2fac95be <unknown>\n#1 0x55bd2f5909f6 <unknown>\n#2 0x55bd2f5dc3ee <unknown>\n#3 0x55bd2f5dc6c1 <unknown>\n#4 0x55bd2f620324 <unknown>\n#5 0x55bd2f5fff7d <unknown>\n#6 0x55bd2f61defe <unknown>\n#7 0x55bd2f5ffcf3 <unknown>\n#8 0x55bd2f5d02de <unknown>\n#9 0x55bd2f5d0fbe <unknown>\n#10 0x55bd2fa9e521 <unknown>\n#11 0x55bd2faa1791 <unknown>\n#12 0x55bd2faa120b <unknown>\n#13 0x55bd2faa1bc5 <unknown>\n#14 0x55bd2fa8fef2 <unknown>\n#15 0x55bd2faa1f4d <unknown>\n#16 0x55bd2fa798c5 <unknown>\n#17 0x55bd2fab9d18 <unknown>\n#18 0x55bd2fab9f2f <unknown>\n#19 0x55bd2fac81bc <unknown>\n#20 0x7ff0b9494ac3 <unknown>","time":{"start":1731814669331,"stop":1731814679666,"duration":10335}},{"uid":"a4c722e7bf23ff4d","status":"broken","statusDetails":"selenium.common.exceptions.NoSuchElementException: Message: no such element: Unable to locate element: {\"method\":\"css selector\",\"selector\":\"[id=\"email\"]\"}\n  (Session info: MicrosoftEdge=130.0.2849.80); For documentation on this error, please visit: https://www.selenium.dev/documentation/webdriver/troubleshooting/errors#no-such-element-exception\nStacktrace:\n#0 0x5624888ce5be <unknown>\n#1 0x5624883959f6 <unknown>\n#2 0x5624883e13ee <unknown>\n#3 0x5624883e16c1 <unknown>\n#4 0x562488425324 <unknown>\n#5 0x562488404f7d <unknown>\n#6 0x562488422efe <unknown>\n#7 0x562488404cf3 <unknown>\n#8 0x5624883d52de <unknown>\n#9 0x5624883d5fbe <unknown>\n#10 0x5624888a3521 <unknown>\n#11 0x5624888a6791 <unknown>\n#12 0x5624888a620b <unknown>\n#13 0x5624888a6bc5 <unknown>\n#14 0x562488894ef2 <unknown>\n#15 0x5624888a6f4d <unknown>\n#16 0x56248887e8c5 <unknown>\n#17 0x5624888bed18 <unknown>\n#18 0x5624888bef2f <unknown>\n#19 0x5624888cd1bc <unknown>\n#20 0x7f827e494ac3 <unknown>","time":{"start":1731684785474,"stop":1731684795898,"duration":10424}},{"uid":"da985ad4582de969","status":"passed","time":{"start":1731208910664,"stop":1731208911739,"duration":1075}},{"uid":"e5bd60adc3286290","status":"passed","time":{"start":1730604742010,"stop":1730604742937,"duration":927}},{"uid":"29f5174ad9595bf5","status":"passed","time":{"start":1730463528018,"stop":1730463528919,"duration":901}},{"uid":"93195fd9e951cbf3","status":"passed","time":{"start":1730460751390,"stop":1730460752416,"duration":1026}}]},"tags":["flaky(reruns=3, reruns_delay=0.5, rerun_except='assert')"]},"source":"332779a997483571.json","parameterValues":["'edge'","'simeon.hhl.qa@gmail.com'","'There was a problem logging you in. Please try again.'","'Test#123'"]}