{"uid":"6de3e90fa2542297","name":"Image gallery with more than one image","fullName":"Tests.test_AboutPage.TestAboutPage#test_10","historyId":"66becfaa4b7cd475bc1b2fdb407c9cb7","time":{"start":1732091750736,"stop":1732091751834,"duration":1098},"status":"passed","flaky":false,"newFailed":false,"newBroken":false,"newPassed":false,"retriesCount":0,"retriesStatusChange":false,"beforeStages":[{"name":"_session_faker","time":{"start":1732091284763,"stop":1732091284828,"duration":65},"status":"passed","steps":[],"attachments":[],"parameters":[],"stepsCount":0,"shouldDisplayMessage":false,"attachmentsCount":0,"hasContent":false,"attachmentStep":false},{"name":"driver","time":{"start":1732091284829,"stop":1732091636716,"duration":351887},"status":"broken","statusMessage":"selenium.common.exceptions.TimeoutException: Message: timeout: Timed out receiving message from renderer: 300.000\n  (Session info: MicrosoftEdge=130.0.2849.80)\nStacktrace:\n#0 0x56154098b5be <unknown>\n#1 0x5615404529f6 <unknown>\n#2 0x56154043c6e8 <unknown>\n#3 0x56154043c4b2 <unknown>\n#4 0x56154043a99e <unknown>\n#5 0x56154043ae14 <unknown>\n#6 0x56154044f097 <unknown>\n#7 0x56154045e4ff <unknown>\n#8 0x5615404632fb <unknown>\n#9 0x56154043b405 <unknown>\n#10 0x56154045e190 <unknown>\n#11 0x5615404dfd42 <unknown>\n#12 0x5615404c1cf3 <unknown>\n#13 0x5615404922de <unknown>\n#14 0x561540492fbe <unknown>\n#15 0x561540960521 <unknown>\n#16 0x561540963791 <unknown>\n#17 0x56154096320b <unknown>\n#18 0x561540963bc5 <unknown>\n#19 0x561540951ef2 <unknown>\n#20 0x561540963f4d <unknown>\n#21 0x56154093b8c5 <unknown>\n#22 0x56154097bd18 <unknown>\n#23 0x56154097bf2f <unknown>\n#24 0x56154098a1bc <unknown>\n#25 0x7fa1c6894ac3 <unknown>\n\n","statusTrace":"  File \"/opt/hostedtoolcache/Python/3.11.10/x64/lib/python3.11/site-packages/pluggy/_callers.py\", line 166, in _multicall\n    teardown.throw(outcome._exception)\n  File \"/opt/hostedtoolcache/Python/3.11.10/x64/lib/python3.11/site-packages/_pytest/setuponly.py\", line 36, in pytest_fixture_setup\n    return (yield)\n            ^^^^^\n  File \"/opt/hostedtoolcache/Python/3.11.10/x64/lib/python3.11/site-packages/pluggy/_callers.py\", line 102, in _multicall\n    res = hook_impl.function(*args)\n          ^^^^^^^^^^^^^^^^^^^^^^^^^\n  File \"/opt/hostedtoolcache/Python/3.11.10/x64/lib/python3.11/site-packages/_pytest/fixtures.py\", line 1132, in pytest_fixture_setup\n    result = call_fixture_func(fixturefunc, request, kwargs)\n             ^^^^^^^^^^^^^^^^^^^^^^^^^^^^^^^^^^^^^^^^^^^^^^^\n  File \"/opt/hostedtoolcache/Python/3.11.10/x64/lib/python3.11/site-packages/_pytest/fixtures.py\", line 906, in call_fixture_func\n    fixture_result = next(generator)\n                     ^^^^^^^^^^^^^^^\n  File \"/home/runner/work/QUBA_WEB/QUBA_WEB/Common/BaseClass.py\", line 109, in driver\n    driver.maximize_window()\n  File \"/opt/hostedtoolcache/Python/3.11.10/x64/lib/python3.11/site-packages/selenium/webdriver/remote/webdriver.py\", line 499, in maximize_window\n    self.execute(command, None)\n  File \"/opt/hostedtoolcache/Python/3.11.10/x64/lib/python3.11/site-packages/selenium/webdriver/remote/webdriver.py\", line 347, in execute\n    self.error_handler.check_response(response)\n  File \"/opt/hostedtoolcache/Python/3.11.10/x64/lib/python3.11/site-packages/selenium/webdriver/remote/errorhandler.py\", line 229, in check_response\n    raise exception_class(message, screen, stacktrace)\n","steps":[],"attachments":[],"parameters":[],"stepsCount":0,"shouldDisplayMessage":true,"attachmentsCount":0,"hasContent":true,"attachmentStep":false},{"name":"driver","time":{"start":1732091637772,"stop":1732091639096,"duration":1324},"status":"passed","steps":[],"attachments":[],"parameters":[],"stepsCount":0,"shouldDisplayMessage":false,"attachmentsCount":0,"hasContent":false,"attachmentStep":false},{"name":"setup","time":{"start":1732091750736,"stop":1732091750736,"duration":0},"status":"passed","steps":[],"attachments":[],"parameters":[],"stepsCount":0,"shouldDisplayMessage":false,"attachmentsCount":0,"hasContent":false,"attachmentStep":false}],"testStage":{"status":"passed","steps":[{"name":"C58523: The image anna-jahn-LBKxu77KpSY-unsplash.jpg is correct","time":{"start":1732091751807,"stop":1732091751807,"duration":0},"status":"passed","steps":[],"attachments":[],"parameters":[],"stepsCount":0,"shouldDisplayMessage":false,"attachmentsCount":0,"hasContent":false,"attachmentStep":false},{"name":"C58523: The image malik-shibly-gm_Vztl7w84-unsplash.jpg is correct","time":{"start":1732091751808,"stop":1732091751808,"duration":0},"status":"passed","steps":[],"attachments":[],"parameters":[],"stepsCount":0,"shouldDisplayMessage":false,"attachmentsCount":0,"hasContent":false,"attachmentStep":false},{"name":"C58523: The image arisa-s-pir6n28Xrpw-unsplash.jpg is correct","time":{"start":1732091751808,"stop":1732091751808,"duration":0},"status":"passed","steps":[],"attachments":[],"parameters":[],"stepsCount":0,"shouldDisplayMessage":false,"attachmentsCount":0,"hasContent":false,"attachmentStep":false},{"name":"C58523: The image darrell-chaddock-j9er0YESGp0-unsplash.jpg is correct","time":{"start":1732091751808,"stop":1732091751808,"duration":0},"status":"passed","steps":[],"attachments":[],"parameters":[],"stepsCount":0,"shouldDisplayMessage":false,"attachmentsCount":0,"hasContent":false,"attachmentStep":false},{"name":"C58523: The image darwin-vegher-sKqKpescBgc-unsplash.jpg is correct","time":{"start":1732091751808,"stop":1732091751808,"duration":0},"status":"passed","steps":[],"attachments":[],"parameters":[],"stepsCount":0,"shouldDisplayMessage":false,"attachmentsCount":0,"hasContent":false,"attachmentStep":false},{"name":"C58523: The image koushik-chowdavarapu-aWBPk_GBaCk-unsplash.jpg is correct","time":{"start":1732091751808,"stop":1732091751808,"duration":0},"status":"passed","steps":[],"attachments":[],"parameters":[],"stepsCount":0,"shouldDisplayMessage":false,"attachmentsCount":0,"hasContent":false,"attachmentStep":false},{"name":"C58523: The image date_farm_cc1ff1c02d.jpg is correct","time":{"start":1732091751808,"stop":1732091751808,"duration":0},"status":"passed","steps":[],"attachments":[],"parameters":[],"stepsCount":0,"shouldDisplayMessage":false,"attachmentsCount":0,"hasContent":false,"attachmentStep":false},{"name":"C58523: The image bani-unaif.webp is correct","time":{"start":1732091751808,"stop":1732091751808,"duration":0},"status":"passed","steps":[],"attachments":[],"parameters":[],"stepsCount":0,"shouldDisplayMessage":false,"attachmentsCount":0,"hasContent":false,"attachmentStep":false},{"name":"C58523: The image patrick-hendry-hezNrE5QEa8-unsplash.jpg is correct","time":{"start":1732091751808,"stop":1732091751808,"duration":0},"status":"passed","steps":[],"attachments":[],"parameters":[],"stepsCount":0,"shouldDisplayMessage":false,"attachmentsCount":0,"hasContent":false,"attachmentStep":false},{"name":"C58523: The image masjid-quba-in-almadinah-new_crop-1160x650.jpg is correct","time":{"start":1732091751808,"stop":1732091751808,"duration":0},"status":"passed","steps":[],"attachments":[],"parameters":[],"stepsCount":0,"shouldDisplayMessage":false,"attachmentsCount":0,"hasContent":false,"attachmentStep":false},{"name":"C58523: Next image button is visible","time":{"start":1732091751808,"stop":1732091751816,"duration":8},"status":"passed","steps":[],"attachments":[],"parameters":[],"stepsCount":0,"shouldDisplayMessage":false,"attachmentsCount":0,"hasContent":false,"attachmentStep":false},{"name":"C58523: Scroll bar is visible","time":{"start":1732091751816,"stop":1732091751833,"duration":17},"status":"passed","steps":[],"attachments":[],"parameters":[],"stepsCount":0,"shouldDisplayMessage":false,"attachmentsCount":0,"hasContent":false,"attachmentStep":false}],"attachments":[],"parameters":[],"stepsCount":12,"shouldDisplayMessage":false,"attachmentsCount":0,"hasContent":true,"attachmentStep":false},"afterStages":[{"name":"driver::0","time":{"start":1732091878249,"stop":1732091878350,"duration":101},"status":"passed","steps":[],"attachments":[],"parameters":[],"stepsCount":0,"shouldDisplayMessage":false,"attachmentsCount":0,"hasContent":false,"attachmentStep":false}],"labels":[{"name":"feature","value":"About page"},{"name":"severity","value":"normal"},{"name":"tag","value":"dependency(name='test_10')"},{"name":"tag","value":"flaky(reruns=3, reruns_delay=1)"},{"name":"parentSuite","value":"Tests"},{"name":"suite","value":"test_AboutPage"},{"name":"subSuite","value":"TestAboutPage"},{"name":"host","value":"fv-az1393-935"},{"name":"thread","value":"1880-MainThread"},{"name":"framework","value":"pytest"},{"name":"language","value":"cpython3"},{"name":"package","value":"Tests.test_AboutPage"},{"name":"resultFormat","value":"allure2"}],"parameters":[{"name":"driver","value":"'edge'"}],"links":[{"name":"C58523","url":"https://hedgehoglabqa.testrail.io/index.php?/cases/view/58523","type":"tms"},{"name":"Epic QP-356","url":"https://hedgehog-lab.atlassian.net/browse/QP-356","type":"issue"},{"name":"Story QP-266","url":"https://hedgehog-lab.atlassian.net/browse/QP-266","type":"issue"}],"hidden":false,"retry":false,"extra":{"severity":"normal","retries":[],"categories":[],"history":{"statistic":{"failed":2,"broken":0,"skipped":0,"passed":10,"unknown":0,"total":12},"items":[{"uid":"a57d81a6df77500c","status":"passed","time":{"start":1732090024357,"stop":1732090025454,"duration":1097}},{"uid":"53df2f925e3a4971","status":"passed","time":{"start":1732089636078,"stop":1732089637179,"duration":1101}},{"uid":"a3ea180a9f65f8ed","status":"passed","time":{"start":1732088288494,"stop":1732088289597,"duration":1103}},{"uid":"d1391b12ab8349de","status":"passed","time":{"start":1732086951228,"stop":1732086952323,"duration":1095}},{"uid":"75c5279e1de52b3d","status":"passed","time":{"start":1732026091739,"stop":1732026092834,"duration":1095}},{"uid":"59436ef643da3f47","status":"passed","time":{"start":1732022478384,"stop":1732022479479,"duration":1095}},{"uid":"c3a53b0707bfd80d","status":"failed","statusDetails":"AssertionError: FAILURE: assert False\n +  where False = <bound method AboutPage.is_next_slide_button_visible of <Pages.AboutPage.AboutPage object at 0x7ff0e5db3750>>()\n +    where <bound method AboutPage.is_next_slide_button_visible of <Pages.AboutPage.AboutPage object at 0x7ff0e5db3750>> = <Pages.AboutPage.AboutPage object at 0x7ff0e5db3750>.is_next_slide_button_visible\ntest_AboutPage.py:189 in test_10() -> with check, allure.step(\"C58523: Next image button is visible\"):\ntest_AboutPage.py:190 in test_10 -> assert about_page_obj.is_next_slide_button_visible()\nAssertionError: assert False\n +  where False = <bound method AboutPage.is_next_slide_button_visible of <Pages.AboutPage.AboutPage object at 0x7ff0e5db3750>>()\n +    where <bound method AboutPage.is_next_slide_button_visible of <Pages.AboutPage.AboutPage object at 0x7ff0e5db3750>> = <Pages.AboutPage.AboutPage object at 0x7ff0e5db3750>.is_next_slide_button_visible\n\n\n------------------------------------------------------------\nFailed Checks: 1","time":{"start":1732012790640,"stop":1732012801762,"duration":11122}},{"uid":"ac8aee48d16008d0","status":"passed","time":{"start":1731924625761,"stop":1731924626855,"duration":1094}},{"uid":"5f85cee7318d48c7","status":"failed","statusDetails":"AssertionError: FAILURE: assert False\n +  where False = <bound method AboutPage.is_next_slide_button_visible of <Pages.AboutPage.AboutPage object at 0x7f6a43705d90>>()\n +    where <bound method AboutPage.is_next_slide_button_visible of <Pages.AboutPage.AboutPage object at 0x7f6a43705d90>> = <Pages.AboutPage.AboutPage object at 0x7f6a43705d90>.is_next_slide_button_visible\ntest_AboutPage.py:194 in test_10() -> with check, allure.step(\"C58523: Next image button is visible\"):\ntest_AboutPage.py:195 in test_10 -> assert about_page_obj.is_next_slide_button_visible()\nAssertionError: assert False\n +  where False = <bound method AboutPage.is_next_slide_button_visible of <Pages.AboutPage.AboutPage object at 0x7f6a43705d90>>()\n +    where <bound method AboutPage.is_next_slide_button_visible of <Pages.AboutPage.AboutPage object at 0x7f6a43705d90>> = <Pages.AboutPage.AboutPage object at 0x7f6a43705d90>.is_next_slide_button_visible\n\n\n------------------------------------------------------------\nFailed Checks: 1","time":{"start":1731914090774,"stop":1731914101884,"duration":11110}},{"uid":"312011cc407a757b","status":"passed","time":{"start":1731814385320,"stop":1731814386414,"duration":1094}},{"uid":"77a7c18f87d7cbe4","status":"passed","time":{"start":1731684499159,"stop":1731684500253,"duration":1094}}]},"tags":["flaky(reruns=3, reruns_delay=1)","dependency(name='test_10')"]},"source":"6de3e90fa2542297.json","parameterValues":["'edge'"]}