{"uid":"7dae0b248c69f807","name":"Image gallery with only one image","fullName":"Tests.test_AboutPage.TestAboutPage#test_9","historyId":"a62706d125119b2924f65a46bf1039dd","time":{"start":1732093805600,"stop":1732093819983,"duration":14383},"status":"broken","statusMessage":"selenium.common.exceptions.NoSuchElementException: Message: no such element: Unable to locate element: {\"method\":\"xpath\",\"selector\":\"//a[.='About']\"}\n  (Session info: MicrosoftEdge=130.0.2849.80); For documentation on this error, please visit: https://www.selenium.dev/documentation/webdriver/troubleshooting/errors#no-such-element-exception\nStacktrace:\n#0 0x562dbdafd5be <unknown>\n#1 0x562dbd5c49f6 <unknown>\n#2 0x562dbd6103ee <unknown>\n#3 0x562dbd6106c1 <unknown>\n#4 0x562dbd654324 <unknown>\n#5 0x562dbd633f7d <unknown>\n#6 0x562dbd651efe <unknown>\n#7 0x562dbd633cf3 <unknown>\n#8 0x562dbd6042de <unknown>\n#9 0x562dbd604fbe <unknown>\n#10 0x562dbdad2521 <unknown>\n#11 0x562dbdad5791 <unknown>\n#12 0x562dbdad520b <unknown>\n#13 0x562dbdad5bc5 <unknown>\n#14 0x562dbdac3ef2 <unknown>\n#15 0x562dbdad5f4d <unknown>\n#16 0x562dbdaad8c5 <unknown>\n#17 0x562dbdaedd18 <unknown>\n#18 0x562dbdaedf2f <unknown>\n#19 0x562dbdafc1bc <unknown>\n#20 0x7f9ee9e94ac3 <unknown>","statusTrace":"self = <Tests.test_AboutPage.TestAboutPage object at 0x7ff2d7ceef90>\nproxy_driver = <selenium.webdriver.edge.webdriver.WebDriver (session=\"07aac2b0a865617155a7b2f50bc78099\")>\n\n    @severity(severity_level.NORMAL)\n    @allure.feature('About page')\n    @allure.title(\"Image gallery with only one image\")\n    @allure.issue(\"QP-266\", \"Story QP-266\")\n    @allure.issue(\"QP-356\", \"Epic QP-356\")\n    @allure.testcase(\"58522\", \"C58522\")\n    @pytest.mark.parametrize(\"proxy_driver\", [\"about_page_test_9\"], indirect=True)\n    def test_9(self, proxy_driver):\n        proxy_driver.get(BaseClass.url)\n        main_nav_obj = MainNavigation(proxy_driver)\n        about_page_obj = AboutPage(proxy_driver)\n        main_nav_obj.wait_page_to_load()\n        timestamp = datetime.now().strftime(\"%Y%m%d_%H%M%S\")\n        screenshot_path = os.path.join(os.getcwd(), f\"screenshot_{timestamp}.png\")\n        proxy_driver.save_screenshot(screenshot_path)\n        print(f\"Screenshot saved at {screenshot_path}\")\n        proxy_driver.refresh()\n        main_nav_obj.wait_page_to_load()\n        timestamp = datetime.now().strftime(\"%Y%m%d_%H%M%S\")\n        screenshot_path = os.path.join(os.getcwd(), f\"screenshot_{timestamp}.png\")\n        proxy_driver.save_screenshot(screenshot_path)\n        print(f\"Screenshot saved at {screenshot_path}\")\n>       main_nav_obj.click_about_button()\n\nTests/test_AboutPage.py:168: \n_ _ _ _ _ _ _ _ _ _ _ _ _ _ _ _ _ _ _ _ _ _ _ _ _ _ _ _ _ _ _ _ _ _ _ _ _ _ _ _ \nPages/MainNavigation.py:38: in click_about_button\n    self.driver.find_element(*self.about_button).click()\n/opt/hostedtoolcache/Python/3.11.10/x64/lib/python3.11/site-packages/selenium/webdriver/remote/webdriver.py:741: in find_element\n    return self.execute(Command.FIND_ELEMENT, {\"using\": by, \"value\": value})[\"value\"]\n/opt/hostedtoolcache/Python/3.11.10/x64/lib/python3.11/site-packages/selenium/webdriver/remote/webdriver.py:347: in execute\n    self.error_handler.check_response(response)\n_ _ _ _ _ _ _ _ _ _ _ _ _ _ _ _ _ _ _ _ _ _ _ _ _ _ _ _ _ _ _ _ _ _ _ _ _ _ _ _ \n\nself = <selenium.webdriver.remote.errorhandler.ErrorHandler object at 0x7ff2d85b8f90>\nresponse = {'status': 404, 'value': '{\"value\":{\"error\":\"no such element\",\"message\":\"no such element: Unable to locate element: {\\...\\\\n#18 0x562dbdaedf2f \\\\u003Cunknown>\\\\n#19 0x562dbdafc1bc \\\\u003Cunknown>\\\\n#20 0x7f9ee9e94ac3 \\\\u003Cunknown>\\\\n\"}}'}\n\n    def check_response(self, response: Dict[str, Any]) -> None:\n        \"\"\"Checks that a JSON response from the WebDriver does not have an\n        error.\n    \n        :Args:\n         - response - The JSON response from the WebDriver server as a dictionary\n           object.\n    \n        :Raises: If the response contains an error message.\n        \"\"\"\n        status = response.get(\"status\", None)\n        if not status or status == ErrorCode.SUCCESS:\n            return\n        value = None\n        message = response.get(\"message\", \"\")\n        screen: str = response.get(\"screen\", \"\")\n        stacktrace = None\n        if isinstance(status, int):\n            value_json = response.get(\"value\", None)\n            if value_json and isinstance(value_json, str):\n                import json\n    \n                try:\n                    value = json.loads(value_json)\n                    if len(value) == 1:\n                        value = value[\"value\"]\n                    status = value.get(\"error\", None)\n                    if not status:\n                        status = value.get(\"status\", ErrorCode.UNKNOWN_ERROR)\n                        message = value.get(\"value\") or value.get(\"message\")\n                        if not isinstance(message, str):\n                            value = message\n                            message = message.get(\"message\")\n                    else:\n                        message = value.get(\"message\", None)\n                except ValueError:\n                    pass\n    \n        exception_class: Type[WebDriverException]\n        e = ErrorCode()\n        error_codes = [item for item in dir(e) if not item.startswith(\"__\")]\n        for error_code in error_codes:\n            error_info = getattr(ErrorCode, error_code)\n            if isinstance(error_info, list) and status in error_info:\n                exception_class = getattr(ExceptionMapping, error_code, WebDriverException)\n                break\n        else:\n            exception_class = WebDriverException\n    \n        if not value:\n            value = response[\"value\"]\n        if isinstance(value, str):\n            raise exception_class(value)\n        if message == \"\" and \"message\" in value:\n            message = value[\"message\"]\n    \n        screen = None  # type: ignore[assignment]\n        if \"screen\" in value:\n            screen = value[\"screen\"]\n    \n        stacktrace = None\n        st_value = value.get(\"stackTrace\") or value.get(\"stacktrace\")\n        if st_value:\n            if isinstance(st_value, str):\n                stacktrace = st_value.split(\"\\n\")\n            else:\n                stacktrace = []\n                try:\n                    for frame in st_value:\n                        line = frame.get(\"lineNumber\", \"\")\n                        file = frame.get(\"fileName\", \"<anonymous>\")\n                        if line:\n                            file = f\"{file}:{line}\"\n                        meth = frame.get(\"methodName\", \"<anonymous>\")\n                        if \"className\" in frame:\n                            meth = f\"{frame['className']}.{meth}\"\n                        msg = \"    at %s (%s)\"\n                        msg = msg % (meth, file)\n                        stacktrace.append(msg)\n                except TypeError:\n                    pass\n        if exception_class == UnexpectedAlertPresentException:\n            alert_text = None\n            if \"data\" in value:\n                alert_text = value[\"data\"].get(\"text\")\n            elif \"alert\" in value:\n                alert_text = value[\"alert\"].get(\"text\")\n            raise exception_class(message, screen, stacktrace, alert_text)  # type: ignore[call-arg]  # mypy is not smart enough here\n>       raise exception_class(message, screen, stacktrace)\nE       selenium.common.exceptions.NoSuchElementException: Message: no such element: Unable to locate element: {\"method\":\"xpath\",\"selector\":\"//a[.='About']\"}\nE         (Session info: MicrosoftEdge=130.0.2849.80); For documentation on this error, please visit: https://www.selenium.dev/documentation/webdriver/troubleshooting/errors#no-such-element-exception\nE       Stacktrace:\nE       #0 0x562dbdafd5be <unknown>\nE       #1 0x562dbd5c49f6 <unknown>\nE       #2 0x562dbd6103ee <unknown>\nE       #3 0x562dbd6106c1 <unknown>\nE       #4 0x562dbd654324 <unknown>\nE       #5 0x562dbd633f7d <unknown>\nE       #6 0x562dbd651efe <unknown>\nE       #7 0x562dbd633cf3 <unknown>\nE       #8 0x562dbd6042de <unknown>\nE       #9 0x562dbd604fbe <unknown>\nE       #10 0x562dbdad2521 <unknown>\nE       #11 0x562dbdad5791 <unknown>\nE       #12 0x562dbdad520b <unknown>\nE       #13 0x562dbdad5bc5 <unknown>\nE       #14 0x562dbdac3ef2 <unknown>\nE       #15 0x562dbdad5f4d <unknown>\nE       #16 0x562dbdaad8c5 <unknown>\nE       #17 0x562dbdaedd18 <unknown>\nE       #18 0x562dbdaedf2f <unknown>\nE       #19 0x562dbdafc1bc <unknown>\nE       #20 0x7f9ee9e94ac3 <unknown>\n\n/opt/hostedtoolcache/Python/3.11.10/x64/lib/python3.11/site-packages/selenium/webdriver/remote/errorhandler.py:229: NoSuchElementException","flaky":false,"newFailed":false,"newBroken":false,"newPassed":false,"retriesCount":0,"retriesStatusChange":false,"beforeStages":[{"name":"_session_faker","time":{"start":1732093771251,"stop":1732093771318,"duration":67},"status":"passed","steps":[],"attachments":[],"parameters":[],"stepsCount":0,"shouldDisplayMessage":false,"attachmentsCount":0,"hasContent":false,"attachmentStep":false},{"name":"driver","time":{"start":1732093771318,"stop":1732093793159,"duration":21841},"status":"passed","steps":[],"attachments":[],"parameters":[],"stepsCount":0,"shouldDisplayMessage":false,"attachmentsCount":0,"hasContent":false,"attachmentStep":false},{"name":"proxy_driver","time":{"start":1732093800065,"stop":1732093805599,"duration":5534},"status":"passed","steps":[],"attachments":[],"parameters":[],"stepsCount":0,"shouldDisplayMessage":false,"attachmentsCount":0,"hasContent":false,"attachmentStep":false},{"name":"setup","time":{"start":1732093800065,"stop":1732093800065,"duration":0},"status":"passed","steps":[],"attachments":[],"parameters":[],"stepsCount":0,"shouldDisplayMessage":false,"attachmentsCount":0,"hasContent":false,"attachmentStep":false}],"testStage":{"status":"broken","statusMessage":"selenium.common.exceptions.NoSuchElementException: Message: no such element: Unable to locate element: {\"method\":\"xpath\",\"selector\":\"//a[.='About']\"}\n  (Session info: MicrosoftEdge=130.0.2849.80); For documentation on this error, please visit: https://www.selenium.dev/documentation/webdriver/troubleshooting/errors#no-such-element-exception\nStacktrace:\n#0 0x562dbdafd5be <unknown>\n#1 0x562dbd5c49f6 <unknown>\n#2 0x562dbd6103ee <unknown>\n#3 0x562dbd6106c1 <unknown>\n#4 0x562dbd654324 <unknown>\n#5 0x562dbd633f7d <unknown>\n#6 0x562dbd651efe <unknown>\n#7 0x562dbd633cf3 <unknown>\n#8 0x562dbd6042de <unknown>\n#9 0x562dbd604fbe <unknown>\n#10 0x562dbdad2521 <unknown>\n#11 0x562dbdad5791 <unknown>\n#12 0x562dbdad520b <unknown>\n#13 0x562dbdad5bc5 <unknown>\n#14 0x562dbdac3ef2 <unknown>\n#15 0x562dbdad5f4d <unknown>\n#16 0x562dbdaad8c5 <unknown>\n#17 0x562dbdaedd18 <unknown>\n#18 0x562dbdaedf2f <unknown>\n#19 0x562dbdafc1bc <unknown>\n#20 0x7f9ee9e94ac3 <unknown>","statusTrace":"self = <Tests.test_AboutPage.TestAboutPage object at 0x7ff2d7ceef90>\nproxy_driver = <selenium.webdriver.edge.webdriver.WebDriver (session=\"07aac2b0a865617155a7b2f50bc78099\")>\n\n    @severity(severity_level.NORMAL)\n    @allure.feature('About page')\n    @allure.title(\"Image gallery with only one image\")\n    @allure.issue(\"QP-266\", \"Story QP-266\")\n    @allure.issue(\"QP-356\", \"Epic QP-356\")\n    @allure.testcase(\"58522\", \"C58522\")\n    @pytest.mark.parametrize(\"proxy_driver\", [\"about_page_test_9\"], indirect=True)\n    def test_9(self, proxy_driver):\n        proxy_driver.get(BaseClass.url)\n        main_nav_obj = MainNavigation(proxy_driver)\n        about_page_obj = AboutPage(proxy_driver)\n        main_nav_obj.wait_page_to_load()\n        timestamp = datetime.now().strftime(\"%Y%m%d_%H%M%S\")\n        screenshot_path = os.path.join(os.getcwd(), f\"screenshot_{timestamp}.png\")\n        proxy_driver.save_screenshot(screenshot_path)\n        print(f\"Screenshot saved at {screenshot_path}\")\n        proxy_driver.refresh()\n        main_nav_obj.wait_page_to_load()\n        timestamp = datetime.now().strftime(\"%Y%m%d_%H%M%S\")\n        screenshot_path = os.path.join(os.getcwd(), f\"screenshot_{timestamp}.png\")\n        proxy_driver.save_screenshot(screenshot_path)\n        print(f\"Screenshot saved at {screenshot_path}\")\n>       main_nav_obj.click_about_button()\n\nTests/test_AboutPage.py:168: \n_ _ _ _ _ _ _ _ _ _ _ _ _ _ _ _ _ _ _ _ _ _ _ _ _ _ _ _ _ _ _ _ _ _ _ _ _ _ _ _ \nPages/MainNavigation.py:38: in click_about_button\n    self.driver.find_element(*self.about_button).click()\n/opt/hostedtoolcache/Python/3.11.10/x64/lib/python3.11/site-packages/selenium/webdriver/remote/webdriver.py:741: in find_element\n    return self.execute(Command.FIND_ELEMENT, {\"using\": by, \"value\": value})[\"value\"]\n/opt/hostedtoolcache/Python/3.11.10/x64/lib/python3.11/site-packages/selenium/webdriver/remote/webdriver.py:347: in execute\n    self.error_handler.check_response(response)\n_ _ _ _ _ _ _ _ _ _ _ _ _ _ _ _ _ _ _ _ _ _ _ _ _ _ _ _ _ _ _ _ _ _ _ _ _ _ _ _ \n\nself = <selenium.webdriver.remote.errorhandler.ErrorHandler object at 0x7ff2d85b8f90>\nresponse = {'status': 404, 'value': '{\"value\":{\"error\":\"no such element\",\"message\":\"no such element: Unable to locate element: {\\...\\\\n#18 0x562dbdaedf2f \\\\u003Cunknown>\\\\n#19 0x562dbdafc1bc \\\\u003Cunknown>\\\\n#20 0x7f9ee9e94ac3 \\\\u003Cunknown>\\\\n\"}}'}\n\n    def check_response(self, response: Dict[str, Any]) -> None:\n        \"\"\"Checks that a JSON response from the WebDriver does not have an\n        error.\n    \n        :Args:\n         - response - The JSON response from the WebDriver server as a dictionary\n           object.\n    \n        :Raises: If the response contains an error message.\n        \"\"\"\n        status = response.get(\"status\", None)\n        if not status or status == ErrorCode.SUCCESS:\n            return\n        value = None\n        message = response.get(\"message\", \"\")\n        screen: str = response.get(\"screen\", \"\")\n        stacktrace = None\n        if isinstance(status, int):\n            value_json = response.get(\"value\", None)\n            if value_json and isinstance(value_json, str):\n                import json\n    \n                try:\n                    value = json.loads(value_json)\n                    if len(value) == 1:\n                        value = value[\"value\"]\n                    status = value.get(\"error\", None)\n                    if not status:\n                        status = value.get(\"status\", ErrorCode.UNKNOWN_ERROR)\n                        message = value.get(\"value\") or value.get(\"message\")\n                        if not isinstance(message, str):\n                            value = message\n                            message = message.get(\"message\")\n                    else:\n                        message = value.get(\"message\", None)\n                except ValueError:\n                    pass\n    \n        exception_class: Type[WebDriverException]\n        e = ErrorCode()\n        error_codes = [item for item in dir(e) if not item.startswith(\"__\")]\n        for error_code in error_codes:\n            error_info = getattr(ErrorCode, error_code)\n            if isinstance(error_info, list) and status in error_info:\n                exception_class = getattr(ExceptionMapping, error_code, WebDriverException)\n                break\n        else:\n            exception_class = WebDriverException\n    \n        if not value:\n            value = response[\"value\"]\n        if isinstance(value, str):\n            raise exception_class(value)\n        if message == \"\" and \"message\" in value:\n            message = value[\"message\"]\n    \n        screen = None  # type: ignore[assignment]\n        if \"screen\" in value:\n            screen = value[\"screen\"]\n    \n        stacktrace = None\n        st_value = value.get(\"stackTrace\") or value.get(\"stacktrace\")\n        if st_value:\n            if isinstance(st_value, str):\n                stacktrace = st_value.split(\"\\n\")\n            else:\n                stacktrace = []\n                try:\n                    for frame in st_value:\n                        line = frame.get(\"lineNumber\", \"\")\n                        file = frame.get(\"fileName\", \"<anonymous>\")\n                        if line:\n                            file = f\"{file}:{line}\"\n                        meth = frame.get(\"methodName\", \"<anonymous>\")\n                        if \"className\" in frame:\n                            meth = f\"{frame['className']}.{meth}\"\n                        msg = \"    at %s (%s)\"\n                        msg = msg % (meth, file)\n                        stacktrace.append(msg)\n                except TypeError:\n                    pass\n        if exception_class == UnexpectedAlertPresentException:\n            alert_text = None\n            if \"data\" in value:\n                alert_text = value[\"data\"].get(\"text\")\n            elif \"alert\" in value:\n                alert_text = value[\"alert\"].get(\"text\")\n            raise exception_class(message, screen, stacktrace, alert_text)  # type: ignore[call-arg]  # mypy is not smart enough here\n>       raise exception_class(message, screen, stacktrace)\nE       selenium.common.exceptions.NoSuchElementException: Message: no such element: Unable to locate element: {\"method\":\"xpath\",\"selector\":\"//a[.='About']\"}\nE         (Session info: MicrosoftEdge=130.0.2849.80); For documentation on this error, please visit: https://www.selenium.dev/documentation/webdriver/troubleshooting/errors#no-such-element-exception\nE       Stacktrace:\nE       #0 0x562dbdafd5be <unknown>\nE       #1 0x562dbd5c49f6 <unknown>\nE       #2 0x562dbd6103ee <unknown>\nE       #3 0x562dbd6106c1 <unknown>\nE       #4 0x562dbd654324 <unknown>\nE       #5 0x562dbd633f7d <unknown>\nE       #6 0x562dbd651efe <unknown>\nE       #7 0x562dbd633cf3 <unknown>\nE       #8 0x562dbd6042de <unknown>\nE       #9 0x562dbd604fbe <unknown>\nE       #10 0x562dbdad2521 <unknown>\nE       #11 0x562dbdad5791 <unknown>\nE       #12 0x562dbdad520b <unknown>\nE       #13 0x562dbdad5bc5 <unknown>\nE       #14 0x562dbdac3ef2 <unknown>\nE       #15 0x562dbdad5f4d <unknown>\nE       #16 0x562dbdaad8c5 <unknown>\nE       #17 0x562dbdaedd18 <unknown>\nE       #18 0x562dbdaedf2f <unknown>\nE       #19 0x562dbdafc1bc <unknown>\nE       #20 0x7f9ee9e94ac3 <unknown>\n\n/opt/hostedtoolcache/Python/3.11.10/x64/lib/python3.11/site-packages/selenium/webdriver/remote/errorhandler.py:229: NoSuchElementException","steps":[],"attachments":[{"uid":"7e18ab4e4b9bdcf7","name":"stdout","source":"7e18ab4e4b9bdcf7.txt","type":"text/plain","size":267}],"parameters":[],"stepsCount":0,"shouldDisplayMessage":true,"attachmentsCount":1,"hasContent":true,"attachmentStep":false},"afterStages":[{"name":"proxy_driver::0","time":{"start":1732093820044,"stop":1732093830223,"duration":10179},"status":"passed","steps":[],"attachments":[],"parameters":[],"stepsCount":0,"shouldDisplayMessage":false,"attachmentsCount":0,"hasContent":false,"attachmentStep":false},{"name":"driver::0","time":{"start":1732094050879,"stop":1732094050981,"duration":102},"status":"passed","steps":[],"attachments":[],"parameters":[],"stepsCount":0,"shouldDisplayMessage":false,"attachmentsCount":0,"hasContent":false,"attachmentStep":false}],"labels":[{"name":"severity","value":"normal"},{"name":"feature","value":"About page"},{"name":"tag","value":"flaky(reruns=3, reruns_delay=1)"},{"name":"parentSuite","value":"Tests"},{"name":"suite","value":"test_AboutPage"},{"name":"subSuite","value":"TestAboutPage"},{"name":"host","value":"fv-az730-715"},{"name":"thread","value":"1850-MainThread"},{"name":"framework","value":"pytest"},{"name":"language","value":"cpython3"},{"name":"package","value":"Tests.test_AboutPage"},{"name":"resultFormat","value":"allure2"}],"parameters":[{"name":"driver","value":"'edge'"},{"name":"proxy_driver","value":"'about_page_test_9'"}],"links":[{"name":"C58522","url":"https://hedgehoglabqa.testrail.io/index.php?/cases/view/58522","type":"tms"},{"name":"Epic QP-356","url":"https://hedgehog-lab.atlassian.net/browse/QP-356","type":"issue"},{"name":"Story QP-266","url":"https://hedgehog-lab.atlassian.net/browse/QP-266","type":"issue"}],"hidden":true,"retry":true,"extra":{"categories":[],"tags":["flaky(reruns=3, reruns_delay=1)"]},"source":"7dae0b248c69f807.json","parameterValues":["'edge'","'about_page_test_9'"]}