{"uid":"88689b895e5c17a7","name":"Image gallery with only one image","fullName":"Tests.test_AboutPage.TestAboutPage#test_9","historyId":"a62706d125119b2924f65a46bf1039dd","time":{"start":1731684447946,"stop":1731684470163,"duration":22217},"status":"broken","statusMessage":"selenium.common.exceptions.NoSuchElementException: Message: no such element: Unable to locate element: {\"method\":\"xpath\",\"selector\":\"//div[@class='slide-container']\"}\n  (Session info: MicrosoftEdge=130.0.2849.80); For documentation on this error, please visit: https://www.selenium.dev/documentation/webdriver/troubleshooting/errors#no-such-element-exception\nStacktrace:\n#0 0x55d17d53b5be <unknown>\n#1 0x55d17d0029f6 <unknown>\n#2 0x55d17d04e3ee <unknown>\n#3 0x55d17d04e6c1 <unknown>\n#4 0x55d17d092324 <unknown>\n#5 0x55d17d071f7d <unknown>\n#6 0x55d17d08fefe <unknown>\n#7 0x55d17d071cf3 <unknown>\n#8 0x55d17d0422de <unknown>\n#9 0x55d17d042fbe <unknown>\n#10 0x55d17d510521 <unknown>\n#11 0x55d17d513791 <unknown>\n#12 0x55d17d51320b <unknown>\n#13 0x55d17d513bc5 <unknown>\n#14 0x55d17d501ef2 <unknown>\n#15 0x55d17d513f4d <unknown>\n#16 0x55d17d4eb8c5 <unknown>\n#17 0x55d17d52bd18 <unknown>\n#18 0x55d17d52bf2f <unknown>\n#19 0x55d17d53a1bc <unknown>\n#20 0x7f52d8a94ac3 <unknown>","statusTrace":"self = <Tests.test_AboutPage.TestAboutPage object at 0x7f9a2ddef990>\nproxy_driver = <selenium.webdriver.edge.webdriver.WebDriver (session=\"ac94ee09484043874cf7afd5b6583308\")>\n\n    @severity(severity_level.NORMAL)\n    @allure.feature('About page')\n    @allure.title(\"Image gallery with only one image\")\n    @allure.issue(\"QP-266\", \"Story QP-266\")\n    @allure.issue(\"QP-356\", \"Epic QP-356\")\n    @allure.testcase(\"58522\", \"C58522\")\n    @pytest.mark.parametrize(\"proxy_driver\", [\"about_page_test_9\"], indirect=True)\n    def test_9(self, proxy_driver):\n        proxy_driver.get(BaseClass.url + \"about\")\n        main_nav_obj = MainNavigation(proxy_driver)\n        about_page_obj = AboutPage(proxy_driver)\n        main_nav_obj.wait_page_to_load()\n        with check, allure.step(\"C58522: Next image button is not visible\"):\n            assert not about_page_obj.is_next_slide_button_visible()\n        with check, allure.step(\"C58522: Scroll bar is not visible\"):\n>           assert not about_page_obj.is_image_carousel_scroll_visible()\n\nTests/test_AboutPage.py:170: \n_ _ _ _ _ _ _ _ _ _ _ _ _ _ _ _ _ _ _ _ _ _ _ _ _ _ _ _ _ _ _ _ _ _ _ _ _ _ _ _ \nPages/AboutPage.py:127: in is_image_carousel_scroll_visible\n    scroll_width = self.driver.find_element(*self.image_carousel).get_attribute('scrollWidth')\n/opt/hostedtoolcache/Python/3.11.10/x64/lib/python3.11/site-packages/selenium/webdriver/remote/webdriver.py:741: in find_element\n    return self.execute(Command.FIND_ELEMENT, {\"using\": by, \"value\": value})[\"value\"]\n/opt/hostedtoolcache/Python/3.11.10/x64/lib/python3.11/site-packages/selenium/webdriver/remote/webdriver.py:347: in execute\n    self.error_handler.check_response(response)\n_ _ _ _ _ _ _ _ _ _ _ _ _ _ _ _ _ _ _ _ _ _ _ _ _ _ _ _ _ _ _ _ _ _ _ _ _ _ _ _ \n\nself = <selenium.webdriver.remote.errorhandler.ErrorHandler object at 0x7f9a2de57ad0>\nresponse = {'status': 404, 'value': '{\"value\":{\"error\":\"no such element\",\"message\":\"no such element: Unable to locate element: {\\...\\\\n#18 0x55d17d52bf2f \\\\u003Cunknown>\\\\n#19 0x55d17d53a1bc \\\\u003Cunknown>\\\\n#20 0x7f52d8a94ac3 \\\\u003Cunknown>\\\\n\"}}'}\n\n    def check_response(self, response: Dict[str, Any]) -> None:\n        \"\"\"Checks that a JSON response from the WebDriver does not have an\n        error.\n    \n        :Args:\n         - response - The JSON response from the WebDriver server as a dictionary\n           object.\n    \n        :Raises: If the response contains an error message.\n        \"\"\"\n        status = response.get(\"status\", None)\n        if not status or status == ErrorCode.SUCCESS:\n            return\n        value = None\n        message = response.get(\"message\", \"\")\n        screen: str = response.get(\"screen\", \"\")\n        stacktrace = None\n        if isinstance(status, int):\n            value_json = response.get(\"value\", None)\n            if value_json and isinstance(value_json, str):\n                import json\n    \n                try:\n                    value = json.loads(value_json)\n                    if len(value) == 1:\n                        value = value[\"value\"]\n                    status = value.get(\"error\", None)\n                    if not status:\n                        status = value.get(\"status\", ErrorCode.UNKNOWN_ERROR)\n                        message = value.get(\"value\") or value.get(\"message\")\n                        if not isinstance(message, str):\n                            value = message\n                            message = message.get(\"message\")\n                    else:\n                        message = value.get(\"message\", None)\n                except ValueError:\n                    pass\n    \n        exception_class: Type[WebDriverException]\n        e = ErrorCode()\n        error_codes = [item for item in dir(e) if not item.startswith(\"__\")]\n        for error_code in error_codes:\n            error_info = getattr(ErrorCode, error_code)\n            if isinstance(error_info, list) and status in error_info:\n                exception_class = getattr(ExceptionMapping, error_code, WebDriverException)\n                break\n        else:\n            exception_class = WebDriverException\n    \n        if not value:\n            value = response[\"value\"]\n        if isinstance(value, str):\n            raise exception_class(value)\n        if message == \"\" and \"message\" in value:\n            message = value[\"message\"]\n    \n        screen = None  # type: ignore[assignment]\n        if \"screen\" in value:\n            screen = value[\"screen\"]\n    \n        stacktrace = None\n        st_value = value.get(\"stackTrace\") or value.get(\"stacktrace\")\n        if st_value:\n            if isinstance(st_value, str):\n                stacktrace = st_value.split(\"\\n\")\n            else:\n                stacktrace = []\n                try:\n                    for frame in st_value:\n                        line = frame.get(\"lineNumber\", \"\")\n                        file = frame.get(\"fileName\", \"<anonymous>\")\n                        if line:\n                            file = f\"{file}:{line}\"\n                        meth = frame.get(\"methodName\", \"<anonymous>\")\n                        if \"className\" in frame:\n                            meth = f\"{frame['className']}.{meth}\"\n                        msg = \"    at %s (%s)\"\n                        msg = msg % (meth, file)\n                        stacktrace.append(msg)\n                except TypeError:\n                    pass\n        if exception_class == UnexpectedAlertPresentException:\n            alert_text = None\n            if \"data\" in value:\n                alert_text = value[\"data\"].get(\"text\")\n            elif \"alert\" in value:\n                alert_text = value[\"alert\"].get(\"text\")\n            raise exception_class(message, screen, stacktrace, alert_text)  # type: ignore[call-arg]  # mypy is not smart enough here\n>       raise exception_class(message, screen, stacktrace)\nE       selenium.common.exceptions.NoSuchElementException: Message: no such element: Unable to locate element: {\"method\":\"xpath\",\"selector\":\"//div[@class='slide-container']\"}\nE         (Session info: MicrosoftEdge=130.0.2849.80); For documentation on this error, please visit: https://www.selenium.dev/documentation/webdriver/troubleshooting/errors#no-such-element-exception\nE       Stacktrace:\nE       #0 0x55d17d53b5be <unknown>\nE       #1 0x55d17d0029f6 <unknown>\nE       #2 0x55d17d04e3ee <unknown>\nE       #3 0x55d17d04e6c1 <unknown>\nE       #4 0x55d17d092324 <unknown>\nE       #5 0x55d17d071f7d <unknown>\nE       #6 0x55d17d08fefe <unknown>\nE       #7 0x55d17d071cf3 <unknown>\nE       #8 0x55d17d0422de <unknown>\nE       #9 0x55d17d042fbe <unknown>\nE       #10 0x55d17d510521 <unknown>\nE       #11 0x55d17d513791 <unknown>\nE       #12 0x55d17d51320b <unknown>\nE       #13 0x55d17d513bc5 <unknown>\nE       #14 0x55d17d501ef2 <unknown>\nE       #15 0x55d17d513f4d <unknown>\nE       #16 0x55d17d4eb8c5 <unknown>\nE       #17 0x55d17d52bd18 <unknown>\nE       #18 0x55d17d52bf2f <unknown>\nE       #19 0x55d17d53a1bc <unknown>\nE       #20 0x7f52d8a94ac3 <unknown>\n\n/opt/hostedtoolcache/Python/3.11.10/x64/lib/python3.11/site-packages/selenium/webdriver/remote/errorhandler.py:229: NoSuchElementException","flaky":false,"newFailed":false,"newBroken":false,"newPassed":false,"retriesCount":0,"retriesStatusChange":false,"beforeStages":[{"name":"_session_faker","time":{"start":1731684376815,"stop":1731684376871,"duration":56},"status":"passed","steps":[],"attachments":[],"parameters":[],"stepsCount":0,"shouldDisplayMessage":false,"attachmentsCount":0,"hasContent":false,"attachmentStep":false},{"name":"driver","time":{"start":1731684376871,"stop":1731684398533,"duration":21662},"status":"passed","steps":[],"attachments":[],"parameters":[],"stepsCount":0,"shouldDisplayMessage":false,"attachmentsCount":0,"hasContent":false,"attachmentStep":false},{"name":"proxy_driver","time":{"start":1731684442488,"stop":1731684447945,"duration":5457},"status":"passed","steps":[],"attachments":[],"parameters":[],"stepsCount":0,"shouldDisplayMessage":false,"attachmentsCount":0,"hasContent":false,"attachmentStep":false},{"name":"setup","time":{"start":1731684442488,"stop":1731684442488,"duration":0},"status":"passed","steps":[],"attachments":[],"parameters":[],"stepsCount":0,"shouldDisplayMessage":false,"attachmentsCount":0,"hasContent":false,"attachmentStep":false}],"testStage":{"status":"broken","statusMessage":"selenium.common.exceptions.NoSuchElementException: Message: no such element: Unable to locate element: {\"method\":\"xpath\",\"selector\":\"//div[@class='slide-container']\"}\n  (Session info: MicrosoftEdge=130.0.2849.80); For documentation on this error, please visit: https://www.selenium.dev/documentation/webdriver/troubleshooting/errors#no-such-element-exception\nStacktrace:\n#0 0x55d17d53b5be <unknown>\n#1 0x55d17d0029f6 <unknown>\n#2 0x55d17d04e3ee <unknown>\n#3 0x55d17d04e6c1 <unknown>\n#4 0x55d17d092324 <unknown>\n#5 0x55d17d071f7d <unknown>\n#6 0x55d17d08fefe <unknown>\n#7 0x55d17d071cf3 <unknown>\n#8 0x55d17d0422de <unknown>\n#9 0x55d17d042fbe <unknown>\n#10 0x55d17d510521 <unknown>\n#11 0x55d17d513791 <unknown>\n#12 0x55d17d51320b <unknown>\n#13 0x55d17d513bc5 <unknown>\n#14 0x55d17d501ef2 <unknown>\n#15 0x55d17d513f4d <unknown>\n#16 0x55d17d4eb8c5 <unknown>\n#17 0x55d17d52bd18 <unknown>\n#18 0x55d17d52bf2f <unknown>\n#19 0x55d17d53a1bc <unknown>\n#20 0x7f52d8a94ac3 <unknown>","statusTrace":"self = <Tests.test_AboutPage.TestAboutPage object at 0x7f9a2ddef990>\nproxy_driver = <selenium.webdriver.edge.webdriver.WebDriver (session=\"ac94ee09484043874cf7afd5b6583308\")>\n\n    @severity(severity_level.NORMAL)\n    @allure.feature('About page')\n    @allure.title(\"Image gallery with only one image\")\n    @allure.issue(\"QP-266\", \"Story QP-266\")\n    @allure.issue(\"QP-356\", \"Epic QP-356\")\n    @allure.testcase(\"58522\", \"C58522\")\n    @pytest.mark.parametrize(\"proxy_driver\", [\"about_page_test_9\"], indirect=True)\n    def test_9(self, proxy_driver):\n        proxy_driver.get(BaseClass.url + \"about\")\n        main_nav_obj = MainNavigation(proxy_driver)\n        about_page_obj = AboutPage(proxy_driver)\n        main_nav_obj.wait_page_to_load()\n        with check, allure.step(\"C58522: Next image button is not visible\"):\n            assert not about_page_obj.is_next_slide_button_visible()\n        with check, allure.step(\"C58522: Scroll bar is not visible\"):\n>           assert not about_page_obj.is_image_carousel_scroll_visible()\n\nTests/test_AboutPage.py:170: \n_ _ _ _ _ _ _ _ _ _ _ _ _ _ _ _ _ _ _ _ _ _ _ _ _ _ _ _ _ _ _ _ _ _ _ _ _ _ _ _ \nPages/AboutPage.py:127: in is_image_carousel_scroll_visible\n    scroll_width = self.driver.find_element(*self.image_carousel).get_attribute('scrollWidth')\n/opt/hostedtoolcache/Python/3.11.10/x64/lib/python3.11/site-packages/selenium/webdriver/remote/webdriver.py:741: in find_element\n    return self.execute(Command.FIND_ELEMENT, {\"using\": by, \"value\": value})[\"value\"]\n/opt/hostedtoolcache/Python/3.11.10/x64/lib/python3.11/site-packages/selenium/webdriver/remote/webdriver.py:347: in execute\n    self.error_handler.check_response(response)\n_ _ _ _ _ _ _ _ _ _ _ _ _ _ _ _ _ _ _ _ _ _ _ _ _ _ _ _ _ _ _ _ _ _ _ _ _ _ _ _ \n\nself = <selenium.webdriver.remote.errorhandler.ErrorHandler object at 0x7f9a2de57ad0>\nresponse = {'status': 404, 'value': '{\"value\":{\"error\":\"no such element\",\"message\":\"no such element: Unable to locate element: {\\...\\\\n#18 0x55d17d52bf2f \\\\u003Cunknown>\\\\n#19 0x55d17d53a1bc \\\\u003Cunknown>\\\\n#20 0x7f52d8a94ac3 \\\\u003Cunknown>\\\\n\"}}'}\n\n    def check_response(self, response: Dict[str, Any]) -> None:\n        \"\"\"Checks that a JSON response from the WebDriver does not have an\n        error.\n    \n        :Args:\n         - response - The JSON response from the WebDriver server as a dictionary\n           object.\n    \n        :Raises: If the response contains an error message.\n        \"\"\"\n        status = response.get(\"status\", None)\n        if not status or status == ErrorCode.SUCCESS:\n            return\n        value = None\n        message = response.get(\"message\", \"\")\n        screen: str = response.get(\"screen\", \"\")\n        stacktrace = None\n        if isinstance(status, int):\n            value_json = response.get(\"value\", None)\n            if value_json and isinstance(value_json, str):\n                import json\n    \n                try:\n                    value = json.loads(value_json)\n                    if len(value) == 1:\n                        value = value[\"value\"]\n                    status = value.get(\"error\", None)\n                    if not status:\n                        status = value.get(\"status\", ErrorCode.UNKNOWN_ERROR)\n                        message = value.get(\"value\") or value.get(\"message\")\n                        if not isinstance(message, str):\n                            value = message\n                            message = message.get(\"message\")\n                    else:\n                        message = value.get(\"message\", None)\n                except ValueError:\n                    pass\n    \n        exception_class: Type[WebDriverException]\n        e = ErrorCode()\n        error_codes = [item for item in dir(e) if not item.startswith(\"__\")]\n        for error_code in error_codes:\n            error_info = getattr(ErrorCode, error_code)\n            if isinstance(error_info, list) and status in error_info:\n                exception_class = getattr(ExceptionMapping, error_code, WebDriverException)\n                break\n        else:\n            exception_class = WebDriverException\n    \n        if not value:\n            value = response[\"value\"]\n        if isinstance(value, str):\n            raise exception_class(value)\n        if message == \"\" and \"message\" in value:\n            message = value[\"message\"]\n    \n        screen = None  # type: ignore[assignment]\n        if \"screen\" in value:\n            screen = value[\"screen\"]\n    \n        stacktrace = None\n        st_value = value.get(\"stackTrace\") or value.get(\"stacktrace\")\n        if st_value:\n            if isinstance(st_value, str):\n                stacktrace = st_value.split(\"\\n\")\n            else:\n                stacktrace = []\n                try:\n                    for frame in st_value:\n                        line = frame.get(\"lineNumber\", \"\")\n                        file = frame.get(\"fileName\", \"<anonymous>\")\n                        if line:\n                            file = f\"{file}:{line}\"\n                        meth = frame.get(\"methodName\", \"<anonymous>\")\n                        if \"className\" in frame:\n                            meth = f\"{frame['className']}.{meth}\"\n                        msg = \"    at %s (%s)\"\n                        msg = msg % (meth, file)\n                        stacktrace.append(msg)\n                except TypeError:\n                    pass\n        if exception_class == UnexpectedAlertPresentException:\n            alert_text = None\n            if \"data\" in value:\n                alert_text = value[\"data\"].get(\"text\")\n            elif \"alert\" in value:\n                alert_text = value[\"alert\"].get(\"text\")\n            raise exception_class(message, screen, stacktrace, alert_text)  # type: ignore[call-arg]  # mypy is not smart enough here\n>       raise exception_class(message, screen, stacktrace)\nE       selenium.common.exceptions.NoSuchElementException: Message: no such element: Unable to locate element: {\"method\":\"xpath\",\"selector\":\"//div[@class='slide-container']\"}\nE         (Session info: MicrosoftEdge=130.0.2849.80); For documentation on this error, please visit: https://www.selenium.dev/documentation/webdriver/troubleshooting/errors#no-such-element-exception\nE       Stacktrace:\nE       #0 0x55d17d53b5be <unknown>\nE       #1 0x55d17d0029f6 <unknown>\nE       #2 0x55d17d04e3ee <unknown>\nE       #3 0x55d17d04e6c1 <unknown>\nE       #4 0x55d17d092324 <unknown>\nE       #5 0x55d17d071f7d <unknown>\nE       #6 0x55d17d08fefe <unknown>\nE       #7 0x55d17d071cf3 <unknown>\nE       #8 0x55d17d0422de <unknown>\nE       #9 0x55d17d042fbe <unknown>\nE       #10 0x55d17d510521 <unknown>\nE       #11 0x55d17d513791 <unknown>\nE       #12 0x55d17d51320b <unknown>\nE       #13 0x55d17d513bc5 <unknown>\nE       #14 0x55d17d501ef2 <unknown>\nE       #15 0x55d17d513f4d <unknown>\nE       #16 0x55d17d4eb8c5 <unknown>\nE       #17 0x55d17d52bd18 <unknown>\nE       #18 0x55d17d52bf2f <unknown>\nE       #19 0x55d17d53a1bc <unknown>\nE       #20 0x7f52d8a94ac3 <unknown>\n\n/opt/hostedtoolcache/Python/3.11.10/x64/lib/python3.11/site-packages/selenium/webdriver/remote/errorhandler.py:229: NoSuchElementException","steps":[{"name":"C58522: Next image button is not visible","time":{"start":1731684450111,"stop":1731684460139,"duration":10028},"status":"passed","steps":[],"attachments":[],"parameters":[],"stepsCount":0,"shouldDisplayMessage":false,"attachmentsCount":0,"hasContent":false,"attachmentStep":false},{"name":"C58522: Scroll bar is not visible","time":{"start":1731684460139,"stop":1731684470163,"duration":10024},"status":"broken","statusMessage":"selenium.common.exceptions.NoSuchElementException: Message: no such element: Unable to locate element: {\"method\":\"xpath\",\"selector\":\"//div[@class='slide-container']\"}\n  (Session info: MicrosoftEdge=130.0.2849.80); For documentation on this error, please visit: https://www.selenium.dev/documentation/webdriver/troubleshooting/errors#no-such-element-exception\nStacktrace:\n#0 0x55d17d53b5be <unknown>\n#1 0x55d17d0029f6 <unknown>\n#2 0x55d17d04e3ee <unknown>\n#3 0x55d17d04e6c1 <unknown>\n#4 0x55d17d092324 <unknown>\n#5 0x55d17d071f7d <unknown>\n#6 0x55d17d08fefe <unknown>\n#7 0x55d17d071cf3 <unknown>\n#8 0x55d17d0422de <unknown>\n#9 0x55d17d042fbe <unknown>\n#10 0x55d17d510521 <unknown>\n#11 0x55d17d513791 <unknown>\n#12 0x55d17d51320b <unknown>\n#13 0x55d17d513bc5 <unknown>\n#14 0x55d17d501ef2 <unknown>\n#15 0x55d17d513f4d <unknown>\n#16 0x55d17d4eb8c5 <unknown>\n#17 0x55d17d52bd18 <unknown>\n#18 0x55d17d52bf2f <unknown>\n#19 0x55d17d53a1bc <unknown>\n#20 0x7f52d8a94ac3 <unknown>\n\n","statusTrace":"  File \"/home/runner/work/QUBA_WEB/QUBA_WEB/Tests/test_AboutPage.py\", line 170, in test_9\n    assert not about_page_obj.is_image_carousel_scroll_visible()\n  File \"/home/runner/work/QUBA_WEB/QUBA_WEB/Pages/AboutPage.py\", line 127, in is_image_carousel_scroll_visible\n    scroll_width = self.driver.find_element(*self.image_carousel).get_attribute('scrollWidth')\n                   ^^^^^^^^^^^^^^^^^^^^^^^^^^^^^^^^^^^^^^^^^^^^^^\n  File \"/opt/hostedtoolcache/Python/3.11.10/x64/lib/python3.11/site-packages/selenium/webdriver/remote/webdriver.py\", line 741, in find_element\n    return self.execute(Command.FIND_ELEMENT, {\"using\": by, \"value\": value})[\"value\"]\n           ^^^^^^^^^^^^^^^^^^^^^^^^^^^^^^^^^^^^^^^^^^^^^^^^^^^^^^^^^^^^^^^^^\n  File \"/opt/hostedtoolcache/Python/3.11.10/x64/lib/python3.11/site-packages/selenium/webdriver/remote/webdriver.py\", line 347, in execute\n    self.error_handler.check_response(response)\n  File \"/opt/hostedtoolcache/Python/3.11.10/x64/lib/python3.11/site-packages/selenium/webdriver/remote/errorhandler.py\", line 229, in check_response\n    raise exception_class(message, screen, stacktrace)\n","steps":[],"attachments":[],"parameters":[],"stepsCount":0,"shouldDisplayMessage":true,"attachmentsCount":0,"hasContent":true,"attachmentStep":false}],"attachments":[{"uid":"b68d3e305e088007","name":"stdout","source":"b68d3e305e088007.txt","type":"text/plain","size":75}],"parameters":[],"stepsCount":2,"shouldDisplayMessage":true,"attachmentsCount":1,"hasContent":true,"attachmentStep":false},"afterStages":[{"name":"proxy_driver::0","time":{"start":1731684470207,"stop":1731684470354,"duration":147},"status":"passed","steps":[],"attachments":[],"parameters":[],"stepsCount":0,"shouldDisplayMessage":false,"attachmentsCount":0,"hasContent":false,"attachmentStep":false},{"name":"driver::0","time":{"start":1731684628137,"stop":1731684628238,"duration":101},"status":"passed","steps":[],"attachments":[],"parameters":[],"stepsCount":0,"shouldDisplayMessage":false,"attachmentsCount":0,"hasContent":false,"attachmentStep":false}],"labels":[{"name":"feature","value":"About page"},{"name":"severity","value":"normal"},{"name":"tag","value":"flaky(reruns=3, reruns_delay=1)"},{"name":"parentSuite","value":"Tests"},{"name":"suite","value":"test_AboutPage"},{"name":"subSuite","value":"TestAboutPage"},{"name":"host","value":"fv-az973-731"},{"name":"thread","value":"1857-MainThread"},{"name":"framework","value":"pytest"},{"name":"language","value":"cpython3"},{"name":"package","value":"Tests.test_AboutPage"},{"name":"resultFormat","value":"allure2"}],"parameters":[{"name":"driver","value":"'edge'"},{"name":"proxy_driver","value":"'about_page_test_9'"}],"links":[{"name":"C58522","url":"https://hedgehoglabqa.testrail.io/index.php?/cases/view/58522","type":"tms"},{"name":"Epic QP-356","url":"https://hedgehog-lab.atlassian.net/browse/QP-356","type":"issue"},{"name":"Story QP-266","url":"https://hedgehog-lab.atlassian.net/browse/QP-266","type":"issue"}],"hidden":true,"retry":true,"extra":{"categories":[],"tags":["flaky(reruns=3, reruns_delay=1)"]},"source":"88689b895e5c17a7.json","parameterValues":["'edge'","'about_page_test_9'"]}