{"uid":"8e9a3ec49606636b","name":"Click on an event","fullName":"Tests.test_Events.TestEvents#test_7","historyId":"3832f4c6405461a9574607a5980ffcb8","time":{"start":1733748315782,"stop":1733748321468,"duration":5686},"status":"passed","flaky":false,"newFailed":false,"newBroken":false,"newPassed":true,"retriesCount":0,"retriesStatusChange":false,"beforeStages":[{"name":"_session_faker","time":{"start":1733748054696,"stop":1733748054768,"duration":72},"status":"passed","steps":[],"attachments":[],"parameters":[],"shouldDisplayMessage":false,"stepsCount":0,"attachmentsCount":0,"hasContent":false,"attachmentStep":false},{"name":"driver","time":{"start":1733748303958,"stop":1733748304188,"duration":230},"status":"passed","steps":[],"attachments":[],"parameters":[],"shouldDisplayMessage":false,"stepsCount":0,"attachmentsCount":0,"hasContent":false,"attachmentStep":false}],"testStage":{"status":"passed","steps":[{"name":"C58459: Driver development lifecycle  info page is loaded","time":{"start":1733748317327,"stop":1733748319581,"duration":2254},"status":"passed","steps":[],"attachments":[],"parameters":[],"shouldDisplayMessage":false,"stepsCount":0,"attachmentsCount":0,"hasContent":false,"attachmentStep":false}],"attachments":[],"parameters":[],"shouldDisplayMessage":false,"stepsCount":1,"attachmentsCount":0,"hasContent":true,"attachmentStep":false},"afterStages":[{"name":"driver::0","time":{"start":1733748331941,"stop":1733748332016,"duration":75},"status":"passed","steps":[],"attachments":[],"parameters":[],"shouldDisplayMessage":false,"stepsCount":0,"attachmentsCount":0,"hasContent":false,"attachmentStep":false}],"labels":[{"name":"feature","value":"Events"},{"name":"severity","value":"normal"},{"name":"tag","value":"dependency(depends=['test_1'])"},{"name":"tag","value":"flaky(reruns=3, reruns_delay=1)"},{"name":"parentSuite","value":"Tests"},{"name":"suite","value":"test_Events"},{"name":"subSuite","value":"TestEvents"},{"name":"host","value":"fv-az1696-653"},{"name":"thread","value":"1961-MainThread"},{"name":"framework","value":"pytest"},{"name":"language","value":"cpython3"},{"name":"package","value":"Tests.test_Events"},{"name":"resultFormat","value":"allure2"}],"parameters":[{"name":"driver","value":"'chrome'"}],"links":[{"name":"C58459","url":"https://hedgehoglabqa.testrail.io/index.php?/cases/view/58459","type":"tms"},{"name":"Epic QP-356","url":"https://hedgehog-lab.atlassian.net/browse/QP-356","type":"issue"},{"name":"Story QP-267","url":"https://hedgehog-lab.atlassian.net/browse/QP-267","type":"issue"}],"hidden":false,"retry":false,"extra":{"severity":"normal","retries":[],"categories":[],"history":{"statistic":{"failed":0,"broken":2,"skipped":0,"passed":4,"unknown":0,"total":6},"items":[{"uid":"40443f70a2c096c0","status":"broken","statusDetails":"selenium.common.exceptions.NoSuchElementException: Message: no such element: Unable to locate element: {\"method\":\"xpath\",\"selector\":\"//button[@aria-label='Go to next page']\"}\n  (Session info: chrome=131.0.6778.85); For documentation on this error, please visit: https://www.selenium.dev/documentation/webdriver/troubleshooting/errors#no-such-element-exception\nStacktrace:\n#0 0x55708fdbd31a <unknown>\n#1 0x55708f8d36e0 <unknown>\n#2 0x55708f9223e6 <unknown>\n#3 0x55708f922681 <unknown>\n#4 0x55708f967b04 <unknown>\n#5 0x55708f94648d <unknown>\n#6 0x55708f964ed7 <unknown>\n#7 0x55708f946203 <unknown>\n#8 0x55708f914cc0 <unknown>\n#9 0x55708f915c9e <unknown>\n#10 0x55708fd8ad0b <unknown>\n#11 0x55708fd8ec92 <unknown>\n#12 0x55708fd77b3c <unknown>\n#13 0x55708fd8f807 <unknown>\n#14 0x55708fd5d0df <unknown>\n#15 0x55708fdac578 <unknown>\n#16 0x55708fdac740 <unknown>\n#17 0x55708fdbc196 <unknown>\n#18 0x7f086749ca94 <unknown>\n#19 0x7f0867529c3c <unknown>","time":{"start":1733725427665,"stop":1733725448760,"duration":21095}},{"uid":"5db3302a30959748","status":"broken","statusDetails":"selenium.common.exceptions.NoSuchElementException: Message: no such element: Unable to locate element: {\"method\":\"xpath\",\"selector\":\"//button[@aria-label='Go to next page']\"}\n  (Session info: chrome=131.0.6778.85); For documentation on this error, please visit: https://www.selenium.dev/documentation/webdriver/troubleshooting/errors#no-such-element-exception\nStacktrace:\n#0 0x55d69777f31a <unknown>\n#1 0x55d6972956e0 <unknown>\n#2 0x55d6972e43e6 <unknown>\n#3 0x55d6972e4681 <unknown>\n#4 0x55d697329b04 <unknown>\n#5 0x55d69730848d <unknown>\n#6 0x55d697326ed7 <unknown>\n#7 0x55d697308203 <unknown>\n#8 0x55d6972d6cc0 <unknown>\n#9 0x55d6972d7c9e <unknown>\n#10 0x55d69774cd0b <unknown>\n#11 0x55d697750c92 <unknown>\n#12 0x55d697739b3c <unknown>\n#13 0x55d697751807 <unknown>\n#14 0x55d69771f0df <unknown>\n#15 0x55d69776e578 <unknown>\n#16 0x55d69776e740 <unknown>\n#17 0x55d69777e196 <unknown>\n#18 0x7f1a76c9ca94 <unknown>\n#19 0x7f1a76d29c3c <unknown>","time":{"start":1733629475152,"stop":1733629496222,"duration":21070}},{"uid":"6a1059bfce0e3d52","status":"passed","time":{"start":1733309840012,"stop":1733309845690,"duration":5678}},{"uid":"6a45032ea9e5ab40","status":"passed","time":{"start":1733303955485,"stop":1733303961054,"duration":5569}},{"uid":"4d74d2f15910cf96","status":"passed","time":{"start":1733302635590,"stop":1733302640979,"duration":5389}}]},"tags":["flaky(reruns=3, reruns_delay=1)","dependency(depends=['test_1'])"]},"source":"8e9a3ec49606636b.json","parameterValues":["'chrome'"]}