{"uid":"904a081039b5ac00","name":"Check presented sites in the sites carousel","fullName":"Tests.test_HomePage.TestHomePage#test_18","historyId":"82f0f22f6d01727a85595a6829aeea33","time":{"start":1731685292335,"stop":1731685312349,"duration":20014},"status":"failed","statusMessage":"AssertionError: FAILURE: assert 0 == 3\n +  where 0 = <bound method HomePage.get_site_carousel_cards_number of <Pages.HomePage.HomePage object at 0x7f836d583890>>()\n +    where <bound method HomePage.get_site_carousel_cards_number of <Pages.HomePage.HomePage object at 0x7f836d583890>> = <Pages.HomePage.HomePage object at 0x7f836d583890>.get_site_carousel_cards_number\n +  and   3 = len(dict_keys([0, 1, 2]))\n +    where dict_keys([0, 1, 2]) = <built-in method keys of dict object at 0x7f836d79cac0>()\n +      where <built-in method keys of dict object at 0x7f836d79cac0> = {0: 'Sowalla Date Farm', 1: 'Quba Mosque', 2: 'Atban Bin Malik Mosque'}.keys\ntest_HomePage.py:311 in test_18() -> with check, allure.step(\"C58394: Check site cards number\"):\ntest_HomePage.py:312 in test_18 -> assert home_page_obj.get_site_carousel_cards_number() == len(cms_sites.keys())\nAssertionError: assert 0 == 3\n +  where 0 = <bound method HomePage.get_site_carousel_cards_number of <Pages.HomePage.HomePage object at 0x7f836d583890>>()\n +    where <bound method HomePage.get_site_carousel_cards_number of <Pages.HomePage.HomePage object at 0x7f836d583890>> = <Pages.HomePage.HomePage object at 0x7f836d583890>.get_site_carousel_cards_number\n +  and   3 = len(dict_keys([0, 1, 2]))\n +    where dict_keys([0, 1, 2]) = <built-in method keys of dict object at 0x7f836d79cac0>()\n +      where <built-in method keys of dict object at 0x7f836d79cac0> = {0: 'Sowalla Date Farm', 1: 'Quba Mosque', 2: 'Atban Bin Malik Mosque'}.keys\n\n\n------------------------------------------------------------\nFailed Checks: 1\n------------------------------------------------------------\nself = <Tests.test_HomePage.TestHomePage object at 0x7f836e0dbfd0>\ndriver = <selenium.webdriver.firefox.webdriver.WebDriver (session=\"ba257275-8c47-4ebf-b2bd-1940f2ac20fd\")>\n\n    @severity(severity_level.NORMAL)\n    @allure.feature('Home page')\n    @allure.title(\"Check presented sites in the sites carousel\")\n    @allure.issue(\"QP-269\", \"Story QP-269\")\n    @allure.issue(\"QP-356\", \"Epic QP-356\")\n    @allure.testcase(\"58394\", \"C58394\")\n    def test_18(self, driver):\n        home_page_obj = HomePage(driver)\n        site_list = self.site_list\n        cms_sites = TestHomePage.home_page_content[\"site_carousel_sites\"]\n        with check, allure.step(\"C58394: Check site cards number\"):\n            assert home_page_obj.get_site_carousel_cards_number() == len(cms_sites.keys())\n        i = 0\n        for cms_site in cms_sites.values():\n            expected_image = \"\"\n            expected_description = \"\"\n            for site_id, site in site_list.items():\n                if cms_site == site[\"title\"]:\n                    expected_description = site[\"summary\"]\n                    expected_image = site[\"image\"]\n                    break\n            with check, allure.step(f\"C58394: Check {cms_site} title\"):\n>               assert home_page_obj.get_site_carousel_card_title(i).strip() == cms_site.strip()\n\nTests/test_HomePage.py:323: \n_ _ _ _ _ _ _ _ _ _ _ _ _ _ _ _ _ _ _ _ _ _ _ _ _ _ _ _ _ _ _ _ _ _ _ _ _ _ _ _ \n\nself = <Pages.HomePage.HomePage object at 0x7f836d583890>, num = 0\n\n    def get_site_carousel_card_title(self, num):\n        card_titles = self.driver.find_elements(*self.site_carousel_card_titles)\n>       card_title = card_titles[num].text\nE       IndexError: list index out of range\n\nPages/HomePage.py:191: IndexError","statusTrace":"FAILURE: assert 0 == 3\n +  where 0 = <bound method HomePage.get_site_carousel_cards_number of <Pages.HomePage.HomePage object at 0x7f836d583890>>()\n +    where <bound method HomePage.get_site_carousel_cards_number of <Pages.HomePage.HomePage object at 0x7f836d583890>> = <Pages.HomePage.HomePage object at 0x7f836d583890>.get_site_carousel_cards_number\n +  and   3 = len(dict_keys([0, 1, 2]))\n +    where dict_keys([0, 1, 2]) = <built-in method keys of dict object at 0x7f836d79cac0>()\n +      where <built-in method keys of dict object at 0x7f836d79cac0> = {0: 'Sowalla Date Farm', 1: 'Quba Mosque', 2: 'Atban Bin Malik Mosque'}.keys\ntest_HomePage.py:311 in test_18() -> with check, allure.step(\"C58394: Check site cards number\"):\ntest_HomePage.py:312 in test_18 -> assert home_page_obj.get_site_carousel_cards_number() == len(cms_sites.keys())\nAssertionError: assert 0 == 3\n +  where 0 = <bound method HomePage.get_site_carousel_cards_number of <Pages.HomePage.HomePage object at 0x7f836d583890>>()\n +    where <bound method HomePage.get_site_carousel_cards_number of <Pages.HomePage.HomePage object at 0x7f836d583890>> = <Pages.HomePage.HomePage object at 0x7f836d583890>.get_site_carousel_cards_number\n +  and   3 = len(dict_keys([0, 1, 2]))\n +    where dict_keys([0, 1, 2]) = <built-in method keys of dict object at 0x7f836d79cac0>()\n +      where <built-in method keys of dict object at 0x7f836d79cac0> = {0: 'Sowalla Date Farm', 1: 'Quba Mosque', 2: 'Atban Bin Malik Mosque'}.keys\n\n\n------------------------------------------------------------\nFailed Checks: 1\n------------------------------------------------------------\nself = <Tests.test_HomePage.TestHomePage object at 0x7f836e0dbfd0>\ndriver = <selenium.webdriver.firefox.webdriver.WebDriver (session=\"ba257275-8c47-4ebf-b2bd-1940f2ac20fd\")>\n\n    @severity(severity_level.NORMAL)\n    @allure.feature('Home page')\n    @allure.title(\"Check presented sites in the sites carousel\")\n    @allure.issue(\"QP-269\", \"Story QP-269\")\n    @allure.issue(\"QP-356\", \"Epic QP-356\")\n    @allure.testcase(\"58394\", \"C58394\")\n    def test_18(self, driver):\n        home_page_obj = HomePage(driver)\n        site_list = self.site_list\n        cms_sites = TestHomePage.home_page_content[\"site_carousel_sites\"]\n        with check, allure.step(\"C58394: Check site cards number\"):\n            assert home_page_obj.get_site_carousel_cards_number() == len(cms_sites.keys())\n        i = 0\n        for cms_site in cms_sites.values():\n            expected_image = \"\"\n            expected_description = \"\"\n            for site_id, site in site_list.items():\n                if cms_site == site[\"title\"]:\n                    expected_description = site[\"summary\"]\n                    expected_image = site[\"image\"]\n                    break\n            with check, allure.step(f\"C58394: Check {cms_site} title\"):\n>               assert home_page_obj.get_site_carousel_card_title(i).strip() == cms_site.strip()\n\nTests/test_HomePage.py:323: \n_ _ _ _ _ _ _ _ _ _ _ _ _ _ _ _ _ _ _ _ _ _ _ _ _ _ _ _ _ _ _ _ _ _ _ _ _ _ _ _ \n\nself = <Pages.HomePage.HomePage object at 0x7f836d583890>, num = 0\n\n    def get_site_carousel_card_title(self, num):\n        card_titles = self.driver.find_elements(*self.site_carousel_card_titles)\n>       card_title = card_titles[num].text\nE       IndexError: list index out of range\n\nPages/HomePage.py:191: IndexError","flaky":false,"newFailed":false,"newBroken":false,"newPassed":false,"retriesCount":0,"retriesStatusChange":false,"beforeStages":[{"name":"_session_faker","time":{"start":1731684378603,"stop":1731684378661,"duration":58},"status":"passed","steps":[],"attachments":[],"parameters":[],"stepsCount":0,"shouldDisplayMessage":false,"attachmentsCount":0,"hasContent":false,"attachmentStep":false},{"name":"_xunit_setup_class_fixture_TestHomePage","time":{"start":1731684593871,"stop":1731684596616,"duration":2745},"status":"passed","steps":[],"attachments":[],"parameters":[],"stepsCount":0,"shouldDisplayMessage":false,"attachmentsCount":0,"hasContent":false,"attachmentStep":false},{"name":"driver","time":{"start":1731684596616,"stop":1731684598235,"duration":1619},"status":"passed","steps":[],"attachments":[],"parameters":[],"stepsCount":0,"shouldDisplayMessage":false,"attachmentsCount":0,"hasContent":false,"attachmentStep":false},{"name":"setup","time":{"start":1731685292335,"stop":1731685292335,"duration":0},"status":"passed","steps":[],"attachments":[],"parameters":[],"stepsCount":0,"shouldDisplayMessage":false,"attachmentsCount":0,"hasContent":false,"attachmentStep":false}],"testStage":{"status":"failed","statusMessage":"AssertionError: FAILURE: assert 0 == 3\n +  where 0 = <bound method HomePage.get_site_carousel_cards_number of <Pages.HomePage.HomePage object at 0x7f836d583890>>()\n +    where <bound method HomePage.get_site_carousel_cards_number of <Pages.HomePage.HomePage object at 0x7f836d583890>> = <Pages.HomePage.HomePage object at 0x7f836d583890>.get_site_carousel_cards_number\n +  and   3 = len(dict_keys([0, 1, 2]))\n +    where dict_keys([0, 1, 2]) = <built-in method keys of dict object at 0x7f836d79cac0>()\n +      where <built-in method keys of dict object at 0x7f836d79cac0> = {0: 'Sowalla Date Farm', 1: 'Quba Mosque', 2: 'Atban Bin Malik Mosque'}.keys\ntest_HomePage.py:311 in test_18() -> with check, allure.step(\"C58394: Check site cards number\"):\ntest_HomePage.py:312 in test_18 -> assert home_page_obj.get_site_carousel_cards_number() == len(cms_sites.keys())\nAssertionError: assert 0 == 3\n +  where 0 = <bound method HomePage.get_site_carousel_cards_number of <Pages.HomePage.HomePage object at 0x7f836d583890>>()\n +    where <bound method HomePage.get_site_carousel_cards_number of <Pages.HomePage.HomePage object at 0x7f836d583890>> = <Pages.HomePage.HomePage object at 0x7f836d583890>.get_site_carousel_cards_number\n +  and   3 = len(dict_keys([0, 1, 2]))\n +    where dict_keys([0, 1, 2]) = <built-in method keys of dict object at 0x7f836d79cac0>()\n +      where <built-in method keys of dict object at 0x7f836d79cac0> = {0: 'Sowalla Date Farm', 1: 'Quba Mosque', 2: 'Atban Bin Malik Mosque'}.keys\n\n\n------------------------------------------------------------\nFailed Checks: 1\n------------------------------------------------------------\nself = <Tests.test_HomePage.TestHomePage object at 0x7f836e0dbfd0>\ndriver = <selenium.webdriver.firefox.webdriver.WebDriver (session=\"ba257275-8c47-4ebf-b2bd-1940f2ac20fd\")>\n\n    @severity(severity_level.NORMAL)\n    @allure.feature('Home page')\n    @allure.title(\"Check presented sites in the sites carousel\")\n    @allure.issue(\"QP-269\", \"Story QP-269\")\n    @allure.issue(\"QP-356\", \"Epic QP-356\")\n    @allure.testcase(\"58394\", \"C58394\")\n    def test_18(self, driver):\n        home_page_obj = HomePage(driver)\n        site_list = self.site_list\n        cms_sites = TestHomePage.home_page_content[\"site_carousel_sites\"]\n        with check, allure.step(\"C58394: Check site cards number\"):\n            assert home_page_obj.get_site_carousel_cards_number() == len(cms_sites.keys())\n        i = 0\n        for cms_site in cms_sites.values():\n            expected_image = \"\"\n            expected_description = \"\"\n            for site_id, site in site_list.items():\n                if cms_site == site[\"title\"]:\n                    expected_description = site[\"summary\"]\n                    expected_image = site[\"image\"]\n                    break\n            with check, allure.step(f\"C58394: Check {cms_site} title\"):\n>               assert home_page_obj.get_site_carousel_card_title(i).strip() == cms_site.strip()\n\nTests/test_HomePage.py:323: \n_ _ _ _ _ _ _ _ _ _ _ _ _ _ _ _ _ _ _ _ _ _ _ _ _ _ _ _ _ _ _ _ _ _ _ _ _ _ _ _ \n\nself = <Pages.HomePage.HomePage object at 0x7f836d583890>, num = 0\n\n    def get_site_carousel_card_title(self, num):\n        card_titles = self.driver.find_elements(*self.site_carousel_card_titles)\n>       card_title = card_titles[num].text\nE       IndexError: list index out of range\n\nPages/HomePage.py:191: IndexError","statusTrace":"FAILURE: assert 0 == 3\n +  where 0 = <bound method HomePage.get_site_carousel_cards_number of <Pages.HomePage.HomePage object at 0x7f836d583890>>()\n +    where <bound method HomePage.get_site_carousel_cards_number of <Pages.HomePage.HomePage object at 0x7f836d583890>> = <Pages.HomePage.HomePage object at 0x7f836d583890>.get_site_carousel_cards_number\n +  and   3 = len(dict_keys([0, 1, 2]))\n +    where dict_keys([0, 1, 2]) = <built-in method keys of dict object at 0x7f836d79cac0>()\n +      where <built-in method keys of dict object at 0x7f836d79cac0> = {0: 'Sowalla Date Farm', 1: 'Quba Mosque', 2: 'Atban Bin Malik Mosque'}.keys\ntest_HomePage.py:311 in test_18() -> with check, allure.step(\"C58394: Check site cards number\"):\ntest_HomePage.py:312 in test_18 -> assert home_page_obj.get_site_carousel_cards_number() == len(cms_sites.keys())\nAssertionError: assert 0 == 3\n +  where 0 = <bound method HomePage.get_site_carousel_cards_number of <Pages.HomePage.HomePage object at 0x7f836d583890>>()\n +    where <bound method HomePage.get_site_carousel_cards_number of <Pages.HomePage.HomePage object at 0x7f836d583890>> = <Pages.HomePage.HomePage object at 0x7f836d583890>.get_site_carousel_cards_number\n +  and   3 = len(dict_keys([0, 1, 2]))\n +    where dict_keys([0, 1, 2]) = <built-in method keys of dict object at 0x7f836d79cac0>()\n +      where <built-in method keys of dict object at 0x7f836d79cac0> = {0: 'Sowalla Date Farm', 1: 'Quba Mosque', 2: 'Atban Bin Malik Mosque'}.keys\n\n\n------------------------------------------------------------\nFailed Checks: 1\n------------------------------------------------------------\nself = <Tests.test_HomePage.TestHomePage object at 0x7f836e0dbfd0>\ndriver = <selenium.webdriver.firefox.webdriver.WebDriver (session=\"ba257275-8c47-4ebf-b2bd-1940f2ac20fd\")>\n\n    @severity(severity_level.NORMAL)\n    @allure.feature('Home page')\n    @allure.title(\"Check presented sites in the sites carousel\")\n    @allure.issue(\"QP-269\", \"Story QP-269\")\n    @allure.issue(\"QP-356\", \"Epic QP-356\")\n    @allure.testcase(\"58394\", \"C58394\")\n    def test_18(self, driver):\n        home_page_obj = HomePage(driver)\n        site_list = self.site_list\n        cms_sites = TestHomePage.home_page_content[\"site_carousel_sites\"]\n        with check, allure.step(\"C58394: Check site cards number\"):\n            assert home_page_obj.get_site_carousel_cards_number() == len(cms_sites.keys())\n        i = 0\n        for cms_site in cms_sites.values():\n            expected_image = \"\"\n            expected_description = \"\"\n            for site_id, site in site_list.items():\n                if cms_site == site[\"title\"]:\n                    expected_description = site[\"summary\"]\n                    expected_image = site[\"image\"]\n                    break\n            with check, allure.step(f\"C58394: Check {cms_site} title\"):\n>               assert home_page_obj.get_site_carousel_card_title(i).strip() == cms_site.strip()\n\nTests/test_HomePage.py:323: \n_ _ _ _ _ _ _ _ _ _ _ _ _ _ _ _ _ _ _ _ _ _ _ _ _ _ _ _ _ _ _ _ _ _ _ _ _ _ _ _ \n\nself = <Pages.HomePage.HomePage object at 0x7f836d583890>, num = 0\n\n    def get_site_carousel_card_title(self, num):\n        card_titles = self.driver.find_elements(*self.site_carousel_card_titles)\n>       card_title = card_titles[num].text\nE       IndexError: list index out of range\n\nPages/HomePage.py:191: IndexError","steps":[{"name":"C58394: Check site cards number","time":{"start":1731685292335,"stop":1731685302345,"duration":10010},"status":"failed","statusMessage":"AssertionError: assert 0 == 3\n +  where 0 = <bound method HomePage.get_site_carousel_cards_number of <Pages.HomePage.HomePage object at 0x7f836d583890>>()\n +    where <bound method HomePage.get_site_carousel_cards_number of <Pages.HomePage.HomePage object at 0x7f836d583890>> = <Pages.HomePage.HomePage object at 0x7f836d583890>.get_site_carousel_cards_number\n +  and   3 = len(dict_keys([0, 1, 2]))\n +    where dict_keys([0, 1, 2]) = <built-in method keys of dict object at 0x7f836d79cac0>()\n +      where <built-in method keys of dict object at 0x7f836d79cac0> = {0: 'Sowalla Date Farm', 1: 'Quba Mosque', 2: 'Atban Bin Malik Mosque'}.keys\n","statusTrace":"  File \"/home/runner/work/QUBA_WEB/QUBA_WEB/Tests/test_HomePage.py\", line 312, in test_18\n    assert home_page_obj.get_site_carousel_cards_number() == len(cms_sites.keys())\n","steps":[],"attachments":[],"parameters":[],"stepsCount":0,"shouldDisplayMessage":true,"attachmentsCount":0,"hasContent":true,"attachmentStep":false},{"name":"C58394: Check Sowalla Date Farm title","time":{"start":1731685302346,"stop":1731685312349,"duration":10003},"status":"broken","statusMessage":"IndexError: list index out of range\n","statusTrace":"  File \"/home/runner/work/QUBA_WEB/QUBA_WEB/Tests/test_HomePage.py\", line 323, in test_18\n    assert home_page_obj.get_site_carousel_card_title(i).strip() == cms_site.strip()\n  File \"/home/runner/work/QUBA_WEB/QUBA_WEB/Pages/HomePage.py\", line 191, in get_site_carousel_card_title\n    card_title = card_titles[num].text\n                 ~~~~~~~~~~~^^^^^\n","steps":[],"attachments":[],"parameters":[],"stepsCount":0,"shouldDisplayMessage":true,"attachmentsCount":0,"hasContent":true,"attachmentStep":false}],"attachments":[],"parameters":[],"stepsCount":2,"shouldDisplayMessage":true,"attachmentsCount":0,"hasContent":true,"attachmentStep":false},"afterStages":[{"name":"driver::0","time":{"start":1731685659023,"stop":1731685659212,"duration":189},"status":"passed","steps":[],"attachments":[],"parameters":[],"stepsCount":0,"shouldDisplayMessage":false,"attachmentsCount":0,"hasContent":false,"attachmentStep":false},{"name":"_xunit_setup_class_fixture_TestHomePage::0","time":{"start":1731685659213,"stop":1731685659213,"duration":0},"status":"passed","steps":[],"attachments":[],"parameters":[],"stepsCount":0,"shouldDisplayMessage":false,"attachmentsCount":0,"hasContent":false,"attachmentStep":false}],"labels":[{"name":"feature","value":"Home page"},{"name":"severity","value":"normal"},{"name":"tag","value":"flaky(reruns=3, reruns_delay=1)"},{"name":"parentSuite","value":"Tests"},{"name":"suite","value":"test_HomePage"},{"name":"subSuite","value":"TestHomePage"},{"name":"host","value":"fv-az1121-331"},{"name":"thread","value":"1772-MainThread"},{"name":"framework","value":"pytest"},{"name":"language","value":"cpython3"},{"name":"package","value":"Tests.test_HomePage"},{"name":"resultFormat","value":"allure2"}],"parameters":[{"name":"driver","value":"'firefox'"}],"links":[{"name":"C58394","url":"https://hedgehoglabqa.testrail.io/index.php?/cases/view/58394","type":"tms"},{"name":"Epic QP-356","url":"https://hedgehog-lab.atlassian.net/browse/QP-356","type":"issue"},{"name":"Story QP-269","url":"https://hedgehog-lab.atlassian.net/browse/QP-269","type":"issue"}],"hidden":true,"retry":true,"extra":{"categories":[],"tags":["flaky(reruns=3, reruns_delay=1)"]},"source":"904a081039b5ac00.json","parameterValues":["'firefox'"]}