{"uid":"9554af373af53834","name":"Check get Involved description","fullName":"Tests.test_SponsorsPage.TestSponsorsPage#test_7","historyId":"dc8a7affcd227e955de38aac3b326502","time":{"start":1732001406340,"stop":1732001406340,"duration":0},"status":"skipped","statusMessage":"Skipped: test_7[safari] depends on test_1","statusTrace":"('/Library/Frameworks/Python.framework/Versions/3.11/lib/python3.11/site-packages/pytest_dependency.py', 101, 'Skipped: test_7[safari] depends on test_1')","flaky":false,"newFailed":false,"newBroken":false,"newPassed":false,"retriesCount":0,"retriesStatusChange":false,"beforeStages":[{"name":"_session_faker","time":{"start":1732001287976,"stop":1732001288013,"duration":37},"status":"passed","steps":[],"attachments":[],"parameters":[],"stepsCount":0,"shouldDisplayMessage":false,"attachmentsCount":0,"hasContent":false,"attachmentStep":false},{"name":"driver","time":{"start":1732001288013,"stop":1732001292970,"duration":4957},"status":"passed","steps":[],"attachments":[],"parameters":[],"stepsCount":0,"shouldDisplayMessage":false,"attachmentsCount":0,"hasContent":false,"attachmentStep":false},{"name":"get_sponsors_page_content","time":{"start":1732001292976,"stop":1732001323865,"duration":30889},"status":"broken","statusMessage":"selenium.common.exceptions.NoSuchElementException: Message: ; For documentation on this error, please visit: https://www.selenium.dev/documentation/webdriver/troubleshooting/errors#no-such-element-exception\n\n","statusTrace":"  File \"/Library/Frameworks/Python.framework/Versions/3.11/lib/python3.11/site-packages/pluggy/_callers.py\", line 166, in _multicall\n    teardown.throw(outcome._exception)\n  File \"/Library/Frameworks/Python.framework/Versions/3.11/lib/python3.11/site-packages/_pytest/setuponly.py\", line 36, in pytest_fixture_setup\n    return (yield)\n            ^^^^^\n  File \"/Library/Frameworks/Python.framework/Versions/3.11/lib/python3.11/site-packages/pluggy/_callers.py\", line 102, in _multicall\n    res = hook_impl.function(*args)\n          ^^^^^^^^^^^^^^^^^^^^^^^^^\n  File \"/Library/Frameworks/Python.framework/Versions/3.11/lib/python3.11/site-packages/_pytest/fixtures.py\", line 1132, in pytest_fixture_setup\n    result = call_fixture_func(fixturefunc, request, kwargs)\n             ^^^^^^^^^^^^^^^^^^^^^^^^^^^^^^^^^^^^^^^^^^^^^^^\n  File \"/Library/Frameworks/Python.framework/Versions/3.11/lib/python3.11/site-packages/_pytest/fixtures.py\", line 913, in call_fixture_func\n    fixture_result = fixturefunc(**kwargs)\n                     ^^^^^^^^^^^^^^^^^^^^^\n  File \"/Users/runner/work/QUBA_WEB/QUBA_WEB/Tests/test_SponsorsPage.py\", line 27, in get_sponsors_page_content\n    TestSponsorsPage.sponsors_page_content = admin_obj.get_sponsors_page_content()\n                                             ^^^^^^^^^^^^^^^^^^^^^^^^^^^^^^^^^^^^^\n  File \"/Users/runner/work/QUBA_WEB/QUBA_WEB/Pages/Admin.py\", line 358, in get_sponsors_page_content\n    \"logos\": self.get_sponsors_logos_filenames(),\n             ^^^^^^^^^^^^^^^^^^^^^^^^^^^^^^^^^^^\n  File \"/Users/runner/work/QUBA_WEB/QUBA_WEB/Pages/Admin.py\", line 320, in get_sponsors_logos_filenames\n    filenames.append(self.driver.find_element(*self.sponsors_logo_filename).text)\n                     ^^^^^^^^^^^^^^^^^^^^^^^^^^^^^^^^^^^^^^^^^^^^^^^^^^^^^^\n  File \"/Library/Frameworks/Python.framework/Versions/3.11/lib/python3.11/site-packages/selenium/webdriver/remote/webdriver.py\", line 741, in find_element\n    return self.execute(Command.FIND_ELEMENT, {\"using\": by, \"value\": value})[\"value\"]\n           ^^^^^^^^^^^^^^^^^^^^^^^^^^^^^^^^^^^^^^^^^^^^^^^^^^^^^^^^^^^^^^^^^\n  File \"/Library/Frameworks/Python.framework/Versions/3.11/lib/python3.11/site-packages/selenium/webdriver/remote/webdriver.py\", line 347, in execute\n    self.error_handler.check_response(response)\n  File \"/Library/Frameworks/Python.framework/Versions/3.11/lib/python3.11/site-packages/selenium/webdriver/remote/errorhandler.py\", line 229, in check_response\n    raise exception_class(message, screen, stacktrace)\n","steps":[],"attachments":[],"parameters":[],"stepsCount":0,"shouldDisplayMessage":true,"attachmentsCount":0,"hasContent":true,"attachmentStep":false},{"name":"get_sponsors_page_content","time":{"start":1732001325111,"stop":1732001350452,"duration":25341},"status":"broken","statusMessage":"selenium.common.exceptions.NoSuchElementException: Message: ; For documentation on this error, please visit: https://www.selenium.dev/documentation/webdriver/troubleshooting/errors#no-such-element-exception\n\n","statusTrace":"  File \"/Library/Frameworks/Python.framework/Versions/3.11/lib/python3.11/site-packages/pluggy/_callers.py\", line 166, in _multicall\n    teardown.throw(outcome._exception)\n  File \"/Library/Frameworks/Python.framework/Versions/3.11/lib/python3.11/site-packages/_pytest/setuponly.py\", line 36, in pytest_fixture_setup\n    return (yield)\n            ^^^^^\n  File \"/Library/Frameworks/Python.framework/Versions/3.11/lib/python3.11/site-packages/pluggy/_callers.py\", line 102, in _multicall\n    res = hook_impl.function(*args)\n          ^^^^^^^^^^^^^^^^^^^^^^^^^\n  File \"/Library/Frameworks/Python.framework/Versions/3.11/lib/python3.11/site-packages/_pytest/fixtures.py\", line 1132, in pytest_fixture_setup\n    result = call_fixture_func(fixturefunc, request, kwargs)\n             ^^^^^^^^^^^^^^^^^^^^^^^^^^^^^^^^^^^^^^^^^^^^^^^\n  File \"/Library/Frameworks/Python.framework/Versions/3.11/lib/python3.11/site-packages/_pytest/fixtures.py\", line 913, in call_fixture_func\n    fixture_result = fixturefunc(**kwargs)\n                     ^^^^^^^^^^^^^^^^^^^^^\n  File \"/Users/runner/work/QUBA_WEB/QUBA_WEB/Tests/test_SponsorsPage.py\", line 27, in get_sponsors_page_content\n    TestSponsorsPage.sponsors_page_content = admin_obj.get_sponsors_page_content()\n                                             ^^^^^^^^^^^^^^^^^^^^^^^^^^^^^^^^^^^^^\n  File \"/Users/runner/work/QUBA_WEB/QUBA_WEB/Pages/Admin.py\", line 353, in get_sponsors_page_content\n    self.click_content_manager_button()\n  File \"/Users/runner/work/QUBA_WEB/QUBA_WEB/Pages/Admin.py\", line 100, in click_content_manager_button\n    self.driver.find_element(*self.content_manager_button).click()\n    ^^^^^^^^^^^^^^^^^^^^^^^^^^^^^^^^^^^^^^^^^^^^^^^^^^^^^^\n  File \"/Library/Frameworks/Python.framework/Versions/3.11/lib/python3.11/site-packages/selenium/webdriver/remote/webdriver.py\", line 741, in find_element\n    return self.execute(Command.FIND_ELEMENT, {\"using\": by, \"value\": value})[\"value\"]\n           ^^^^^^^^^^^^^^^^^^^^^^^^^^^^^^^^^^^^^^^^^^^^^^^^^^^^^^^^^^^^^^^^^\n  File \"/Library/Frameworks/Python.framework/Versions/3.11/lib/python3.11/site-packages/selenium/webdriver/remote/webdriver.py\", line 347, in execute\n    self.error_handler.check_response(response)\n  File \"/Library/Frameworks/Python.framework/Versions/3.11/lib/python3.11/site-packages/selenium/webdriver/remote/errorhandler.py\", line 229, in check_response\n    raise exception_class(message, screen, stacktrace)\n","steps":[],"attachments":[],"parameters":[],"stepsCount":0,"shouldDisplayMessage":true,"attachmentsCount":0,"hasContent":true,"attachmentStep":false},{"name":"get_sponsors_page_content","time":{"start":1732001351617,"stop":1732001380310,"duration":28693},"status":"broken","statusMessage":"selenium.common.exceptions.NoSuchElementException: Message: ; For documentation on this error, please visit: https://www.selenium.dev/documentation/webdriver/troubleshooting/errors#no-such-element-exception\n\n","statusTrace":"  File \"/Library/Frameworks/Python.framework/Versions/3.11/lib/python3.11/site-packages/pluggy/_callers.py\", line 166, in _multicall\n    teardown.throw(outcome._exception)\n  File \"/Library/Frameworks/Python.framework/Versions/3.11/lib/python3.11/site-packages/_pytest/setuponly.py\", line 36, in pytest_fixture_setup\n    return (yield)\n            ^^^^^\n  File \"/Library/Frameworks/Python.framework/Versions/3.11/lib/python3.11/site-packages/pluggy/_callers.py\", line 102, in _multicall\n    res = hook_impl.function(*args)\n          ^^^^^^^^^^^^^^^^^^^^^^^^^\n  File \"/Library/Frameworks/Python.framework/Versions/3.11/lib/python3.11/site-packages/_pytest/fixtures.py\", line 1132, in pytest_fixture_setup\n    result = call_fixture_func(fixturefunc, request, kwargs)\n             ^^^^^^^^^^^^^^^^^^^^^^^^^^^^^^^^^^^^^^^^^^^^^^^\n  File \"/Library/Frameworks/Python.framework/Versions/3.11/lib/python3.11/site-packages/_pytest/fixtures.py\", line 913, in call_fixture_func\n    fixture_result = fixturefunc(**kwargs)\n                     ^^^^^^^^^^^^^^^^^^^^^\n  File \"/Users/runner/work/QUBA_WEB/QUBA_WEB/Tests/test_SponsorsPage.py\", line 27, in get_sponsors_page_content\n    TestSponsorsPage.sponsors_page_content = admin_obj.get_sponsors_page_content()\n                                             ^^^^^^^^^^^^^^^^^^^^^^^^^^^^^^^^^^^^^\n  File \"/Users/runner/work/QUBA_WEB/QUBA_WEB/Pages/Admin.py\", line 353, in get_sponsors_page_content\n    self.click_content_manager_button()\n  File \"/Users/runner/work/QUBA_WEB/QUBA_WEB/Pages/Admin.py\", line 100, in click_content_manager_button\n    self.driver.find_element(*self.content_manager_button).click()\n    ^^^^^^^^^^^^^^^^^^^^^^^^^^^^^^^^^^^^^^^^^^^^^^^^^^^^^^\n  File \"/Library/Frameworks/Python.framework/Versions/3.11/lib/python3.11/site-packages/selenium/webdriver/remote/webdriver.py\", line 741, in find_element\n    return self.execute(Command.FIND_ELEMENT, {\"using\": by, \"value\": value})[\"value\"]\n           ^^^^^^^^^^^^^^^^^^^^^^^^^^^^^^^^^^^^^^^^^^^^^^^^^^^^^^^^^^^^^^^^^\n  File \"/Library/Frameworks/Python.framework/Versions/3.11/lib/python3.11/site-packages/selenium/webdriver/remote/webdriver.py\", line 347, in execute\n    self.error_handler.check_response(response)\n  File \"/Library/Frameworks/Python.framework/Versions/3.11/lib/python3.11/site-packages/selenium/webdriver/remote/errorhandler.py\", line 229, in check_response\n    raise exception_class(message, screen, stacktrace)\n","steps":[],"attachments":[],"parameters":[],"stepsCount":0,"shouldDisplayMessage":true,"attachmentsCount":0,"hasContent":true,"attachmentStep":false},{"name":"get_sponsors_page_content","time":{"start":1732001381455,"stop":1732001406267,"duration":24812},"status":"broken","statusMessage":"selenium.common.exceptions.NoSuchElementException: Message: ; For documentation on this error, please visit: https://www.selenium.dev/documentation/webdriver/troubleshooting/errors#no-such-element-exception\n\n","statusTrace":"  File \"/Library/Frameworks/Python.framework/Versions/3.11/lib/python3.11/site-packages/pluggy/_callers.py\", line 166, in _multicall\n    teardown.throw(outcome._exception)\n  File \"/Library/Frameworks/Python.framework/Versions/3.11/lib/python3.11/site-packages/_pytest/setuponly.py\", line 36, in pytest_fixture_setup\n    return (yield)\n            ^^^^^\n  File \"/Library/Frameworks/Python.framework/Versions/3.11/lib/python3.11/site-packages/pluggy/_callers.py\", line 102, in _multicall\n    res = hook_impl.function(*args)\n          ^^^^^^^^^^^^^^^^^^^^^^^^^\n  File \"/Library/Frameworks/Python.framework/Versions/3.11/lib/python3.11/site-packages/_pytest/fixtures.py\", line 1132, in pytest_fixture_setup\n    result = call_fixture_func(fixturefunc, request, kwargs)\n             ^^^^^^^^^^^^^^^^^^^^^^^^^^^^^^^^^^^^^^^^^^^^^^^\n  File \"/Library/Frameworks/Python.framework/Versions/3.11/lib/python3.11/site-packages/_pytest/fixtures.py\", line 913, in call_fixture_func\n    fixture_result = fixturefunc(**kwargs)\n                     ^^^^^^^^^^^^^^^^^^^^^\n  File \"/Users/runner/work/QUBA_WEB/QUBA_WEB/Tests/test_SponsorsPage.py\", line 27, in get_sponsors_page_content\n    TestSponsorsPage.sponsors_page_content = admin_obj.get_sponsors_page_content()\n                                             ^^^^^^^^^^^^^^^^^^^^^^^^^^^^^^^^^^^^^\n  File \"/Users/runner/work/QUBA_WEB/QUBA_WEB/Pages/Admin.py\", line 353, in get_sponsors_page_content\n    self.click_content_manager_button()\n  File \"/Users/runner/work/QUBA_WEB/QUBA_WEB/Pages/Admin.py\", line 100, in click_content_manager_button\n    self.driver.find_element(*self.content_manager_button).click()\n    ^^^^^^^^^^^^^^^^^^^^^^^^^^^^^^^^^^^^^^^^^^^^^^^^^^^^^^\n  File \"/Library/Frameworks/Python.framework/Versions/3.11/lib/python3.11/site-packages/selenium/webdriver/remote/webdriver.py\", line 741, in find_element\n    return self.execute(Command.FIND_ELEMENT, {\"using\": by, \"value\": value})[\"value\"]\n           ^^^^^^^^^^^^^^^^^^^^^^^^^^^^^^^^^^^^^^^^^^^^^^^^^^^^^^^^^^^^^^^^^\n  File \"/Library/Frameworks/Python.framework/Versions/3.11/lib/python3.11/site-packages/selenium/webdriver/remote/webdriver.py\", line 347, in execute\n    self.error_handler.check_response(response)\n  File \"/Library/Frameworks/Python.framework/Versions/3.11/lib/python3.11/site-packages/selenium/webdriver/remote/errorhandler.py\", line 229, in check_response\n    raise exception_class(message, screen, stacktrace)\n","steps":[],"attachments":[],"parameters":[],"stepsCount":0,"shouldDisplayMessage":true,"attachmentsCount":0,"hasContent":true,"attachmentStep":false}],"afterStages":[{"name":"driver::0","time":{"start":1732001406347,"stop":1732001406534,"duration":187},"status":"passed","steps":[],"attachments":[],"parameters":[],"stepsCount":0,"shouldDisplayMessage":false,"attachmentsCount":0,"hasContent":false,"attachmentStep":false}],"labels":[{"name":"feature","value":"Sponsors page"},{"name":"severity","value":"normal"},{"name":"tag","value":"dependency(depends=['test_1'])"},{"name":"tag","value":"flaky(reruns=3, reruns_delay=1)"},{"name":"parentSuite","value":"Tests"},{"name":"suite","value":"test_SponsorsPage"},{"name":"subSuite","value":"TestSponsorsPage"},{"name":"host","value":"Mac-1732000271262.local"},{"name":"thread","value":"2570-MainThread"},{"name":"framework","value":"pytest"},{"name":"language","value":"cpython3"},{"name":"package","value":"Tests.test_SponsorsPage"},{"name":"resultFormat","value":"allure2"}],"parameters":[{"name":"driver","value":"'safari'"}],"links":[{"name":"C58569","url":"https://hedgehoglabqa.testrail.io/index.php?/cases/view/58569","type":"tms"},{"name":"Epic QP-356","url":"https://hedgehog-lab.atlassian.net/browse/QP-356","type":"issue"},{"name":"Story QP-270","url":"https://hedgehog-lab.atlassian.net/browse/QP-270","type":"issue"}],"hidden":false,"retry":false,"extra":{"severity":"normal","retries":[],"categories":[],"history":{"statistic":{"failed":0,"broken":0,"skipped":2,"passed":0,"unknown":0,"total":2},"items":[{"uid":"8b8a82bddb4915c4","status":"skipped","statusDetails":"Skipped: test_7[safari] depends on test_1","time":{"start":1732000668815,"stop":1732000668815,"duration":0}}]},"tags":["flaky(reruns=3, reruns_delay=1)","dependency(depends=['test_1'])"]},"source":"9554af373af53834.json","parameterValues":["'safari'"]}