{"uid":"988ab99728a2213a","name":"Unsave a site","fullName":"Tests.test_Sites.TestSites#test_39","historyId":"ca701f063470d995ab675b0572d0f8a8","time":{"start":1733748947456,"stop":1733748969064,"duration":21608},"status":"passed","flaky":false,"newFailed":false,"newBroken":false,"newPassed":true,"retriesCount":0,"retriesStatusChange":false,"beforeStages":[{"name":"_session_faker","time":{"start":1733748048946,"stop":1733748048999,"duration":53},"status":"passed","steps":[],"attachments":[],"parameters":[],"shouldDisplayMessage":false,"stepsCount":0,"attachmentsCount":0,"hasContent":false,"attachmentStep":false},{"name":"driver","time":{"start":1733748405555,"stop":1733748406429,"duration":874},"status":"passed","steps":[],"attachments":[],"parameters":[],"shouldDisplayMessage":false,"stepsCount":0,"attachmentsCount":0,"hasContent":false,"attachmentStep":false}],"testStage":{"status":"passed","steps":[{"name":"C58748: Save site icon is not filled","time":{"start":1733748950658,"stop":1733748950663,"duration":5},"status":"passed","steps":[],"attachments":[],"parameters":[],"shouldDisplayMessage":false,"stepsCount":0,"attachmentsCount":0,"hasContent":false,"attachmentStep":false},{"name":"C58748: Site is not visible in the saved sites section","time":{"start":1733748953924,"stop":1733748969063,"duration":15139},"status":"passed","steps":[],"attachments":[],"parameters":[],"shouldDisplayMessage":false,"stepsCount":0,"attachmentsCount":0,"hasContent":false,"attachmentStep":false}],"attachments":[],"parameters":[],"shouldDisplayMessage":false,"stepsCount":2,"attachmentsCount":0,"hasContent":true,"attachmentStep":false},"afterStages":[{"name":"driver::0","time":{"start":1733748992080,"stop":1733748992126,"duration":46},"status":"passed","steps":[],"attachments":[],"parameters":[],"shouldDisplayMessage":false,"stepsCount":0,"attachmentsCount":0,"hasContent":false,"attachmentStep":false}],"labels":[{"name":"severity","value":"normal"},{"name":"feature","value":"Individual Sites"},{"name":"tag","value":"flaky(reruns=3, reruns_delay=1)"},{"name":"parentSuite","value":"Tests"},{"name":"suite","value":"test_Sites"},{"name":"subSuite","value":"TestSites"},{"name":"host","value":"Mac-1733747326504.local"},{"name":"thread","value":"2005-MainThread"},{"name":"framework","value":"pytest"},{"name":"language","value":"cpython3"},{"name":"package","value":"Tests.test_Sites"},{"name":"resultFormat","value":"allure2"}],"parameters":[{"name":"driver","value":"'safari'"}],"links":[{"name":"C58748","url":"https://hedgehoglabqa.testrail.io/index.php?/cases/view/58748","type":"tms"},{"name":"Epic QP-356","url":"https://hedgehog-lab.atlassian.net/browse/QP-356","type":"issue"},{"name":"Story QP-283","url":"https://hedgehog-lab.atlassian.net/browse/QP-283","type":"issue"}],"hidden":false,"retry":false,"extra":{"severity":"normal","retries":[],"categories":[],"history":{"statistic":{"failed":0,"broken":3,"skipped":0,"passed":5,"unknown":0,"total":8},"items":[{"uid":"d4b9ebecc477801c","status":"broken","statusDetails":"selenium.common.exceptions.TimeoutException: Message:","time":{"start":1733727791521,"stop":1733727802031,"duration":10510}},{"uid":"606dacedc8c94898","status":"broken","statusDetails":"selenium.common.exceptions.NoSuchElementException: Message: ; For documentation on this error, please visit: https://www.selenium.dev/documentation/webdriver/troubleshooting/errors#no-such-element-exception","time":{"start":1733631780703,"stop":1733631790677,"duration":9974}},{"uid":"bc6acef20688c1a5","status":"passed","time":{"start":1733044965616,"stop":1733044987064,"duration":21448}},{"uid":"d1823f483ac834d6","status":"passed","time":{"start":1733025375627,"stop":1733025397921,"duration":22294}},{"uid":"2a3771e3da9ee1d6","status":"passed","time":{"start":1732959727402,"stop":1732959749163,"duration":21761}},{"uid":"6371ec9e5fa1d003","status":"passed","time":{"start":1732957735210,"stop":1732957757129,"duration":21919}},{"uid":"d085eac2d85830ae","status":"broken","statusDetails":"selenium.common.exceptions.NoSuchElementException: Message: ; For documentation on this error, please visit: https://www.selenium.dev/documentation/webdriver/troubleshooting/errors#no-such-element-exception","time":{"start":1732899329535,"stop":1732899339787,"duration":10252}}]},"tags":["flaky(reruns=3, reruns_delay=1)"]},"source":"988ab99728a2213a.json","parameterValues":["'safari'"]}