{"uid":"9a31070de3814c79","name":"User is navigated to the Sponsors page","fullName":"Tests.test_SponsorsPage.TestSponsorsPage#test_1","historyId":"4e83dd4034ea1e802ecf52e1ee244b13","time":{"start":1732000586009,"stop":1732000586009,"duration":0},"status":"broken","statusMessage":"selenium.common.exceptions.NoSuchElementException: Message: no such element: Unable to locate element: {\"method\":\"xpath\",\"selector\":\"//label[contains(.,'logos')]/../../..//span[@class ='sc-dkPtRN cSldSA']\"}\n  (Session info: chrome=131.0.6778.69); For documentation on this error, please visit: https://www.selenium.dev/documentation/webdriver/troubleshooting/errors#no-such-element-exception\nStacktrace:\n#0 0x561b56ddf4ca <unknown>\n#1 0x561b568f2620 <unknown>\n#2 0x561b56941306 <unknown>\n#3 0x561b569415a1 <unknown>\n#4 0x561b56986a04 <unknown>\n#5 0x561b5696539d <unknown>\n#6 0x561b56983de0 <unknown>\n#7 0x561b56965113 <unknown>\n#8 0x561b56933be0 <unknown>\n#9 0x561b56934bbe <unknown>\n#10 0x561b56dabe4b <unknown>\n#11 0x561b56dafde2 <unknown>\n#12 0x561b56d98d2c <unknown>\n#13 0x561b56db0957 <unknown>\n#14 0x561b56d7e4bf <unknown>\n#15 0x561b56dce348 <unknown>\n#16 0x561b56dce510 <unknown>\n#17 0x561b56dde346 <unknown>\n#18 0x7fed33c94ac3 <unknown>","statusTrace":"self = <Tests.test_SponsorsPage.TestSponsorsPage object at 0x7f908399b150>\ndriver = <selenium.webdriver.chrome.webdriver.WebDriver (session=\"12f53e6b3283eb08f85553df0bb69c3c\")>\n\n    @pytest.fixture(scope=\"class\", autouse=True)\n    def get_sponsors_page_content(self, driver):\n        admin_obj = Admin(driver)\n        admin_obj.switch_to_admin()\n>       TestSponsorsPage.sponsors_page_content = admin_obj.get_sponsors_page_content()\n\nTests/test_SponsorsPage.py:27: \n_ _ _ _ _ _ _ _ _ _ _ _ _ _ _ _ _ _ _ _ _ _ _ _ _ _ _ _ _ _ _ _ _ _ _ _ _ _ _ _ \nPages/Admin.py:358: in get_sponsors_page_content\n    \"logos\": self.get_sponsors_logos_filenames(),\nPages/Admin.py:320: in get_sponsors_logos_filenames\n    filenames.append(self.driver.find_element(*self.sponsors_logo_filename).text)\n/opt/hostedtoolcache/Python/3.11.10/x64/lib/python3.11/site-packages/selenium/webdriver/remote/webdriver.py:741: in find_element\n    return self.execute(Command.FIND_ELEMENT, {\"using\": by, \"value\": value})[\"value\"]\n/opt/hostedtoolcache/Python/3.11.10/x64/lib/python3.11/site-packages/selenium/webdriver/remote/webdriver.py:347: in execute\n    self.error_handler.check_response(response)\n_ _ _ _ _ _ _ _ _ _ _ _ _ _ _ _ _ _ _ _ _ _ _ _ _ _ _ _ _ _ _ _ _ _ _ _ _ _ _ _ \n\nself = <selenium.webdriver.remote.errorhandler.ErrorHandler object at 0x7f908228c550>\nresponse = {'status': 404, 'value': '{\"value\":{\"error\":\"no such element\",\"message\":\"no such element: Unable to locate element: {\\...\\\\n#16 0x561b56dce510 \\\\u003Cunknown>\\\\n#17 0x561b56dde346 \\\\u003Cunknown>\\\\n#18 0x7fed33c94ac3 \\\\u003Cunknown>\\\\n\"}}'}\n\n    def check_response(self, response: Dict[str, Any]) -> None:\n        \"\"\"Checks that a JSON response from the WebDriver does not have an\n        error.\n    \n        :Args:\n         - response - The JSON response from the WebDriver server as a dictionary\n           object.\n    \n        :Raises: If the response contains an error message.\n        \"\"\"\n        status = response.get(\"status\", None)\n        if not status or status == ErrorCode.SUCCESS:\n            return\n        value = None\n        message = response.get(\"message\", \"\")\n        screen: str = response.get(\"screen\", \"\")\n        stacktrace = None\n        if isinstance(status, int):\n            value_json = response.get(\"value\", None)\n            if value_json and isinstance(value_json, str):\n                import json\n    \n                try:\n                    value = json.loads(value_json)\n                    if len(value) == 1:\n                        value = value[\"value\"]\n                    status = value.get(\"error\", None)\n                    if not status:\n                        status = value.get(\"status\", ErrorCode.UNKNOWN_ERROR)\n                        message = value.get(\"value\") or value.get(\"message\")\n                        if not isinstance(message, str):\n                            value = message\n                            message = message.get(\"message\")\n                    else:\n                        message = value.get(\"message\", None)\n                except ValueError:\n                    pass\n    \n        exception_class: Type[WebDriverException]\n        e = ErrorCode()\n        error_codes = [item for item in dir(e) if not item.startswith(\"__\")]\n        for error_code in error_codes:\n            error_info = getattr(ErrorCode, error_code)\n            if isinstance(error_info, list) and status in error_info:\n                exception_class = getattr(ExceptionMapping, error_code, WebDriverException)\n                break\n        else:\n            exception_class = WebDriverException\n    \n        if not value:\n            value = response[\"value\"]\n        if isinstance(value, str):\n            raise exception_class(value)\n        if message == \"\" and \"message\" in value:\n            message = value[\"message\"]\n    \n        screen = None  # type: ignore[assignment]\n        if \"screen\" in value:\n            screen = value[\"screen\"]\n    \n        stacktrace = None\n        st_value = value.get(\"stackTrace\") or value.get(\"stacktrace\")\n        if st_value:\n            if isinstance(st_value, str):\n                stacktrace = st_value.split(\"\\n\")\n            else:\n                stacktrace = []\n                try:\n                    for frame in st_value:\n                        line = frame.get(\"lineNumber\", \"\")\n                        file = frame.get(\"fileName\", \"<anonymous>\")\n                        if line:\n                            file = f\"{file}:{line}\"\n                        meth = frame.get(\"methodName\", \"<anonymous>\")\n                        if \"className\" in frame:\n                            meth = f\"{frame['className']}.{meth}\"\n                        msg = \"    at %s (%s)\"\n                        msg = msg % (meth, file)\n                        stacktrace.append(msg)\n                except TypeError:\n                    pass\n        if exception_class == UnexpectedAlertPresentException:\n            alert_text = None\n            if \"data\" in value:\n                alert_text = value[\"data\"].get(\"text\")\n            elif \"alert\" in value:\n                alert_text = value[\"alert\"].get(\"text\")\n            raise exception_class(message, screen, stacktrace, alert_text)  # type: ignore[call-arg]  # mypy is not smart enough here\n>       raise exception_class(message, screen, stacktrace)\nE       selenium.common.exceptions.NoSuchElementException: Message: no such element: Unable to locate element: {\"method\":\"xpath\",\"selector\":\"//label[contains(.,'logos')]/../../..//span[@class ='sc-dkPtRN cSldSA']\"}\nE         (Session info: chrome=131.0.6778.69); For documentation on this error, please visit: https://www.selenium.dev/documentation/webdriver/troubleshooting/errors#no-such-element-exception\nE       Stacktrace:\nE       #0 0x561b56ddf4ca <unknown>\nE       #1 0x561b568f2620 <unknown>\nE       #2 0x561b56941306 <unknown>\nE       #3 0x561b569415a1 <unknown>\nE       #4 0x561b56986a04 <unknown>\nE       #5 0x561b5696539d <unknown>\nE       #6 0x561b56983de0 <unknown>\nE       #7 0x561b56965113 <unknown>\nE       #8 0x561b56933be0 <unknown>\nE       #9 0x561b56934bbe <unknown>\nE       #10 0x561b56dabe4b <unknown>\nE       #11 0x561b56dafde2 <unknown>\nE       #12 0x561b56d98d2c <unknown>\nE       #13 0x561b56db0957 <unknown>\nE       #14 0x561b56d7e4bf <unknown>\nE       #15 0x561b56dce348 <unknown>\nE       #16 0x561b56dce510 <unknown>\nE       #17 0x561b56dde346 <unknown>\nE       #18 0x7fed33c94ac3 <unknown>\n\n/opt/hostedtoolcache/Python/3.11.10/x64/lib/python3.11/site-packages/selenium/webdriver/remote/errorhandler.py:229: NoSuchElementException","flaky":false,"newFailed":false,"newBroken":false,"newPassed":false,"retriesCount":0,"retriesStatusChange":false,"beforeStages":[{"name":"_session_faker","time":{"start":1732000586010,"stop":1732000586064,"duration":54},"status":"passed","steps":[],"attachments":[],"parameters":[],"stepsCount":0,"shouldDisplayMessage":false,"attachmentsCount":0,"hasContent":false,"attachmentStep":false},{"name":"driver","time":{"start":1732000586065,"stop":1732000600678,"duration":14613},"status":"passed","steps":[],"attachments":[],"parameters":[],"stepsCount":0,"shouldDisplayMessage":false,"attachmentsCount":0,"hasContent":false,"attachmentStep":false},{"name":"get_sponsors_page_content","time":{"start":1732000600679,"stop":1732000621611,"duration":20932},"status":"broken","statusMessage":"selenium.common.exceptions.NoSuchElementException: Message: no such element: Unable to locate element: {\"method\":\"xpath\",\"selector\":\"//label[contains(.,'logos')]/../../..//span[@class ='sc-dkPtRN cSldSA']\"}\n  (Session info: chrome=131.0.6778.69); For documentation on this error, please visit: https://www.selenium.dev/documentation/webdriver/troubleshooting/errors#no-such-element-exception\nStacktrace:\n#0 0x561b56ddf4ca <unknown>\n#1 0x561b568f2620 <unknown>\n#2 0x561b56941306 <unknown>\n#3 0x561b569415a1 <unknown>\n#4 0x561b56986a04 <unknown>\n#5 0x561b5696539d <unknown>\n#6 0x561b56983de0 <unknown>\n#7 0x561b56965113 <unknown>\n#8 0x561b56933be0 <unknown>\n#9 0x561b56934bbe <unknown>\n#10 0x561b56dabe4b <unknown>\n#11 0x561b56dafde2 <unknown>\n#12 0x561b56d98d2c <unknown>\n#13 0x561b56db0957 <unknown>\n#14 0x561b56d7e4bf <unknown>\n#15 0x561b56dce348 <unknown>\n#16 0x561b56dce510 <unknown>\n#17 0x561b56dde346 <unknown>\n#18 0x7fed33c94ac3 <unknown>\n\n","statusTrace":"  File \"/opt/hostedtoolcache/Python/3.11.10/x64/lib/python3.11/site-packages/pluggy/_callers.py\", line 166, in _multicall\n    teardown.throw(outcome._exception)\n  File \"/opt/hostedtoolcache/Python/3.11.10/x64/lib/python3.11/site-packages/_pytest/setuponly.py\", line 36, in pytest_fixture_setup\n    return (yield)\n            ^^^^^\n  File \"/opt/hostedtoolcache/Python/3.11.10/x64/lib/python3.11/site-packages/pluggy/_callers.py\", line 102, in _multicall\n    res = hook_impl.function(*args)\n          ^^^^^^^^^^^^^^^^^^^^^^^^^\n  File \"/opt/hostedtoolcache/Python/3.11.10/x64/lib/python3.11/site-packages/_pytest/fixtures.py\", line 1132, in pytest_fixture_setup\n    result = call_fixture_func(fixturefunc, request, kwargs)\n             ^^^^^^^^^^^^^^^^^^^^^^^^^^^^^^^^^^^^^^^^^^^^^^^\n  File \"/opt/hostedtoolcache/Python/3.11.10/x64/lib/python3.11/site-packages/_pytest/fixtures.py\", line 913, in call_fixture_func\n    fixture_result = fixturefunc(**kwargs)\n                     ^^^^^^^^^^^^^^^^^^^^^\n  File \"/home/runner/work/QUBA_WEB/QUBA_WEB/Tests/test_SponsorsPage.py\", line 27, in get_sponsors_page_content\n    TestSponsorsPage.sponsors_page_content = admin_obj.get_sponsors_page_content()\n                                             ^^^^^^^^^^^^^^^^^^^^^^^^^^^^^^^^^^^^^\n  File \"/home/runner/work/QUBA_WEB/QUBA_WEB/Pages/Admin.py\", line 358, in get_sponsors_page_content\n    \"logos\": self.get_sponsors_logos_filenames(),\n             ^^^^^^^^^^^^^^^^^^^^^^^^^^^^^^^^^^^\n  File \"/home/runner/work/QUBA_WEB/QUBA_WEB/Pages/Admin.py\", line 320, in get_sponsors_logos_filenames\n    filenames.append(self.driver.find_element(*self.sponsors_logo_filename).text)\n                     ^^^^^^^^^^^^^^^^^^^^^^^^^^^^^^^^^^^^^^^^^^^^^^^^^^^^^^\n  File \"/opt/hostedtoolcache/Python/3.11.10/x64/lib/python3.11/site-packages/selenium/webdriver/remote/webdriver.py\", line 741, in find_element\n    return self.execute(Command.FIND_ELEMENT, {\"using\": by, \"value\": value})[\"value\"]\n           ^^^^^^^^^^^^^^^^^^^^^^^^^^^^^^^^^^^^^^^^^^^^^^^^^^^^^^^^^^^^^^^^^\n  File \"/opt/hostedtoolcache/Python/3.11.10/x64/lib/python3.11/site-packages/selenium/webdriver/remote/webdriver.py\", line 347, in execute\n    self.error_handler.check_response(response)\n  File \"/opt/hostedtoolcache/Python/3.11.10/x64/lib/python3.11/site-packages/selenium/webdriver/remote/errorhandler.py\", line 229, in check_response\n    raise exception_class(message, screen, stacktrace)\n","steps":[],"attachments":[],"parameters":[],"stepsCount":0,"shouldDisplayMessage":true,"attachmentsCount":0,"hasContent":true,"attachmentStep":false},{"name":"get_sponsors_page_content","time":{"start":1732000622685,"stop":1732000634210,"duration":11525},"status":"broken","statusMessage":"selenium.common.exceptions.NoSuchElementException: Message: no such element: Unable to locate element: {\"method\":\"xpath\",\"selector\":\"(//span[.='Content Manager'])[1]/..\"}\n  (Session info: chrome=131.0.6778.69); For documentation on this error, please visit: https://www.selenium.dev/documentation/webdriver/troubleshooting/errors#no-such-element-exception\nStacktrace:\n#0 0x561b56ddf4ca <unknown>\n#1 0x561b568f2620 <unknown>\n#2 0x561b56941306 <unknown>\n#3 0x561b569415a1 <unknown>\n#4 0x561b56986a04 <unknown>\n#5 0x561b5696539d <unknown>\n#6 0x561b56983de0 <unknown>\n#7 0x561b56965113 <unknown>\n#8 0x561b56933be0 <unknown>\n#9 0x561b56934bbe <unknown>\n#10 0x561b56dabe4b <unknown>\n#11 0x561b56dafde2 <unknown>\n#12 0x561b56d98d2c <unknown>\n#13 0x561b56db0957 <unknown>\n#14 0x561b56d7e4bf <unknown>\n#15 0x561b56dce348 <unknown>\n#16 0x561b56dce510 <unknown>\n#17 0x561b56dde346 <unknown>\n#18 0x7fed33c94ac3 <unknown>\n\n","statusTrace":"  File \"/opt/hostedtoolcache/Python/3.11.10/x64/lib/python3.11/site-packages/pluggy/_callers.py\", line 166, in _multicall\n    teardown.throw(outcome._exception)\n  File \"/opt/hostedtoolcache/Python/3.11.10/x64/lib/python3.11/site-packages/_pytest/setuponly.py\", line 36, in pytest_fixture_setup\n    return (yield)\n            ^^^^^\n  File \"/opt/hostedtoolcache/Python/3.11.10/x64/lib/python3.11/site-packages/pluggy/_callers.py\", line 102, in _multicall\n    res = hook_impl.function(*args)\n          ^^^^^^^^^^^^^^^^^^^^^^^^^\n  File \"/opt/hostedtoolcache/Python/3.11.10/x64/lib/python3.11/site-packages/_pytest/fixtures.py\", line 1132, in pytest_fixture_setup\n    result = call_fixture_func(fixturefunc, request, kwargs)\n             ^^^^^^^^^^^^^^^^^^^^^^^^^^^^^^^^^^^^^^^^^^^^^^^\n  File \"/opt/hostedtoolcache/Python/3.11.10/x64/lib/python3.11/site-packages/_pytest/fixtures.py\", line 913, in call_fixture_func\n    fixture_result = fixturefunc(**kwargs)\n                     ^^^^^^^^^^^^^^^^^^^^^\n  File \"/home/runner/work/QUBA_WEB/QUBA_WEB/Tests/test_SponsorsPage.py\", line 27, in get_sponsors_page_content\n    TestSponsorsPage.sponsors_page_content = admin_obj.get_sponsors_page_content()\n                                             ^^^^^^^^^^^^^^^^^^^^^^^^^^^^^^^^^^^^^\n  File \"/home/runner/work/QUBA_WEB/QUBA_WEB/Pages/Admin.py\", line 353, in get_sponsors_page_content\n    self.click_content_manager_button()\n  File \"/home/runner/work/QUBA_WEB/QUBA_WEB/Pages/Admin.py\", line 100, in click_content_manager_button\n    self.driver.find_element(*self.content_manager_button).click()\n    ^^^^^^^^^^^^^^^^^^^^^^^^^^^^^^^^^^^^^^^^^^^^^^^^^^^^^^\n  File \"/opt/hostedtoolcache/Python/3.11.10/x64/lib/python3.11/site-packages/selenium/webdriver/remote/webdriver.py\", line 741, in find_element\n    return self.execute(Command.FIND_ELEMENT, {\"using\": by, \"value\": value})[\"value\"]\n           ^^^^^^^^^^^^^^^^^^^^^^^^^^^^^^^^^^^^^^^^^^^^^^^^^^^^^^^^^^^^^^^^^\n  File \"/opt/hostedtoolcache/Python/3.11.10/x64/lib/python3.11/site-packages/selenium/webdriver/remote/webdriver.py\", line 347, in execute\n    self.error_handler.check_response(response)\n  File \"/opt/hostedtoolcache/Python/3.11.10/x64/lib/python3.11/site-packages/selenium/webdriver/remote/errorhandler.py\", line 229, in check_response\n    raise exception_class(message, screen, stacktrace)\n","steps":[],"attachments":[],"parameters":[],"stepsCount":0,"shouldDisplayMessage":true,"attachmentsCount":0,"hasContent":true,"attachmentStep":false},{"name":"get_sponsors_page_content","time":{"start":1732000635242,"stop":1732000646520,"duration":11278},"status":"broken","statusMessage":"selenium.common.exceptions.NoSuchElementException: Message: no such element: Unable to locate element: {\"method\":\"xpath\",\"selector\":\"(//span[.='Content Manager'])[1]/..\"}\n  (Session info: chrome=131.0.6778.69); For documentation on this error, please visit: https://www.selenium.dev/documentation/webdriver/troubleshooting/errors#no-such-element-exception\nStacktrace:\n#0 0x561b56ddf4ca <unknown>\n#1 0x561b568f2620 <unknown>\n#2 0x561b56941306 <unknown>\n#3 0x561b569415a1 <unknown>\n#4 0x561b56986a04 <unknown>\n#5 0x561b5696539d <unknown>\n#6 0x561b56983de0 <unknown>\n#7 0x561b56965113 <unknown>\n#8 0x561b56933be0 <unknown>\n#9 0x561b56934bbe <unknown>\n#10 0x561b56dabe4b <unknown>\n#11 0x561b56dafde2 <unknown>\n#12 0x561b56d98d2c <unknown>\n#13 0x561b56db0957 <unknown>\n#14 0x561b56d7e4bf <unknown>\n#15 0x561b56dce348 <unknown>\n#16 0x561b56dce510 <unknown>\n#17 0x561b56dde346 <unknown>\n#18 0x7fed33c94ac3 <unknown>\n\n","statusTrace":"  File \"/opt/hostedtoolcache/Python/3.11.10/x64/lib/python3.11/site-packages/pluggy/_callers.py\", line 166, in _multicall\n    teardown.throw(outcome._exception)\n  File \"/opt/hostedtoolcache/Python/3.11.10/x64/lib/python3.11/site-packages/_pytest/setuponly.py\", line 36, in pytest_fixture_setup\n    return (yield)\n            ^^^^^\n  File \"/opt/hostedtoolcache/Python/3.11.10/x64/lib/python3.11/site-packages/pluggy/_callers.py\", line 102, in _multicall\n    res = hook_impl.function(*args)\n          ^^^^^^^^^^^^^^^^^^^^^^^^^\n  File \"/opt/hostedtoolcache/Python/3.11.10/x64/lib/python3.11/site-packages/_pytest/fixtures.py\", line 1132, in pytest_fixture_setup\n    result = call_fixture_func(fixturefunc, request, kwargs)\n             ^^^^^^^^^^^^^^^^^^^^^^^^^^^^^^^^^^^^^^^^^^^^^^^\n  File \"/opt/hostedtoolcache/Python/3.11.10/x64/lib/python3.11/site-packages/_pytest/fixtures.py\", line 913, in call_fixture_func\n    fixture_result = fixturefunc(**kwargs)\n                     ^^^^^^^^^^^^^^^^^^^^^\n  File \"/home/runner/work/QUBA_WEB/QUBA_WEB/Tests/test_SponsorsPage.py\", line 27, in get_sponsors_page_content\n    TestSponsorsPage.sponsors_page_content = admin_obj.get_sponsors_page_content()\n                                             ^^^^^^^^^^^^^^^^^^^^^^^^^^^^^^^^^^^^^\n  File \"/home/runner/work/QUBA_WEB/QUBA_WEB/Pages/Admin.py\", line 353, in get_sponsors_page_content\n    self.click_content_manager_button()\n  File \"/home/runner/work/QUBA_WEB/QUBA_WEB/Pages/Admin.py\", line 100, in click_content_manager_button\n    self.driver.find_element(*self.content_manager_button).click()\n    ^^^^^^^^^^^^^^^^^^^^^^^^^^^^^^^^^^^^^^^^^^^^^^^^^^^^^^\n  File \"/opt/hostedtoolcache/Python/3.11.10/x64/lib/python3.11/site-packages/selenium/webdriver/remote/webdriver.py\", line 741, in find_element\n    return self.execute(Command.FIND_ELEMENT, {\"using\": by, \"value\": value})[\"value\"]\n           ^^^^^^^^^^^^^^^^^^^^^^^^^^^^^^^^^^^^^^^^^^^^^^^^^^^^^^^^^^^^^^^^^\n  File \"/opt/hostedtoolcache/Python/3.11.10/x64/lib/python3.11/site-packages/selenium/webdriver/remote/webdriver.py\", line 347, in execute\n    self.error_handler.check_response(response)\n  File \"/opt/hostedtoolcache/Python/3.11.10/x64/lib/python3.11/site-packages/selenium/webdriver/remote/errorhandler.py\", line 229, in check_response\n    raise exception_class(message, screen, stacktrace)\n","steps":[],"attachments":[],"parameters":[],"stepsCount":0,"shouldDisplayMessage":true,"attachmentsCount":0,"hasContent":true,"attachmentStep":false},{"name":"get_sponsors_page_content","time":{"start":1732000647551,"stop":1732000658817,"duration":11266},"status":"broken","statusMessage":"selenium.common.exceptions.NoSuchElementException: Message: no such element: Unable to locate element: {\"method\":\"xpath\",\"selector\":\"(//span[.='Content Manager'])[1]/..\"}\n  (Session info: chrome=131.0.6778.69); For documentation on this error, please visit: https://www.selenium.dev/documentation/webdriver/troubleshooting/errors#no-such-element-exception\nStacktrace:\n#0 0x561b56ddf4ca <unknown>\n#1 0x561b568f2620 <unknown>\n#2 0x561b56941306 <unknown>\n#3 0x561b569415a1 <unknown>\n#4 0x561b56986a04 <unknown>\n#5 0x561b5696539d <unknown>\n#6 0x561b56983de0 <unknown>\n#7 0x561b56965113 <unknown>\n#8 0x561b56933be0 <unknown>\n#9 0x561b56934bbe <unknown>\n#10 0x561b56dabe4b <unknown>\n#11 0x561b56dafde2 <unknown>\n#12 0x561b56d98d2c <unknown>\n#13 0x561b56db0957 <unknown>\n#14 0x561b56d7e4bf <unknown>\n#15 0x561b56dce348 <unknown>\n#16 0x561b56dce510 <unknown>\n#17 0x561b56dde346 <unknown>\n#18 0x7fed33c94ac3 <unknown>\n\n","statusTrace":"  File \"/opt/hostedtoolcache/Python/3.11.10/x64/lib/python3.11/site-packages/pluggy/_callers.py\", line 166, in _multicall\n    teardown.throw(outcome._exception)\n  File \"/opt/hostedtoolcache/Python/3.11.10/x64/lib/python3.11/site-packages/_pytest/setuponly.py\", line 36, in pytest_fixture_setup\n    return (yield)\n            ^^^^^\n  File \"/opt/hostedtoolcache/Python/3.11.10/x64/lib/python3.11/site-packages/pluggy/_callers.py\", line 102, in _multicall\n    res = hook_impl.function(*args)\n          ^^^^^^^^^^^^^^^^^^^^^^^^^\n  File \"/opt/hostedtoolcache/Python/3.11.10/x64/lib/python3.11/site-packages/_pytest/fixtures.py\", line 1132, in pytest_fixture_setup\n    result = call_fixture_func(fixturefunc, request, kwargs)\n             ^^^^^^^^^^^^^^^^^^^^^^^^^^^^^^^^^^^^^^^^^^^^^^^\n  File \"/opt/hostedtoolcache/Python/3.11.10/x64/lib/python3.11/site-packages/_pytest/fixtures.py\", line 913, in call_fixture_func\n    fixture_result = fixturefunc(**kwargs)\n                     ^^^^^^^^^^^^^^^^^^^^^\n  File \"/home/runner/work/QUBA_WEB/QUBA_WEB/Tests/test_SponsorsPage.py\", line 27, in get_sponsors_page_content\n    TestSponsorsPage.sponsors_page_content = admin_obj.get_sponsors_page_content()\n                                             ^^^^^^^^^^^^^^^^^^^^^^^^^^^^^^^^^^^^^\n  File \"/home/runner/work/QUBA_WEB/QUBA_WEB/Pages/Admin.py\", line 353, in get_sponsors_page_content\n    self.click_content_manager_button()\n  File \"/home/runner/work/QUBA_WEB/QUBA_WEB/Pages/Admin.py\", line 100, in click_content_manager_button\n    self.driver.find_element(*self.content_manager_button).click()\n    ^^^^^^^^^^^^^^^^^^^^^^^^^^^^^^^^^^^^^^^^^^^^^^^^^^^^^^\n  File \"/opt/hostedtoolcache/Python/3.11.10/x64/lib/python3.11/site-packages/selenium/webdriver/remote/webdriver.py\", line 741, in find_element\n    return self.execute(Command.FIND_ELEMENT, {\"using\": by, \"value\": value})[\"value\"]\n           ^^^^^^^^^^^^^^^^^^^^^^^^^^^^^^^^^^^^^^^^^^^^^^^^^^^^^^^^^^^^^^^^^\n  File \"/opt/hostedtoolcache/Python/3.11.10/x64/lib/python3.11/site-packages/selenium/webdriver/remote/webdriver.py\", line 347, in execute\n    self.error_handler.check_response(response)\n  File \"/opt/hostedtoolcache/Python/3.11.10/x64/lib/python3.11/site-packages/selenium/webdriver/remote/errorhandler.py\", line 229, in check_response\n    raise exception_class(message, screen, stacktrace)\n","steps":[],"attachments":[],"parameters":[],"stepsCount":0,"shouldDisplayMessage":true,"attachmentsCount":0,"hasContent":true,"attachmentStep":false}],"afterStages":[{"name":"driver::0","time":{"start":1732000658860,"stop":1732000658941,"duration":81},"status":"passed","steps":[],"attachments":[],"parameters":[],"stepsCount":0,"shouldDisplayMessage":false,"attachmentsCount":0,"hasContent":false,"attachmentStep":false}],"labels":[{"name":"severity","value":"critical"},{"name":"feature","value":"Sponsors page"},{"name":"tag","value":"dependency(name='test_1')"},{"name":"tag","value":"flaky(reruns=3, reruns_delay=1)"},{"name":"parentSuite","value":"Tests"},{"name":"suite","value":"test_SponsorsPage"},{"name":"subSuite","value":"TestSponsorsPage"},{"name":"host","value":"fv-az1980-820"},{"name":"thread","value":"1859-MainThread"},{"name":"framework","value":"pytest"},{"name":"language","value":"cpython3"},{"name":"package","value":"Tests.test_SponsorsPage"},{"name":"resultFormat","value":"allure2"}],"parameters":[{"name":"driver","value":"'chrome'"}],"links":[{"name":"C58557","url":"https://hedgehoglabqa.testrail.io/index.php?/cases/view/58557","type":"tms"},{"name":"Epic QP-356","url":"https://hedgehog-lab.atlassian.net/browse/QP-356","type":"issue"},{"name":"Story QP-270","url":"https://hedgehog-lab.atlassian.net/browse/QP-270","type":"issue"}],"hidden":true,"retry":true,"extra":{"categories":[],"tags":["dependency(name='test_1')","flaky(reruns=3, reruns_delay=1)"]},"source":"9a31070de3814c79.json","parameterValues":["'chrome'"]}