{"uid":"9af1d16220cd7407","name":"Successful login","fullName":"Tests.test_Login.TestLogin#test_3","historyId":"5c1631479cca5fe1ebc32033458703b7","time":{"start":1731924744518,"stop":1731924757352,"duration":12834},"status":"passed","flaky":false,"newFailed":false,"newBroken":false,"newPassed":false,"retriesCount":0,"retriesStatusChange":false,"beforeStages":[{"name":"_session_faker","time":{"start":1731924451382,"stop":1731924451424,"duration":42},"status":"passed","steps":[],"attachments":[],"parameters":[],"stepsCount":0,"shouldDisplayMessage":false,"attachmentsCount":0,"hasContent":false,"attachmentStep":false},{"name":"driver","time":{"start":1731924717580,"stop":1731924720745,"duration":3165},"status":"passed","steps":[],"attachments":[],"parameters":[],"stepsCount":0,"shouldDisplayMessage":false,"attachmentsCount":0,"hasContent":false,"attachmentStep":false},{"name":"setup","time":{"start":1731924744517,"stop":1731924744517,"duration":0},"status":"passed","steps":[],"attachments":[],"parameters":[],"stepsCount":0,"shouldDisplayMessage":false,"attachmentsCount":0,"hasContent":false,"attachmentStep":false}],"testStage":{"status":"passed","steps":[{"name":"Logout button is visible","time":{"start":1731924752177,"stop":1731924757321,"duration":5144},"status":"passed","steps":[],"attachments":[],"parameters":[],"stepsCount":0,"shouldDisplayMessage":false,"attachmentsCount":0,"hasContent":false,"attachmentStep":false}],"attachments":[],"parameters":[],"stepsCount":1,"shouldDisplayMessage":false,"attachmentsCount":0,"hasContent":true,"attachmentStep":false},"afterStages":[{"name":"driver::0","time":{"start":1731924762307,"stop":1731924762579,"duration":272},"status":"passed","steps":[],"attachments":[],"parameters":[],"stepsCount":0,"shouldDisplayMessage":false,"attachmentsCount":0,"hasContent":false,"attachmentStep":false}],"labels":[{"name":"severity","value":"critical"},{"name":"feature","value":"Login"},{"name":"tag","value":"flaky(reruns=3, reruns_delay=0.5, rerun_except='assert')"},{"name":"parentSuite","value":"Tests"},{"name":"suite","value":"test_Login"},{"name":"subSuite","value":"TestLogin"},{"name":"host","value":"Mac-1731923996467.local"},{"name":"thread","value":"2028-MainThread"},{"name":"framework","value":"pytest"},{"name":"language","value":"cpython3"},{"name":"package","value":"Tests.test_Login"},{"name":"resultFormat","value":"allure2"}],"parameters":[{"name":"driver","value":"'safari'"}],"links":[],"hidden":false,"retry":false,"extra":{"severity":"critical","retries":[],"categories":[],"history":{"statistic":{"failed":0,"broken":4,"skipped":0,"passed":7,"unknown":0,"total":11},"items":[{"uid":"9b3e537eaa641f2","status":"passed","time":{"start":1731914247584,"stop":1731914260168,"duration":12584}},{"uid":"7971cc7924336d4c","status":"broken","statusDetails":"TypeError: MainNavigation.wait_page_to_load() takes 1 positional argument but 2 were given","time":{"start":1731814721122,"stop":1731814721532,"duration":410}},{"uid":"db7505d87c8315cd","status":"broken","statusDetails":"TypeError: MainNavigation.wait_page_to_load() takes 1 positional argument but 2 were given","time":{"start":1731684845415,"stop":1731684845789,"duration":374}},{"uid":"2acf6b4686e42fae","status":"passed","time":{"start":1731208922030,"stop":1731208933688,"duration":11658}},{"uid":"832b5a32228b6404","status":"passed","time":{"start":1730604442417,"stop":1730604455411,"duration":12994}},{"uid":"2032555109eb1413","status":"passed","time":{"start":1730469245660,"stop":1730469258166,"duration":12506}},{"uid":"67c57b7c846e2a7f","status":"passed","time":{"start":1730463535801,"stop":1730463547044,"duration":11243}},{"uid":"642fb7b6e0748e4e","status":"passed","time":{"start":1730463256759,"stop":1730463268620,"duration":11861}},{"uid":"5b5123fb09378a65","status":"broken","statusDetails":"selenium.common.exceptions.NoSuchElementException: Message: ; For documentation on this error, please visit: https://www.selenium.dev/documentation/webdriver/troubleshooting/errors#no-such-element-exception","time":{"start":1730462150751,"stop":1730462163483,"duration":12732}},{"uid":"2109f2c605341c35","status":"broken","statusDetails":"selenium.common.exceptions.NoSuchElementException: Message: ; For documentation on this error, please visit: https://www.selenium.dev/documentation/webdriver/troubleshooting/errors#no-such-element-exception","time":{"start":1730460789246,"stop":1730460800787,"duration":11541}}]},"tags":["flaky(reruns=3, reruns_delay=0.5, rerun_except='assert')"]},"source":"9af1d16220cd7407.json","parameterValues":["'safari'"]}