{"uid":"a97194c0b1af7c86","name":"Unsuccessfully login with email: simeon.hhl.qa@gmail.co and password: Test#1234","fullName":"Tests.test_Login.TestLogin#test_2","historyId":"72389a07c4dfe87a99b9175d25d778b7","time":{"start":1732012841514,"stop":1732012843840,"duration":2326},"status":"passed","flaky":false,"newFailed":false,"newBroken":false,"newPassed":false,"retriesCount":0,"retriesStatusChange":false,"beforeStages":[{"name":"_session_faker","time":{"start":1732012584217,"stop":1732012584274,"duration":57},"status":"passed","steps":[],"attachments":[],"parameters":[],"stepsCount":0,"shouldDisplayMessage":false,"attachmentsCount":0,"hasContent":false,"attachmentStep":false},{"name":"driver","time":{"start":1732012835548,"stop":1732012835810,"duration":262},"status":"passed","steps":[],"attachments":[],"parameters":[],"stepsCount":0,"shouldDisplayMessage":false,"attachmentsCount":0,"hasContent":false,"attachmentStep":false},{"name":"setup","time":{"start":1732012841514,"stop":1732012841514,"duration":0},"status":"passed","steps":[],"attachments":[],"parameters":[],"stepsCount":0,"shouldDisplayMessage":false,"attachmentsCount":0,"hasContent":false,"attachmentStep":false}],"testStage":{"status":"passed","steps":[{"name":"Check for error","time":{"start":1732012842255,"stop":1732012843823,"duration":1568},"status":"passed","steps":[],"attachments":[],"parameters":[],"stepsCount":0,"shouldDisplayMessage":false,"attachmentsCount":0,"hasContent":false,"attachmentStep":false},{"name":"Check the error text","time":{"start":1732012843824,"stop":1732012843840,"duration":16},"status":"passed","steps":[],"attachments":[],"parameters":[],"stepsCount":0,"shouldDisplayMessage":false,"attachmentsCount":0,"hasContent":false,"attachmentStep":false}],"attachments":[],"parameters":[],"stepsCount":2,"shouldDisplayMessage":false,"attachmentsCount":0,"hasContent":true,"attachmentStep":false},"afterStages":[{"name":"driver::0","time":{"start":1732012855827,"stop":1732012855900,"duration":73},"status":"passed","steps":[],"attachments":[],"parameters":[],"stepsCount":0,"shouldDisplayMessage":false,"attachmentsCount":0,"hasContent":false,"attachmentStep":false}],"labels":[{"name":"severity","value":"normal"},{"name":"feature","value":"Login"},{"name":"tag","value":"flaky(reruns=3, reruns_delay=0.5, rerun_except='assert')"},{"name":"parentSuite","value":"Tests"},{"name":"suite","value":"test_Login"},{"name":"subSuite","value":"TestLogin"},{"name":"host","value":"fv-az665-524"},{"name":"thread","value":"1858-MainThread"},{"name":"framework","value":"pytest"},{"name":"language","value":"cpython3"},{"name":"package","value":"Tests.test_Login"},{"name":"resultFormat","value":"allure2"}],"parameters":[{"name":"driver","value":"'chrome'"},{"name":"email","value":"'simeon.hhl.qa@gmail.co'"},{"name":"error","value":"'There was a problem logging you in. Please try again.'"},{"name":"password","value":"'Test#1234'"}],"links":[],"hidden":false,"retry":false,"extra":{"severity":"normal","retries":[],"categories":[],"history":{"statistic":{"failed":0,"broken":2,"skipped":0,"passed":8,"unknown":0,"total":10},"items":[{"uid":"ad09ccbfae708a39","status":"passed","time":{"start":1731924733791,"stop":1731924736905,"duration":3114}},{"uid":"3368f1d53344cfa1","status":"passed","time":{"start":1731914213773,"stop":1731914216676,"duration":2903}},{"uid":"9128f7865019266f","status":"broken","statusDetails":"selenium.common.exceptions.NoSuchElementException: Message: no such element: Unable to locate element: {\"method\":\"css selector\",\"selector\":\"[id=\"email\"]\"}\n  (Session info: chrome=131.0.6778.69); For documentation on this error, please visit: https://www.selenium.dev/documentation/webdriver/troubleshooting/errors#no-such-element-exception\nStacktrace:\n#0 0x55c25d1154ca <unknown>\n#1 0x55c25cc28620 <unknown>\n#2 0x55c25cc77306 <unknown>\n#3 0x55c25cc775a1 <unknown>\n#4 0x55c25ccbca04 <unknown>\n#5 0x55c25cc9b39d <unknown>\n#6 0x55c25ccb9de0 <unknown>\n#7 0x55c25cc9b113 <unknown>\n#8 0x55c25cc69be0 <unknown>\n#9 0x55c25cc6abbe <unknown>\n#10 0x55c25d0e1e4b <unknown>\n#11 0x55c25d0e5de2 <unknown>\n#12 0x55c25d0ced2c <unknown>\n#13 0x55c25d0e6957 <unknown>\n#14 0x55c25d0b44bf <unknown>\n#15 0x55c25d104348 <unknown>\n#16 0x55c25d104510 <unknown>\n#17 0x55c25d114346 <unknown>\n#18 0x7f7752a94ac3 <unknown>","time":{"start":1731814524363,"stop":1731814534742,"duration":10379}},{"uid":"9c906e446f1614ba","status":"broken","statusDetails":"selenium.common.exceptions.NoSuchElementException: Message: no such element: Unable to locate element: {\"method\":\"css selector\",\"selector\":\"[id=\"email\"]\"}\n  (Session info: chrome=131.0.6778.69); For documentation on this error, please visit: https://www.selenium.dev/documentation/webdriver/troubleshooting/errors#no-such-element-exception\nStacktrace:\n#0 0x55a3d409a4ca <unknown>\n#1 0x55a3d3bad620 <unknown>\n#2 0x55a3d3bfc306 <unknown>\n#3 0x55a3d3bfc5a1 <unknown>\n#4 0x55a3d3c41a04 <unknown>\n#5 0x55a3d3c2039d <unknown>\n#6 0x55a3d3c3ede0 <unknown>\n#7 0x55a3d3c20113 <unknown>\n#8 0x55a3d3beebe0 <unknown>\n#9 0x55a3d3befbbe <unknown>\n#10 0x55a3d4066e4b <unknown>\n#11 0x55a3d406ade2 <unknown>\n#12 0x55a3d4053d2c <unknown>\n#13 0x55a3d406b957 <unknown>\n#14 0x55a3d40394bf <unknown>\n#15 0x55a3d4089348 <unknown>\n#16 0x55a3d4089510 <unknown>\n#17 0x55a3d4099346 <unknown>\n#18 0x7f9306094ac3 <unknown>","time":{"start":1731684623810,"stop":1731684634700,"duration":10890}},{"uid":"70e50a9a44bb8017","status":"passed","time":{"start":1731208888199,"stop":1731208891016,"duration":2817}},{"uid":"9fb9edf7ae7ba8f4","status":"passed","time":{"start":1730604402068,"stop":1730604404553,"duration":2485}},{"uid":"d616d44e43eb861d","status":"passed","time":{"start":1730469222232,"stop":1730469224597,"duration":2365}},{"uid":"d42758ede24e92a3","status":"passed","time":{"start":1730463514714,"stop":1730463517495,"duration":2781}},{"uid":"b0d940014c700bf2","status":"passed","time":{"start":1730460753014,"stop":1730460756091,"duration":3077}}]},"tags":["flaky(reruns=3, reruns_delay=0.5, rerun_except='assert')"]},"source":"a97194c0b1af7c86.json","parameterValues":["'chrome'","'simeon.hhl.qa@gmail.co'","'There was a problem logging you in. Please try again.'","'Test#1234'"]}