{"uid":"b1a46fc1b1ba0984","name":"Unsave a site","fullName":"Tests.test_Sites.TestSites#test_39","historyId":"a70369349738c2c36c73e363d4cdde7b","time":{"start":1733631599157,"stop":1733631609179,"duration":10022},"status":"broken","statusMessage":"selenium.common.exceptions.NoSuchElementException: Message: no such element: Unable to locate element: {\"method\":\"xpath\",\"selector\":\"//div[@id='savedSites']//h4[contains(., 'مزرعة التمر')]/../..\"}\n  (Session info: chrome=131.0.6778.85); For documentation on this error, please visit: https://www.selenium.dev/documentation/webdriver/troubleshooting/errors#no-such-element-exception\nStacktrace:\n#0 0x55e14e72631a <unknown>\n#1 0x55e14e23c6e0 <unknown>\n#2 0x55e14e28b3e6 <unknown>\n#3 0x55e14e28b681 <unknown>\n#4 0x55e14e2d0b04 <unknown>\n#5 0x55e14e2af48d <unknown>\n#6 0x55e14e2cded7 <unknown>\n#7 0x55e14e2af203 <unknown>\n#8 0x55e14e27dcc0 <unknown>\n#9 0x55e14e27ec9e <unknown>\n#10 0x55e14e6f3d0b <unknown>\n#11 0x55e14e6f7c92 <unknown>\n#12 0x55e14e6e0b3c <unknown>\n#13 0x55e14e6f8807 <unknown>\n#14 0x55e14e6c60df <unknown>\n#15 0x55e14e715578 <unknown>\n#16 0x55e14e715740 <unknown>\n#17 0x55e14e725196 <unknown>\n#18 0x7f3f64c9ca94 <unknown>\n#19 0x7f3f64d29c3c <unknown>","statusTrace":"self = <Tests.test_Sites.TestSites object at 0x7f21b4c5cd10>\ndriver = <selenium.webdriver.chrome.webdriver.WebDriver (session=\"76ca9f3bfc72d508e7b685a625cef286\")>\n\n    @severity(severity_level.NORMAL)\n    @allure.feature('Individual Sites')\n    @allure.title(\"Unsave a site\")\n    @allure.issue(\"QP-283\", \"Story QP-283\")\n    @allure.issue(\"QP-356\", \"Epic QP-356\")\n    @allure.testcase(\"58748\", \"C58748\")\n    def test_39(self, driver):\n        sites_obj = Sites(driver)\n        main_nav_obj = MainNavigation(driver)\n        site_id = list(self.random_site_info.keys())[0]\n>       sites_obj.click_site_card_by_title(\"savedSites\", self.random_site_info[site_id][\"title\"])\n\nTests/test_Sites.py:923: \n_ _ _ _ _ _ _ _ _ _ _ _ _ _ _ _ _ _ _ _ _ _ _ _ _ _ _ _ _ _ _ _ _ _ _ _ _ _ _ _ \nPages/SitesPage.py:176: in click_site_card_by_title\n    element = self.driver.find_element(By.XPATH, f\"//div[@id='{site_type}']//h4[contains(., '{site_title}')]/../..\")\n/opt/hostedtoolcache/Python/3.11.10/x64/lib/python3.11/site-packages/selenium/webdriver/remote/webdriver.py:741: in find_element\n    return self.execute(Command.FIND_ELEMENT, {\"using\": by, \"value\": value})[\"value\"]\n/opt/hostedtoolcache/Python/3.11.10/x64/lib/python3.11/site-packages/selenium/webdriver/remote/webdriver.py:347: in execute\n    self.error_handler.check_response(response)\n_ _ _ _ _ _ _ _ _ _ _ _ _ _ _ _ _ _ _ _ _ _ _ _ _ _ _ _ _ _ _ _ _ _ _ _ _ _ _ _ \n\nself = <selenium.webdriver.remote.errorhandler.ErrorHandler object at 0x7f21b607ced0>\nresponse = {'status': 404, 'value': '{\"value\":{\"error\":\"no such element\",\"message\":\"no such element: Unable to locate element: {\\...\\\\n#17 0x55e14e725196 \\\\u003Cunknown>\\\\n#18 0x7f3f64c9ca94 \\\\u003Cunknown>\\\\n#19 0x7f3f64d29c3c \\\\u003Cunknown>\\\\n\"}}'}\n\n    def check_response(self, response: Dict[str, Any]) -> None:\n        \"\"\"Checks that a JSON response from the WebDriver does not have an\n        error.\n    \n        :Args:\n         - response - The JSON response from the WebDriver server as a dictionary\n           object.\n    \n        :Raises: If the response contains an error message.\n        \"\"\"\n        status = response.get(\"status\", None)\n        if not status or status == ErrorCode.SUCCESS:\n            return\n        value = None\n        message = response.get(\"message\", \"\")\n        screen: str = response.get(\"screen\", \"\")\n        stacktrace = None\n        if isinstance(status, int):\n            value_json = response.get(\"value\", None)\n            if value_json and isinstance(value_json, str):\n                import json\n    \n                try:\n                    value = json.loads(value_json)\n                    if len(value) == 1:\n                        value = value[\"value\"]\n                    status = value.get(\"error\", None)\n                    if not status:\n                        status = value.get(\"status\", ErrorCode.UNKNOWN_ERROR)\n                        message = value.get(\"value\") or value.get(\"message\")\n                        if not isinstance(message, str):\n                            value = message\n                            message = message.get(\"message\")\n                    else:\n                        message = value.get(\"message\", None)\n                except ValueError:\n                    pass\n    \n        exception_class: Type[WebDriverException]\n        e = ErrorCode()\n        error_codes = [item for item in dir(e) if not item.startswith(\"__\")]\n        for error_code in error_codes:\n            error_info = getattr(ErrorCode, error_code)\n            if isinstance(error_info, list) and status in error_info:\n                exception_class = getattr(ExceptionMapping, error_code, WebDriverException)\n                break\n        else:\n            exception_class = WebDriverException\n    \n        if not value:\n            value = response[\"value\"]\n        if isinstance(value, str):\n            raise exception_class(value)\n        if message == \"\" and \"message\" in value:\n            message = value[\"message\"]\n    \n        screen = None  # type: ignore[assignment]\n        if \"screen\" in value:\n            screen = value[\"screen\"]\n    \n        stacktrace = None\n        st_value = value.get(\"stackTrace\") or value.get(\"stacktrace\")\n        if st_value:\n            if isinstance(st_value, str):\n                stacktrace = st_value.split(\"\\n\")\n            else:\n                stacktrace = []\n                try:\n                    for frame in st_value:\n                        line = frame.get(\"lineNumber\", \"\")\n                        file = frame.get(\"fileName\", \"<anonymous>\")\n                        if line:\n                            file = f\"{file}:{line}\"\n                        meth = frame.get(\"methodName\", \"<anonymous>\")\n                        if \"className\" in frame:\n                            meth = f\"{frame['className']}.{meth}\"\n                        msg = \"    at %s (%s)\"\n                        msg = msg % (meth, file)\n                        stacktrace.append(msg)\n                except TypeError:\n                    pass\n        if exception_class == UnexpectedAlertPresentException:\n            alert_text = None\n            if \"data\" in value:\n                alert_text = value[\"data\"].get(\"text\")\n            elif \"alert\" in value:\n                alert_text = value[\"alert\"].get(\"text\")\n            raise exception_class(message, screen, stacktrace, alert_text)  # type: ignore[call-arg]  # mypy is not smart enough here\n>       raise exception_class(message, screen, stacktrace)\nE       selenium.common.exceptions.NoSuchElementException: Message: no such element: Unable to locate element: {\"method\":\"xpath\",\"selector\":\"//div[@id='savedSites']//h4[contains(., 'مزرعة التمر')]/../..\"}\nE         (Session info: chrome=131.0.6778.85); For documentation on this error, please visit: https://www.selenium.dev/documentation/webdriver/troubleshooting/errors#no-such-element-exception\nE       Stacktrace:\nE       #0 0x55e14e72631a <unknown>\nE       #1 0x55e14e23c6e0 <unknown>\nE       #2 0x55e14e28b3e6 <unknown>\nE       #3 0x55e14e28b681 <unknown>\nE       #4 0x55e14e2d0b04 <unknown>\nE       #5 0x55e14e2af48d <unknown>\nE       #6 0x55e14e2cded7 <unknown>\nE       #7 0x55e14e2af203 <unknown>\nE       #8 0x55e14e27dcc0 <unknown>\nE       #9 0x55e14e27ec9e <unknown>\nE       #10 0x55e14e6f3d0b <unknown>\nE       #11 0x55e14e6f7c92 <unknown>\nE       #12 0x55e14e6e0b3c <unknown>\nE       #13 0x55e14e6f8807 <unknown>\nE       #14 0x55e14e6c60df <unknown>\nE       #15 0x55e14e715578 <unknown>\nE       #16 0x55e14e715740 <unknown>\nE       #17 0x55e14e725196 <unknown>\nE       #18 0x7f3f64c9ca94 <unknown>\nE       #19 0x7f3f64d29c3c <unknown>\n\n/opt/hostedtoolcache/Python/3.11.10/x64/lib/python3.11/site-packages/selenium/webdriver/remote/errorhandler.py:229: NoSuchElementException","flaky":false,"newFailed":false,"newBroken":true,"newPassed":false,"retriesCount":3,"retriesStatusChange":false,"beforeStages":[{"name":"_session_faker","time":{"start":1733628971027,"stop":1733628971092,"duration":65},"status":"passed","steps":[],"attachments":[],"parameters":[],"shouldDisplayMessage":false,"stepsCount":0,"attachmentsCount":0,"hasContent":false,"attachmentStep":false},{"name":"driver","time":{"start":1733629718940,"stop":1733629719161,"duration":221},"status":"passed","steps":[],"attachments":[],"parameters":[],"shouldDisplayMessage":false,"stepsCount":0,"attachmentsCount":0,"hasContent":false,"attachmentStep":false}],"afterStages":[{"name":"driver::0","time":{"start":1733631689343,"stop":1733631689433,"duration":90},"status":"passed","steps":[],"attachments":[],"parameters":[],"shouldDisplayMessage":false,"stepsCount":0,"attachmentsCount":0,"hasContent":false,"attachmentStep":false}],"labels":[{"name":"severity","value":"normal"},{"name":"feature","value":"Individual Sites"},{"name":"tag","value":"flaky(reruns=3, reruns_delay=1)"},{"name":"parentSuite","value":"Tests"},{"name":"suite","value":"test_Sites"},{"name":"subSuite","value":"TestSites"},{"name":"host","value":"fv-az1120-212"},{"name":"thread","value":"1964-MainThread"},{"name":"framework","value":"pytest"},{"name":"language","value":"cpython3"},{"name":"package","value":"Tests.test_Sites"},{"name":"resultFormat","value":"allure2"}],"parameters":[{"name":"driver","value":"'chrome'"}],"links":[{"name":"C58748","url":"https://hedgehoglabqa.testrail.io/index.php?/cases/view/58748","type":"tms"},{"name":"Epic QP-356","url":"https://hedgehog-lab.atlassian.net/browse/QP-356","type":"issue"},{"name":"Story QP-283","url":"https://hedgehog-lab.atlassian.net/browse/QP-283","type":"issue"}],"hidden":false,"retry":false,"extra":{"severity":"normal","retries":[{"uid":"9a02fd8788e21d38","status":"broken","statusDetails":"selenium.common.exceptions.NoSuchElementException: Message: no such element: Unable to locate element: {\"method\":\"xpath\",\"selector\":\"//div[@id='savedSites']//h4[contains(., 'مزرعة التمر')]/../..\"}\n  (Session info: chrome=131.0.6778.85); For documentation on this error, please visit: https://www.selenium.dev/documentation/webdriver/troubleshooting/errors#no-such-element-exception\nStacktrace:\n#0 0x55e14e72631a <unknown>\n#1 0x55e14e23c6e0 <unknown>\n#2 0x55e14e28b3e6 <unknown>\n#3 0x55e14e28b681 <unknown>\n#4 0x55e14e2d0b04 <unknown>\n#5 0x55e14e2af48d <unknown>\n#6 0x55e14e2cded7 <unknown>\n#7 0x55e14e2af203 <unknown>\n#8 0x55e14e27dcc0 <unknown>\n#9 0x55e14e27ec9e <unknown>\n#10 0x55e14e6f3d0b <unknown>\n#11 0x55e14e6f7c92 <unknown>\n#12 0x55e14e6e0b3c <unknown>\n#13 0x55e14e6f8807 <unknown>\n#14 0x55e14e6c60df <unknown>\n#15 0x55e14e715578 <unknown>\n#16 0x55e14e715740 <unknown>\n#17 0x55e14e725196 <unknown>\n#18 0x7f3f64c9ca94 <unknown>\n#19 0x7f3f64d29c3c <unknown>","time":{"start":1733631588068,"stop":1733631598113,"duration":10045}},{"uid":"2d84c13fc3ce5b27","status":"broken","statusDetails":"selenium.common.exceptions.NoSuchElementException: Message: no such element: Unable to locate element: {\"method\":\"xpath\",\"selector\":\"//div[@id='savedSites']//h4[contains(., 'مزرعة التمر')]/../..\"}\n  (Session info: chrome=131.0.6778.85); For documentation on this error, please visit: https://www.selenium.dev/documentation/webdriver/troubleshooting/errors#no-such-element-exception\nStacktrace:\n#0 0x55e14e72631a <unknown>\n#1 0x55e14e23c6e0 <unknown>\n#2 0x55e14e28b3e6 <unknown>\n#3 0x55e14e28b681 <unknown>\n#4 0x55e14e2d0b04 <unknown>\n#5 0x55e14e2af48d <unknown>\n#6 0x55e14e2cded7 <unknown>\n#7 0x55e14e2af203 <unknown>\n#8 0x55e14e27dcc0 <unknown>\n#9 0x55e14e27ec9e <unknown>\n#10 0x55e14e6f3d0b <unknown>\n#11 0x55e14e6f7c92 <unknown>\n#12 0x55e14e6e0b3c <unknown>\n#13 0x55e14e6f8807 <unknown>\n#14 0x55e14e6c60df <unknown>\n#15 0x55e14e715578 <unknown>\n#16 0x55e14e715740 <unknown>\n#17 0x55e14e725196 <unknown>\n#18 0x7f3f64c9ca94 <unknown>\n#19 0x7f3f64d29c3c <unknown>","time":{"start":1733631576998,"stop":1733631587025,"duration":10027}},{"uid":"af62cf4bfd06e70f","status":"broken","statusDetails":"selenium.common.exceptions.NoSuchElementException: Message: no such element: Unable to locate element: {\"method\":\"xpath\",\"selector\":\"//div[@id='savedSites']//h4[contains(., 'مزرعة التمر')]/../..\"}\n  (Session info: chrome=131.0.6778.85); For documentation on this error, please visit: https://www.selenium.dev/documentation/webdriver/troubleshooting/errors#no-such-element-exception\nStacktrace:\n#0 0x55e14e72631a <unknown>\n#1 0x55e14e23c6e0 <unknown>\n#2 0x55e14e28b3e6 <unknown>\n#3 0x55e14e28b681 <unknown>\n#4 0x55e14e2d0b04 <unknown>\n#5 0x55e14e2af48d <unknown>\n#6 0x55e14e2cded7 <unknown>\n#7 0x55e14e2af203 <unknown>\n#8 0x55e14e27dcc0 <unknown>\n#9 0x55e14e27ec9e <unknown>\n#10 0x55e14e6f3d0b <unknown>\n#11 0x55e14e6f7c92 <unknown>\n#12 0x55e14e6e0b3c <unknown>\n#13 0x55e14e6f8807 <unknown>\n#14 0x55e14e6c60df <unknown>\n#15 0x55e14e715578 <unknown>\n#16 0x55e14e715740 <unknown>\n#17 0x55e14e725196 <unknown>\n#18 0x7f3f64c9ca94 <unknown>\n#19 0x7f3f64d29c3c <unknown>","time":{"start":1733631565901,"stop":1733631575940,"duration":10039}}],"categories":[{"name":"Test defects","matchedStatuses":[],"flaky":false}],"history":{"statistic":{"failed":0,"broken":2,"skipped":0,"passed":4,"unknown":0,"total":6},"items":[{"uid":"6f4be12451a762b4","status":"passed","time":{"start":1733044922044,"stop":1733044943223,"duration":21179}},{"uid":"dfb9b77719e05953","status":"passed","time":{"start":1733025240192,"stop":1733025261576,"duration":21384}},{"uid":"535aef3c08af567f","status":"passed","time":{"start":1732959704571,"stop":1732959725615,"duration":21044}},{"uid":"bfbfac8a0cdc83f5","status":"passed","time":{"start":1732957709304,"stop":1732957730303,"duration":20999}},{"uid":"3731a04eed66baa8","status":"broken","statusDetails":"selenium.common.exceptions.NoSuchElementException: Message: no such element: Unable to locate element: {\"method\":\"xpath\",\"selector\":\"//div[@id='Historic']//h4[contains(., 'Quba Mosque')]/../..\"}\n  (Session info: chrome=131.0.6778.85); For documentation on this error, please visit: https://www.selenium.dev/documentation/webdriver/troubleshooting/errors#no-such-element-exception\nStacktrace:\n#0 0x565110a5331a <unknown>\n#1 0x5651105696e0 <unknown>\n#2 0x5651105b83e6 <unknown>\n#3 0x5651105b8681 <unknown>\n#4 0x5651105fdb04 <unknown>\n#5 0x5651105dc48d <unknown>\n#6 0x5651105faed7 <unknown>\n#7 0x5651105dc203 <unknown>\n#8 0x5651105aacc0 <unknown>\n#9 0x5651105abc9e <unknown>\n#10 0x565110a20d0b <unknown>\n#11 0x565110a24c92 <unknown>\n#12 0x565110a0db3c <unknown>\n#13 0x565110a25807 <unknown>\n#14 0x5651109f30df <unknown>\n#15 0x565110a42578 <unknown>\n#16 0x565110a42740 <unknown>\n#17 0x565110a52196 <unknown>\n#18 0x7f81cfa94ac3 <unknown>","time":{"start":1732899357399,"stop":1732899367454,"duration":10055}}]},"tags":["flaky(reruns=3, reruns_delay=1)"]},"source":"b1a46fc1b1ba0984.json","parameterValues":["'chrome'"]}