{"uid":"c331960c43cc6e53","name":"The historic tab is selected by default","fullName":"Tests.test_Sites.TestSites#test_2","historyId":"cdefa69ab73e92bc51844a33bec94ae4","time":{"start":1731930606046,"stop":1731930606060,"duration":14},"status":"passed","flaky":false,"newFailed":false,"newBroken":false,"newPassed":false,"retriesCount":0,"retriesStatusChange":false,"beforeStages":[{"name":"_session_faker","time":{"start":1731929936305,"stop":1731929936364,"duration":59},"status":"passed","steps":[],"attachments":[],"parameters":[],"stepsCount":0,"shouldDisplayMessage":false,"attachmentsCount":0,"hasContent":false,"attachmentStep":false},{"name":"_xunit_setup_class_fixture_TestSites","time":{"start":1731930592547,"stop":1731930595224,"duration":2677},"status":"passed","steps":[],"attachments":[],"parameters":[],"stepsCount":0,"shouldDisplayMessage":false,"attachmentsCount":0,"hasContent":false,"attachmentStep":false},{"name":"driver","time":{"start":1731930595224,"stop":1731930596912,"duration":1688},"status":"passed","steps":[],"attachments":[],"parameters":[],"stepsCount":0,"shouldDisplayMessage":false,"attachmentsCount":0,"hasContent":false,"attachmentStep":false},{"name":"setup","time":{"start":1731930606046,"stop":1731930606046,"duration":0},"status":"passed","steps":[],"attachments":[],"parameters":[],"stepsCount":0,"shouldDisplayMessage":false,"attachmentsCount":0,"hasContent":false,"attachmentStep":false}],"testStage":{"status":"passed","steps":[{"name":"Historic tab is selected","time":{"start":1731930606046,"stop":1731930606053,"duration":7},"status":"passed","steps":[],"attachments":[],"parameters":[],"stepsCount":0,"shouldDisplayMessage":false,"attachmentsCount":0,"hasContent":false,"attachmentStep":false},{"name":"Retail tab is not selected","time":{"start":1731930606054,"stop":1731930606060,"duration":6},"status":"passed","steps":[],"attachments":[],"parameters":[],"stepsCount":0,"shouldDisplayMessage":false,"attachmentsCount":0,"hasContent":false,"attachmentStep":false}],"attachments":[],"parameters":[],"stepsCount":2,"shouldDisplayMessage":false,"attachmentsCount":0,"hasContent":true,"attachmentStep":false},"afterStages":[{"name":"driver::0","time":{"start":1731930663016,"stop":1731930663533,"duration":517},"status":"passed","steps":[],"attachments":[],"parameters":[],"stepsCount":0,"shouldDisplayMessage":false,"attachmentsCount":0,"hasContent":false,"attachmentStep":false},{"name":"_xunit_setup_class_fixture_TestSites::0","time":{"start":1731930663533,"stop":1731930663533,"duration":0},"status":"passed","steps":[],"attachments":[],"parameters":[],"stepsCount":0,"shouldDisplayMessage":false,"attachmentsCount":0,"hasContent":false,"attachmentStep":false}],"labels":[{"name":"feature","value":"Sites"},{"name":"severity","value":"minor"},{"name":"tag","value":"flaky(reruns=3, reruns_delay=0.5)"},{"name":"parentSuite","value":"Tests"},{"name":"suite","value":"test_Sites"},{"name":"subSuite","value":"TestSites"},{"name":"host","value":"fv-az1773-91"},{"name":"thread","value":"1855-MainThread"},{"name":"framework","value":"pytest"},{"name":"language","value":"cpython3"},{"name":"package","value":"Tests.test_Sites"},{"name":"resultFormat","value":"allure2"}],"parameters":[{"name":"driver","value":"'firefox'"}],"links":[],"hidden":false,"retry":false,"extra":{"severity":"minor","retries":[],"categories":[],"history":{"statistic":{"failed":0,"broken":2,"skipped":0,"passed":7,"unknown":0,"total":9},"items":[{"uid":"79c6fa78efaa9c60","status":"passed","time":{"start":1731925231549,"stop":1731925231561,"duration":12}},{"uid":"376f39bff822305d","status":"passed","time":{"start":1731914290499,"stop":1731914290512,"duration":13}},{"uid":"5c96712839f79235","status":"broken","statusDetails":"selenium.common.exceptions.NoSuchElementException: Message: Unable to locate element: //button[@aria-controls='Historic']; For documentation on this error, please visit: https://www.selenium.dev/documentation/webdriver/troubleshooting/errors#no-such-element-exception\nStacktrace:\nRemoteError@chrome://remote/content/shared/RemoteError.sys.mjs:8:8\nWebDriverError@chrome://remote/content/shared/webdriver/Errors.sys.mjs:193:5\nNoSuchElementError@chrome://remote/content/shared/webdriver/Errors.sys.mjs:511:5\ndom.find/</<@chrome://remote/content/shared/DOM.sys.mjs:136:16","time":{"start":1731815558581,"stop":1731815568585,"duration":10004}},{"uid":"195e3e74cb7deeb8","status":"broken","statusDetails":"selenium.common.exceptions.NoSuchElementException: Message: Unable to locate element: //button[@aria-controls='Historic']; For documentation on this error, please visit: https://www.selenium.dev/documentation/webdriver/troubleshooting/errors#no-such-element-exception\nStacktrace:\nRemoteError@chrome://remote/content/shared/RemoteError.sys.mjs:8:8\nWebDriverError@chrome://remote/content/shared/webdriver/Errors.sys.mjs:193:5\nNoSuchElementError@chrome://remote/content/shared/webdriver/Errors.sys.mjs:511:5\ndom.find/</<@chrome://remote/content/shared/DOM.sys.mjs:136:16","time":{"start":1731685713681,"stop":1731685723689,"duration":10008}},{"uid":"686479850a91c004","status":"passed","time":{"start":1731208953103,"stop":1731208953115,"duration":12}},{"uid":"cd59d8958583bc29","status":"passed","time":{"start":1730604534702,"stop":1730604534715,"duration":13}},{"uid":"331c8a6f13b6f60e","status":"passed","time":{"start":1730463566113,"stop":1730463566124,"duration":11}},{"uid":"5913868484531fa1","status":"passed","time":{"start":1730460799211,"stop":1730460799222,"duration":11}}]},"tags":["flaky(reruns=3, reruns_delay=0.5)"]},"source":"c331960c43cc6e53.json","parameterValues":["'firefox'"]}