{"uid":"caa37f9a67a2221c","name":"Site with more than one photo","fullName":"Tests.test_Sites.TestSites#test_20","historyId":"2f776079b1484ad73c7cb53c60227367","time":{"start":1733748712772,"stop":1733748725483,"duration":12711},"status":"passed","flaky":false,"newFailed":false,"newBroken":false,"newPassed":true,"retriesCount":1,"retriesStatusChange":true,"beforeStages":[{"name":"_session_faker","time":{"start":1733748057282,"stop":1733748057353,"duration":71},"status":"passed","steps":[],"attachments":[],"parameters":[],"shouldDisplayMessage":false,"stepsCount":0,"attachmentsCount":0,"hasContent":false,"attachmentStep":false},{"name":"driver","time":{"start":1733748458256,"stop":1733748458742,"duration":486},"status":"passed","steps":[],"attachments":[],"parameters":[],"shouldDisplayMessage":false,"stepsCount":0,"attachmentsCount":0,"hasContent":false,"attachmentStep":false}],"testStage":{"status":"passed","steps":[{"name":"C58413: The image 555x465px-Mosque_of_Atban_Bin_Malik_6.webp is correct","time":{"start":1733748723833,"stop":1733748723833,"duration":0},"status":"passed","steps":[],"attachments":[],"parameters":[],"shouldDisplayMessage":false,"stepsCount":0,"attachmentsCount":0,"hasContent":false,"attachmentStep":false},{"name":"C58413: The image abu_as_suud_118292.jpg is correct","time":{"start":1733748723833,"stop":1733748723833,"duration":0},"status":"passed","steps":[],"attachments":[],"parameters":[],"shouldDisplayMessage":false,"stepsCount":0,"attachmentsCount":0,"hasContent":false,"attachmentStep":false},{"name":"C58413: The image download (3).jpeg is correct","time":{"start":1733748723833,"stop":1733748723833,"duration":0},"status":"passed","steps":[],"attachments":[],"parameters":[],"shouldDisplayMessage":false,"stepsCount":0,"attachmentsCount":0,"hasContent":false,"attachmentStep":false},{"name":"C58413: The image download.jpeg is correct","time":{"start":1733748723833,"stop":1733748723833,"duration":0},"status":"passed","steps":[],"attachments":[],"parameters":[],"shouldDisplayMessage":false,"stepsCount":0,"attachmentsCount":0,"hasContent":false,"attachmentStep":false},{"name":"C58413: Next image button is visible","time":{"start":1733748723833,"stop":1733748724841,"duration":1008},"status":"passed","steps":[],"attachments":[],"parameters":[],"shouldDisplayMessage":false,"stepsCount":0,"attachmentsCount":0,"hasContent":false,"attachmentStep":false},{"name":"C58413: Scroll bar is visible","time":{"start":1733748724841,"stop":1733748724858,"duration":17},"status":"passed","steps":[],"attachments":[],"parameters":[],"shouldDisplayMessage":false,"stepsCount":0,"attachmentsCount":0,"hasContent":false,"attachmentStep":false}],"attachments":[],"parameters":[],"shouldDisplayMessage":false,"stepsCount":6,"attachmentsCount":0,"hasContent":true,"attachmentStep":false},"afterStages":[{"name":"driver::0","time":{"start":1733748941272,"stop":1733748941382,"duration":110},"status":"passed","steps":[],"attachments":[],"parameters":[],"shouldDisplayMessage":false,"stepsCount":0,"attachmentsCount":0,"hasContent":false,"attachmentStep":false}],"labels":[{"name":"feature","value":"Individual Sites"},{"name":"severity","value":"critical"},{"name":"tag","value":"flaky(reruns=3, reruns_delay=1)"},{"name":"parentSuite","value":"Tests"},{"name":"suite","value":"test_Sites"},{"name":"subSuite","value":"TestSites"},{"name":"host","value":"fv-az1693-731"},{"name":"thread","value":"2009-MainThread"},{"name":"framework","value":"pytest"},{"name":"language","value":"cpython3"},{"name":"package","value":"Tests.test_Sites"},{"name":"resultFormat","value":"allure2"}],"parameters":[{"name":"driver","value":"'edge'"}],"links":[{"name":"C58413","url":"https://hedgehoglabqa.testrail.io/index.php?/cases/view/58413","type":"tms"},{"name":"Epic QP-356","url":"https://hedgehog-lab.atlassian.net/browse/QP-356","type":"issue"},{"name":"Story QP-264","url":"https://hedgehog-lab.atlassian.net/browse/QP-264","type":"issue"}],"hidden":false,"retry":false,"extra":{"severity":"critical","retries":[{"uid":"13c7bd6b416b35da","status":"failed","statusDetails":"AssertionError: FAILURE: assert False\n +  where False = <bound method AboutPage.is_next_slide_button_visible of <Pages.AboutPage.AboutPage object at 0x7f8f4096d290>>()\n +    where <bound method AboutPage.is_next_slide_button_visible of <Pages.AboutPage.AboutPage object at 0x7f8f4096d290>> = <Pages.AboutPage.AboutPage object at 0x7f8f4096d290>.is_next_slide_button_visible\ntest_Sites.py:503 in test_20() -> with check, allure.step(\"C58413: Next image button is visible\"):\ntest_Sites.py:504 in test_20 -> assert about_obj.is_next_slide_button_visible()\nAssertionError: assert False\n +  where False = <bound method AboutPage.is_next_slide_button_visible of <Pages.AboutPage.AboutPage object at 0x7f8f4096d290>>()\n +    where <bound method AboutPage.is_next_slide_button_visible of <Pages.AboutPage.AboutPage object at 0x7f8f4096d290>> = <Pages.AboutPage.AboutPage object at 0x7f8f4096d290>.is_next_slide_button_visible\n\n\n------------------------------------------------------------\nFailed Checks: 1","time":{"start":1733748690095,"stop":1733748711769,"duration":21674}}],"categories":[],"history":{"statistic":{"failed":0,"broken":4,"skipped":0,"passed":5,"unknown":0,"total":9},"items":[{"uid":"87e36c4c6ace57fc","status":"broken","statusDetails":"selenium.common.exceptions.NoSuchElementException: Message: no such element: Unable to locate element: {\"method\":\"xpath\",\"selector\":\"//button[@aria-label='Go to next page']\"}\n  (Session info: MicrosoftEdge=131.0.2903.70); For documentation on this error, please visit: https://www.selenium.dev/documentation/webdriver/troubleshooting/errors#no-such-element-exception\nStacktrace:\n#0 0x55cb8081494e <unknown>\n#1 0x55cb802c9b76 <unknown>\n#2 0x55cb8031745e <unknown>\n#3 0x55cb80317731 <unknown>\n#4 0x55cb8035b4f4 <unknown>\n#5 0x55cb8033b20d <unknown>\n#6 0x55cb8035918a <unknown>\n#7 0x55cb8033af83 <unknown>\n#8 0x55cb8030b01e <unknown>\n#9 0x55cb8030bcfe <unknown>\n#10 0x55cb807e99e1 <unknown>\n#11 0x55cb807ecbde <unknown>\n#12 0x55cb807ec65b <unknown>\n#13 0x55cb807ed005 <unknown>\n#14 0x55cb807db3f2 <unknown>\n#15 0x55cb807ed38d <unknown>\n#16 0x55cb807c55b5 <unknown>\n#17 0x55cb80805008 <unknown>\n#18 0x55cb8080521f <unknown>\n#19 0x55cb8081353c <unknown>\n#20 0x7ff77d69ca94 <unknown>\n#21 0x7ff77d729c3c <unknown>","time":{"start":1733726813368,"stop":1733726839495,"duration":26127}},{"uid":"4f5d201db92e4fae","status":"broken","statusDetails":"selenium.common.exceptions.NoSuchElementException: Message: no such element: Unable to locate element: {\"method\":\"xpath\",\"selector\":\"//button[@aria-label='Go to next page']\"}\n  (Session info: MicrosoftEdge=131.0.2903.70); For documentation on this error, please visit: https://www.selenium.dev/documentation/webdriver/troubleshooting/errors#no-such-element-exception\nStacktrace:\n#0 0x564ec808d94e <unknown>\n#1 0x564ec7b42b76 <unknown>\n#2 0x564ec7b9045e <unknown>\n#3 0x564ec7b90731 <unknown>\n#4 0x564ec7bd44f4 <unknown>\n#5 0x564ec7bb420d <unknown>\n#6 0x564ec7bd218a <unknown>\n#7 0x564ec7bb3f83 <unknown>\n#8 0x564ec7b8401e <unknown>\n#9 0x564ec7b84cfe <unknown>\n#10 0x564ec80629e1 <unknown>\n#11 0x564ec8065bde <unknown>\n#12 0x564ec806565b <unknown>\n#13 0x564ec8066005 <unknown>\n#14 0x564ec80543f2 <unknown>\n#15 0x564ec806638d <unknown>\n#16 0x564ec803e5b5 <unknown>\n#17 0x564ec807e008 <unknown>\n#18 0x564ec807e21f <unknown>\n#19 0x564ec808c53c <unknown>\n#20 0x7f09b849ca94 <unknown>\n#21 0x7f09b8529c3c <unknown>","time":{"start":1733630863310,"stop":1733630889438,"duration":26128}},{"uid":"3dcfbf71c0a71ba2","status":"passed","time":{"start":1733044743640,"stop":1733044755286,"duration":11646}},{"uid":"95fba6e2b2e63121","status":"passed","time":{"start":1733025111294,"stop":1733025122885,"duration":11591}},{"uid":"cfaa16c52e1b2013","status":"passed","time":{"start":1732959542188,"stop":1732959555479,"duration":13291}},{"uid":"b973d7779b0c98a1","status":"broken","statusDetails":"selenium.common.exceptions.TimeoutException: Message: \nStacktrace:\n#0 0x5606d6d0295e <unknown>\n#1 0x5606d67b7b76 <unknown>\n#2 0x5606d680545e <unknown>\n#3 0x5606d6805731 <unknown>\n#4 0x5606d68494f4 <unknown>\n#5 0x5606d682920d <unknown>\n#6 0x5606d684718a <unknown>\n#7 0x5606d6828f83 <unknown>\n#8 0x5606d67f901e <unknown>\n#9 0x5606d67f9cfe <unknown>\n#10 0x5606d6cd79f1 <unknown>\n#11 0x5606d6cdabee <unknown>\n#12 0x5606d6cda66b <unknown>\n#13 0x5606d6cdb015 <unknown>\n#14 0x5606d6cc9402 <unknown>\n#15 0x5606d6cdb39d <unknown>\n#16 0x5606d6cb35c5 <unknown>\n#17 0x5606d6cf3018 <unknown>\n#18 0x5606d6cf322f <unknown>\n#19 0x5606d6d0154c <unknown>\n#20 0x7f4c8b694ac3 <unknown>","time":{"start":1732957633061,"stop":1732957664695,"duration":31634}},{"uid":"2352ac9c57b1817d","status":"passed","time":{"start":1732898927918,"stop":1732898939153,"duration":11235}},{"uid":"b7453f39122a37ac","status":"broken","statusDetails":"selenium.common.exceptions.NoSuchElementException: Message: no such element: Unable to locate element: {\"method\":\"xpath\",\"selector\":\"//ul[@class='nav nav-tabs']\"}\n  (Session info: MicrosoftEdge=131.0.2903.63); For documentation on this error, please visit: https://www.selenium.dev/documentation/webdriver/troubleshooting/errors#no-such-element-exception\nStacktrace:\n#0 0x55952ce9095e <unknown>\n#1 0x55952c945b76 <unknown>\n#2 0x55952c99345e <unknown>\n#3 0x55952c993731 <unknown>\n#4 0x55952c9d74f4 <unknown>\n#5 0x55952c9b720d <unknown>\n#6 0x55952c9d518a <unknown>\n#7 0x55952c9b6f83 <unknown>\n#8 0x55952c98701e <unknown>\n#9 0x55952c987cfe <unknown>\n#10 0x55952ce659f1 <unknown>\n#11 0x55952ce68bee <unknown>\n#12 0x55952ce6866b <unknown>\n#13 0x55952ce69015 <unknown>\n#14 0x55952ce57402 <unknown>\n#15 0x55952ce6939d <unknown>\n#16 0x55952ce415c5 <unknown>\n#17 0x55952ce81018 <unknown>\n#18 0x55952ce8122f <unknown>\n#19 0x55952ce8f54c <unknown>\n#20 0x7ff125894ac3 <unknown>","time":{"start":1732895857118,"stop":1732895867183,"duration":10065}}]},"tags":["flaky(reruns=3, reruns_delay=1)"]},"source":"caa37f9a67a2221c.json","parameterValues":["'edge'"]}