{"uid":"cfaa16c52e1b2013","name":"Site with more than one photo","fullName":"Tests.test_Sites.TestSites#test_20","historyId":"2f776079b1484ad73c7cb53c60227367","time":{"start":1732959542188,"stop":1732959555479,"duration":13291},"status":"passed","flaky":false,"newFailed":false,"newBroken":false,"newPassed":true,"retriesCount":1,"retriesStatusChange":true,"beforeStages":[{"name":"_session_faker","time":{"start":1732958942203,"stop":1732958942259,"duration":56},"status":"passed","steps":[],"attachments":[],"parameters":[],"stepsCount":0,"shouldDisplayMessage":false,"attachmentsCount":0,"hasContent":false,"attachmentStep":false},{"name":"driver","time":{"start":1732959287289,"stop":1732959287765,"duration":476},"status":"passed","steps":[],"attachments":[],"parameters":[],"stepsCount":0,"shouldDisplayMessage":false,"attachmentsCount":0,"hasContent":false,"attachmentStep":false}],"testStage":{"status":"passed","steps":[{"name":"C58413: The image 555x465px-Mosque_of_Atban_Bin_Malik_6.webp is correct","time":{"start":1732959553266,"stop":1732959553266,"duration":0},"status":"passed","steps":[],"attachments":[],"parameters":[],"stepsCount":0,"shouldDisplayMessage":false,"attachmentsCount":0,"hasContent":false,"attachmentStep":false},{"name":"C58413: The image abu_as_suud_118292.jpg is correct","time":{"start":1732959553266,"stop":1732959553266,"duration":0},"status":"passed","steps":[],"attachments":[],"parameters":[],"stepsCount":0,"shouldDisplayMessage":false,"attachmentsCount":0,"hasContent":false,"attachmentStep":false},{"name":"C58413: The image download (3).jpeg is correct","time":{"start":1732959553266,"stop":1732959553266,"duration":0},"status":"passed","steps":[],"attachments":[],"parameters":[],"stepsCount":0,"shouldDisplayMessage":false,"attachmentsCount":0,"hasContent":false,"attachmentStep":false},{"name":"C58413: The image download.jpeg is correct","time":{"start":1732959553266,"stop":1732959553266,"duration":0},"status":"passed","steps":[],"attachments":[],"parameters":[],"stepsCount":0,"shouldDisplayMessage":false,"attachmentsCount":0,"hasContent":false,"attachmentStep":false},{"name":"C58413: Next image button is visible","time":{"start":1732959553266,"stop":1732959554272,"duration":1006},"status":"passed","steps":[],"attachments":[],"parameters":[],"stepsCount":0,"shouldDisplayMessage":false,"attachmentsCount":0,"hasContent":false,"attachmentStep":false},{"name":"C58413: Scroll bar is visible","time":{"start":1732959554273,"stop":1732959554290,"duration":17},"status":"passed","steps":[],"attachments":[],"parameters":[],"stepsCount":0,"shouldDisplayMessage":false,"attachmentsCount":0,"hasContent":false,"attachmentStep":false}],"attachments":[],"parameters":[],"stepsCount":6,"shouldDisplayMessage":false,"attachmentsCount":0,"hasContent":true,"attachmentStep":false},"afterStages":[{"name":"driver::0","time":{"start":1732959772289,"stop":1732959772394,"duration":105},"status":"passed","steps":[],"attachments":[],"parameters":[],"stepsCount":0,"shouldDisplayMessage":false,"attachmentsCount":0,"hasContent":false,"attachmentStep":false}],"labels":[{"name":"severity","value":"critical"},{"name":"feature","value":"Individual Sites"},{"name":"tag","value":"flaky(reruns=3, reruns_delay=1)"},{"name":"parentSuite","value":"Tests"},{"name":"suite","value":"test_Sites"},{"name":"subSuite","value":"TestSites"},{"name":"host","value":"fv-az735-267"},{"name":"thread","value":"1851-MainThread"},{"name":"framework","value":"pytest"},{"name":"language","value":"cpython3"},{"name":"package","value":"Tests.test_Sites"},{"name":"resultFormat","value":"allure2"}],"parameters":[{"name":"driver","value":"'edge'"}],"links":[{"name":"C58413","url":"https://hedgehoglabqa.testrail.io/index.php?/cases/view/58413","type":"tms"},{"name":"Epic QP-356","url":"https://hedgehog-lab.atlassian.net/browse/QP-356","type":"issue"},{"name":"Story QP-264","url":"https://hedgehog-lab.atlassian.net/browse/QP-264","type":"issue"}],"hidden":false,"retry":false,"extra":{"severity":"critical","retries":[{"uid":"72de036d55c27658","status":"failed","statusDetails":"AssertionError: FAILURE: assert False\n +  where False = <bound method AboutPage.is_next_slide_button_visible of <Pages.AboutPage.AboutPage object at 0x7f4726a65f10>>()\n +    where <bound method AboutPage.is_next_slide_button_visible of <Pages.AboutPage.AboutPage object at 0x7f4726a65f10>> = <Pages.AboutPage.AboutPage object at 0x7f4726a65f10>.is_next_slide_button_visible\ntest_Sites.py:503 in test_20() -> with check, allure.step(\"C58413: Next image button is visible\"):\ntest_Sites.py:504 in test_20 -> assert about_obj.is_next_slide_button_visible()\nAssertionError: assert False\n +  where False = <bound method AboutPage.is_next_slide_button_visible of <Pages.AboutPage.AboutPage object at 0x7f4726a65f10>>()\n +    where <bound method AboutPage.is_next_slide_button_visible of <Pages.AboutPage.AboutPage object at 0x7f4726a65f10>> = <Pages.AboutPage.AboutPage object at 0x7f4726a65f10>.is_next_slide_button_visible\n\n\n------------------------------------------------------------\nFailed Checks: 1","time":{"start":1732959519216,"stop":1732959541185,"duration":21969}}],"categories":[],"history":{"statistic":{"failed":0,"broken":2,"skipped":0,"passed":2,"unknown":0,"total":4},"items":[{"uid":"b973d7779b0c98a1","status":"broken","statusDetails":"selenium.common.exceptions.TimeoutException: Message: \nStacktrace:\n#0 0x5606d6d0295e <unknown>\n#1 0x5606d67b7b76 <unknown>\n#2 0x5606d680545e <unknown>\n#3 0x5606d6805731 <unknown>\n#4 0x5606d68494f4 <unknown>\n#5 0x5606d682920d <unknown>\n#6 0x5606d684718a <unknown>\n#7 0x5606d6828f83 <unknown>\n#8 0x5606d67f901e <unknown>\n#9 0x5606d67f9cfe <unknown>\n#10 0x5606d6cd79f1 <unknown>\n#11 0x5606d6cdabee <unknown>\n#12 0x5606d6cda66b <unknown>\n#13 0x5606d6cdb015 <unknown>\n#14 0x5606d6cc9402 <unknown>\n#15 0x5606d6cdb39d <unknown>\n#16 0x5606d6cb35c5 <unknown>\n#17 0x5606d6cf3018 <unknown>\n#18 0x5606d6cf322f <unknown>\n#19 0x5606d6d0154c <unknown>\n#20 0x7f4c8b694ac3 <unknown>","time":{"start":1732957633061,"stop":1732957664695,"duration":31634}},{"uid":"2352ac9c57b1817d","status":"passed","time":{"start":1732898927918,"stop":1732898939153,"duration":11235}},{"uid":"b7453f39122a37ac","status":"broken","statusDetails":"selenium.common.exceptions.NoSuchElementException: Message: no such element: Unable to locate element: {\"method\":\"xpath\",\"selector\":\"//ul[@class='nav nav-tabs']\"}\n  (Session info: MicrosoftEdge=131.0.2903.63); For documentation on this error, please visit: https://www.selenium.dev/documentation/webdriver/troubleshooting/errors#no-such-element-exception\nStacktrace:\n#0 0x55952ce9095e <unknown>\n#1 0x55952c945b76 <unknown>\n#2 0x55952c99345e <unknown>\n#3 0x55952c993731 <unknown>\n#4 0x55952c9d74f4 <unknown>\n#5 0x55952c9b720d <unknown>\n#6 0x55952c9d518a <unknown>\n#7 0x55952c9b6f83 <unknown>\n#8 0x55952c98701e <unknown>\n#9 0x55952c987cfe <unknown>\n#10 0x55952ce659f1 <unknown>\n#11 0x55952ce68bee <unknown>\n#12 0x55952ce6866b <unknown>\n#13 0x55952ce69015 <unknown>\n#14 0x55952ce57402 <unknown>\n#15 0x55952ce6939d <unknown>\n#16 0x55952ce415c5 <unknown>\n#17 0x55952ce81018 <unknown>\n#18 0x55952ce8122f <unknown>\n#19 0x55952ce8f54c <unknown>\n#20 0x7ff125894ac3 <unknown>","time":{"start":1732895857118,"stop":1732895867183,"duration":10065}}]},"tags":["flaky(reruns=3, reruns_delay=1)"]},"source":"cfaa16c52e1b2013.json","parameterValues":["'edge'"]}