{"uid":"d08f9f229d75ed38","name":"Check Download section image","fullName":"Tests.test_HomePage.TestHomePage#test_9","historyId":"18840b97bfcf683a56069450a6ee9ac1","time":{"start":1731914190795,"stop":1731914190800,"duration":5},"status":"passed","flaky":false,"newFailed":false,"newBroken":false,"newPassed":true,"retriesCount":0,"retriesStatusChange":false,"beforeStages":[{"name":"_session_faker","time":{"start":1731913960064,"stop":1731913960122,"duration":58},"status":"passed","steps":[],"attachments":[],"parameters":[],"stepsCount":0,"shouldDisplayMessage":false,"attachmentsCount":0,"hasContent":false,"attachmentStep":false},{"name":"_xunit_setup_class_fixture_TestHomePage","time":{"start":1731914174772,"stop":1731914178407,"duration":3635},"status":"passed","steps":[],"attachments":[],"parameters":[],"stepsCount":0,"shouldDisplayMessage":false,"attachmentsCount":0,"hasContent":false,"attachmentStep":false},{"name":"driver","time":{"start":1731914178407,"stop":1731914180305,"duration":1898},"status":"passed","steps":[],"attachments":[],"parameters":[],"stepsCount":0,"shouldDisplayMessage":false,"attachmentsCount":0,"hasContent":false,"attachmentStep":false},{"name":"setup","time":{"start":1731914190794,"stop":1731914190794,"duration":0},"status":"passed","steps":[],"attachments":[],"parameters":[],"stepsCount":0,"shouldDisplayMessage":false,"attachmentsCount":0,"hasContent":false,"attachmentStep":false}],"testStage":{"status":"passed","steps":[{"name":"C58340: Check section image","time":{"start":1731914190795,"stop":1731914190800,"duration":5},"status":"passed","steps":[],"attachments":[],"parameters":[],"stepsCount":0,"shouldDisplayMessage":false,"attachmentsCount":0,"hasContent":false,"attachmentStep":false}],"attachments":[],"parameters":[],"stepsCount":1,"shouldDisplayMessage":false,"attachmentsCount":0,"hasContent":true,"attachmentStep":false},"afterStages":[{"name":"driver::0","time":{"start":1731914260679,"stop":1731914261239,"duration":560},"status":"passed","steps":[],"attachments":[],"parameters":[],"stepsCount":0,"shouldDisplayMessage":false,"attachmentsCount":0,"hasContent":false,"attachmentStep":false},{"name":"_xunit_setup_class_fixture_TestHomePage::0","time":{"start":1731914261239,"stop":1731914261239,"duration":0},"status":"passed","steps":[],"attachments":[],"parameters":[],"stepsCount":0,"shouldDisplayMessage":false,"attachmentsCount":0,"hasContent":false,"attachmentStep":false}],"labels":[{"name":"feature","value":"Home page"},{"name":"severity","value":"normal"},{"name":"tag","value":"flaky(reruns=3, reruns_delay=1)"},{"name":"parentSuite","value":"Tests"},{"name":"suite","value":"test_HomePage"},{"name":"subSuite","value":"TestHomePage"},{"name":"host","value":"fv-az1567-208"},{"name":"thread","value":"1771-MainThread"},{"name":"framework","value":"pytest"},{"name":"language","value":"cpython3"},{"name":"package","value":"Tests.test_HomePage"},{"name":"resultFormat","value":"allure2"}],"parameters":[{"name":"driver","value":"'firefox'"}],"links":[{"name":"C58340","url":"https://hedgehoglabqa.testrail.io/index.php?/cases/view/58340","type":"tms"},{"name":"Epic QP-356","url":"https://hedgehog-lab.atlassian.net/browse/QP-356","type":"issue"},{"name":"Story QP-269","url":"https://hedgehog-lab.atlassian.net/browse/QP-269","type":"issue"}],"hidden":false,"retry":false,"extra":{"severity":"normal","retries":[],"categories":[],"history":{"statistic":{"failed":0,"broken":2,"skipped":0,"passed":5,"unknown":0,"total":7},"items":[{"uid":"d08a9af728b38ad5","status":"broken","statusDetails":"selenium.common.exceptions.NoSuchElementException: Message: Unable to locate element: //section[@class='app-download']//div/img; For documentation on this error, please visit: https://www.selenium.dev/documentation/webdriver/troubleshooting/errors#no-such-element-exception\nStacktrace:\nRemoteError@chrome://remote/content/shared/RemoteError.sys.mjs:8:8\nWebDriverError@chrome://remote/content/shared/webdriver/Errors.sys.mjs:193:5\nNoSuchElementError@chrome://remote/content/shared/webdriver/Errors.sys.mjs:511:5\ndom.find/</<@chrome://remote/content/shared/DOM.sys.mjs:136:16","time":{"start":1731814740743,"stop":1731814750749,"duration":10006}},{"uid":"5b4f7ca8acd47048","status":"broken","statusDetails":"selenium.common.exceptions.NoSuchElementException: Message: Unable to locate element: //section[@class='app-download']//div/img; For documentation on this error, please visit: https://www.selenium.dev/documentation/webdriver/troubleshooting/errors#no-such-element-exception\nStacktrace:\nRemoteError@chrome://remote/content/shared/RemoteError.sys.mjs:8:8\nWebDriverError@chrome://remote/content/shared/webdriver/Errors.sys.mjs:193:5\nNoSuchElementError@chrome://remote/content/shared/webdriver/Errors.sys.mjs:511:5\ndom.find/</<@chrome://remote/content/shared/DOM.sys.mjs:136:16","time":{"start":1731684897061,"stop":1731684907066,"duration":10005}},{"uid":"9c33c7bf5d092bf8","status":"passed","time":{"start":1731570810853,"stop":1731570810858,"duration":5}},{"uid":"cf346c0e735c3c9d","status":"passed","time":{"start":1731485533267,"stop":1731485533272,"duration":5}},{"uid":"38b2d9f2f13bb97c","status":"passed","time":{"start":1731482603930,"stop":1731482603935,"duration":5}},{"uid":"97a207f0b43609ba","status":"passed","time":{"start":1731480628604,"stop":1731480628609,"duration":5}}]},"tags":["flaky(reruns=3, reruns_delay=1)"]},"source":"d08f9f229d75ed38.json","parameterValues":["'firefox'"]}