{"uid":"dbafeb8be8da7d9d","name":"Check Retail sites","fullName":"Tests.test_Sites.TestSites#test_3","historyId":"d3774ae400b40bca5cb120c3e2bddd4a","time":{"start":1730384244066,"stop":1730384254585,"duration":10519},"status":"failed","statusMessage":"AssertionError: FAILURE: assert 'Atban Bin Malik Mosque' == ' Atban Bin Malik Mosque '\n  \n  -  Atban Bin Malik Mosque \n  ? -                      -\n  + Atban Bin Malik Mosque\ntest_Sites.py:70 in test_3() -> with check, allure.step(f\"{title} title is correct\"):\ntest_Sites.py:71 in test_3 -> assert title.strip() == sites_obj.get_site_card_title(site_type, num)\nAssertionError: assert 'Atban Bin Malik Mosque' == ' Atban Bin Malik Mosque '\n  \n  -  Atban Bin Malik Mosque \n  ? -                      -\n  + Atban Bin Malik Mosque\n\n\nFAILURE: assert 'ShopEase' == ' ShopEase '\n  \n  -  ShopEase \n  ? -        -\n  + ShopEase\nFAILURE: assert 'Your One-Sto...veryday Needs' == ' Your One-St...veryday Needs'\n  \n  -  Your One-Stop Shop for Everyday Needs\n  ? -\n  + Your One-Stop Shop for Everyday Needs\n------------------------------------------------------------\nFailed Checks: 3","statusTrace":"FAILURE: assert 'Atban Bin Malik Mosque' == ' Atban Bin Malik Mosque '\n  \n  -  Atban Bin Malik Mosque \n  ? -                      -\n  + Atban Bin Malik Mosque\ntest_Sites.py:70 in test_3() -> with check, allure.step(f\"{title} title is correct\"):\ntest_Sites.py:71 in test_3 -> assert title.strip() == sites_obj.get_site_card_title(site_type, num)\nAssertionError: assert 'Atban Bin Malik Mosque' == ' Atban Bin Malik Mosque '\n  \n  -  Atban Bin Malik Mosque \n  ? -                      -\n  + Atban Bin Malik Mosque\n\n\nFAILURE: assert 'ShopEase' == ' ShopEase '\n  \n  -  ShopEase \n  ? -        -\n  + ShopEase\nFAILURE: assert 'Your One-Sto...veryday Needs' == ' Your One-St...veryday Needs'\n  \n  -  Your One-Stop Shop for Everyday Needs\n  ? -\n  + Your One-Stop Shop for Everyday Needs\n------------------------------------------------------------\nFailed Checks: 3","flaky":false,"newFailed":false,"newBroken":false,"newPassed":false,"retriesCount":1,"retriesStatusChange":true,"beforeStages":[{"name":"_session_faker","time":{"start":1730384094685,"stop":1730384094733,"duration":48},"status":"passed","steps":[],"attachments":[],"parameters":[],"stepsCount":0,"shouldDisplayMessage":false,"attachmentsCount":0,"hasContent":false,"attachmentStep":false},{"name":"_xunit_setup_class_fixture_TestSites","time":{"start":1730384226178,"stop":1730384229232,"duration":3054},"status":"passed","steps":[],"attachments":[],"parameters":[],"stepsCount":0,"shouldDisplayMessage":false,"attachmentsCount":0,"hasContent":false,"attachmentStep":false},{"name":"driver","time":{"start":1730384229234,"stop":1730384232374,"duration":3140},"status":"passed","steps":[],"attachments":[],"parameters":[],"stepsCount":0,"shouldDisplayMessage":false,"attachmentsCount":0,"hasContent":false,"attachmentStep":false}],"testStage":{"status":"failed","statusMessage":"AssertionError: FAILURE: assert 'Atban Bin Malik Mosque' == ' Atban Bin Malik Mosque '\n  \n  -  Atban Bin Malik Mosque \n  ? -                      -\n  + Atban Bin Malik Mosque\ntest_Sites.py:70 in test_3() -> with check, allure.step(f\"{title} title is correct\"):\ntest_Sites.py:71 in test_3 -> assert title.strip() == sites_obj.get_site_card_title(site_type, num)\nAssertionError: assert 'Atban Bin Malik Mosque' == ' Atban Bin Malik Mosque '\n  \n  -  Atban Bin Malik Mosque \n  ? -                      -\n  + Atban Bin Malik Mosque\n\n\nFAILURE: assert 'ShopEase' == ' ShopEase '\n  \n  -  ShopEase \n  ? -        -\n  + ShopEase\nFAILURE: assert 'Your One-Sto...veryday Needs' == ' Your One-St...veryday Needs'\n  \n  -  Your One-Stop Shop for Everyday Needs\n  ? -\n  + Your One-Stop Shop for Everyday Needs\n------------------------------------------------------------\nFailed Checks: 3","statusTrace":"FAILURE: assert 'Atban Bin Malik Mosque' == ' Atban Bin Malik Mosque '\n  \n  -  Atban Bin Malik Mosque \n  ? -                      -\n  + Atban Bin Malik Mosque\ntest_Sites.py:70 in test_3() -> with check, allure.step(f\"{title} title is correct\"):\ntest_Sites.py:71 in test_3 -> assert title.strip() == sites_obj.get_site_card_title(site_type, num)\nAssertionError: assert 'Atban Bin Malik Mosque' == ' Atban Bin Malik Mosque '\n  \n  -  Atban Bin Malik Mosque \n  ? -                      -\n  + Atban Bin Malik Mosque\n\n\nFAILURE: assert 'ShopEase' == ' ShopEase '\n  \n  -  ShopEase \n  ? -        -\n  + ShopEase\nFAILURE: assert 'Your One-Sto...veryday Needs' == ' Your One-St...veryday Needs'\n  \n  -  Your One-Stop Shop for Everyday Needs\n  ? -\n  + Your One-Stop Shop for Everyday Needs\n------------------------------------------------------------\nFailed Checks: 3","steps":[{"name":"The number of cards are visible on the page is correct","time":{"start":1730384244349,"stop":1730384244349,"duration":0},"status":"passed","steps":[],"attachments":[],"parameters":[],"stepsCount":0,"shouldDisplayMessage":false,"attachmentsCount":0,"hasContent":false,"attachmentStep":false},{"name":"Pagination is not visible","time":{"start":1730384244349,"stop":1730384254361,"duration":10012},"status":"passed","steps":[],"attachments":[],"parameters":[],"stepsCount":0,"shouldDisplayMessage":false,"attachmentsCount":0,"hasContent":false,"attachmentStep":false},{"name":"Atban Bin Malik Mosque title is correct","time":{"start":1730384254363,"stop":1730384254422,"duration":59},"status":"failed","statusMessage":"AssertionError: assert 'Atban Bin Malik Mosque' == ' Atban Bin Malik Mosque '\n  \n  -  Atban Bin Malik Mosque \n  ? -                      -\n  + Atban Bin Malik Mosque\n","statusTrace":"  File \"/Users/runner/work/QUBA_WEB/QUBA_WEB/Tests/test_Sites.py\", line 71, in test_3\n    assert title.strip() == sites_obj.get_site_card_title(site_type, num)\n","steps":[],"attachments":[],"parameters":[],"stepsCount":0,"shouldDisplayMessage":true,"attachmentsCount":0,"hasContent":true,"attachmentStep":false},{"name":"Atban Bin Malik Mosque summary is correct","time":{"start":1730384254436,"stop":1730384254455,"duration":19},"status":"passed","steps":[],"attachments":[],"parameters":[],"stepsCount":0,"shouldDisplayMessage":false,"attachmentsCount":0,"hasContent":false,"attachmentStep":false},{"name":"ShopEase title is correct","time":{"start":1730384254455,"stop":1730384254471,"duration":16},"status":"failed","statusMessage":"AssertionError: assert 'ShopEase' == ' ShopEase '\n  \n  -  ShopEase \n  ? -        -\n  + ShopEase\n","statusTrace":"  File \"/Users/runner/work/QUBA_WEB/QUBA_WEB/Tests/test_Sites.py\", line 71, in test_3\n    assert title.strip() == sites_obj.get_site_card_title(site_type, num)\n","steps":[],"attachments":[],"parameters":[],"stepsCount":0,"shouldDisplayMessage":true,"attachmentsCount":0,"hasContent":true,"attachmentStep":false},{"name":"ShopEase summary is correct","time":{"start":1730384254472,"stop":1730384254488,"duration":16},"status":"failed","statusMessage":"AssertionError: assert 'Your One-Sto...veryday Needs' == ' Your One-St...veryday Needs'\n  \n  -  Your One-Stop Shop for Everyday Needs\n  ? -\n  + Your One-Stop Shop for Everyday Needs\n","statusTrace":"  File \"/Users/runner/work/QUBA_WEB/QUBA_WEB/Tests/test_Sites.py\", line 73, in test_3\n    assert summary.strip() == sites_obj.get_site_card_summary(site_type, num)\n","steps":[],"attachments":[],"parameters":[],"stepsCount":0,"shouldDisplayMessage":true,"attachmentsCount":0,"hasContent":true,"attachmentStep":false}],"attachments":[],"parameters":[],"stepsCount":6,"shouldDisplayMessage":true,"attachmentsCount":0,"hasContent":true,"attachmentStep":false},"afterStages":[{"name":"driver::0","time":{"start":1730384287701,"stop":1730384287836,"duration":135},"status":"passed","steps":[],"attachments":[],"parameters":[],"stepsCount":0,"shouldDisplayMessage":false,"attachmentsCount":0,"hasContent":false,"attachmentStep":false},{"name":"_xunit_setup_class_fixture_TestSites::0","time":{"start":1730384287837,"stop":1730384287837,"duration":0},"status":"passed","steps":[],"attachments":[],"parameters":[],"stepsCount":0,"shouldDisplayMessage":false,"attachmentsCount":0,"hasContent":false,"attachmentStep":false}],"labels":[{"name":"feature","value":"Sites"},{"name":"severity","value":"normal"},{"name":"tag","value":"flaky(reruns=3, reruns_delay=0.5, rerun_except='assert')"},{"name":"parentSuite","value":"Tests"},{"name":"suite","value":"test_Sites"},{"name":"subSuite","value":"TestSites"},{"name":"host","value":"Mac-1730383937177.local"},{"name":"thread","value":"1239-MainThread"},{"name":"framework","value":"pytest"},{"name":"language","value":"cpython3"},{"name":"package","value":"Tests.test_Sites"},{"name":"resultFormat","value":"allure2"}],"parameters":[{"name":"driver","value":"'safari'"},{"name":"site_type","value":"'Retail'"}],"links":[],"hidden":false,"retry":false,"extra":{"severity":"normal","retries":[{"uid":"d46e8eb8cf0107ab","status":"broken","statusDetails":"selenium.common.exceptions.NoSuchFrameException: Message:","time":{"start":1730384242848,"stop":1730384243392,"duration":544}}],"categories":[{"name":"Product defects","matchedStatuses":[],"flaky":false}],"tags":["flaky(reruns=3, reruns_delay=0.5, rerun_except='assert')"]},"source":"dbafeb8be8da7d9d.json","parameterValues":["'safari'","'Retail'"]}