{"uid":"e5d58b33032ce43a","name":"Scroll trough images","fullName":"Tests.test_Sites.TestSites#test_22","historyId":"6ac58105e510905c5bc83d1bc3960f09","time":{"start":1733631055985,"stop":1733631077068,"duration":21083},"status":"failed","statusMessage":"AssertionError: FAILURE: assert (False)\n +  where False = <bound method AboutPage.is_next_slide_button_visible of <Pages.AboutPage.AboutPage object at 0x7f21b62c9f90>>()\n +    where <bound method AboutPage.is_next_slide_button_visible of <Pages.AboutPage.AboutPage object at 0x7f21b62c9f90>> = <Pages.AboutPage.AboutPage object at 0x7f21b62c9f90>.is_next_slide_button_visible\ntest_Sites.py:556 in test_22() -> with check, allure.step(\"C58415: Initially next is visible and previous is not\"):\ntest_Sites.py:557 in test_22 -> assert about_obj.is_next_slide_button_visible() and not about_obj.is_previous_slide_button_visible()\nAssertionError: assert (False)\n +  where False = <bound method AboutPage.is_next_slide_button_visible of <Pages.AboutPage.AboutPage object at 0x7f21b62c9f90>>()\n +    where <bound method AboutPage.is_next_slide_button_visible of <Pages.AboutPage.AboutPage object at 0x7f21b62c9f90>> = <Pages.AboutPage.AboutPage object at 0x7f21b62c9f90>.is_next_slide_button_visible\n\n\n------------------------------------------------------------\nFailed Checks: 1\n------------------------------------------------------------\nself = <Tests.test_Sites.TestSites object at 0x7f21b4c7a290>\ndriver = <selenium.webdriver.chrome.webdriver.WebDriver (session=\"76ca9f3bfc72d508e7b685a625cef286\")>\n\n    @severity(severity_level.MINOR)\n    @allure.feature('Individual Sites')\n    @allure.title(\"Scroll trough images\")\n    @allure.issue(\"QP-264\", \"Story QP-264\")\n    @allure.issue(\"QP-356\", \"Epic QP-356\")\n    @allure.testcase(\"58415\", \"C58415\")\n    def test_22(self, driver):\n        about_obj = AboutPage(driver)\n        with check, allure.step(\"C58415: Initially next is visible and previous is not\"):\n            assert about_obj.is_next_slide_button_visible() and not about_obj.is_previous_slide_button_visible()\n        with check, allure.step(\"C58415: Carousel position is at the start\"):\n>           assert about_obj.get_image_carousel_position() == \"start\"\n\nTests/test_Sites.py:559: \n_ _ _ _ _ _ _ _ _ _ _ _ _ _ _ _ _ _ _ _ _ _ _ _ _ _ _ _ _ _ _ _ _ _ _ _ _ _ _ _ \nPages/AboutPage.py:140: in get_image_carousel_position\n    carousel = self.driver.find_element(*self.image_carousel)\n/opt/hostedtoolcache/Python/3.11.10/x64/lib/python3.11/site-packages/selenium/webdriver/remote/webdriver.py:741: in find_element\n    return self.execute(Command.FIND_ELEMENT, {\"using\": by, \"value\": value})[\"value\"]\n/opt/hostedtoolcache/Python/3.11.10/x64/lib/python3.11/site-packages/selenium/webdriver/remote/webdriver.py:347: in execute\n    self.error_handler.check_response(response)\n_ _ _ _ _ _ _ _ _ _ _ _ _ _ _ _ _ _ _ _ _ _ _ _ _ _ _ _ _ _ _ _ _ _ _ _ _ _ _ _ \n\nself = <selenium.webdriver.remote.errorhandler.ErrorHandler object at 0x7f21b607ced0>\nresponse = {'status': 404, 'value': '{\"value\":{\"error\":\"no such element\",\"message\":\"no such element: Unable to locate element: {\\...\\\\n#17 0x55e14e725196 \\\\u003Cunknown>\\\\n#18 0x7f3f64c9ca94 \\\\u003Cunknown>\\\\n#19 0x7f3f64d29c3c \\\\u003Cunknown>\\\\n\"}}'}\n\n    def check_response(self, response: Dict[str, Any]) -> None:\n        \"\"\"Checks that a JSON response from the WebDriver does not have an\n        error.\n    \n        :Args:\n         - response - The JSON response from the WebDriver server as a dictionary\n           object.\n    \n        :Raises: If the response contains an error message.\n        \"\"\"\n        status = response.get(\"status\", None)\n        if not status or status == ErrorCode.SUCCESS:\n            return\n        value = None\n        message = response.get(\"message\", \"\")\n        screen: str = response.get(\"screen\", \"\")\n        stacktrace = None\n        if isinstance(status, int):\n            value_json = response.get(\"value\", None)\n            if value_json and isinstance(value_json, str):\n                import json\n    \n                try:\n                    value = json.loads(value_json)\n                    if len(value) == 1:\n                        value = value[\"value\"]\n                    status = value.get(\"error\", None)\n                    if not status:\n                        status = value.get(\"status\", ErrorCode.UNKNOWN_ERROR)\n                        message = value.get(\"value\") or value.get(\"message\")\n                        if not isinstance(message, str):\n                            value = message\n                            message = message.get(\"message\")\n                    else:\n                        message = value.get(\"message\", None)\n                except ValueError:\n                    pass\n    \n        exception_class: Type[WebDriverException]\n        e = ErrorCode()\n        error_codes = [item for item in dir(e) if not item.startswith(\"__\")]\n        for error_code in error_codes:\n            error_info = getattr(ErrorCode, error_code)\n            if isinstance(error_info, list) and status in error_info:\n                exception_class = getattr(ExceptionMapping, error_code, WebDriverException)\n                break\n        else:\n            exception_class = WebDriverException\n    \n        if not value:\n            value = response[\"value\"]\n        if isinstance(value, str):\n            raise exception_class(value)\n        if message == \"\" and \"message\" in value:\n            message = value[\"message\"]\n    \n        screen = None  # type: ignore[assignment]\n        if \"screen\" in value:\n            screen = value[\"screen\"]\n    \n        stacktrace = None\n        st_value = value.get(\"stackTrace\") or value.get(\"stacktrace\")\n        if st_value:\n            if isinstance(st_value, str):\n                stacktrace = st_value.split(\"\\n\")\n            else:\n                stacktrace = []\n                try:\n                    for frame in st_value:\n                        line = frame.get(\"lineNumber\", \"\")\n                        file = frame.get(\"fileName\", \"<anonymous>\")\n                        if line:\n                            file = f\"{file}:{line}\"\n                        meth = frame.get(\"methodName\", \"<anonymous>\")\n                        if \"className\" in frame:\n                            meth = f\"{frame['className']}.{meth}\"\n                        msg = \"    at %s (%s)\"\n                        msg = msg % (meth, file)\n                        stacktrace.append(msg)\n                except TypeError:\n                    pass\n        if exception_class == UnexpectedAlertPresentException:\n            alert_text = None\n            if \"data\" in value:\n                alert_text = value[\"data\"].get(\"text\")\n            elif \"alert\" in value:\n                alert_text = value[\"alert\"].get(\"text\")\n            raise exception_class(message, screen, stacktrace, alert_text)  # type: ignore[call-arg]  # mypy is not smart enough here\n>       raise exception_class(message, screen, stacktrace)\nE       selenium.common.exceptions.NoSuchElementException: Message: no such element: Unable to locate element: {\"method\":\"xpath\",\"selector\":\"//div[@class='slide-container']\"}\nE         (Session info: chrome=131.0.6778.85); For documentation on this error, please visit: https://www.selenium.dev/documentation/webdriver/troubleshooting/errors#no-such-element-exception\nE       Stacktrace:\nE       #0 0x55e14e72631a <unknown>\nE       #1 0x55e14e23c6e0 <unknown>\nE       #2 0x55e14e28b3e6 <unknown>\nE       #3 0x55e14e28b681 <unknown>\nE       #4 0x55e14e2d0b04 <unknown>\nE       #5 0x55e14e2af48d <unknown>\nE       #6 0x55e14e2cded7 <unknown>\nE       #7 0x55e14e2af203 <unknown>\nE       #8 0x55e14e27dcc0 <unknown>\nE       #9 0x55e14e27ec9e <unknown>\nE       #10 0x55e14e6f3d0b <unknown>\nE       #11 0x55e14e6f7c92 <unknown>\nE       #12 0x55e14e6e0b3c <unknown>\nE       #13 0x55e14e6f8807 <unknown>\nE       #14 0x55e14e6c60df <unknown>\nE       #15 0x55e14e715578 <unknown>\nE       #16 0x55e14e715740 <unknown>\nE       #17 0x55e14e725196 <unknown>\nE       #18 0x7f3f64c9ca94 <unknown>\nE       #19 0x7f3f64d29c3c <unknown>\n\n/opt/hostedtoolcache/Python/3.11.10/x64/lib/python3.11/site-packages/selenium/webdriver/remote/errorhandler.py:229: NoSuchElementException","statusTrace":"FAILURE: assert (False)\n +  where False = <bound method AboutPage.is_next_slide_button_visible of <Pages.AboutPage.AboutPage object at 0x7f21b62c9f90>>()\n +    where <bound method AboutPage.is_next_slide_button_visible of <Pages.AboutPage.AboutPage object at 0x7f21b62c9f90>> = <Pages.AboutPage.AboutPage object at 0x7f21b62c9f90>.is_next_slide_button_visible\ntest_Sites.py:556 in test_22() -> with check, allure.step(\"C58415: Initially next is visible and previous is not\"):\ntest_Sites.py:557 in test_22 -> assert about_obj.is_next_slide_button_visible() and not about_obj.is_previous_slide_button_visible()\nAssertionError: assert (False)\n +  where False = <bound method AboutPage.is_next_slide_button_visible of <Pages.AboutPage.AboutPage object at 0x7f21b62c9f90>>()\n +    where <bound method AboutPage.is_next_slide_button_visible of <Pages.AboutPage.AboutPage object at 0x7f21b62c9f90>> = <Pages.AboutPage.AboutPage object at 0x7f21b62c9f90>.is_next_slide_button_visible\n\n\n------------------------------------------------------------\nFailed Checks: 1\n------------------------------------------------------------\nself = <Tests.test_Sites.TestSites object at 0x7f21b4c7a290>\ndriver = <selenium.webdriver.chrome.webdriver.WebDriver (session=\"76ca9f3bfc72d508e7b685a625cef286\")>\n\n    @severity(severity_level.MINOR)\n    @allure.feature('Individual Sites')\n    @allure.title(\"Scroll trough images\")\n    @allure.issue(\"QP-264\", \"Story QP-264\")\n    @allure.issue(\"QP-356\", \"Epic QP-356\")\n    @allure.testcase(\"58415\", \"C58415\")\n    def test_22(self, driver):\n        about_obj = AboutPage(driver)\n        with check, allure.step(\"C58415: Initially next is visible and previous is not\"):\n            assert about_obj.is_next_slide_button_visible() and not about_obj.is_previous_slide_button_visible()\n        with check, allure.step(\"C58415: Carousel position is at the start\"):\n>           assert about_obj.get_image_carousel_position() == \"start\"\n\nTests/test_Sites.py:559: \n_ _ _ _ _ _ _ _ _ _ _ _ _ _ _ _ _ _ _ _ _ _ _ _ _ _ _ _ _ _ _ _ _ _ _ _ _ _ _ _ \nPages/AboutPage.py:140: in get_image_carousel_position\n    carousel = self.driver.find_element(*self.image_carousel)\n/opt/hostedtoolcache/Python/3.11.10/x64/lib/python3.11/site-packages/selenium/webdriver/remote/webdriver.py:741: in find_element\n    return self.execute(Command.FIND_ELEMENT, {\"using\": by, \"value\": value})[\"value\"]\n/opt/hostedtoolcache/Python/3.11.10/x64/lib/python3.11/site-packages/selenium/webdriver/remote/webdriver.py:347: in execute\n    self.error_handler.check_response(response)\n_ _ _ _ _ _ _ _ _ _ _ _ _ _ _ _ _ _ _ _ _ _ _ _ _ _ _ _ _ _ _ _ _ _ _ _ _ _ _ _ \n\nself = <selenium.webdriver.remote.errorhandler.ErrorHandler object at 0x7f21b607ced0>\nresponse = {'status': 404, 'value': '{\"value\":{\"error\":\"no such element\",\"message\":\"no such element: Unable to locate element: {\\...\\\\n#17 0x55e14e725196 \\\\u003Cunknown>\\\\n#18 0x7f3f64c9ca94 \\\\u003Cunknown>\\\\n#19 0x7f3f64d29c3c \\\\u003Cunknown>\\\\n\"}}'}\n\n    def check_response(self, response: Dict[str, Any]) -> None:\n        \"\"\"Checks that a JSON response from the WebDriver does not have an\n        error.\n    \n        :Args:\n         - response - The JSON response from the WebDriver server as a dictionary\n           object.\n    \n        :Raises: If the response contains an error message.\n        \"\"\"\n        status = response.get(\"status\", None)\n        if not status or status == ErrorCode.SUCCESS:\n            return\n        value = None\n        message = response.get(\"message\", \"\")\n        screen: str = response.get(\"screen\", \"\")\n        stacktrace = None\n        if isinstance(status, int):\n            value_json = response.get(\"value\", None)\n            if value_json and isinstance(value_json, str):\n                import json\n    \n                try:\n                    value = json.loads(value_json)\n                    if len(value) == 1:\n                        value = value[\"value\"]\n                    status = value.get(\"error\", None)\n                    if not status:\n                        status = value.get(\"status\", ErrorCode.UNKNOWN_ERROR)\n                        message = value.get(\"value\") or value.get(\"message\")\n                        if not isinstance(message, str):\n                            value = message\n                            message = message.get(\"message\")\n                    else:\n                        message = value.get(\"message\", None)\n                except ValueError:\n                    pass\n    \n        exception_class: Type[WebDriverException]\n        e = ErrorCode()\n        error_codes = [item for item in dir(e) if not item.startswith(\"__\")]\n        for error_code in error_codes:\n            error_info = getattr(ErrorCode, error_code)\n            if isinstance(error_info, list) and status in error_info:\n                exception_class = getattr(ExceptionMapping, error_code, WebDriverException)\n                break\n        else:\n            exception_class = WebDriverException\n    \n        if not value:\n            value = response[\"value\"]\n        if isinstance(value, str):\n            raise exception_class(value)\n        if message == \"\" and \"message\" in value:\n            message = value[\"message\"]\n    \n        screen = None  # type: ignore[assignment]\n        if \"screen\" in value:\n            screen = value[\"screen\"]\n    \n        stacktrace = None\n        st_value = value.get(\"stackTrace\") or value.get(\"stacktrace\")\n        if st_value:\n            if isinstance(st_value, str):\n                stacktrace = st_value.split(\"\\n\")\n            else:\n                stacktrace = []\n                try:\n                    for frame in st_value:\n                        line = frame.get(\"lineNumber\", \"\")\n                        file = frame.get(\"fileName\", \"<anonymous>\")\n                        if line:\n                            file = f\"{file}:{line}\"\n                        meth = frame.get(\"methodName\", \"<anonymous>\")\n                        if \"className\" in frame:\n                            meth = f\"{frame['className']}.{meth}\"\n                        msg = \"    at %s (%s)\"\n                        msg = msg % (meth, file)\n                        stacktrace.append(msg)\n                except TypeError:\n                    pass\n        if exception_class == UnexpectedAlertPresentException:\n            alert_text = None\n            if \"data\" in value:\n                alert_text = value[\"data\"].get(\"text\")\n            elif \"alert\" in value:\n                alert_text = value[\"alert\"].get(\"text\")\n            raise exception_class(message, screen, stacktrace, alert_text)  # type: ignore[call-arg]  # mypy is not smart enough here\n>       raise exception_class(message, screen, stacktrace)\nE       selenium.common.exceptions.NoSuchElementException: Message: no such element: Unable to locate element: {\"method\":\"xpath\",\"selector\":\"//div[@class='slide-container']\"}\nE         (Session info: chrome=131.0.6778.85); For documentation on this error, please visit: https://www.selenium.dev/documentation/webdriver/troubleshooting/errors#no-such-element-exception\nE       Stacktrace:\nE       #0 0x55e14e72631a <unknown>\nE       #1 0x55e14e23c6e0 <unknown>\nE       #2 0x55e14e28b3e6 <unknown>\nE       #3 0x55e14e28b681 <unknown>\nE       #4 0x55e14e2d0b04 <unknown>\nE       #5 0x55e14e2af48d <unknown>\nE       #6 0x55e14e2cded7 <unknown>\nE       #7 0x55e14e2af203 <unknown>\nE       #8 0x55e14e27dcc0 <unknown>\nE       #9 0x55e14e27ec9e <unknown>\nE       #10 0x55e14e6f3d0b <unknown>\nE       #11 0x55e14e6f7c92 <unknown>\nE       #12 0x55e14e6e0b3c <unknown>\nE       #13 0x55e14e6f8807 <unknown>\nE       #14 0x55e14e6c60df <unknown>\nE       #15 0x55e14e715578 <unknown>\nE       #16 0x55e14e715740 <unknown>\nE       #17 0x55e14e725196 <unknown>\nE       #18 0x7f3f64c9ca94 <unknown>\nE       #19 0x7f3f64d29c3c <unknown>\n\n/opt/hostedtoolcache/Python/3.11.10/x64/lib/python3.11/site-packages/selenium/webdriver/remote/errorhandler.py:229: NoSuchElementException","flaky":false,"newFailed":true,"newBroken":false,"newPassed":false,"retriesCount":3,"retriesStatusChange":false,"beforeStages":[{"name":"_session_faker","time":{"start":1733628971027,"stop":1733628971092,"duration":65},"status":"passed","steps":[],"attachments":[],"parameters":[],"shouldDisplayMessage":false,"stepsCount":0,"attachmentsCount":0,"hasContent":false,"attachmentStep":false},{"name":"driver","time":{"start":1733629718940,"stop":1733629719161,"duration":221},"status":"passed","steps":[],"attachments":[],"parameters":[],"shouldDisplayMessage":false,"stepsCount":0,"attachmentsCount":0,"hasContent":false,"attachmentStep":false}],"testStage":{"status":"failed","statusMessage":"AssertionError: FAILURE: assert (False)\n +  where False = <bound method AboutPage.is_next_slide_button_visible of <Pages.AboutPage.AboutPage object at 0x7f21b62c9f90>>()\n +    where <bound method AboutPage.is_next_slide_button_visible of <Pages.AboutPage.AboutPage object at 0x7f21b62c9f90>> = <Pages.AboutPage.AboutPage object at 0x7f21b62c9f90>.is_next_slide_button_visible\ntest_Sites.py:556 in test_22() -> with check, allure.step(\"C58415: Initially next is visible and previous is not\"):\ntest_Sites.py:557 in test_22 -> assert about_obj.is_next_slide_button_visible() and not about_obj.is_previous_slide_button_visible()\nAssertionError: assert (False)\n +  where False = <bound method AboutPage.is_next_slide_button_visible of <Pages.AboutPage.AboutPage object at 0x7f21b62c9f90>>()\n +    where <bound method AboutPage.is_next_slide_button_visible of <Pages.AboutPage.AboutPage object at 0x7f21b62c9f90>> = <Pages.AboutPage.AboutPage object at 0x7f21b62c9f90>.is_next_slide_button_visible\n\n\n------------------------------------------------------------\nFailed Checks: 1\n------------------------------------------------------------\nself = <Tests.test_Sites.TestSites object at 0x7f21b4c7a290>\ndriver = <selenium.webdriver.chrome.webdriver.WebDriver (session=\"76ca9f3bfc72d508e7b685a625cef286\")>\n\n    @severity(severity_level.MINOR)\n    @allure.feature('Individual Sites')\n    @allure.title(\"Scroll trough images\")\n    @allure.issue(\"QP-264\", \"Story QP-264\")\n    @allure.issue(\"QP-356\", \"Epic QP-356\")\n    @allure.testcase(\"58415\", \"C58415\")\n    def test_22(self, driver):\n        about_obj = AboutPage(driver)\n        with check, allure.step(\"C58415: Initially next is visible and previous is not\"):\n            assert about_obj.is_next_slide_button_visible() and not about_obj.is_previous_slide_button_visible()\n        with check, allure.step(\"C58415: Carousel position is at the start\"):\n>           assert about_obj.get_image_carousel_position() == \"start\"\n\nTests/test_Sites.py:559: \n_ _ _ _ _ _ _ _ _ _ _ _ _ _ _ _ _ _ _ _ _ _ _ _ _ _ _ _ _ _ _ _ _ _ _ _ _ _ _ _ \nPages/AboutPage.py:140: in get_image_carousel_position\n    carousel = self.driver.find_element(*self.image_carousel)\n/opt/hostedtoolcache/Python/3.11.10/x64/lib/python3.11/site-packages/selenium/webdriver/remote/webdriver.py:741: in find_element\n    return self.execute(Command.FIND_ELEMENT, {\"using\": by, \"value\": value})[\"value\"]\n/opt/hostedtoolcache/Python/3.11.10/x64/lib/python3.11/site-packages/selenium/webdriver/remote/webdriver.py:347: in execute\n    self.error_handler.check_response(response)\n_ _ _ _ _ _ _ _ _ _ _ _ _ _ _ _ _ _ _ _ _ _ _ _ _ _ _ _ _ _ _ _ _ _ _ _ _ _ _ _ \n\nself = <selenium.webdriver.remote.errorhandler.ErrorHandler object at 0x7f21b607ced0>\nresponse = {'status': 404, 'value': '{\"value\":{\"error\":\"no such element\",\"message\":\"no such element: Unable to locate element: {\\...\\\\n#17 0x55e14e725196 \\\\u003Cunknown>\\\\n#18 0x7f3f64c9ca94 \\\\u003Cunknown>\\\\n#19 0x7f3f64d29c3c \\\\u003Cunknown>\\\\n\"}}'}\n\n    def check_response(self, response: Dict[str, Any]) -> None:\n        \"\"\"Checks that a JSON response from the WebDriver does not have an\n        error.\n    \n        :Args:\n         - response - The JSON response from the WebDriver server as a dictionary\n           object.\n    \n        :Raises: If the response contains an error message.\n        \"\"\"\n        status = response.get(\"status\", None)\n        if not status or status == ErrorCode.SUCCESS:\n            return\n        value = None\n        message = response.get(\"message\", \"\")\n        screen: str = response.get(\"screen\", \"\")\n        stacktrace = None\n        if isinstance(status, int):\n            value_json = response.get(\"value\", None)\n            if value_json and isinstance(value_json, str):\n                import json\n    \n                try:\n                    value = json.loads(value_json)\n                    if len(value) == 1:\n                        value = value[\"value\"]\n                    status = value.get(\"error\", None)\n                    if not status:\n                        status = value.get(\"status\", ErrorCode.UNKNOWN_ERROR)\n                        message = value.get(\"value\") or value.get(\"message\")\n                        if not isinstance(message, str):\n                            value = message\n                            message = message.get(\"message\")\n                    else:\n                        message = value.get(\"message\", None)\n                except ValueError:\n                    pass\n    \n        exception_class: Type[WebDriverException]\n        e = ErrorCode()\n        error_codes = [item for item in dir(e) if not item.startswith(\"__\")]\n        for error_code in error_codes:\n            error_info = getattr(ErrorCode, error_code)\n            if isinstance(error_info, list) and status in error_info:\n                exception_class = getattr(ExceptionMapping, error_code, WebDriverException)\n                break\n        else:\n            exception_class = WebDriverException\n    \n        if not value:\n            value = response[\"value\"]\n        if isinstance(value, str):\n            raise exception_class(value)\n        if message == \"\" and \"message\" in value:\n            message = value[\"message\"]\n    \n        screen = None  # type: ignore[assignment]\n        if \"screen\" in value:\n            screen = value[\"screen\"]\n    \n        stacktrace = None\n        st_value = value.get(\"stackTrace\") or value.get(\"stacktrace\")\n        if st_value:\n            if isinstance(st_value, str):\n                stacktrace = st_value.split(\"\\n\")\n            else:\n                stacktrace = []\n                try:\n                    for frame in st_value:\n                        line = frame.get(\"lineNumber\", \"\")\n                        file = frame.get(\"fileName\", \"<anonymous>\")\n                        if line:\n                            file = f\"{file}:{line}\"\n                        meth = frame.get(\"methodName\", \"<anonymous>\")\n                        if \"className\" in frame:\n                            meth = f\"{frame['className']}.{meth}\"\n                        msg = \"    at %s (%s)\"\n                        msg = msg % (meth, file)\n                        stacktrace.append(msg)\n                except TypeError:\n                    pass\n        if exception_class == UnexpectedAlertPresentException:\n            alert_text = None\n            if \"data\" in value:\n                alert_text = value[\"data\"].get(\"text\")\n            elif \"alert\" in value:\n                alert_text = value[\"alert\"].get(\"text\")\n            raise exception_class(message, screen, stacktrace, alert_text)  # type: ignore[call-arg]  # mypy is not smart enough here\n>       raise exception_class(message, screen, stacktrace)\nE       selenium.common.exceptions.NoSuchElementException: Message: no such element: Unable to locate element: {\"method\":\"xpath\",\"selector\":\"//div[@class='slide-container']\"}\nE         (Session info: chrome=131.0.6778.85); For documentation on this error, please visit: https://www.selenium.dev/documentation/webdriver/troubleshooting/errors#no-such-element-exception\nE       Stacktrace:\nE       #0 0x55e14e72631a <unknown>\nE       #1 0x55e14e23c6e0 <unknown>\nE       #2 0x55e14e28b3e6 <unknown>\nE       #3 0x55e14e28b681 <unknown>\nE       #4 0x55e14e2d0b04 <unknown>\nE       #5 0x55e14e2af48d <unknown>\nE       #6 0x55e14e2cded7 <unknown>\nE       #7 0x55e14e2af203 <unknown>\nE       #8 0x55e14e27dcc0 <unknown>\nE       #9 0x55e14e27ec9e <unknown>\nE       #10 0x55e14e6f3d0b <unknown>\nE       #11 0x55e14e6f7c92 <unknown>\nE       #12 0x55e14e6e0b3c <unknown>\nE       #13 0x55e14e6f8807 <unknown>\nE       #14 0x55e14e6c60df <unknown>\nE       #15 0x55e14e715578 <unknown>\nE       #16 0x55e14e715740 <unknown>\nE       #17 0x55e14e725196 <unknown>\nE       #18 0x7f3f64c9ca94 <unknown>\nE       #19 0x7f3f64d29c3c <unknown>\n\n/opt/hostedtoolcache/Python/3.11.10/x64/lib/python3.11/site-packages/selenium/webdriver/remote/errorhandler.py:229: NoSuchElementException","statusTrace":"FAILURE: assert (False)\n +  where False = <bound method AboutPage.is_next_slide_button_visible of <Pages.AboutPage.AboutPage object at 0x7f21b62c9f90>>()\n +    where <bound method AboutPage.is_next_slide_button_visible of <Pages.AboutPage.AboutPage object at 0x7f21b62c9f90>> = <Pages.AboutPage.AboutPage object at 0x7f21b62c9f90>.is_next_slide_button_visible\ntest_Sites.py:556 in test_22() -> with check, allure.step(\"C58415: Initially next is visible and previous is not\"):\ntest_Sites.py:557 in test_22 -> assert about_obj.is_next_slide_button_visible() and not about_obj.is_previous_slide_button_visible()\nAssertionError: assert (False)\n +  where False = <bound method AboutPage.is_next_slide_button_visible of <Pages.AboutPage.AboutPage object at 0x7f21b62c9f90>>()\n +    where <bound method AboutPage.is_next_slide_button_visible of <Pages.AboutPage.AboutPage object at 0x7f21b62c9f90>> = <Pages.AboutPage.AboutPage object at 0x7f21b62c9f90>.is_next_slide_button_visible\n\n\n------------------------------------------------------------\nFailed Checks: 1\n------------------------------------------------------------\nself = <Tests.test_Sites.TestSites object at 0x7f21b4c7a290>\ndriver = <selenium.webdriver.chrome.webdriver.WebDriver (session=\"76ca9f3bfc72d508e7b685a625cef286\")>\n\n    @severity(severity_level.MINOR)\n    @allure.feature('Individual Sites')\n    @allure.title(\"Scroll trough images\")\n    @allure.issue(\"QP-264\", \"Story QP-264\")\n    @allure.issue(\"QP-356\", \"Epic QP-356\")\n    @allure.testcase(\"58415\", \"C58415\")\n    def test_22(self, driver):\n        about_obj = AboutPage(driver)\n        with check, allure.step(\"C58415: Initially next is visible and previous is not\"):\n            assert about_obj.is_next_slide_button_visible() and not about_obj.is_previous_slide_button_visible()\n        with check, allure.step(\"C58415: Carousel position is at the start\"):\n>           assert about_obj.get_image_carousel_position() == \"start\"\n\nTests/test_Sites.py:559: \n_ _ _ _ _ _ _ _ _ _ _ _ _ _ _ _ _ _ _ _ _ _ _ _ _ _ _ _ _ _ _ _ _ _ _ _ _ _ _ _ \nPages/AboutPage.py:140: in get_image_carousel_position\n    carousel = self.driver.find_element(*self.image_carousel)\n/opt/hostedtoolcache/Python/3.11.10/x64/lib/python3.11/site-packages/selenium/webdriver/remote/webdriver.py:741: in find_element\n    return self.execute(Command.FIND_ELEMENT, {\"using\": by, \"value\": value})[\"value\"]\n/opt/hostedtoolcache/Python/3.11.10/x64/lib/python3.11/site-packages/selenium/webdriver/remote/webdriver.py:347: in execute\n    self.error_handler.check_response(response)\n_ _ _ _ _ _ _ _ _ _ _ _ _ _ _ _ _ _ _ _ _ _ _ _ _ _ _ _ _ _ _ _ _ _ _ _ _ _ _ _ \n\nself = <selenium.webdriver.remote.errorhandler.ErrorHandler object at 0x7f21b607ced0>\nresponse = {'status': 404, 'value': '{\"value\":{\"error\":\"no such element\",\"message\":\"no such element: Unable to locate element: {\\...\\\\n#17 0x55e14e725196 \\\\u003Cunknown>\\\\n#18 0x7f3f64c9ca94 \\\\u003Cunknown>\\\\n#19 0x7f3f64d29c3c \\\\u003Cunknown>\\\\n\"}}'}\n\n    def check_response(self, response: Dict[str, Any]) -> None:\n        \"\"\"Checks that a JSON response from the WebDriver does not have an\n        error.\n    \n        :Args:\n         - response - The JSON response from the WebDriver server as a dictionary\n           object.\n    \n        :Raises: If the response contains an error message.\n        \"\"\"\n        status = response.get(\"status\", None)\n        if not status or status == ErrorCode.SUCCESS:\n            return\n        value = None\n        message = response.get(\"message\", \"\")\n        screen: str = response.get(\"screen\", \"\")\n        stacktrace = None\n        if isinstance(status, int):\n            value_json = response.get(\"value\", None)\n            if value_json and isinstance(value_json, str):\n                import json\n    \n                try:\n                    value = json.loads(value_json)\n                    if len(value) == 1:\n                        value = value[\"value\"]\n                    status = value.get(\"error\", None)\n                    if not status:\n                        status = value.get(\"status\", ErrorCode.UNKNOWN_ERROR)\n                        message = value.get(\"value\") or value.get(\"message\")\n                        if not isinstance(message, str):\n                            value = message\n                            message = message.get(\"message\")\n                    else:\n                        message = value.get(\"message\", None)\n                except ValueError:\n                    pass\n    \n        exception_class: Type[WebDriverException]\n        e = ErrorCode()\n        error_codes = [item for item in dir(e) if not item.startswith(\"__\")]\n        for error_code in error_codes:\n            error_info = getattr(ErrorCode, error_code)\n            if isinstance(error_info, list) and status in error_info:\n                exception_class = getattr(ExceptionMapping, error_code, WebDriverException)\n                break\n        else:\n            exception_class = WebDriverException\n    \n        if not value:\n            value = response[\"value\"]\n        if isinstance(value, str):\n            raise exception_class(value)\n        if message == \"\" and \"message\" in value:\n            message = value[\"message\"]\n    \n        screen = None  # type: ignore[assignment]\n        if \"screen\" in value:\n            screen = value[\"screen\"]\n    \n        stacktrace = None\n        st_value = value.get(\"stackTrace\") or value.get(\"stacktrace\")\n        if st_value:\n            if isinstance(st_value, str):\n                stacktrace = st_value.split(\"\\n\")\n            else:\n                stacktrace = []\n                try:\n                    for frame in st_value:\n                        line = frame.get(\"lineNumber\", \"\")\n                        file = frame.get(\"fileName\", \"<anonymous>\")\n                        if line:\n                            file = f\"{file}:{line}\"\n                        meth = frame.get(\"methodName\", \"<anonymous>\")\n                        if \"className\" in frame:\n                            meth = f\"{frame['className']}.{meth}\"\n                        msg = \"    at %s (%s)\"\n                        msg = msg % (meth, file)\n                        stacktrace.append(msg)\n                except TypeError:\n                    pass\n        if exception_class == UnexpectedAlertPresentException:\n            alert_text = None\n            if \"data\" in value:\n                alert_text = value[\"data\"].get(\"text\")\n            elif \"alert\" in value:\n                alert_text = value[\"alert\"].get(\"text\")\n            raise exception_class(message, screen, stacktrace, alert_text)  # type: ignore[call-arg]  # mypy is not smart enough here\n>       raise exception_class(message, screen, stacktrace)\nE       selenium.common.exceptions.NoSuchElementException: Message: no such element: Unable to locate element: {\"method\":\"xpath\",\"selector\":\"//div[@class='slide-container']\"}\nE         (Session info: chrome=131.0.6778.85); For documentation on this error, please visit: https://www.selenium.dev/documentation/webdriver/troubleshooting/errors#no-such-element-exception\nE       Stacktrace:\nE       #0 0x55e14e72631a <unknown>\nE       #1 0x55e14e23c6e0 <unknown>\nE       #2 0x55e14e28b3e6 <unknown>\nE       #3 0x55e14e28b681 <unknown>\nE       #4 0x55e14e2d0b04 <unknown>\nE       #5 0x55e14e2af48d <unknown>\nE       #6 0x55e14e2cded7 <unknown>\nE       #7 0x55e14e2af203 <unknown>\nE       #8 0x55e14e27dcc0 <unknown>\nE       #9 0x55e14e27ec9e <unknown>\nE       #10 0x55e14e6f3d0b <unknown>\nE       #11 0x55e14e6f7c92 <unknown>\nE       #12 0x55e14e6e0b3c <unknown>\nE       #13 0x55e14e6f8807 <unknown>\nE       #14 0x55e14e6c60df <unknown>\nE       #15 0x55e14e715578 <unknown>\nE       #16 0x55e14e715740 <unknown>\nE       #17 0x55e14e725196 <unknown>\nE       #18 0x7f3f64c9ca94 <unknown>\nE       #19 0x7f3f64d29c3c <unknown>\n\n/opt/hostedtoolcache/Python/3.11.10/x64/lib/python3.11/site-packages/selenium/webdriver/remote/errorhandler.py:229: NoSuchElementException","steps":[{"name":"C58415: Initially next is visible and previous is not","time":{"start":1733631055985,"stop":1733631067004,"duration":11019},"status":"failed","statusMessage":"AssertionError: assert (False)\n +  where False = <bound method AboutPage.is_next_slide_button_visible of <Pages.AboutPage.AboutPage object at 0x7f21b62c9f90>>()\n +    where <bound method AboutPage.is_next_slide_button_visible of <Pages.AboutPage.AboutPage object at 0x7f21b62c9f90>> = <Pages.AboutPage.AboutPage object at 0x7f21b62c9f90>.is_next_slide_button_visible\n","statusTrace":"  File \"/home/runner/work/QUBA_WEB/QUBA_WEB/Tests/test_Sites.py\", line 557, in test_22\n    assert about_obj.is_next_slide_button_visible() and not about_obj.is_previous_slide_button_visible()\n","steps":[],"attachments":[],"parameters":[],"shouldDisplayMessage":true,"stepsCount":0,"attachmentsCount":0,"hasContent":true,"attachmentStep":false},{"name":"C58415: Carousel position is at the start","time":{"start":1733631067006,"stop":1733631077068,"duration":10062},"status":"broken","statusMessage":"selenium.common.exceptions.NoSuchElementException: Message: no such element: Unable to locate element: {\"method\":\"xpath\",\"selector\":\"//div[@class='slide-container']\"}\n  (Session info: chrome=131.0.6778.85); For documentation on this error, please visit: https://www.selenium.dev/documentation/webdriver/troubleshooting/errors#no-such-element-exception\nStacktrace:\n#0 0x55e14e72631a <unknown>\n#1 0x55e14e23c6e0 <unknown>\n#2 0x55e14e28b3e6 <unknown>\n#3 0x55e14e28b681 <unknown>\n#4 0x55e14e2d0b04 <unknown>\n#5 0x55e14e2af48d <unknown>\n#6 0x55e14e2cded7 <unknown>\n#7 0x55e14e2af203 <unknown>\n#8 0x55e14e27dcc0 <unknown>\n#9 0x55e14e27ec9e <unknown>\n#10 0x55e14e6f3d0b <unknown>\n#11 0x55e14e6f7c92 <unknown>\n#12 0x55e14e6e0b3c <unknown>\n#13 0x55e14e6f8807 <unknown>\n#14 0x55e14e6c60df <unknown>\n#15 0x55e14e715578 <unknown>\n#16 0x55e14e715740 <unknown>\n#17 0x55e14e725196 <unknown>\n#18 0x7f3f64c9ca94 <unknown>\n#19 0x7f3f64d29c3c <unknown>\n\n","statusTrace":"  File \"/home/runner/work/QUBA_WEB/QUBA_WEB/Tests/test_Sites.py\", line 559, in test_22\n    assert about_obj.get_image_carousel_position() == \"start\"\n  File \"/home/runner/work/QUBA_WEB/QUBA_WEB/Pages/AboutPage.py\", line 140, in get_image_carousel_position\n    carousel = self.driver.find_element(*self.image_carousel)\n               ^^^^^^^^^^^^^^^^^^^^^^^^^^^^^^^^^^^^^^^^^^^^^^\n  File \"/opt/hostedtoolcache/Python/3.11.10/x64/lib/python3.11/site-packages/selenium/webdriver/remote/webdriver.py\", line 741, in find_element\n    return self.execute(Command.FIND_ELEMENT, {\"using\": by, \"value\": value})[\"value\"]\n           ^^^^^^^^^^^^^^^^^^^^^^^^^^^^^^^^^^^^^^^^^^^^^^^^^^^^^^^^^^^^^^^^^\n  File \"/opt/hostedtoolcache/Python/3.11.10/x64/lib/python3.11/site-packages/selenium/webdriver/remote/webdriver.py\", line 347, in execute\n    self.error_handler.check_response(response)\n  File \"/opt/hostedtoolcache/Python/3.11.10/x64/lib/python3.11/site-packages/selenium/webdriver/remote/errorhandler.py\", line 229, in check_response\n    raise exception_class(message, screen, stacktrace)\n","steps":[],"attachments":[],"parameters":[],"shouldDisplayMessage":true,"stepsCount":0,"attachmentsCount":0,"hasContent":true,"attachmentStep":false}],"attachments":[],"parameters":[],"shouldDisplayMessage":true,"stepsCount":2,"attachmentsCount":0,"hasContent":true,"attachmentStep":false},"afterStages":[{"name":"driver::0","time":{"start":1733631689343,"stop":1733631689433,"duration":90},"status":"passed","steps":[],"attachments":[],"parameters":[],"shouldDisplayMessage":false,"stepsCount":0,"attachmentsCount":0,"hasContent":false,"attachmentStep":false}],"labels":[{"name":"severity","value":"minor"},{"name":"feature","value":"Individual Sites"},{"name":"tag","value":"flaky(reruns=3, reruns_delay=1)"},{"name":"parentSuite","value":"Tests"},{"name":"suite","value":"test_Sites"},{"name":"subSuite","value":"TestSites"},{"name":"host","value":"fv-az1120-212"},{"name":"thread","value":"1964-MainThread"},{"name":"framework","value":"pytest"},{"name":"language","value":"cpython3"},{"name":"package","value":"Tests.test_Sites"},{"name":"resultFormat","value":"allure2"}],"parameters":[{"name":"driver","value":"'chrome'"}],"links":[{"name":"C58415","url":"https://hedgehoglabqa.testrail.io/index.php?/cases/view/58415","type":"tms"},{"name":"Epic QP-356","url":"https://hedgehog-lab.atlassian.net/browse/QP-356","type":"issue"},{"name":"Story QP-264","url":"https://hedgehog-lab.atlassian.net/browse/QP-264","type":"issue"}],"hidden":false,"retry":false,"extra":{"severity":"minor","retries":[{"uid":"b037705e31a6790e","status":"failed","statusDetails":"AssertionError: FAILURE: assert (False)\n +  where False = <bound method AboutPage.is_next_slide_button_visible of <Pages.AboutPage.AboutPage object at 0x7f21b6336e90>>()\n +    where <bound method AboutPage.is_next_slide_button_visible of <Pages.AboutPage.AboutPage object at 0x7f21b6336e90>> = <Pages.AboutPage.AboutPage object at 0x7f21b6336e90>.is_next_slide_button_visible\ntest_Sites.py:556 in test_22() -> with check, allure.step(\"C58415: Initially next is visible and previous is not\"):\ntest_Sites.py:557 in test_22 -> assert about_obj.is_next_slide_button_visible() and not about_obj.is_previous_slide_button_visible()\nAssertionError: assert (False)\n +  where False = <bound method AboutPage.is_next_slide_button_visible of <Pages.AboutPage.AboutPage object at 0x7f21b6336e90>>()\n +    where <bound method AboutPage.is_next_slide_button_visible of <Pages.AboutPage.AboutPage object at 0x7f21b6336e90>> = <Pages.AboutPage.AboutPage object at 0x7f21b6336e90>.is_next_slide_button_visible\n\n\n------------------------------------------------------------\nFailed Checks: 1\n------------------------------------------------------------\nself = <Tests.test_Sites.TestSites object at 0x7f21b4c7a290>\ndriver = <selenium.webdriver.chrome.webdriver.WebDriver (session=\"76ca9f3bfc72d508e7b685a625cef286\")>\n\n    @severity(severity_level.MINOR)\n    @allure.feature('Individual Sites')\n    @allure.title(\"Scroll trough images\")\n    @allure.issue(\"QP-264\", \"Story QP-264\")\n    @allure.issue(\"QP-356\", \"Epic QP-356\")\n    @allure.testcase(\"58415\", \"C58415\")\n    def test_22(self, driver):\n        about_obj = AboutPage(driver)\n        with check, allure.step(\"C58415: Initially next is visible and previous is not\"):\n            assert about_obj.is_next_slide_button_visible() and not about_obj.is_previous_slide_button_visible()\n        with check, allure.step(\"C58415: Carousel position is at the start\"):\n>           assert about_obj.get_image_carousel_position() == \"start\"\n\nTests/test_Sites.py:559: \n_ _ _ _ _ _ _ _ _ _ _ _ _ _ _ _ _ _ _ _ _ _ _ _ _ _ _ _ _ _ _ _ _ _ _ _ _ _ _ _ \nPages/AboutPage.py:140: in get_image_carousel_position\n    carousel = self.driver.find_element(*self.image_carousel)\n/opt/hostedtoolcache/Python/3.11.10/x64/lib/python3.11/site-packages/selenium/webdriver/remote/webdriver.py:741: in find_element\n    return self.execute(Command.FIND_ELEMENT, {\"using\": by, \"value\": value})[\"value\"]\n/opt/hostedtoolcache/Python/3.11.10/x64/lib/python3.11/site-packages/selenium/webdriver/remote/webdriver.py:347: in execute\n    self.error_handler.check_response(response)\n_ _ _ _ _ _ _ _ _ _ _ _ _ _ _ _ _ _ _ _ _ _ _ _ _ _ _ _ _ _ _ _ _ _ _ _ _ _ _ _ \n\nself = <selenium.webdriver.remote.errorhandler.ErrorHandler object at 0x7f21b607ced0>\nresponse = {'status': 404, 'value': '{\"value\":{\"error\":\"no such element\",\"message\":\"no such element: Unable to locate element: {\\...\\\\n#17 0x55e14e725196 \\\\u003Cunknown>\\\\n#18 0x7f3f64c9ca94 \\\\u003Cunknown>\\\\n#19 0x7f3f64d29c3c \\\\u003Cunknown>\\\\n\"}}'}\n\n    def check_response(self, response: Dict[str, Any]) -> None:\n        \"\"\"Checks that a JSON response from the WebDriver does not have an\n        error.\n    \n        :Args:\n         - response - The JSON response from the WebDriver server as a dictionary\n           object.\n    \n        :Raises: If the response contains an error message.\n        \"\"\"\n        status = response.get(\"status\", None)\n        if not status or status == ErrorCode.SUCCESS:\n            return\n        value = None\n        message = response.get(\"message\", \"\")\n        screen: str = response.get(\"screen\", \"\")\n        stacktrace = None\n        if isinstance(status, int):\n            value_json = response.get(\"value\", None)\n            if value_json and isinstance(value_json, str):\n                import json\n    \n                try:\n                    value = json.loads(value_json)\n                    if len(value) == 1:\n                        value = value[\"value\"]\n                    status = value.get(\"error\", None)\n                    if not status:\n                        status = value.get(\"status\", ErrorCode.UNKNOWN_ERROR)\n                        message = value.get(\"value\") or value.get(\"message\")\n                        if not isinstance(message, str):\n                            value = message\n                            message = message.get(\"message\")\n                    else:\n                        message = value.get(\"message\", None)\n                except ValueError:\n                    pass\n    \n        exception_class: Type[WebDriverException]\n        e = ErrorCode()\n        error_codes = [item for item in dir(e) if not item.startswith(\"__\")]\n        for error_code in error_codes:\n            error_info = getattr(ErrorCode, error_code)\n            if isinstance(error_info, list) and status in error_info:\n                exception_class = getattr(ExceptionMapping, error_code, WebDriverException)\n                break\n        else:\n            exception_class = WebDriverException\n    \n        if not value:\n            value = response[\"value\"]\n        if isinstance(value, str):\n            raise exception_class(value)\n        if message == \"\" and \"message\" in value:\n            message = value[\"message\"]\n    \n        screen = None  # type: ignore[assignment]\n        if \"screen\" in value:\n            screen = value[\"screen\"]\n    \n        stacktrace = None\n        st_value = value.get(\"stackTrace\") or value.get(\"stacktrace\")\n        if st_value:\n            if isinstance(st_value, str):\n                stacktrace = st_value.split(\"\\n\")\n            else:\n                stacktrace = []\n                try:\n                    for frame in st_value:\n                        line = frame.get(\"lineNumber\", \"\")\n                        file = frame.get(\"fileName\", \"<anonymous>\")\n                        if line:\n                            file = f\"{file}:{line}\"\n                        meth = frame.get(\"methodName\", \"<anonymous>\")\n                        if \"className\" in frame:\n                            meth = f\"{frame['className']}.{meth}\"\n                        msg = \"    at %s (%s)\"\n                        msg = msg % (meth, file)\n                        stacktrace.append(msg)\n                except TypeError:\n                    pass\n        if exception_class == UnexpectedAlertPresentException:\n            alert_text = None\n            if \"data\" in value:\n                alert_text = value[\"data\"].get(\"text\")\n            elif \"alert\" in value:\n                alert_text = value[\"alert\"].get(\"text\")\n            raise exception_class(message, screen, stacktrace, alert_text)  # type: ignore[call-arg]  # mypy is not smart enough here\n>       raise exception_class(message, screen, stacktrace)\nE       selenium.common.exceptions.NoSuchElementException: Message: no such element: Unable to locate element: {\"method\":\"xpath\",\"selector\":\"//div[@class='slide-container']\"}\nE         (Session info: chrome=131.0.6778.85); For documentation on this error, please visit: https://www.selenium.dev/documentation/webdriver/troubleshooting/errors#no-such-element-exception\nE       Stacktrace:\nE       #0 0x55e14e72631a <unknown>\nE       #1 0x55e14e23c6e0 <unknown>\nE       #2 0x55e14e28b3e6 <unknown>\nE       #3 0x55e14e28b681 <unknown>\nE       #4 0x55e14e2d0b04 <unknown>\nE       #5 0x55e14e2af48d <unknown>\nE       #6 0x55e14e2cded7 <unknown>\nE       #7 0x55e14e2af203 <unknown>\nE       #8 0x55e14e27dcc0 <unknown>\nE       #9 0x55e14e27ec9e <unknown>\nE       #10 0x55e14e6f3d0b <unknown>\nE       #11 0x55e14e6f7c92 <unknown>\nE       #12 0x55e14e6e0b3c <unknown>\nE       #13 0x55e14e6f8807 <unknown>\nE       #14 0x55e14e6c60df <unknown>\nE       #15 0x55e14e715578 <unknown>\nE       #16 0x55e14e715740 <unknown>\nE       #17 0x55e14e725196 <unknown>\nE       #18 0x7f3f64c9ca94 <unknown>\nE       #19 0x7f3f64d29c3c <unknown>\n\n/opt/hostedtoolcache/Python/3.11.10/x64/lib/python3.11/site-packages/selenium/webdriver/remote/errorhandler.py:229: NoSuchElementException","time":{"start":1733631033869,"stop":1733631054946,"duration":21077}},{"uid":"a4857696bbf991f9","status":"failed","statusDetails":"AssertionError: FAILURE: assert (False)\n +  where False = <bound method AboutPage.is_next_slide_button_visible of <Pages.AboutPage.AboutPage object at 0x7f21b4b41590>>()\n +    where <bound method AboutPage.is_next_slide_button_visible of <Pages.AboutPage.AboutPage object at 0x7f21b4b41590>> = <Pages.AboutPage.AboutPage object at 0x7f21b4b41590>.is_next_slide_button_visible\ntest_Sites.py:556 in test_22() -> with check, allure.step(\"C58415: Initially next is visible and previous is not\"):\ntest_Sites.py:557 in test_22 -> assert about_obj.is_next_slide_button_visible() and not about_obj.is_previous_slide_button_visible()\nAssertionError: assert (False)\n +  where False = <bound method AboutPage.is_next_slide_button_visible of <Pages.AboutPage.AboutPage object at 0x7f21b4b41590>>()\n +    where <bound method AboutPage.is_next_slide_button_visible of <Pages.AboutPage.AboutPage object at 0x7f21b4b41590>> = <Pages.AboutPage.AboutPage object at 0x7f21b4b41590>.is_next_slide_button_visible\n\n\n------------------------------------------------------------\nFailed Checks: 1\n------------------------------------------------------------\nself = <Tests.test_Sites.TestSites object at 0x7f21b4c7a290>\ndriver = <selenium.webdriver.chrome.webdriver.WebDriver (session=\"76ca9f3bfc72d508e7b685a625cef286\")>\n\n    @severity(severity_level.MINOR)\n    @allure.feature('Individual Sites')\n    @allure.title(\"Scroll trough images\")\n    @allure.issue(\"QP-264\", \"Story QP-264\")\n    @allure.issue(\"QP-356\", \"Epic QP-356\")\n    @allure.testcase(\"58415\", \"C58415\")\n    def test_22(self, driver):\n        about_obj = AboutPage(driver)\n        with check, allure.step(\"C58415: Initially next is visible and previous is not\"):\n            assert about_obj.is_next_slide_button_visible() and not about_obj.is_previous_slide_button_visible()\n        with check, allure.step(\"C58415: Carousel position is at the start\"):\n>           assert about_obj.get_image_carousel_position() == \"start\"\n\nTests/test_Sites.py:559: \n_ _ _ _ _ _ _ _ _ _ _ _ _ _ _ _ _ _ _ _ _ _ _ _ _ _ _ _ _ _ _ _ _ _ _ _ _ _ _ _ \nPages/AboutPage.py:140: in get_image_carousel_position\n    carousel = self.driver.find_element(*self.image_carousel)\n/opt/hostedtoolcache/Python/3.11.10/x64/lib/python3.11/site-packages/selenium/webdriver/remote/webdriver.py:741: in find_element\n    return self.execute(Command.FIND_ELEMENT, {\"using\": by, \"value\": value})[\"value\"]\n/opt/hostedtoolcache/Python/3.11.10/x64/lib/python3.11/site-packages/selenium/webdriver/remote/webdriver.py:347: in execute\n    self.error_handler.check_response(response)\n_ _ _ _ _ _ _ _ _ _ _ _ _ _ _ _ _ _ _ _ _ _ _ _ _ _ _ _ _ _ _ _ _ _ _ _ _ _ _ _ \n\nself = <selenium.webdriver.remote.errorhandler.ErrorHandler object at 0x7f21b607ced0>\nresponse = {'status': 404, 'value': '{\"value\":{\"error\":\"no such element\",\"message\":\"no such element: Unable to locate element: {\\...\\\\n#17 0x55e14e725196 \\\\u003Cunknown>\\\\n#18 0x7f3f64c9ca94 \\\\u003Cunknown>\\\\n#19 0x7f3f64d29c3c \\\\u003Cunknown>\\\\n\"}}'}\n\n    def check_response(self, response: Dict[str, Any]) -> None:\n        \"\"\"Checks that a JSON response from the WebDriver does not have an\n        error.\n    \n        :Args:\n         - response - The JSON response from the WebDriver server as a dictionary\n           object.\n    \n        :Raises: If the response contains an error message.\n        \"\"\"\n        status = response.get(\"status\", None)\n        if not status or status == ErrorCode.SUCCESS:\n            return\n        value = None\n        message = response.get(\"message\", \"\")\n        screen: str = response.get(\"screen\", \"\")\n        stacktrace = None\n        if isinstance(status, int):\n            value_json = response.get(\"value\", None)\n            if value_json and isinstance(value_json, str):\n                import json\n    \n                try:\n                    value = json.loads(value_json)\n                    if len(value) == 1:\n                        value = value[\"value\"]\n                    status = value.get(\"error\", None)\n                    if not status:\n                        status = value.get(\"status\", ErrorCode.UNKNOWN_ERROR)\n                        message = value.get(\"value\") or value.get(\"message\")\n                        if not isinstance(message, str):\n                            value = message\n                            message = message.get(\"message\")\n                    else:\n                        message = value.get(\"message\", None)\n                except ValueError:\n                    pass\n    \n        exception_class: Type[WebDriverException]\n        e = ErrorCode()\n        error_codes = [item for item in dir(e) if not item.startswith(\"__\")]\n        for error_code in error_codes:\n            error_info = getattr(ErrorCode, error_code)\n            if isinstance(error_info, list) and status in error_info:\n                exception_class = getattr(ExceptionMapping, error_code, WebDriverException)\n                break\n        else:\n            exception_class = WebDriverException\n    \n        if not value:\n            value = response[\"value\"]\n        if isinstance(value, str):\n            raise exception_class(value)\n        if message == \"\" and \"message\" in value:\n            message = value[\"message\"]\n    \n        screen = None  # type: ignore[assignment]\n        if \"screen\" in value:\n            screen = value[\"screen\"]\n    \n        stacktrace = None\n        st_value = value.get(\"stackTrace\") or value.get(\"stacktrace\")\n        if st_value:\n            if isinstance(st_value, str):\n                stacktrace = st_value.split(\"\\n\")\n            else:\n                stacktrace = []\n                try:\n                    for frame in st_value:\n                        line = frame.get(\"lineNumber\", \"\")\n                        file = frame.get(\"fileName\", \"<anonymous>\")\n                        if line:\n                            file = f\"{file}:{line}\"\n                        meth = frame.get(\"methodName\", \"<anonymous>\")\n                        if \"className\" in frame:\n                            meth = f\"{frame['className']}.{meth}\"\n                        msg = \"    at %s (%s)\"\n                        msg = msg % (meth, file)\n                        stacktrace.append(msg)\n                except TypeError:\n                    pass\n        if exception_class == UnexpectedAlertPresentException:\n            alert_text = None\n            if \"data\" in value:\n                alert_text = value[\"data\"].get(\"text\")\n            elif \"alert\" in value:\n                alert_text = value[\"alert\"].get(\"text\")\n            raise exception_class(message, screen, stacktrace, alert_text)  # type: ignore[call-arg]  # mypy is not smart enough here\n>       raise exception_class(message, screen, stacktrace)\nE       selenium.common.exceptions.NoSuchElementException: Message: no such element: Unable to locate element: {\"method\":\"xpath\",\"selector\":\"//div[@class='slide-container']\"}\nE         (Session info: chrome=131.0.6778.85); For documentation on this error, please visit: https://www.selenium.dev/documentation/webdriver/troubleshooting/errors#no-such-element-exception\nE       Stacktrace:\nE       #0 0x55e14e72631a <unknown>\nE       #1 0x55e14e23c6e0 <unknown>\nE       #2 0x55e14e28b3e6 <unknown>\nE       #3 0x55e14e28b681 <unknown>\nE       #4 0x55e14e2d0b04 <unknown>\nE       #5 0x55e14e2af48d <unknown>\nE       #6 0x55e14e2cded7 <unknown>\nE       #7 0x55e14e2af203 <unknown>\nE       #8 0x55e14e27dcc0 <unknown>\nE       #9 0x55e14e27ec9e <unknown>\nE       #10 0x55e14e6f3d0b <unknown>\nE       #11 0x55e14e6f7c92 <unknown>\nE       #12 0x55e14e6e0b3c <unknown>\nE       #13 0x55e14e6f8807 <unknown>\nE       #14 0x55e14e6c60df <unknown>\nE       #15 0x55e14e715578 <unknown>\nE       #16 0x55e14e715740 <unknown>\nE       #17 0x55e14e725196 <unknown>\nE       #18 0x7f3f64c9ca94 <unknown>\nE       #19 0x7f3f64d29c3c <unknown>\n\n/opt/hostedtoolcache/Python/3.11.10/x64/lib/python3.11/site-packages/selenium/webdriver/remote/errorhandler.py:229: NoSuchElementException","time":{"start":1733631011748,"stop":1733631032814,"duration":21066}},{"uid":"1949267bdceaa0c6","status":"failed","statusDetails":"AssertionError: FAILURE: assert (False)\n +  where False = <bound method AboutPage.is_next_slide_button_visible of <Pages.AboutPage.AboutPage object at 0x7f21b64299d0>>()\n +    where <bound method AboutPage.is_next_slide_button_visible of <Pages.AboutPage.AboutPage object at 0x7f21b64299d0>> = <Pages.AboutPage.AboutPage object at 0x7f21b64299d0>.is_next_slide_button_visible\ntest_Sites.py:556 in test_22() -> with check, allure.step(\"C58415: Initially next is visible and previous is not\"):\ntest_Sites.py:557 in test_22 -> assert about_obj.is_next_slide_button_visible() and not about_obj.is_previous_slide_button_visible()\nAssertionError: assert (False)\n +  where False = <bound method AboutPage.is_next_slide_button_visible of <Pages.AboutPage.AboutPage object at 0x7f21b64299d0>>()\n +    where <bound method AboutPage.is_next_slide_button_visible of <Pages.AboutPage.AboutPage object at 0x7f21b64299d0>> = <Pages.AboutPage.AboutPage object at 0x7f21b64299d0>.is_next_slide_button_visible\n\n\n------------------------------------------------------------\nFailed Checks: 1\n------------------------------------------------------------\nself = <Tests.test_Sites.TestSites object at 0x7f21b4c7a290>\ndriver = <selenium.webdriver.chrome.webdriver.WebDriver (session=\"76ca9f3bfc72d508e7b685a625cef286\")>\n\n    @severity(severity_level.MINOR)\n    @allure.feature('Individual Sites')\n    @allure.title(\"Scroll trough images\")\n    @allure.issue(\"QP-264\", \"Story QP-264\")\n    @allure.issue(\"QP-356\", \"Epic QP-356\")\n    @allure.testcase(\"58415\", \"C58415\")\n    def test_22(self, driver):\n        about_obj = AboutPage(driver)\n        with check, allure.step(\"C58415: Initially next is visible and previous is not\"):\n            assert about_obj.is_next_slide_button_visible() and not about_obj.is_previous_slide_button_visible()\n        with check, allure.step(\"C58415: Carousel position is at the start\"):\n>           assert about_obj.get_image_carousel_position() == \"start\"\n\nTests/test_Sites.py:559: \n_ _ _ _ _ _ _ _ _ _ _ _ _ _ _ _ _ _ _ _ _ _ _ _ _ _ _ _ _ _ _ _ _ _ _ _ _ _ _ _ \nPages/AboutPage.py:140: in get_image_carousel_position\n    carousel = self.driver.find_element(*self.image_carousel)\n/opt/hostedtoolcache/Python/3.11.10/x64/lib/python3.11/site-packages/selenium/webdriver/remote/webdriver.py:741: in find_element\n    return self.execute(Command.FIND_ELEMENT, {\"using\": by, \"value\": value})[\"value\"]\n/opt/hostedtoolcache/Python/3.11.10/x64/lib/python3.11/site-packages/selenium/webdriver/remote/webdriver.py:347: in execute\n    self.error_handler.check_response(response)\n_ _ _ _ _ _ _ _ _ _ _ _ _ _ _ _ _ _ _ _ _ _ _ _ _ _ _ _ _ _ _ _ _ _ _ _ _ _ _ _ \n\nself = <selenium.webdriver.remote.errorhandler.ErrorHandler object at 0x7f21b607ced0>\nresponse = {'status': 404, 'value': '{\"value\":{\"error\":\"no such element\",\"message\":\"no such element: Unable to locate element: {\\...\\\\n#17 0x55e14e725196 \\\\u003Cunknown>\\\\n#18 0x7f3f64c9ca94 \\\\u003Cunknown>\\\\n#19 0x7f3f64d29c3c \\\\u003Cunknown>\\\\n\"}}'}\n\n    def check_response(self, response: Dict[str, Any]) -> None:\n        \"\"\"Checks that a JSON response from the WebDriver does not have an\n        error.\n    \n        :Args:\n         - response - The JSON response from the WebDriver server as a dictionary\n           object.\n    \n        :Raises: If the response contains an error message.\n        \"\"\"\n        status = response.get(\"status\", None)\n        if not status or status == ErrorCode.SUCCESS:\n            return\n        value = None\n        message = response.get(\"message\", \"\")\n        screen: str = response.get(\"screen\", \"\")\n        stacktrace = None\n        if isinstance(status, int):\n            value_json = response.get(\"value\", None)\n            if value_json and isinstance(value_json, str):\n                import json\n    \n                try:\n                    value = json.loads(value_json)\n                    if len(value) == 1:\n                        value = value[\"value\"]\n                    status = value.get(\"error\", None)\n                    if not status:\n                        status = value.get(\"status\", ErrorCode.UNKNOWN_ERROR)\n                        message = value.get(\"value\") or value.get(\"message\")\n                        if not isinstance(message, str):\n                            value = message\n                            message = message.get(\"message\")\n                    else:\n                        message = value.get(\"message\", None)\n                except ValueError:\n                    pass\n    \n        exception_class: Type[WebDriverException]\n        e = ErrorCode()\n        error_codes = [item for item in dir(e) if not item.startswith(\"__\")]\n        for error_code in error_codes:\n            error_info = getattr(ErrorCode, error_code)\n            if isinstance(error_info, list) and status in error_info:\n                exception_class = getattr(ExceptionMapping, error_code, WebDriverException)\n                break\n        else:\n            exception_class = WebDriverException\n    \n        if not value:\n            value = response[\"value\"]\n        if isinstance(value, str):\n            raise exception_class(value)\n        if message == \"\" and \"message\" in value:\n            message = value[\"message\"]\n    \n        screen = None  # type: ignore[assignment]\n        if \"screen\" in value:\n            screen = value[\"screen\"]\n    \n        stacktrace = None\n        st_value = value.get(\"stackTrace\") or value.get(\"stacktrace\")\n        if st_value:\n            if isinstance(st_value, str):\n                stacktrace = st_value.split(\"\\n\")\n            else:\n                stacktrace = []\n                try:\n                    for frame in st_value:\n                        line = frame.get(\"lineNumber\", \"\")\n                        file = frame.get(\"fileName\", \"<anonymous>\")\n                        if line:\n                            file = f\"{file}:{line}\"\n                        meth = frame.get(\"methodName\", \"<anonymous>\")\n                        if \"className\" in frame:\n                            meth = f\"{frame['className']}.{meth}\"\n                        msg = \"    at %s (%s)\"\n                        msg = msg % (meth, file)\n                        stacktrace.append(msg)\n                except TypeError:\n                    pass\n        if exception_class == UnexpectedAlertPresentException:\n            alert_text = None\n            if \"data\" in value:\n                alert_text = value[\"data\"].get(\"text\")\n            elif \"alert\" in value:\n                alert_text = value[\"alert\"].get(\"text\")\n            raise exception_class(message, screen, stacktrace, alert_text)  # type: ignore[call-arg]  # mypy is not smart enough here\n>       raise exception_class(message, screen, stacktrace)\nE       selenium.common.exceptions.NoSuchElementException: Message: no such element: Unable to locate element: {\"method\":\"xpath\",\"selector\":\"//div[@class='slide-container']\"}\nE         (Session info: chrome=131.0.6778.85); For documentation on this error, please visit: https://www.selenium.dev/documentation/webdriver/troubleshooting/errors#no-such-element-exception\nE       Stacktrace:\nE       #0 0x55e14e72631a <unknown>\nE       #1 0x55e14e23c6e0 <unknown>\nE       #2 0x55e14e28b3e6 <unknown>\nE       #3 0x55e14e28b681 <unknown>\nE       #4 0x55e14e2d0b04 <unknown>\nE       #5 0x55e14e2af48d <unknown>\nE       #6 0x55e14e2cded7 <unknown>\nE       #7 0x55e14e2af203 <unknown>\nE       #8 0x55e14e27dcc0 <unknown>\nE       #9 0x55e14e27ec9e <unknown>\nE       #10 0x55e14e6f3d0b <unknown>\nE       #11 0x55e14e6f7c92 <unknown>\nE       #12 0x55e14e6e0b3c <unknown>\nE       #13 0x55e14e6f8807 <unknown>\nE       #14 0x55e14e6c60df <unknown>\nE       #15 0x55e14e715578 <unknown>\nE       #16 0x55e14e715740 <unknown>\nE       #17 0x55e14e725196 <unknown>\nE       #18 0x7f3f64c9ca94 <unknown>\nE       #19 0x7f3f64d29c3c <unknown>\n\n/opt/hostedtoolcache/Python/3.11.10/x64/lib/python3.11/site-packages/selenium/webdriver/remote/errorhandler.py:229: NoSuchElementException","time":{"start":1733630989625,"stop":1733631010708,"duration":21083}}],"categories":[{"name":"Product defects","matchedStatuses":[],"flaky":false}],"history":{"statistic":{"failed":1,"broken":0,"skipped":0,"passed":6,"unknown":0,"total":7},"items":[{"uid":"3cc91dc02195999c","status":"passed","time":{"start":1733044795420,"stop":1733044839711,"duration":44291}},{"uid":"aa8eb3ddab261324","status":"passed","time":{"start":1733025112597,"stop":1733025156864,"duration":44267}},{"uid":"a87dd5795e6a4b05","status":"passed","time":{"start":1732959577179,"stop":1732959621495,"duration":44316}},{"uid":"6f7869d893af9eeb","status":"passed","time":{"start":1732957582096,"stop":1732957626409,"duration":44313}},{"uid":"ccaa16c264d69952","status":"passed","time":{"start":1732899111022,"stop":1732899155304,"duration":44282}},{"uid":"b9b251c44f655fd5","status":"passed","time":{"start":1732895955788,"stop":1732896000058,"duration":44270}}]},"tags":["flaky(reruns=3, reruns_delay=1)"]},"source":"e5d58b33032ce43a.json","parameterValues":["'chrome'"]}