{"uid":"f96a14a3f9939172","name":"Successful message send","fullName":"Tests.test_ContactPage.TestContactPage#test_2","historyId":"a7d44a5a87f619d306cc83d9283fd5a6","time":{"start":1732022480250,"stop":1732022508611,"duration":28361},"status":"broken","statusMessage":"imaplib.IMAP4.error: b'[AUTHENTICATIONFAILED] Invalid credentials (Failure)'","statusTrace":"self = <Tests.test_ContactPage.TestContactPage object at 0x1041df590>\ndriver = <selenium.webdriver.safari.webdriver.WebDriver (session=\"330CBBD7-3E63-4E5B-BC63-F36A6C9325CC\")>\n\n    @severity(severity_level.CRITICAL)\n    @allure.feature('Contact page')\n    @allure.title(\"Successful message send\")\n    def test_2(self, driver):\n        contact_obj = ContactPage(driver)\n        random_name = contact_obj.generate_random_name()\n        random_email = TestContactPage.current_browser + \"_\" + contact_obj.generate_random_email()\n        random_message = contact_obj.generate_random_message()\n        contact_obj.set_name_field(random_name)\n        contact_obj.set_email_field(random_email)\n        contact_obj.set_message_field(random_message)\n        contact_obj.click_send_message_button()\n        time.sleep(25)\n        with check, allure.step(\"Success message is visible\"):\n            assert contact_obj.is_success_message_visible()\n        expected_email = f\"Full name: {random_name}\\r\\nEmail address: {random_email}\\r\\nYour message: {random_message}\\r\\n\"\n>       actual_email = Email.get_latest_email_content(TestContactPage.current_browser)\n\nTests/test_ContactPage.py:51: \n_ _ _ _ _ _ _ _ _ _ _ _ _ _ _ _ _ _ _ _ _ _ _ _ _ _ _ _ _ _ _ _ _ _ _ _ _ _ _ _ \nCommon/Email.py:59: in get_latest_email_content\n    email_body = get_last_email(EMAIL, PASSWORD, 'ci@hedgehoglab.com', browser)\nCommon/Email.py:9: in get_last_email\n    server.login(email_address, password)\n_ _ _ _ _ _ _ _ _ _ _ _ _ _ _ _ _ _ _ _ _ _ _ _ _ _ _ _ _ _ _ _ _ _ _ _ _ _ _ _ \n\nself = <imaplib.IMAP4_SSL object at 0x104126890>\nuser = 'simeon.hhl.qa@gmail.com', password = 'Test#1234'\n\n    def login(self, user, password):\n        \"\"\"Identify client using plaintext password.\n    \n        (typ, [data]) = <instance>.login(user, password)\n    \n        NB: 'password' will be quoted.\n        \"\"\"\n        typ, dat = self._simple_command('LOGIN', user, self._quote(password))\n        if typ != 'OK':\n>           raise self.error(dat[-1])\nE           imaplib.IMAP4.error: b'[AUTHENTICATIONFAILED] Invalid credentials (Failure)'\n\n/Library/Frameworks/Python.framework/Versions/3.11/lib/python3.11/imaplib.py:612: error","flaky":false,"newFailed":false,"newBroken":true,"newPassed":false,"retriesCount":0,"retriesStatusChange":false,"beforeStages":[{"name":"_session_faker","time":{"start":1732022290410,"stop":1732022290484,"duration":74},"status":"passed","steps":[],"attachments":[],"parameters":[],"stepsCount":0,"shouldDisplayMessage":false,"attachmentsCount":0,"hasContent":false,"attachmentStep":false},{"name":"driver","time":{"start":1732022465916,"stop":1732022471714,"duration":5798},"status":"passed","steps":[],"attachments":[],"parameters":[],"stepsCount":0,"shouldDisplayMessage":false,"attachmentsCount":0,"hasContent":false,"attachmentStep":false},{"name":"setup","time":{"start":1732022480249,"stop":1732022480250,"duration":1},"status":"passed","steps":[],"attachments":[],"parameters":[],"stepsCount":0,"shouldDisplayMessage":false,"attachmentsCount":0,"hasContent":false,"attachmentStep":false}],"testStage":{"status":"broken","statusMessage":"imaplib.IMAP4.error: b'[AUTHENTICATIONFAILED] Invalid credentials (Failure)'","statusTrace":"self = <Tests.test_ContactPage.TestContactPage object at 0x1041df590>\ndriver = <selenium.webdriver.safari.webdriver.WebDriver (session=\"330CBBD7-3E63-4E5B-BC63-F36A6C9325CC\")>\n\n    @severity(severity_level.CRITICAL)\n    @allure.feature('Contact page')\n    @allure.title(\"Successful message send\")\n    def test_2(self, driver):\n        contact_obj = ContactPage(driver)\n        random_name = contact_obj.generate_random_name()\n        random_email = TestContactPage.current_browser + \"_\" + contact_obj.generate_random_email()\n        random_message = contact_obj.generate_random_message()\n        contact_obj.set_name_field(random_name)\n        contact_obj.set_email_field(random_email)\n        contact_obj.set_message_field(random_message)\n        contact_obj.click_send_message_button()\n        time.sleep(25)\n        with check, allure.step(\"Success message is visible\"):\n            assert contact_obj.is_success_message_visible()\n        expected_email = f\"Full name: {random_name}\\r\\nEmail address: {random_email}\\r\\nYour message: {random_message}\\r\\n\"\n>       actual_email = Email.get_latest_email_content(TestContactPage.current_browser)\n\nTests/test_ContactPage.py:51: \n_ _ _ _ _ _ _ _ _ _ _ _ _ _ _ _ _ _ _ _ _ _ _ _ _ _ _ _ _ _ _ _ _ _ _ _ _ _ _ _ \nCommon/Email.py:59: in get_latest_email_content\n    email_body = get_last_email(EMAIL, PASSWORD, 'ci@hedgehoglab.com', browser)\nCommon/Email.py:9: in get_last_email\n    server.login(email_address, password)\n_ _ _ _ _ _ _ _ _ _ _ _ _ _ _ _ _ _ _ _ _ _ _ _ _ _ _ _ _ _ _ _ _ _ _ _ _ _ _ _ \n\nself = <imaplib.IMAP4_SSL object at 0x104126890>\nuser = 'simeon.hhl.qa@gmail.com', password = 'Test#1234'\n\n    def login(self, user, password):\n        \"\"\"Identify client using plaintext password.\n    \n        (typ, [data]) = <instance>.login(user, password)\n    \n        NB: 'password' will be quoted.\n        \"\"\"\n        typ, dat = self._simple_command('LOGIN', user, self._quote(password))\n        if typ != 'OK':\n>           raise self.error(dat[-1])\nE           imaplib.IMAP4.error: b'[AUTHENTICATIONFAILED] Invalid credentials (Failure)'\n\n/Library/Frameworks/Python.framework/Versions/3.11/lib/python3.11/imaplib.py:612: error","steps":[{"name":"Success message is visible","time":{"start":1732022508004,"stop":1732022508072,"duration":68},"status":"passed","steps":[],"attachments":[],"parameters":[],"stepsCount":0,"shouldDisplayMessage":false,"attachmentsCount":0,"hasContent":false,"attachmentStep":false}],"attachments":[],"parameters":[],"stepsCount":1,"shouldDisplayMessage":true,"attachmentsCount":0,"hasContent":true,"attachmentStep":false},"afterStages":[{"name":"driver::0","time":{"start":1732022508801,"stop":1732022508903,"duration":102},"status":"passed","steps":[],"attachments":[],"parameters":[],"stepsCount":0,"shouldDisplayMessage":false,"attachmentsCount":0,"hasContent":false,"attachmentStep":false}],"labels":[{"name":"feature","value":"Contact page"},{"name":"severity","value":"critical"},{"name":"parentSuite","value":"Tests"},{"name":"suite","value":"test_ContactPage"},{"name":"subSuite","value":"TestContactPage"},{"name":"host","value":"Mac-1732021614321.local"},{"name":"thread","value":"2491-MainThread"},{"name":"framework","value":"pytest"},{"name":"language","value":"cpython3"},{"name":"package","value":"Tests.test_ContactPage"},{"name":"resultFormat","value":"allure2"}],"parameters":[{"name":"driver","value":"'safari'"}],"links":[],"hidden":false,"retry":false,"extra":{"severity":"critical","retries":[],"categories":[{"name":"Test defects","matchedStatuses":[],"flaky":false}],"history":{"statistic":{"failed":0,"broken":3,"skipped":0,"passed":9,"unknown":0,"total":12},"items":[{"uid":"7538c48a12a78c9a","status":"passed","time":{"start":1732012769941,"stop":1732012787642,"duration":17701}},{"uid":"ec69b7a8cb192167","status":"passed","time":{"start":1731924640865,"stop":1731924660317,"duration":19452}},{"uid":"6d4c5bed1fc19a8d","status":"passed","time":{"start":1731914140536,"stop":1731914159168,"duration":18632}},{"uid":"e7bf894d668c2716","status":"broken","statusDetails":"selenium.common.exceptions.NoSuchElementException: Message: ; For documentation on this error, please visit: https://www.selenium.dev/documentation/webdriver/troubleshooting/errors#no-such-element-exception","time":{"start":1731814414975,"stop":1731814425086,"duration":10111}},{"uid":"ac0fc8d4aad5e57c","status":"broken","statusDetails":"selenium.common.exceptions.NoSuchElementException: Message: ; For documentation on this error, please visit: https://www.selenium.dev/documentation/webdriver/troubleshooting/errors#no-such-element-exception","time":{"start":1731684551464,"stop":1731684561443,"duration":9979}},{"uid":"38dc8ece486e14df","status":"passed","time":{"start":1731208868958,"stop":1731208885509,"duration":16551}},{"uid":"5f0dee22f7a6e185","status":"passed","time":{"start":1730604388343,"stop":1730604405782,"duration":17439}},{"uid":"63b646edc3ee5baf","status":"passed","time":{"start":1730469193195,"stop":1730469209893,"duration":16698}},{"uid":"dec21d97c1faa701","status":"passed","time":{"start":1730463480507,"stop":1730463498018,"duration":17511}},{"uid":"f167f5146f3f114","status":"passed","time":{"start":1730462067070,"stop":1730462083371,"duration":16301}},{"uid":"d1903098d4a2608a","status":"passed","time":{"start":1730460704847,"stop":1730460722531,"duration":17684}}]},"tags":[]},"source":"f96a14a3f9939172.json","parameterValues":["'safari'"]}