{"uid":"fbf055cbd2d2d77f","name":"Image gallery with only one image","fullName":"Tests.test_AboutPage.TestAboutPage#test_9","historyId":"a62706d125119b2924f65a46bf1039dd","time":{"start":1732026069376,"stop":1732026081526,"duration":12150},"status":"broken","statusMessage":"selenium.common.exceptions.NoSuchElementException: Message: no such element: Unable to locate element: {\"method\":\"xpath\",\"selector\":\"//div[@class='slide-container']\"}\n  (Session info: MicrosoftEdge=131.0.2903.51); For documentation on this error, please visit: https://www.selenium.dev/documentation/webdriver/troubleshooting/errors#no-such-element-exception\nStacktrace:\n#0 0x5596679ed95e <unknown>\n#1 0x5596674a2b76 <unknown>\n#2 0x5596674f045e <unknown>\n#3 0x5596674f0731 <unknown>\n#4 0x5596675344f4 <unknown>\n#5 0x55966751420d <unknown>\n#6 0x55966753218a <unknown>\n#7 0x559667513f83 <unknown>\n#8 0x5596674e401e <unknown>\n#9 0x5596674e4cfe <unknown>\n#10 0x5596679c29f1 <unknown>\n#11 0x5596679c5bee <unknown>\n#12 0x5596679c566b <unknown>\n#13 0x5596679c6015 <unknown>\n#14 0x5596679b4402 <unknown>\n#15 0x5596679c639d <unknown>\n#16 0x55966799e5c5 <unknown>\n#17 0x5596679de018 <unknown>\n#18 0x5596679de22f <unknown>\n#19 0x5596679ec54c <unknown>\n#20 0x7f9576494ac3 <unknown>","statusTrace":"self = <Tests.test_AboutPage.TestAboutPage object at 0x7f21a60a3190>\nproxy_driver = <selenium.webdriver.edge.webdriver.WebDriver (session=\"78917976c20129132ae726c64546a5e3\")>\n\n    @severity(severity_level.NORMAL)\n    @allure.feature('About page')\n    @allure.title(\"Image gallery with only one image\")\n    @allure.issue(\"QP-266\", \"Story QP-266\")\n    @allure.issue(\"QP-356\", \"Epic QP-356\")\n    @allure.testcase(\"58522\", \"C58522\")\n    @pytest.mark.parametrize(\"proxy_driver\", [\"about_page_test_9\"], indirect=True)\n    def test_9(self, proxy_driver):\n        proxy_driver.get(BaseClass.url + \"about\")\n        main_nav_obj = MainNavigation(proxy_driver)\n        about_page_obj = AboutPage(proxy_driver)\n        main_nav_obj.wait_page_to_load()\n>       about_page_obj.scroll_to_image_gallery(self.current_browser)\n\nTests/test_AboutPage.py:156: \n_ _ _ _ _ _ _ _ _ _ _ _ _ _ _ _ _ _ _ _ _ _ _ _ _ _ _ _ _ _ _ _ _ _ _ _ _ _ _ _ \nPages/AboutPage.py:157: in scroll_to_image_gallery\n    element = self.driver.find_element(*self.image_carousel)\n/opt/hostedtoolcache/Python/3.11.10/x64/lib/python3.11/site-packages/selenium/webdriver/remote/webdriver.py:741: in find_element\n    return self.execute(Command.FIND_ELEMENT, {\"using\": by, \"value\": value})[\"value\"]\n/opt/hostedtoolcache/Python/3.11.10/x64/lib/python3.11/site-packages/selenium/webdriver/remote/webdriver.py:347: in execute\n    self.error_handler.check_response(response)\n_ _ _ _ _ _ _ _ _ _ _ _ _ _ _ _ _ _ _ _ _ _ _ _ _ _ _ _ _ _ _ _ _ _ _ _ _ _ _ _ \n\nself = <selenium.webdriver.remote.errorhandler.ErrorHandler object at 0x7f21a78111d0>\nresponse = {'status': 404, 'value': '{\"value\":{\"error\":\"no such element\",\"message\":\"no such element: Unable to locate element: {\\...\\\\n#18 0x5596679de22f \\\\u003Cunknown>\\\\n#19 0x5596679ec54c \\\\u003Cunknown>\\\\n#20 0x7f9576494ac3 \\\\u003Cunknown>\\\\n\"}}'}\n\n    def check_response(self, response: Dict[str, Any]) -> None:\n        \"\"\"Checks that a JSON response from the WebDriver does not have an\n        error.\n    \n        :Args:\n         - response - The JSON response from the WebDriver server as a dictionary\n           object.\n    \n        :Raises: If the response contains an error message.\n        \"\"\"\n        status = response.get(\"status\", None)\n        if not status or status == ErrorCode.SUCCESS:\n            return\n        value = None\n        message = response.get(\"message\", \"\")\n        screen: str = response.get(\"screen\", \"\")\n        stacktrace = None\n        if isinstance(status, int):\n            value_json = response.get(\"value\", None)\n            if value_json and isinstance(value_json, str):\n                import json\n    \n                try:\n                    value = json.loads(value_json)\n                    if len(value) == 1:\n                        value = value[\"value\"]\n                    status = value.get(\"error\", None)\n                    if not status:\n                        status = value.get(\"status\", ErrorCode.UNKNOWN_ERROR)\n                        message = value.get(\"value\") or value.get(\"message\")\n                        if not isinstance(message, str):\n                            value = message\n                            message = message.get(\"message\")\n                    else:\n                        message = value.get(\"message\", None)\n                except ValueError:\n                    pass\n    \n        exception_class: Type[WebDriverException]\n        e = ErrorCode()\n        error_codes = [item for item in dir(e) if not item.startswith(\"__\")]\n        for error_code in error_codes:\n            error_info = getattr(ErrorCode, error_code)\n            if isinstance(error_info, list) and status in error_info:\n                exception_class = getattr(ExceptionMapping, error_code, WebDriverException)\n                break\n        else:\n            exception_class = WebDriverException\n    \n        if not value:\n            value = response[\"value\"]\n        if isinstance(value, str):\n            raise exception_class(value)\n        if message == \"\" and \"message\" in value:\n            message = value[\"message\"]\n    \n        screen = None  # type: ignore[assignment]\n        if \"screen\" in value:\n            screen = value[\"screen\"]\n    \n        stacktrace = None\n        st_value = value.get(\"stackTrace\") or value.get(\"stacktrace\")\n        if st_value:\n            if isinstance(st_value, str):\n                stacktrace = st_value.split(\"\\n\")\n            else:\n                stacktrace = []\n                try:\n                    for frame in st_value:\n                        line = frame.get(\"lineNumber\", \"\")\n                        file = frame.get(\"fileName\", \"<anonymous>\")\n                        if line:\n                            file = f\"{file}:{line}\"\n                        meth = frame.get(\"methodName\", \"<anonymous>\")\n                        if \"className\" in frame:\n                            meth = f\"{frame['className']}.{meth}\"\n                        msg = \"    at %s (%s)\"\n                        msg = msg % (meth, file)\n                        stacktrace.append(msg)\n                except TypeError:\n                    pass\n        if exception_class == UnexpectedAlertPresentException:\n            alert_text = None\n            if \"data\" in value:\n                alert_text = value[\"data\"].get(\"text\")\n            elif \"alert\" in value:\n                alert_text = value[\"alert\"].get(\"text\")\n            raise exception_class(message, screen, stacktrace, alert_text)  # type: ignore[call-arg]  # mypy is not smart enough here\n>       raise exception_class(message, screen, stacktrace)\nE       selenium.common.exceptions.NoSuchElementException: Message: no such element: Unable to locate element: {\"method\":\"xpath\",\"selector\":\"//div[@class='slide-container']\"}\nE         (Session info: MicrosoftEdge=131.0.2903.51); For documentation on this error, please visit: https://www.selenium.dev/documentation/webdriver/troubleshooting/errors#no-such-element-exception\nE       Stacktrace:\nE       #0 0x5596679ed95e <unknown>\nE       #1 0x5596674a2b76 <unknown>\nE       #2 0x5596674f045e <unknown>\nE       #3 0x5596674f0731 <unknown>\nE       #4 0x5596675344f4 <unknown>\nE       #5 0x55966751420d <unknown>\nE       #6 0x55966753218a <unknown>\nE       #7 0x559667513f83 <unknown>\nE       #8 0x5596674e401e <unknown>\nE       #9 0x5596674e4cfe <unknown>\nE       #10 0x5596679c29f1 <unknown>\nE       #11 0x5596679c5bee <unknown>\nE       #12 0x5596679c566b <unknown>\nE       #13 0x5596679c6015 <unknown>\nE       #14 0x5596679b4402 <unknown>\nE       #15 0x5596679c639d <unknown>\nE       #16 0x55966799e5c5 <unknown>\nE       #17 0x5596679de018 <unknown>\nE       #18 0x5596679de22f <unknown>\nE       #19 0x5596679ec54c <unknown>\nE       #20 0x7f9576494ac3 <unknown>\n\n/opt/hostedtoolcache/Python/3.11.10/x64/lib/python3.11/site-packages/selenium/webdriver/remote/errorhandler.py:229: NoSuchElementException","flaky":false,"newFailed":false,"newBroken":false,"newPassed":false,"retriesCount":3,"retriesStatusChange":false,"beforeStages":[{"name":"_session_faker","time":{"start":1732025945258,"stop":1732025945324,"duration":66},"status":"passed","steps":[],"attachments":[],"parameters":[],"stepsCount":0,"shouldDisplayMessage":false,"attachmentsCount":0,"hasContent":false,"attachmentStep":false},{"name":"driver","time":{"start":1732025945324,"stop":1732025969712,"duration":24388},"status":"passed","steps":[],"attachments":[],"parameters":[],"stepsCount":0,"shouldDisplayMessage":false,"attachmentsCount":0,"hasContent":false,"attachmentStep":false},{"name":"proxy_driver","time":{"start":1732026063911,"stop":1732026069376,"duration":5465},"status":"passed","steps":[],"attachments":[],"parameters":[],"stepsCount":0,"shouldDisplayMessage":false,"attachmentsCount":0,"hasContent":false,"attachmentStep":false},{"name":"setup","time":{"start":1732026063911,"stop":1732026063911,"duration":0},"status":"passed","steps":[],"attachments":[],"parameters":[],"stepsCount":0,"shouldDisplayMessage":false,"attachmentsCount":0,"hasContent":false,"attachmentStep":false}],"testStage":{"status":"broken","statusMessage":"selenium.common.exceptions.NoSuchElementException: Message: no such element: Unable to locate element: {\"method\":\"xpath\",\"selector\":\"//div[@class='slide-container']\"}\n  (Session info: MicrosoftEdge=131.0.2903.51); For documentation on this error, please visit: https://www.selenium.dev/documentation/webdriver/troubleshooting/errors#no-such-element-exception\nStacktrace:\n#0 0x5596679ed95e <unknown>\n#1 0x5596674a2b76 <unknown>\n#2 0x5596674f045e <unknown>\n#3 0x5596674f0731 <unknown>\n#4 0x5596675344f4 <unknown>\n#5 0x55966751420d <unknown>\n#6 0x55966753218a <unknown>\n#7 0x559667513f83 <unknown>\n#8 0x5596674e401e <unknown>\n#9 0x5596674e4cfe <unknown>\n#10 0x5596679c29f1 <unknown>\n#11 0x5596679c5bee <unknown>\n#12 0x5596679c566b <unknown>\n#13 0x5596679c6015 <unknown>\n#14 0x5596679b4402 <unknown>\n#15 0x5596679c639d <unknown>\n#16 0x55966799e5c5 <unknown>\n#17 0x5596679de018 <unknown>\n#18 0x5596679de22f <unknown>\n#19 0x5596679ec54c <unknown>\n#20 0x7f9576494ac3 <unknown>","statusTrace":"self = <Tests.test_AboutPage.TestAboutPage object at 0x7f21a60a3190>\nproxy_driver = <selenium.webdriver.edge.webdriver.WebDriver (session=\"78917976c20129132ae726c64546a5e3\")>\n\n    @severity(severity_level.NORMAL)\n    @allure.feature('About page')\n    @allure.title(\"Image gallery with only one image\")\n    @allure.issue(\"QP-266\", \"Story QP-266\")\n    @allure.issue(\"QP-356\", \"Epic QP-356\")\n    @allure.testcase(\"58522\", \"C58522\")\n    @pytest.mark.parametrize(\"proxy_driver\", [\"about_page_test_9\"], indirect=True)\n    def test_9(self, proxy_driver):\n        proxy_driver.get(BaseClass.url + \"about\")\n        main_nav_obj = MainNavigation(proxy_driver)\n        about_page_obj = AboutPage(proxy_driver)\n        main_nav_obj.wait_page_to_load()\n>       about_page_obj.scroll_to_image_gallery(self.current_browser)\n\nTests/test_AboutPage.py:156: \n_ _ _ _ _ _ _ _ _ _ _ _ _ _ _ _ _ _ _ _ _ _ _ _ _ _ _ _ _ _ _ _ _ _ _ _ _ _ _ _ \nPages/AboutPage.py:157: in scroll_to_image_gallery\n    element = self.driver.find_element(*self.image_carousel)\n/opt/hostedtoolcache/Python/3.11.10/x64/lib/python3.11/site-packages/selenium/webdriver/remote/webdriver.py:741: in find_element\n    return self.execute(Command.FIND_ELEMENT, {\"using\": by, \"value\": value})[\"value\"]\n/opt/hostedtoolcache/Python/3.11.10/x64/lib/python3.11/site-packages/selenium/webdriver/remote/webdriver.py:347: in execute\n    self.error_handler.check_response(response)\n_ _ _ _ _ _ _ _ _ _ _ _ _ _ _ _ _ _ _ _ _ _ _ _ _ _ _ _ _ _ _ _ _ _ _ _ _ _ _ _ \n\nself = <selenium.webdriver.remote.errorhandler.ErrorHandler object at 0x7f21a78111d0>\nresponse = {'status': 404, 'value': '{\"value\":{\"error\":\"no such element\",\"message\":\"no such element: Unable to locate element: {\\...\\\\n#18 0x5596679de22f \\\\u003Cunknown>\\\\n#19 0x5596679ec54c \\\\u003Cunknown>\\\\n#20 0x7f9576494ac3 \\\\u003Cunknown>\\\\n\"}}'}\n\n    def check_response(self, response: Dict[str, Any]) -> None:\n        \"\"\"Checks that a JSON response from the WebDriver does not have an\n        error.\n    \n        :Args:\n         - response - The JSON response from the WebDriver server as a dictionary\n           object.\n    \n        :Raises: If the response contains an error message.\n        \"\"\"\n        status = response.get(\"status\", None)\n        if not status or status == ErrorCode.SUCCESS:\n            return\n        value = None\n        message = response.get(\"message\", \"\")\n        screen: str = response.get(\"screen\", \"\")\n        stacktrace = None\n        if isinstance(status, int):\n            value_json = response.get(\"value\", None)\n            if value_json and isinstance(value_json, str):\n                import json\n    \n                try:\n                    value = json.loads(value_json)\n                    if len(value) == 1:\n                        value = value[\"value\"]\n                    status = value.get(\"error\", None)\n                    if not status:\n                        status = value.get(\"status\", ErrorCode.UNKNOWN_ERROR)\n                        message = value.get(\"value\") or value.get(\"message\")\n                        if not isinstance(message, str):\n                            value = message\n                            message = message.get(\"message\")\n                    else:\n                        message = value.get(\"message\", None)\n                except ValueError:\n                    pass\n    \n        exception_class: Type[WebDriverException]\n        e = ErrorCode()\n        error_codes = [item for item in dir(e) if not item.startswith(\"__\")]\n        for error_code in error_codes:\n            error_info = getattr(ErrorCode, error_code)\n            if isinstance(error_info, list) and status in error_info:\n                exception_class = getattr(ExceptionMapping, error_code, WebDriverException)\n                break\n        else:\n            exception_class = WebDriverException\n    \n        if not value:\n            value = response[\"value\"]\n        if isinstance(value, str):\n            raise exception_class(value)\n        if message == \"\" and \"message\" in value:\n            message = value[\"message\"]\n    \n        screen = None  # type: ignore[assignment]\n        if \"screen\" in value:\n            screen = value[\"screen\"]\n    \n        stacktrace = None\n        st_value = value.get(\"stackTrace\") or value.get(\"stacktrace\")\n        if st_value:\n            if isinstance(st_value, str):\n                stacktrace = st_value.split(\"\\n\")\n            else:\n                stacktrace = []\n                try:\n                    for frame in st_value:\n                        line = frame.get(\"lineNumber\", \"\")\n                        file = frame.get(\"fileName\", \"<anonymous>\")\n                        if line:\n                            file = f\"{file}:{line}\"\n                        meth = frame.get(\"methodName\", \"<anonymous>\")\n                        if \"className\" in frame:\n                            meth = f\"{frame['className']}.{meth}\"\n                        msg = \"    at %s (%s)\"\n                        msg = msg % (meth, file)\n                        stacktrace.append(msg)\n                except TypeError:\n                    pass\n        if exception_class == UnexpectedAlertPresentException:\n            alert_text = None\n            if \"data\" in value:\n                alert_text = value[\"data\"].get(\"text\")\n            elif \"alert\" in value:\n                alert_text = value[\"alert\"].get(\"text\")\n            raise exception_class(message, screen, stacktrace, alert_text)  # type: ignore[call-arg]  # mypy is not smart enough here\n>       raise exception_class(message, screen, stacktrace)\nE       selenium.common.exceptions.NoSuchElementException: Message: no such element: Unable to locate element: {\"method\":\"xpath\",\"selector\":\"//div[@class='slide-container']\"}\nE         (Session info: MicrosoftEdge=131.0.2903.51); For documentation on this error, please visit: https://www.selenium.dev/documentation/webdriver/troubleshooting/errors#no-such-element-exception\nE       Stacktrace:\nE       #0 0x5596679ed95e <unknown>\nE       #1 0x5596674a2b76 <unknown>\nE       #2 0x5596674f045e <unknown>\nE       #3 0x5596674f0731 <unknown>\nE       #4 0x5596675344f4 <unknown>\nE       #5 0x55966751420d <unknown>\nE       #6 0x55966753218a <unknown>\nE       #7 0x559667513f83 <unknown>\nE       #8 0x5596674e401e <unknown>\nE       #9 0x5596674e4cfe <unknown>\nE       #10 0x5596679c29f1 <unknown>\nE       #11 0x5596679c5bee <unknown>\nE       #12 0x5596679c566b <unknown>\nE       #13 0x5596679c6015 <unknown>\nE       #14 0x5596679b4402 <unknown>\nE       #15 0x5596679c639d <unknown>\nE       #16 0x55966799e5c5 <unknown>\nE       #17 0x5596679de018 <unknown>\nE       #18 0x5596679de22f <unknown>\nE       #19 0x5596679ec54c <unknown>\nE       #20 0x7f9576494ac3 <unknown>\n\n/opt/hostedtoolcache/Python/3.11.10/x64/lib/python3.11/site-packages/selenium/webdriver/remote/errorhandler.py:229: NoSuchElementException","steps":[],"attachments":[{"uid":"8f1c5be158f64953","name":"stdout","source":"8f1c5be158f64953.txt","type":"text/plain","size":372}],"parameters":[],"stepsCount":0,"shouldDisplayMessage":true,"attachmentsCount":1,"hasContent":true,"attachmentStep":false},"afterStages":[{"name":"proxy_driver::0","time":{"start":1732026081554,"stop":1732026091736,"duration":10182},"status":"passed","steps":[],"attachments":[],"parameters":[],"stepsCount":0,"shouldDisplayMessage":false,"attachmentsCount":0,"hasContent":false,"attachmentStep":false},{"name":"driver::0","time":{"start":1732026219719,"stop":1732026219820,"duration":101},"status":"passed","steps":[],"attachments":[],"parameters":[],"stepsCount":0,"shouldDisplayMessage":false,"attachmentsCount":0,"hasContent":false,"attachmentStep":false}],"labels":[{"name":"feature","value":"About page"},{"name":"severity","value":"normal"},{"name":"tag","value":"flaky(reruns=3, reruns_delay=1)"},{"name":"parentSuite","value":"Tests"},{"name":"suite","value":"test_AboutPage"},{"name":"subSuite","value":"TestAboutPage"},{"name":"host","value":"fv-az837-353"},{"name":"thread","value":"1755-MainThread"},{"name":"framework","value":"pytest"},{"name":"language","value":"cpython3"},{"name":"package","value":"Tests.test_AboutPage"},{"name":"resultFormat","value":"allure2"}],"parameters":[{"name":"driver","value":"'edge'"},{"name":"proxy_driver","value":"'about_page_test_9'"}],"links":[{"name":"C58522","url":"https://hedgehoglabqa.testrail.io/index.php?/cases/view/58522","type":"tms"},{"name":"Epic QP-356","url":"https://hedgehog-lab.atlassian.net/browse/QP-356","type":"issue"},{"name":"Story QP-266","url":"https://hedgehog-lab.atlassian.net/browse/QP-266","type":"issue"}],"hidden":false,"retry":false,"extra":{"severity":"normal","retries":[{"uid":"4d5e0f2373bd7dc1","status":"broken","statusDetails":"selenium.common.exceptions.NoSuchElementException: Message: no such element: Unable to locate element: {\"method\":\"xpath\",\"selector\":\"//div[@class='slide-container']\"}\n  (Session info: MicrosoftEdge=131.0.2903.51); For documentation on this error, please visit: https://www.selenium.dev/documentation/webdriver/troubleshooting/errors#no-such-element-exception\nStacktrace:\n#0 0x564561d5795e <unknown>\n#1 0x56456180cb76 <unknown>\n#2 0x56456185a45e <unknown>\n#3 0x56456185a731 <unknown>\n#4 0x56456189e4f4 <unknown>\n#5 0x56456187e20d <unknown>\n#6 0x56456189c18a <unknown>\n#7 0x56456187df83 <unknown>\n#8 0x56456184e01e <unknown>\n#9 0x56456184ecfe <unknown>\n#10 0x564561d2c9f1 <unknown>\n#11 0x564561d2fbee <unknown>\n#12 0x564561d2f66b <unknown>\n#13 0x564561d30015 <unknown>\n#14 0x564561d1e402 <unknown>\n#15 0x564561d3039d <unknown>\n#16 0x564561d085c5 <unknown>\n#17 0x564561d48018 <unknown>\n#18 0x564561d4822f <unknown>\n#19 0x564561d5654c <unknown>\n#20 0x7fb397894ac3 <unknown>","time":{"start":1732026040471,"stop":1732026052699,"duration":12228}},{"uid":"378c0a4c188ef282","status":"broken","statusDetails":"selenium.common.exceptions.NoSuchElementException: Message: no such element: Unable to locate element: {\"method\":\"xpath\",\"selector\":\"//div[@class='slide-container']\"}\n  (Session info: MicrosoftEdge=131.0.2903.51); For documentation on this error, please visit: https://www.selenium.dev/documentation/webdriver/troubleshooting/errors#no-such-element-exception\nStacktrace:\n#0 0x55e702af295e <unknown>\n#1 0x55e7025a7b76 <unknown>\n#2 0x55e7025f545e <unknown>\n#3 0x55e7025f5731 <unknown>\n#4 0x55e7026394f4 <unknown>\n#5 0x55e70261920d <unknown>\n#6 0x55e70263718a <unknown>\n#7 0x55e702618f83 <unknown>\n#8 0x55e7025e901e <unknown>\n#9 0x55e7025e9cfe <unknown>\n#10 0x55e702ac79f1 <unknown>\n#11 0x55e702acabee <unknown>\n#12 0x55e702aca66b <unknown>\n#13 0x55e702acb015 <unknown>\n#14 0x55e702ab9402 <unknown>\n#15 0x55e702acb39d <unknown>\n#16 0x55e702aa35c5 <unknown>\n#17 0x55e702ae3018 <unknown>\n#18 0x55e702ae322f <unknown>\n#19 0x55e702af154c <unknown>\n#20 0x7fc920094ac3 <unknown>","time":{"start":1732026011670,"stop":1732026023791,"duration":12121}},{"uid":"4d2523c623d1d393","status":"broken","statusDetails":"selenium.common.exceptions.NoSuchElementException: Message: no such element: Unable to locate element: {\"method\":\"xpath\",\"selector\":\"//div[@class='slide-container']\"}\n  (Session info: MicrosoftEdge=131.0.2903.51); For documentation on this error, please visit: https://www.selenium.dev/documentation/webdriver/troubleshooting/errors#no-such-element-exception\nStacktrace:\n#0 0x5557333fa95e <unknown>\n#1 0x555732eafb76 <unknown>\n#2 0x555732efd45e <unknown>\n#3 0x555732efd731 <unknown>\n#4 0x555732f414f4 <unknown>\n#5 0x555732f2120d <unknown>\n#6 0x555732f3f18a <unknown>\n#7 0x555732f20f83 <unknown>\n#8 0x555732ef101e <unknown>\n#9 0x555732ef1cfe <unknown>\n#10 0x5557333cf9f1 <unknown>\n#11 0x5557333d2bee <unknown>\n#12 0x5557333d266b <unknown>\n#13 0x5557333d3015 <unknown>\n#14 0x5557333c1402 <unknown>\n#15 0x5557333d339d <unknown>\n#16 0x5557333ab5c5 <unknown>\n#17 0x5557333eb018 <unknown>\n#18 0x5557333eb22f <unknown>\n#19 0x5557333f954c <unknown>\n#20 0x7fc51a694ac3 <unknown>","time":{"start":1732025982789,"stop":1732025994987,"duration":12198}}],"categories":[{"name":"Test defects","matchedStatuses":[],"flaky":false}],"history":{"statistic":{"failed":0,"broken":7,"skipped":0,"passed":0,"unknown":0,"total":7},"items":[{"uid":"2225c94f1c01da0c","status":"broken","statusDetails":"selenium.common.exceptions.NoSuchElementException: Message: no such element: Unable to locate element: {\"method\":\"xpath\",\"selector\":\"//div[@class='slide-container']\"}\n  (Session info: MicrosoftEdge=130.0.2849.80); For documentation on this error, please visit: https://www.selenium.dev/documentation/webdriver/troubleshooting/errors#no-such-element-exception\nStacktrace:\n#0 0x556bfc05d5be <unknown>\n#1 0x556bfbb249f6 <unknown>\n#2 0x556bfbb703ee <unknown>\n#3 0x556bfbb706c1 <unknown>\n#4 0x556bfbbb4324 <unknown>\n#5 0x556bfbb93f7d <unknown>\n#6 0x556bfbbb1efe <unknown>\n#7 0x556bfbb93cf3 <unknown>\n#8 0x556bfbb642de <unknown>\n#9 0x556bfbb64fbe <unknown>\n#10 0x556bfc032521 <unknown>\n#11 0x556bfc035791 <unknown>\n#12 0x556bfc03520b <unknown>\n#13 0x556bfc035bc5 <unknown>\n#14 0x556bfc023ef2 <unknown>\n#15 0x556bfc035f4d <unknown>\n#16 0x556bfc00d8c5 <unknown>\n#17 0x556bfc04dd18 <unknown>\n#18 0x556bfc04df2f <unknown>\n#19 0x556bfc05c1bc <unknown>\n#20 0x7f5f52c94ac3 <unknown>","time":{"start":1732022445959,"stop":1732022468170,"duration":22211}},{"uid":"a0f305560f77061","status":"broken","statusDetails":"selenium.common.exceptions.NoSuchElementException: Message: no such element: Unable to locate element: {\"method\":\"xpath\",\"selector\":\"//div[@class='slide-container']\"}\n  (Session info: MicrosoftEdge=130.0.2849.80); For documentation on this error, please visit: https://www.selenium.dev/documentation/webdriver/troubleshooting/errors#no-such-element-exception\nStacktrace:\n#0 0x5585f9e705be <unknown>\n#1 0x5585f99379f6 <unknown>\n#2 0x5585f99833ee <unknown>\n#3 0x5585f99836c1 <unknown>\n#4 0x5585f99c7324 <unknown>\n#5 0x5585f99a6f7d <unknown>\n#6 0x5585f99c4efe <unknown>\n#7 0x5585f99a6cf3 <unknown>\n#8 0x5585f99772de <unknown>\n#9 0x5585f9977fbe <unknown>\n#10 0x5585f9e45521 <unknown>\n#11 0x5585f9e48791 <unknown>\n#12 0x5585f9e4820b <unknown>\n#13 0x5585f9e48bc5 <unknown>\n#14 0x5585f9e36ef2 <unknown>\n#15 0x5585f9e48f4d <unknown>\n#16 0x5585f9e208c5 <unknown>\n#17 0x5585f9e60d18 <unknown>\n#18 0x5585f9e60f2f <unknown>\n#19 0x5585f9e6f1bc <unknown>\n#20 0x7fc78c494ac3 <unknown>","time":{"start":1732012721927,"stop":1732012744105,"duration":22178}},{"uid":"f48d860cc91d5614","status":"broken","statusDetails":"selenium.common.exceptions.NoSuchElementException: Message: no such element: Unable to locate element: {\"method\":\"xpath\",\"selector\":\"//div[@class='slide-container']\"}\n  (Session info: MicrosoftEdge=130.0.2849.80); For documentation on this error, please visit: https://www.selenium.dev/documentation/webdriver/troubleshooting/errors#no-such-element-exception\nStacktrace:\n#0 0x5591f53075be <unknown>\n#1 0x5591f4dce9f6 <unknown>\n#2 0x5591f4e1a3ee <unknown>\n#3 0x5591f4e1a6c1 <unknown>\n#4 0x5591f4e5e324 <unknown>\n#5 0x5591f4e3df7d <unknown>\n#6 0x5591f4e5befe <unknown>\n#7 0x5591f4e3dcf3 <unknown>\n#8 0x5591f4e0e2de <unknown>\n#9 0x5591f4e0efbe <unknown>\n#10 0x5591f52dc521 <unknown>\n#11 0x5591f52df791 <unknown>\n#12 0x5591f52df20b <unknown>\n#13 0x5591f52dfbc5 <unknown>\n#14 0x5591f52cdef2 <unknown>\n#15 0x5591f52dff4d <unknown>\n#16 0x5591f52b78c5 <unknown>\n#17 0x5591f52f7d18 <unknown>\n#18 0x5591f52f7f2f <unknown>\n#19 0x5591f53061bc <unknown>\n#20 0x7fa4d6e94ac3 <unknown>","time":{"start":1731924593377,"stop":1731924615550,"duration":22173}},{"uid":"a3dcae40680b00f4","status":"broken","statusDetails":"selenium.common.exceptions.WebDriverException: Message: unknown error: net::ERR_CONNECTION_CLOSED\n  (Session info: MicrosoftEdge=130.0.2849.80)\nStacktrace:\n#0 0x55799a2f85be <unknown>\n#1 0x557999dbf9f6 <unknown>\n#2 0x557999dbd62a <unknown>\n#3 0x557999da9a10 <unknown>\n#4 0x557999dab660 <unknown>\n#5 0x557999da9dc4 <unknown>\n#6 0x557999da962a <unknown>\n#7 0x557999da94b2 <unknown>\n#8 0x557999da799e <unknown>\n#9 0x557999da7ca7 <unknown>\n#10 0x557999dc25d3 <unknown>\n#11 0x557999e4d69e <unknown>\n#12 0x557999e2ef52 <unknown>\n#13 0x557999e4cefe <unknown>\n#14 0x557999e2ecf3 <unknown>\n#15 0x557999dff2de <unknown>\n#16 0x557999dfffbe <unknown>\n#17 0x55799a2cd521 <unknown>\n#18 0x55799a2d0791 <unknown>\n#19 0x55799a2d020b <unknown>\n#20 0x55799a2d0bc5 <unknown>\n#21 0x55799a2beef2 <unknown>\n#22 0x55799a2d0f4d <unknown>\n#23 0x55799a2a88c5 <unknown>\n#24 0x55799a2e8d18 <unknown>\n#25 0x55799a2e8f2f <unknown>\n#26 0x55799a2f71bc <unknown>\n#27 0x7fc3fbe94ac3 <unknown>","time":{"start":1731914054113,"stop":1731914054255,"duration":142}},{"uid":"b533968d11a8d752","status":"broken","statusDetails":"selenium.common.exceptions.NoSuchElementException: Message: no such element: Unable to locate element: {\"method\":\"xpath\",\"selector\":\"//div[@class='slide-container']\"}\n  (Session info: MicrosoftEdge=130.0.2849.80); For documentation on this error, please visit: https://www.selenium.dev/documentation/webdriver/troubleshooting/errors#no-such-element-exception\nStacktrace:\n#0 0x557b83a535be <unknown>\n#1 0x557b8351a9f6 <unknown>\n#2 0x557b835663ee <unknown>\n#3 0x557b835666c1 <unknown>\n#4 0x557b835aa324 <unknown>\n#5 0x557b83589f7d <unknown>\n#6 0x557b835a7efe <unknown>\n#7 0x557b83589cf3 <unknown>\n#8 0x557b8355a2de <unknown>\n#9 0x557b8355afbe <unknown>\n#10 0x557b83a28521 <unknown>\n#11 0x557b83a2b791 <unknown>\n#12 0x557b83a2b20b <unknown>\n#13 0x557b83a2bbc5 <unknown>\n#14 0x557b83a19ef2 <unknown>\n#15 0x557b83a2bf4d <unknown>\n#16 0x557b83a038c5 <unknown>\n#17 0x557b83a43d18 <unknown>\n#18 0x557b83a43f2f <unknown>\n#19 0x557b83a521bc <unknown>\n#20 0x7f932fa94ac3 <unknown>","time":{"start":1731814362975,"stop":1731814385150,"duration":22175}},{"uid":"eeda33683cdee758","status":"broken","statusDetails":"selenium.common.exceptions.NoSuchElementException: Message: no such element: Unable to locate element: {\"method\":\"xpath\",\"selector\":\"//div[@class='slide-container']\"}\n  (Session info: MicrosoftEdge=130.0.2849.80); For documentation on this error, please visit: https://www.selenium.dev/documentation/webdriver/troubleshooting/errors#no-such-element-exception\nStacktrace:\n#0 0x56187eca35be <unknown>\n#1 0x56187e76a9f6 <unknown>\n#2 0x56187e7b63ee <unknown>\n#3 0x56187e7b66c1 <unknown>\n#4 0x56187e7fa324 <unknown>\n#5 0x56187e7d9f7d <unknown>\n#6 0x56187e7f7efe <unknown>\n#7 0x56187e7d9cf3 <unknown>\n#8 0x56187e7aa2de <unknown>\n#9 0x56187e7aafbe <unknown>\n#10 0x56187ec78521 <unknown>\n#11 0x56187ec7b791 <unknown>\n#12 0x56187ec7b20b <unknown>\n#13 0x56187ec7bbc5 <unknown>\n#14 0x56187ec69ef2 <unknown>\n#15 0x56187ec7bf4d <unknown>\n#16 0x56187ec538c5 <unknown>\n#17 0x56187ec93d18 <unknown>\n#18 0x56187ec93f2f <unknown>\n#19 0x56187eca21bc <unknown>\n#20 0x7fdc52294ac3 <unknown>","time":{"start":1731684476808,"stop":1731684498990,"duration":22182}}]},"tags":["flaky(reruns=3, reruns_delay=1)"]},"source":"fbf055cbd2d2d77f.json","parameterValues":["'edge'","'about_page_test_9'"]}