{"uid":"1e2aec92304aace","name":"Click on an event","fullName":"Tests.test_Events.TestEvents#test_7","historyId":"44edfaa46c05f6ab76e4250de3916a11","time":{"start":1734073267793,"stop":1734073288811,"duration":21018},"status":"broken","statusMessage":"selenium.common.exceptions.NoSuchElementException: Message: Unable to locate element: //button[@aria-label='Go to next page']; For documentation on this error, please visit: https://www.selenium.dev/documentation/webdriver/troubleshooting/errors#no-such-element-exception\nStacktrace:\nRemoteError@chrome://remote/content/shared/RemoteError.sys.mjs:8:8\nWebDriverError@chrome://remote/content/shared/webdriver/Errors.sys.mjs:193:5\nNoSuchElementError@chrome://remote/content/shared/webdriver/Errors.sys.mjs:511:5\ndom.find/</<@chrome://remote/content/shared/DOM.sys.mjs:136:16","statusTrace":"self = <Tests.test_Events.TestEvents object at 0x7fa8df7e7cd0>\ndriver = <selenium.webdriver.firefox.webdriver.WebDriver (session=\"e6860707-73c0-4006-82be-b75712f8a4c2\")>\n\n    @severity(severity_level.NORMAL)\n    @allure.feature('Events')\n    @allure.title(\"Click on an event\")\n    @allure.issue(\"QP-267\", \"Story QP-267\")\n    @allure.issue(\"QP-356\", \"Epic QP-356\")\n    @allure.testcase(\"58459\", \"C58459\")\n    @pytest.mark.dependency(depends=[\"test_1\"])\n    def test_7(self, driver):\n        events_obj = Events(driver)\n        event_list = self.event_list\n        event_ids = list(event_list.keys())\n        random_id = random.choice(event_ids)\n        while not events_obj.is_event_card_visible_by_title(event_list[random_id][\"title\"]):\n            events_obj.scroll_to_pagination()\n>           events_obj.click_go_to_next_page_button()\n\nTests/test_Events.py:173: \n_ _ _ _ _ _ _ _ _ _ _ _ _ _ _ _ _ _ _ _ _ _ _ _ _ _ _ _ _ _ _ _ _ _ _ _ _ _ _ _ \nPages/EventsPage.py:143: in click_go_to_next_page_button\n    self.driver.find_element(*self.go_to_next_page).click()\n/opt/hostedtoolcache/Python/3.11.11/x64/lib/python3.11/site-packages/selenium/webdriver/remote/webdriver.py:741: in find_element\n    return self.execute(Command.FIND_ELEMENT, {\"using\": by, \"value\": value})[\"value\"]\n/opt/hostedtoolcache/Python/3.11.11/x64/lib/python3.11/site-packages/selenium/webdriver/remote/webdriver.py:347: in execute\n    self.error_handler.check_response(response)\n_ _ _ _ _ _ _ _ _ _ _ _ _ _ _ _ _ _ _ _ _ _ _ _ _ _ _ _ _ _ _ _ _ _ _ _ _ _ _ _ \n\nself = <selenium.webdriver.remote.errorhandler.ErrorHandler object at 0x7fa8df779a10>\nresponse = {'status': 404, 'value': '{\"value\":{\"error\":\"no such element\",\"message\":\"Unable to locate element: //button[@aria-labe.../content/shared/webdriver/Errors.sys.mjs:511:5\\\\ndom.find/</<@chrome://remote/content/shared/DOM.sys.mjs:136:16\\\\n\"}}'}\n\n    def check_response(self, response: Dict[str, Any]) -> None:\n        \"\"\"Checks that a JSON response from the WebDriver does not have an\n        error.\n    \n        :Args:\n         - response - The JSON response from the WebDriver server as a dictionary\n           object.\n    \n        :Raises: If the response contains an error message.\n        \"\"\"\n        status = response.get(\"status\", None)\n        if not status or status == ErrorCode.SUCCESS:\n            return\n        value = None\n        message = response.get(\"message\", \"\")\n        screen: str = response.get(\"screen\", \"\")\n        stacktrace = None\n        if isinstance(status, int):\n            value_json = response.get(\"value\", None)\n            if value_json and isinstance(value_json, str):\n                import json\n    \n                try:\n                    value = json.loads(value_json)\n                    if len(value) == 1:\n                        value = value[\"value\"]\n                    status = value.get(\"error\", None)\n                    if not status:\n                        status = value.get(\"status\", ErrorCode.UNKNOWN_ERROR)\n                        message = value.get(\"value\") or value.get(\"message\")\n                        if not isinstance(message, str):\n                            value = message\n                            message = message.get(\"message\")\n                    else:\n                        message = value.get(\"message\", None)\n                except ValueError:\n                    pass\n    \n        exception_class: Type[WebDriverException]\n        e = ErrorCode()\n        error_codes = [item for item in dir(e) if not item.startswith(\"__\")]\n        for error_code in error_codes:\n            error_info = getattr(ErrorCode, error_code)\n            if isinstance(error_info, list) and status in error_info:\n                exception_class = getattr(ExceptionMapping, error_code, WebDriverException)\n                break\n        else:\n            exception_class = WebDriverException\n    \n        if not value:\n            value = response[\"value\"]\n        if isinstance(value, str):\n            raise exception_class(value)\n        if message == \"\" and \"message\" in value:\n            message = value[\"message\"]\n    \n        screen = None  # type: ignore[assignment]\n        if \"screen\" in value:\n            screen = value[\"screen\"]\n    \n        stacktrace = None\n        st_value = value.get(\"stackTrace\") or value.get(\"stacktrace\")\n        if st_value:\n            if isinstance(st_value, str):\n                stacktrace = st_value.split(\"\\n\")\n            else:\n                stacktrace = []\n                try:\n                    for frame in st_value:\n                        line = frame.get(\"lineNumber\", \"\")\n                        file = frame.get(\"fileName\", \"<anonymous>\")\n                        if line:\n                            file = f\"{file}:{line}\"\n                        meth = frame.get(\"methodName\", \"<anonymous>\")\n                        if \"className\" in frame:\n                            meth = f\"{frame['className']}.{meth}\"\n                        msg = \"    at %s (%s)\"\n                        msg = msg % (meth, file)\n                        stacktrace.append(msg)\n                except TypeError:\n                    pass\n        if exception_class == UnexpectedAlertPresentException:\n            alert_text = None\n            if \"data\" in value:\n                alert_text = value[\"data\"].get(\"text\")\n            elif \"alert\" in value:\n                alert_text = value[\"alert\"].get(\"text\")\n            raise exception_class(message, screen, stacktrace, alert_text)  # type: ignore[call-arg]  # mypy is not smart enough here\n>       raise exception_class(message, screen, stacktrace)\nE       selenium.common.exceptions.NoSuchElementException: Message: Unable to locate element: //button[@aria-label='Go to next page']; For documentation on this error, please visit: https://www.selenium.dev/documentation/webdriver/troubleshooting/errors#no-such-element-exception\nE       Stacktrace:\nE       RemoteError@chrome://remote/content/shared/RemoteError.sys.mjs:8:8\nE       WebDriverError@chrome://remote/content/shared/webdriver/Errors.sys.mjs:193:5\nE       NoSuchElementError@chrome://remote/content/shared/webdriver/Errors.sys.mjs:511:5\nE       dom.find/</<@chrome://remote/content/shared/DOM.sys.mjs:136:16\n\n/opt/hostedtoolcache/Python/3.11.11/x64/lib/python3.11/site-packages/selenium/webdriver/remote/errorhandler.py:229: NoSuchElementException","flaky":false,"newFailed":false,"newBroken":false,"newPassed":false,"retriesCount":0,"retriesStatusChange":false,"beforeStages":[{"name":"_session_faker","time":{"start":1734072746923,"stop":1734072746996,"duration":73},"status":"passed","steps":[],"attachments":[],"parameters":[],"shouldDisplayMessage":false,"stepsCount":0,"attachmentsCount":0,"hasContent":false,"attachmentStep":false},{"name":"driver","time":{"start":1734073022816,"stop":1734073024373,"duration":1557},"status":"passed","steps":[],"attachments":[],"parameters":[],"shouldDisplayMessage":false,"stepsCount":0,"attachmentsCount":0,"hasContent":false,"attachmentStep":false}],"afterStages":[{"name":"driver::0","time":{"start":1734073410296,"stop":1734073410502,"duration":206},"status":"passed","steps":[],"attachments":[],"parameters":[],"shouldDisplayMessage":false,"stepsCount":0,"attachmentsCount":0,"hasContent":false,"attachmentStep":false}],"labels":[{"name":"feature","value":"Events"},{"name":"severity","value":"normal"},{"name":"tag","value":"dependency(depends=['test_1'])"},{"name":"tag","value":"flaky(reruns=3, reruns_delay=1)"},{"name":"parentSuite","value":"Tests"},{"name":"suite","value":"test_Events"},{"name":"subSuite","value":"TestEvents"},{"name":"host","value":"fv-az805-100"},{"name":"thread","value":"1957-MainThread"},{"name":"framework","value":"pytest"},{"name":"language","value":"cpython3"},{"name":"package","value":"Tests.test_Events"},{"name":"resultFormat","value":"allure2"}],"parameters":[{"name":"driver","value":"'firefox'"}],"links":[{"name":"C58459","url":"https://hedgehoglabqa.testrail.io/index.php?/cases/view/58459","type":"tms"},{"name":"Epic QP-356","url":"https://hedgehog-lab.atlassian.net/browse/QP-356","type":"issue"},{"name":"Story QP-267","url":"https://hedgehog-lab.atlassian.net/browse/QP-267","type":"issue"}],"hidden":true,"retry":true,"extra":{"categories":[],"tags":["flaky(reruns=3, reruns_delay=1)","dependency(depends=['test_1'])"]},"source":"1e2aec92304aace.json","parameterValues":["'firefox'"]}