{"uid":"96249df150638e2b","name":"Navigate to Event information page","fullName":"Tests.test_Events.TestEvents#test_8","historyId":"5df2c51b98bb915157be1ecaebc6a6a2","time":{"start":1734073380545,"stop":1734073404647,"duration":24102},"status":"broken","statusMessage":"selenium.common.exceptions.NoSuchElementException: Message: no such element: Unable to locate element: {\"method\":\"xpath\",\"selector\":\"//button[@aria-label='Go to next page']\"}\n  (Session info: chrome=131.0.6778.108); For documentation on this error, please visit: https://www.selenium.dev/documentation/webdriver/troubleshooting/errors#no-such-element-exception\nStacktrace:\n#0 0x56079cb7934a <unknown>\n#1 0x56079c68f6e0 <unknown>\n#2 0x56079c6de3e6 <unknown>\n#3 0x56079c6de681 <unknown>\n#4 0x56079c723b04 <unknown>\n#5 0x56079c70248d <unknown>\n#6 0x56079c720ed7 <unknown>\n#7 0x56079c702203 <unknown>\n#8 0x56079c6d0cc0 <unknown>\n#9 0x56079c6d1c9e <unknown>\n#10 0x56079cb46d3b <unknown>\n#11 0x56079cb4acc2 <unknown>\n#12 0x56079cb33b6c <unknown>\n#13 0x56079cb4b837 <unknown>\n#14 0x56079cb1910f <unknown>\n#15 0x56079cb685a8 <unknown>\n#16 0x56079cb68770 <unknown>\n#17 0x56079cb781c6 <unknown>\n#18 0x7fad0789ca94 <unknown>\n#19 0x7fad07929c3c <unknown>","statusTrace":"self = <Tests.test_Events.TestEvents object at 0x7f70a7de6690>\ndriver = <selenium.webdriver.chrome.webdriver.WebDriver (session=\"374397c2a589d7bd4ea227701017a320\")>\n\n    @severity(severity_level.CRITICAL)\n    @allure.feature('Individual Events')\n    @allure.title(\"Navigate to Event information page\")\n    @allure.issue(\"QP-268\", \"Story QP-268\")\n    @allure.issue(\"QP-356\", \"Epic QP-356\")\n    @allure.testcase(\"58484\", \"C58484\")\n    @pytest.mark.dependency(depends=[\"test_1\"])\n    @pytest.mark.dependency(name=\"test_8\")\n    def test_8(self, driver):\n        events_obj = Events(driver)\n        event_list = self.event_list\n        event_ids = list(event_list.keys())\n        TestEvents.event_without_booking_link, TestEvents.full_description_event = (\n            events_obj.get_events_with_conditions(self.api_requests, event_ids))\n        events_obj.scroll_to_events_section()\n        while not events_obj.is_event_card_visible_by_title(self.full_description_event[\"title\"]):\n            events_obj.scroll_to_pagination()\n>           events_obj.click_go_to_next_page_button()\n\nTests/test_Events.py:198: \n_ _ _ _ _ _ _ _ _ _ _ _ _ _ _ _ _ _ _ _ _ _ _ _ _ _ _ _ _ _ _ _ _ _ _ _ _ _ _ _ \nPages/EventsPage.py:143: in click_go_to_next_page_button\n    self.driver.find_element(*self.go_to_next_page).click()\n/opt/hostedtoolcache/Python/3.11.11/x64/lib/python3.11/site-packages/selenium/webdriver/remote/webdriver.py:741: in find_element\n    return self.execute(Command.FIND_ELEMENT, {\"using\": by, \"value\": value})[\"value\"]\n/opt/hostedtoolcache/Python/3.11.11/x64/lib/python3.11/site-packages/selenium/webdriver/remote/webdriver.py:347: in execute\n    self.error_handler.check_response(response)\n_ _ _ _ _ _ _ _ _ _ _ _ _ _ _ _ _ _ _ _ _ _ _ _ _ _ _ _ _ _ _ _ _ _ _ _ _ _ _ _ \n\nself = <selenium.webdriver.remote.errorhandler.ErrorHandler object at 0x7f70a74a4e10>\nresponse = {'status': 404, 'value': '{\"value\":{\"error\":\"no such element\",\"message\":\"no such element: Unable to locate element: {\\...\\\\n#17 0x56079cb781c6 \\\\u003Cunknown>\\\\n#18 0x7fad0789ca94 \\\\u003Cunknown>\\\\n#19 0x7fad07929c3c \\\\u003Cunknown>\\\\n\"}}'}\n\n    def check_response(self, response: Dict[str, Any]) -> None:\n        \"\"\"Checks that a JSON response from the WebDriver does not have an\n        error.\n    \n        :Args:\n         - response - The JSON response from the WebDriver server as a dictionary\n           object.\n    \n        :Raises: If the response contains an error message.\n        \"\"\"\n        status = response.get(\"status\", None)\n        if not status or status == ErrorCode.SUCCESS:\n            return\n        value = None\n        message = response.get(\"message\", \"\")\n        screen: str = response.get(\"screen\", \"\")\n        stacktrace = None\n        if isinstance(status, int):\n            value_json = response.get(\"value\", None)\n            if value_json and isinstance(value_json, str):\n                import json\n    \n                try:\n                    value = json.loads(value_json)\n                    if len(value) == 1:\n                        value = value[\"value\"]\n                    status = value.get(\"error\", None)\n                    if not status:\n                        status = value.get(\"status\", ErrorCode.UNKNOWN_ERROR)\n                        message = value.get(\"value\") or value.get(\"message\")\n                        if not isinstance(message, str):\n                            value = message\n                            message = message.get(\"message\")\n                    else:\n                        message = value.get(\"message\", None)\n                except ValueError:\n                    pass\n    \n        exception_class: Type[WebDriverException]\n        e = ErrorCode()\n        error_codes = [item for item in dir(e) if not item.startswith(\"__\")]\n        for error_code in error_codes:\n            error_info = getattr(ErrorCode, error_code)\n            if isinstance(error_info, list) and status in error_info:\n                exception_class = getattr(ExceptionMapping, error_code, WebDriverException)\n                break\n        else:\n            exception_class = WebDriverException\n    \n        if not value:\n            value = response[\"value\"]\n        if isinstance(value, str):\n            raise exception_class(value)\n        if message == \"\" and \"message\" in value:\n            message = value[\"message\"]\n    \n        screen = None  # type: ignore[assignment]\n        if \"screen\" in value:\n            screen = value[\"screen\"]\n    \n        stacktrace = None\n        st_value = value.get(\"stackTrace\") or value.get(\"stacktrace\")\n        if st_value:\n            if isinstance(st_value, str):\n                stacktrace = st_value.split(\"\\n\")\n            else:\n                stacktrace = []\n                try:\n                    for frame in st_value:\n                        line = frame.get(\"lineNumber\", \"\")\n                        file = frame.get(\"fileName\", \"<anonymous>\")\n                        if line:\n                            file = f\"{file}:{line}\"\n                        meth = frame.get(\"methodName\", \"<anonymous>\")\n                        if \"className\" in frame:\n                            meth = f\"{frame['className']}.{meth}\"\n                        msg = \"    at %s (%s)\"\n                        msg = msg % (meth, file)\n                        stacktrace.append(msg)\n                except TypeError:\n                    pass\n        if exception_class == UnexpectedAlertPresentException:\n            alert_text = None\n            if \"data\" in value:\n                alert_text = value[\"data\"].get(\"text\")\n            elif \"alert\" in value:\n                alert_text = value[\"alert\"].get(\"text\")\n            raise exception_class(message, screen, stacktrace, alert_text)  # type: ignore[call-arg]  # mypy is not smart enough here\n>       raise exception_class(message, screen, stacktrace)\nE       selenium.common.exceptions.NoSuchElementException: Message: no such element: Unable to locate element: {\"method\":\"xpath\",\"selector\":\"//button[@aria-label='Go to next page']\"}\nE         (Session info: chrome=131.0.6778.108); For documentation on this error, please visit: https://www.selenium.dev/documentation/webdriver/troubleshooting/errors#no-such-element-exception\nE       Stacktrace:\nE       #0 0x56079cb7934a <unknown>\nE       #1 0x56079c68f6e0 <unknown>\nE       #2 0x56079c6de3e6 <unknown>\nE       #3 0x56079c6de681 <unknown>\nE       #4 0x56079c723b04 <unknown>\nE       #5 0x56079c70248d <unknown>\nE       #6 0x56079c720ed7 <unknown>\nE       #7 0x56079c702203 <unknown>\nE       #8 0x56079c6d0cc0 <unknown>\nE       #9 0x56079c6d1c9e <unknown>\nE       #10 0x56079cb46d3b <unknown>\nE       #11 0x56079cb4acc2 <unknown>\nE       #12 0x56079cb33b6c <unknown>\nE       #13 0x56079cb4b837 <unknown>\nE       #14 0x56079cb1910f <unknown>\nE       #15 0x56079cb685a8 <unknown>\nE       #16 0x56079cb68770 <unknown>\nE       #17 0x56079cb781c6 <unknown>\nE       #18 0x7fad0789ca94 <unknown>\nE       #19 0x7fad07929c3c <unknown>\n\n/opt/hostedtoolcache/Python/3.11.11/x64/lib/python3.11/site-packages/selenium/webdriver/remote/errorhandler.py:229: NoSuchElementException","flaky":false,"newFailed":false,"newBroken":false,"newPassed":false,"retriesCount":3,"retriesStatusChange":false,"beforeStages":[{"name":"_session_faker","time":{"start":1734072748932,"stop":1734072749001,"duration":69},"status":"passed","steps":[],"attachments":[],"parameters":[],"shouldDisplayMessage":false,"stepsCount":0,"attachmentsCount":0,"hasContent":false,"attachmentStep":false},{"name":"driver","time":{"start":1734073026640,"stop":1734073026866,"duration":226},"status":"passed","steps":[],"attachments":[],"parameters":[],"shouldDisplayMessage":false,"stepsCount":0,"attachmentsCount":0,"hasContent":false,"attachmentStep":false}],"afterStages":[{"name":"driver::0","time":{"start":1734073404686,"stop":1734073404774,"duration":88},"status":"passed","steps":[],"attachments":[],"parameters":[],"shouldDisplayMessage":false,"stepsCount":0,"attachmentsCount":0,"hasContent":false,"attachmentStep":false}],"labels":[{"name":"feature","value":"Individual Events"},{"name":"severity","value":"critical"},{"name":"tag","value":"dependency(name='test_8')"},{"name":"tag","value":"flaky(reruns=3, reruns_delay=1)"},{"name":"parentSuite","value":"Tests"},{"name":"suite","value":"test_Events"},{"name":"subSuite","value":"TestEvents"},{"name":"host","value":"fv-az805-100"},{"name":"thread","value":"1961-MainThread"},{"name":"framework","value":"pytest"},{"name":"language","value":"cpython3"},{"name":"package","value":"Tests.test_Events"},{"name":"resultFormat","value":"allure2"}],"parameters":[{"name":"driver","value":"'chrome'"}],"links":[{"name":"C58484","url":"https://hedgehoglabqa.testrail.io/index.php?/cases/view/58484","type":"tms"},{"name":"Epic QP-356","url":"https://hedgehog-lab.atlassian.net/browse/QP-356","type":"issue"},{"name":"Story QP-268","url":"https://hedgehog-lab.atlassian.net/browse/QP-268","type":"issue"}],"hidden":false,"retry":false,"extra":{"severity":"critical","retries":[{"uid":"fdd32ee6e41eafa1","status":"broken","statusDetails":"selenium.common.exceptions.NoSuchElementException: Message: no such element: Unable to locate element: {\"method\":\"xpath\",\"selector\":\"//button[@aria-label='Go to next page']\"}\n  (Session info: chrome=131.0.6778.108); For documentation on this error, please visit: https://www.selenium.dev/documentation/webdriver/troubleshooting/errors#no-such-element-exception\nStacktrace:\n#0 0x56079cb7934a <unknown>\n#1 0x56079c68f6e0 <unknown>\n#2 0x56079c6de3e6 <unknown>\n#3 0x56079c6de681 <unknown>\n#4 0x56079c723b04 <unknown>\n#5 0x56079c70248d <unknown>\n#6 0x56079c720ed7 <unknown>\n#7 0x56079c702203 <unknown>\n#8 0x56079c6d0cc0 <unknown>\n#9 0x56079c6d1c9e <unknown>\n#10 0x56079cb46d3b <unknown>\n#11 0x56079cb4acc2 <unknown>\n#12 0x56079cb33b6c <unknown>\n#13 0x56079cb4b837 <unknown>\n#14 0x56079cb1910f <unknown>\n#15 0x56079cb685a8 <unknown>\n#16 0x56079cb68770 <unknown>\n#17 0x56079cb781c6 <unknown>\n#18 0x7fad0789ca94 <unknown>\n#19 0x7fad07929c3c <unknown>","time":{"start":1734073355221,"stop":1734073379515,"duration":24294}},{"uid":"4125c41ad4dc4e9c","status":"broken","statusDetails":"selenium.common.exceptions.NoSuchElementException: Message: no such element: Unable to locate element: {\"method\":\"xpath\",\"selector\":\"//button[@aria-label='Go to next page']\"}\n  (Session info: chrome=131.0.6778.108); For documentation on this error, please visit: https://www.selenium.dev/documentation/webdriver/troubleshooting/errors#no-such-element-exception\nStacktrace:\n#0 0x56079cb7934a <unknown>\n#1 0x56079c68f6e0 <unknown>\n#2 0x56079c6de3e6 <unknown>\n#3 0x56079c6de681 <unknown>\n#4 0x56079c723b04 <unknown>\n#5 0x56079c70248d <unknown>\n#6 0x56079c720ed7 <unknown>\n#7 0x56079c702203 <unknown>\n#8 0x56079c6d0cc0 <unknown>\n#9 0x56079c6d1c9e <unknown>\n#10 0x56079cb46d3b <unknown>\n#11 0x56079cb4acc2 <unknown>\n#12 0x56079cb33b6c <unknown>\n#13 0x56079cb4b837 <unknown>\n#14 0x56079cb1910f <unknown>\n#15 0x56079cb685a8 <unknown>\n#16 0x56079cb68770 <unknown>\n#17 0x56079cb781c6 <unknown>\n#18 0x7fad0789ca94 <unknown>\n#19 0x7fad07929c3c <unknown>","time":{"start":1734073330045,"stop":1734073354191,"duration":24146}},{"uid":"1344a36f355be3ce","status":"broken","statusDetails":"selenium.common.exceptions.NoSuchElementException: Message: no such element: Unable to locate element: {\"method\":\"xpath\",\"selector\":\"//button[@aria-label='Go to next page']\"}\n  (Session info: chrome=131.0.6778.108); For documentation on this error, please visit: https://www.selenium.dev/documentation/webdriver/troubleshooting/errors#no-such-element-exception\nStacktrace:\n#0 0x56079cb7934a <unknown>\n#1 0x56079c68f6e0 <unknown>\n#2 0x56079c6de3e6 <unknown>\n#3 0x56079c6de681 <unknown>\n#4 0x56079c723b04 <unknown>\n#5 0x56079c70248d <unknown>\n#6 0x56079c720ed7 <unknown>\n#7 0x56079c702203 <unknown>\n#8 0x56079c6d0cc0 <unknown>\n#9 0x56079c6d1c9e <unknown>\n#10 0x56079cb46d3b <unknown>\n#11 0x56079cb4acc2 <unknown>\n#12 0x56079cb33b6c <unknown>\n#13 0x56079cb4b837 <unknown>\n#14 0x56079cb1910f <unknown>\n#15 0x56079cb685a8 <unknown>\n#16 0x56079cb68770 <unknown>\n#17 0x56079cb781c6 <unknown>\n#18 0x7fad0789ca94 <unknown>\n#19 0x7fad07929c3c <unknown>","time":{"start":1734073304599,"stop":1734073329014,"duration":24415}}],"categories":[{"name":"Test defects","matchedStatuses":[],"flaky":false}],"tags":["dependency(name='test_8')","flaky(reruns=3, reruns_delay=1)"]},"source":"96249df150638e2b.json","parameterValues":["'chrome'"]}