{"uid":"20559bf56618353c","name":"Unsuccessfully login with email: simeon.hhl.qa@gmail.co and password: Test#1234","fullName":"Tests.test_Login.TestLogin#test_3","historyId":"8e1471be75fa4118a69900d6d516153f","time":{"start":1734076747350,"stop":1734076750767,"duration":3417},"status":"broken","statusMessage":"selenium.common.exceptions.ElementClickInterceptedException: Message: Element <button class=\"btn btn-md btn-primary disabled app-button\" type=\"submit\"> is not clickable at point (189,522) because another element <form class=\"login-form\"> obscures it\nStacktrace:\nRemoteError@chrome://remote/content/shared/RemoteError.sys.mjs:8:8\nWebDriverError@chrome://remote/content/shared/webdriver/Errors.sys.mjs:193:5\nElementClickInterceptedError@chrome://remote/content/shared/webdriver/Errors.sys.mjs:337:5\nwebdriverClickElement@chrome://remote/content/marionette/interaction.sys.mjs:177:11\ninteraction.clickElement@chrome://remote/content/marionette/interaction.sys.mjs:136:11\nclickElement@chrome://remote/content/marionette/actors/MarionetteCommandsChild.sys.mjs:327:29\nreceiveMessage@chrome://remote/content/marionette/actors/MarionetteCommandsChild.sys.mjs:207:31","statusTrace":"self = <Tests.test_Login.TestLogin object at 0x7fa1ced0fa90>\ndriver = <selenium.webdriver.firefox.webdriver.WebDriver (session=\"a5426876-fd15-4636-8c75-4ae97a6858be\")>\nemail = 'simeon.hhl.qa@gmail.co', password = 'Test#1234'\nerror = 'There was a problem logging you in. Please try again.'\ntest_case = 'C58784'\n\n    @severity(severity_level.NORMAL)\n    @allure.feature('Login')\n    @allure.title(\"Unsuccessfully login with email: {email} and password: {password}\")\n    @allure.issue(\"QP-382\", \"Story QP-382\")\n    @allure.issue(\"QP-356\", \"Epic QP-356\")\n    @allure.testcase(\"58783\", \"C58783\")\n    @allure.testcase(\"58784\", \"C58784\")\n    @allure.testcase(\"58785\", \"C58785\")\n    @allure.testcase(\"58785\", \"C58786\")\n    @pytest.mark.dependency(depends=[\"test_1\"])\n    @pytest.mark.parametrize('email,password,error,test_case', [\n        (EMAIL[:-1], PASSWORD, \"There was a problem logging you in. Please try again.\", \"C58784\"),\n        (EMAIL, PASSWORD[:-1], \"There was a problem logging you in. Please try again.\", \"C58785\"),\n        (EMAIL.replace(\"@\", \"\"), PASSWORD, \"Please enter a valid email\", \"C58783\"),\n        (\"\", PASSWORD, \"Please enter your email\", \"C58784\"),\n        (EMAIL, \"\", \"Please enter your password\", \"C58785\")\n    ])\n    def test_3(self, driver, email, password, error, test_case):\n        current_browser = self.current_browser\n        login_obj = Login(driver)\n        driver.refresh()\n        login_obj.set_email_field(email, current_browser)\n        login_obj.set_password_field(password, current_browser)\n        with check, allure.step(f\"{test_case}: Check for error\"):\n            if \"Please enter\" in error:\n                assert login_obj.is_filed_error_message_visible()\n            else:\n>               login_obj.click_login_button()\n\nTests/test_Login.py:82: \n_ _ _ _ _ _ _ _ _ _ _ _ _ _ _ _ _ _ _ _ _ _ _ _ _ _ _ _ _ _ _ _ _ _ _ _ _ _ _ _ \nPages/LoginPage.py:31: in click_login_button\n    self.driver.find_element(*self.login_button).click()\n/opt/hostedtoolcache/Python/3.11.11/x64/lib/python3.11/site-packages/selenium/webdriver/remote/webelement.py:94: in click\n    self._execute(Command.CLICK_ELEMENT)\n/opt/hostedtoolcache/Python/3.11.11/x64/lib/python3.11/site-packages/selenium/webdriver/remote/webelement.py:395: in _execute\n    return self._parent.execute(command, params)\n/opt/hostedtoolcache/Python/3.11.11/x64/lib/python3.11/site-packages/selenium/webdriver/remote/webdriver.py:347: in execute\n    self.error_handler.check_response(response)\n_ _ _ _ _ _ _ _ _ _ _ _ _ _ _ _ _ _ _ _ _ _ _ _ _ _ _ _ _ _ _ _ _ _ _ _ _ _ _ _ \n\nself = <selenium.webdriver.remote.errorhandler.ErrorHandler object at 0x7fa1cf0971d0>\nresponse = {'status': 400, 'value': '{\"value\":{\"error\":\"element click intercepted\",\"message\":\"Element <button class=\\\\\"btn btn-md...ys.mjs:327:29\\\\nreceiveMessage@chrome://remote/content/marionette/actors/MarionetteCommandsChild.sys.mjs:207:31\\\\n\"}}'}\n\n    def check_response(self, response: Dict[str, Any]) -> None:\n        \"\"\"Checks that a JSON response from the WebDriver does not have an\n        error.\n    \n        :Args:\n         - response - The JSON response from the WebDriver server as a dictionary\n           object.\n    \n        :Raises: If the response contains an error message.\n        \"\"\"\n        status = response.get(\"status\", None)\n        if not status or status == ErrorCode.SUCCESS:\n            return\n        value = None\n        message = response.get(\"message\", \"\")\n        screen: str = response.get(\"screen\", \"\")\n        stacktrace = None\n        if isinstance(status, int):\n            value_json = response.get(\"value\", None)\n            if value_json and isinstance(value_json, str):\n                import json\n    \n                try:\n                    value = json.loads(value_json)\n                    if len(value) == 1:\n                        value = value[\"value\"]\n                    status = value.get(\"error\", None)\n                    if not status:\n                        status = value.get(\"status\", ErrorCode.UNKNOWN_ERROR)\n                        message = value.get(\"value\") or value.get(\"message\")\n                        if not isinstance(message, str):\n                            value = message\n                            message = message.get(\"message\")\n                    else:\n                        message = value.get(\"message\", None)\n                except ValueError:\n                    pass\n    \n        exception_class: Type[WebDriverException]\n        e = ErrorCode()\n        error_codes = [item for item in dir(e) if not item.startswith(\"__\")]\n        for error_code in error_codes:\n            error_info = getattr(ErrorCode, error_code)\n            if isinstance(error_info, list) and status in error_info:\n                exception_class = getattr(ExceptionMapping, error_code, WebDriverException)\n                break\n        else:\n            exception_class = WebDriverException\n    \n        if not value:\n            value = response[\"value\"]\n        if isinstance(value, str):\n            raise exception_class(value)\n        if message == \"\" and \"message\" in value:\n            message = value[\"message\"]\n    \n        screen = None  # type: ignore[assignment]\n        if \"screen\" in value:\n            screen = value[\"screen\"]\n    \n        stacktrace = None\n        st_value = value.get(\"stackTrace\") or value.get(\"stacktrace\")\n        if st_value:\n            if isinstance(st_value, str):\n                stacktrace = st_value.split(\"\\n\")\n            else:\n                stacktrace = []\n                try:\n                    for frame in st_value:\n                        line = frame.get(\"lineNumber\", \"\")\n                        file = frame.get(\"fileName\", \"<anonymous>\")\n                        if line:\n                            file = f\"{file}:{line}\"\n                        meth = frame.get(\"methodName\", \"<anonymous>\")\n                        if \"className\" in frame:\n                            meth = f\"{frame['className']}.{meth}\"\n                        msg = \"    at %s (%s)\"\n                        msg = msg % (meth, file)\n                        stacktrace.append(msg)\n                except TypeError:\n                    pass\n        if exception_class == UnexpectedAlertPresentException:\n            alert_text = None\n            if \"data\" in value:\n                alert_text = value[\"data\"].get(\"text\")\n            elif \"alert\" in value:\n                alert_text = value[\"alert\"].get(\"text\")\n            raise exception_class(message, screen, stacktrace, alert_text)  # type: ignore[call-arg]  # mypy is not smart enough here\n>       raise exception_class(message, screen, stacktrace)\nE       selenium.common.exceptions.ElementClickInterceptedException: Message: Element <button class=\"btn btn-md btn-primary disabled app-button\" type=\"submit\"> is not clickable at point (189,522) because another element <form class=\"login-form\"> obscures it\nE       Stacktrace:\nE       RemoteError@chrome://remote/content/shared/RemoteError.sys.mjs:8:8\nE       WebDriverError@chrome://remote/content/shared/webdriver/Errors.sys.mjs:193:5\nE       ElementClickInterceptedError@chrome://remote/content/shared/webdriver/Errors.sys.mjs:337:5\nE       webdriverClickElement@chrome://remote/content/marionette/interaction.sys.mjs:177:11\nE       interaction.clickElement@chrome://remote/content/marionette/interaction.sys.mjs:136:11\nE       clickElement@chrome://remote/content/marionette/actors/MarionetteCommandsChild.sys.mjs:327:29\nE       receiveMessage@chrome://remote/content/marionette/actors/MarionetteCommandsChild.sys.mjs:207:31\n\n/opt/hostedtoolcache/Python/3.11.11/x64/lib/python3.11/site-packages/selenium/webdriver/remote/errorhandler.py:229: ElementClickInterceptedException","flaky":false,"newFailed":false,"newBroken":true,"newPassed":false,"retriesCount":3,"retriesStatusChange":false,"beforeStages":[{"name":"_session_faker","time":{"start":1734076361763,"stop":1734076361830,"duration":67},"status":"passed","steps":[],"attachments":[],"parameters":[],"shouldDisplayMessage":false,"stepsCount":0,"attachmentsCount":0,"hasContent":false,"attachmentStep":false},{"name":"driver","time":{"start":1734076723651,"stop":1734076725431,"duration":1780},"status":"passed","steps":[],"attachments":[],"parameters":[],"shouldDisplayMessage":false,"stepsCount":0,"attachmentsCount":0,"hasContent":false,"attachmentStep":false}],"testStage":{"status":"broken","statusMessage":"selenium.common.exceptions.ElementClickInterceptedException: Message: Element <button class=\"btn btn-md btn-primary disabled app-button\" type=\"submit\"> is not clickable at point (189,522) because another element <form class=\"login-form\"> obscures it\nStacktrace:\nRemoteError@chrome://remote/content/shared/RemoteError.sys.mjs:8:8\nWebDriverError@chrome://remote/content/shared/webdriver/Errors.sys.mjs:193:5\nElementClickInterceptedError@chrome://remote/content/shared/webdriver/Errors.sys.mjs:337:5\nwebdriverClickElement@chrome://remote/content/marionette/interaction.sys.mjs:177:11\ninteraction.clickElement@chrome://remote/content/marionette/interaction.sys.mjs:136:11\nclickElement@chrome://remote/content/marionette/actors/MarionetteCommandsChild.sys.mjs:327:29\nreceiveMessage@chrome://remote/content/marionette/actors/MarionetteCommandsChild.sys.mjs:207:31","statusTrace":"self = <Tests.test_Login.TestLogin object at 0x7fa1ced0fa90>\ndriver = <selenium.webdriver.firefox.webdriver.WebDriver (session=\"a5426876-fd15-4636-8c75-4ae97a6858be\")>\nemail = 'simeon.hhl.qa@gmail.co', password = 'Test#1234'\nerror = 'There was a problem logging you in. Please try again.'\ntest_case = 'C58784'\n\n    @severity(severity_level.NORMAL)\n    @allure.feature('Login')\n    @allure.title(\"Unsuccessfully login with email: {email} and password: {password}\")\n    @allure.issue(\"QP-382\", \"Story QP-382\")\n    @allure.issue(\"QP-356\", \"Epic QP-356\")\n    @allure.testcase(\"58783\", \"C58783\")\n    @allure.testcase(\"58784\", \"C58784\")\n    @allure.testcase(\"58785\", \"C58785\")\n    @allure.testcase(\"58785\", \"C58786\")\n    @pytest.mark.dependency(depends=[\"test_1\"])\n    @pytest.mark.parametrize('email,password,error,test_case', [\n        (EMAIL[:-1], PASSWORD, \"There was a problem logging you in. Please try again.\", \"C58784\"),\n        (EMAIL, PASSWORD[:-1], \"There was a problem logging you in. Please try again.\", \"C58785\"),\n        (EMAIL.replace(\"@\", \"\"), PASSWORD, \"Please enter a valid email\", \"C58783\"),\n        (\"\", PASSWORD, \"Please enter your email\", \"C58784\"),\n        (EMAIL, \"\", \"Please enter your password\", \"C58785\")\n    ])\n    def test_3(self, driver, email, password, error, test_case):\n        current_browser = self.current_browser\n        login_obj = Login(driver)\n        driver.refresh()\n        login_obj.set_email_field(email, current_browser)\n        login_obj.set_password_field(password, current_browser)\n        with check, allure.step(f\"{test_case}: Check for error\"):\n            if \"Please enter\" in error:\n                assert login_obj.is_filed_error_message_visible()\n            else:\n>               login_obj.click_login_button()\n\nTests/test_Login.py:82: \n_ _ _ _ _ _ _ _ _ _ _ _ _ _ _ _ _ _ _ _ _ _ _ _ _ _ _ _ _ _ _ _ _ _ _ _ _ _ _ _ \nPages/LoginPage.py:31: in click_login_button\n    self.driver.find_element(*self.login_button).click()\n/opt/hostedtoolcache/Python/3.11.11/x64/lib/python3.11/site-packages/selenium/webdriver/remote/webelement.py:94: in click\n    self._execute(Command.CLICK_ELEMENT)\n/opt/hostedtoolcache/Python/3.11.11/x64/lib/python3.11/site-packages/selenium/webdriver/remote/webelement.py:395: in _execute\n    return self._parent.execute(command, params)\n/opt/hostedtoolcache/Python/3.11.11/x64/lib/python3.11/site-packages/selenium/webdriver/remote/webdriver.py:347: in execute\n    self.error_handler.check_response(response)\n_ _ _ _ _ _ _ _ _ _ _ _ _ _ _ _ _ _ _ _ _ _ _ _ _ _ _ _ _ _ _ _ _ _ _ _ _ _ _ _ \n\nself = <selenium.webdriver.remote.errorhandler.ErrorHandler object at 0x7fa1cf0971d0>\nresponse = {'status': 400, 'value': '{\"value\":{\"error\":\"element click intercepted\",\"message\":\"Element <button class=\\\\\"btn btn-md...ys.mjs:327:29\\\\nreceiveMessage@chrome://remote/content/marionette/actors/MarionetteCommandsChild.sys.mjs:207:31\\\\n\"}}'}\n\n    def check_response(self, response: Dict[str, Any]) -> None:\n        \"\"\"Checks that a JSON response from the WebDriver does not have an\n        error.\n    \n        :Args:\n         - response - The JSON response from the WebDriver server as a dictionary\n           object.\n    \n        :Raises: If the response contains an error message.\n        \"\"\"\n        status = response.get(\"status\", None)\n        if not status or status == ErrorCode.SUCCESS:\n            return\n        value = None\n        message = response.get(\"message\", \"\")\n        screen: str = response.get(\"screen\", \"\")\n        stacktrace = None\n        if isinstance(status, int):\n            value_json = response.get(\"value\", None)\n            if value_json and isinstance(value_json, str):\n                import json\n    \n                try:\n                    value = json.loads(value_json)\n                    if len(value) == 1:\n                        value = value[\"value\"]\n                    status = value.get(\"error\", None)\n                    if not status:\n                        status = value.get(\"status\", ErrorCode.UNKNOWN_ERROR)\n                        message = value.get(\"value\") or value.get(\"message\")\n                        if not isinstance(message, str):\n                            value = message\n                            message = message.get(\"message\")\n                    else:\n                        message = value.get(\"message\", None)\n                except ValueError:\n                    pass\n    \n        exception_class: Type[WebDriverException]\n        e = ErrorCode()\n        error_codes = [item for item in dir(e) if not item.startswith(\"__\")]\n        for error_code in error_codes:\n            error_info = getattr(ErrorCode, error_code)\n            if isinstance(error_info, list) and status in error_info:\n                exception_class = getattr(ExceptionMapping, error_code, WebDriverException)\n                break\n        else:\n            exception_class = WebDriverException\n    \n        if not value:\n            value = response[\"value\"]\n        if isinstance(value, str):\n            raise exception_class(value)\n        if message == \"\" and \"message\" in value:\n            message = value[\"message\"]\n    \n        screen = None  # type: ignore[assignment]\n        if \"screen\" in value:\n            screen = value[\"screen\"]\n    \n        stacktrace = None\n        st_value = value.get(\"stackTrace\") or value.get(\"stacktrace\")\n        if st_value:\n            if isinstance(st_value, str):\n                stacktrace = st_value.split(\"\\n\")\n            else:\n                stacktrace = []\n                try:\n                    for frame in st_value:\n                        line = frame.get(\"lineNumber\", \"\")\n                        file = frame.get(\"fileName\", \"<anonymous>\")\n                        if line:\n                            file = f\"{file}:{line}\"\n                        meth = frame.get(\"methodName\", \"<anonymous>\")\n                        if \"className\" in frame:\n                            meth = f\"{frame['className']}.{meth}\"\n                        msg = \"    at %s (%s)\"\n                        msg = msg % (meth, file)\n                        stacktrace.append(msg)\n                except TypeError:\n                    pass\n        if exception_class == UnexpectedAlertPresentException:\n            alert_text = None\n            if \"data\" in value:\n                alert_text = value[\"data\"].get(\"text\")\n            elif \"alert\" in value:\n                alert_text = value[\"alert\"].get(\"text\")\n            raise exception_class(message, screen, stacktrace, alert_text)  # type: ignore[call-arg]  # mypy is not smart enough here\n>       raise exception_class(message, screen, stacktrace)\nE       selenium.common.exceptions.ElementClickInterceptedException: Message: Element <button class=\"btn btn-md btn-primary disabled app-button\" type=\"submit\"> is not clickable at point (189,522) because another element <form class=\"login-form\"> obscures it\nE       Stacktrace:\nE       RemoteError@chrome://remote/content/shared/RemoteError.sys.mjs:8:8\nE       WebDriverError@chrome://remote/content/shared/webdriver/Errors.sys.mjs:193:5\nE       ElementClickInterceptedError@chrome://remote/content/shared/webdriver/Errors.sys.mjs:337:5\nE       webdriverClickElement@chrome://remote/content/marionette/interaction.sys.mjs:177:11\nE       interaction.clickElement@chrome://remote/content/marionette/interaction.sys.mjs:136:11\nE       clickElement@chrome://remote/content/marionette/actors/MarionetteCommandsChild.sys.mjs:327:29\nE       receiveMessage@chrome://remote/content/marionette/actors/MarionetteCommandsChild.sys.mjs:207:31\n\n/opt/hostedtoolcache/Python/3.11.11/x64/lib/python3.11/site-packages/selenium/webdriver/remote/errorhandler.py:229: ElementClickInterceptedException","steps":[{"name":"C58784: Check for error","time":{"start":1734076750760,"stop":1734076750766,"duration":6},"status":"broken","statusMessage":"selenium.common.exceptions.ElementClickInterceptedException: Message: Element <button class=\"btn btn-md btn-primary disabled app-button\" type=\"submit\"> is not clickable at point (189,522) because another element <form class=\"login-form\"> obscures it\nStacktrace:\nRemoteError@chrome://remote/content/shared/RemoteError.sys.mjs:8:8\nWebDriverError@chrome://remote/content/shared/webdriver/Errors.sys.mjs:193:5\nElementClickInterceptedError@chrome://remote/content/shared/webdriver/Errors.sys.mjs:337:5\nwebdriverClickElement@chrome://remote/content/marionette/interaction.sys.mjs:177:11\ninteraction.clickElement@chrome://remote/content/marionette/interaction.sys.mjs:136:11\nclickElement@chrome://remote/content/marionette/actors/MarionetteCommandsChild.sys.mjs:327:29\nreceiveMessage@chrome://remote/content/marionette/actors/MarionetteCommandsChild.sys.mjs:207:31\n\n","statusTrace":"  File \"/home/runner/work/QUBA_WEB/QUBA_WEB/Tests/test_Login.py\", line 82, in test_3\n    login_obj.click_login_button()\n  File \"/home/runner/work/QUBA_WEB/QUBA_WEB/Pages/LoginPage.py\", line 31, in click_login_button\n    self.driver.find_element(*self.login_button).click()\n  File \"/opt/hostedtoolcache/Python/3.11.11/x64/lib/python3.11/site-packages/selenium/webdriver/remote/webelement.py\", line 94, in click\n    self._execute(Command.CLICK_ELEMENT)\n  File \"/opt/hostedtoolcache/Python/3.11.11/x64/lib/python3.11/site-packages/selenium/webdriver/remote/webelement.py\", line 395, in _execute\n    return self._parent.execute(command, params)\n           ^^^^^^^^^^^^^^^^^^^^^^^^^^^^^^^^^^^^^\n  File \"/opt/hostedtoolcache/Python/3.11.11/x64/lib/python3.11/site-packages/selenium/webdriver/remote/webdriver.py\", line 347, in execute\n    self.error_handler.check_response(response)\n  File \"/opt/hostedtoolcache/Python/3.11.11/x64/lib/python3.11/site-packages/selenium/webdriver/remote/errorhandler.py\", line 229, in check_response\n    raise exception_class(message, screen, stacktrace)\n","steps":[],"attachments":[],"parameters":[],"shouldDisplayMessage":true,"stepsCount":0,"attachmentsCount":0,"hasContent":true,"attachmentStep":false}],"attachments":[],"parameters":[],"shouldDisplayMessage":true,"stepsCount":1,"attachmentsCount":0,"hasContent":true,"attachmentStep":false},"afterStages":[{"name":"driver::0","time":{"start":1734077012068,"stop":1734077012244,"duration":176},"status":"passed","steps":[],"attachments":[],"parameters":[],"shouldDisplayMessage":false,"stepsCount":0,"attachmentsCount":0,"hasContent":false,"attachmentStep":false}],"labels":[{"name":"severity","value":"normal"},{"name":"feature","value":"Login"},{"name":"tag","value":"dependency(depends=['test_1'])"},{"name":"tag","value":"flaky(reruns=3, reruns_delay=1)"},{"name":"parentSuite","value":"Tests"},{"name":"suite","value":"test_Login"},{"name":"subSuite","value":"TestLogin"},{"name":"host","value":"fv-az1913-369"},{"name":"thread","value":"1941-MainThread"},{"name":"framework","value":"pytest"},{"name":"language","value":"cpython3"},{"name":"package","value":"Tests.test_Login"},{"name":"resultFormat","value":"allure2"}],"parameters":[{"name":"driver","value":"'firefox'"},{"name":"email","value":"'simeon.hhl.qa@gmail.co'"},{"name":"error","value":"'There was a problem logging you in. Please try again.'"},{"name":"password","value":"'Test#1234'"},{"name":"test_case","value":"'C58784'"}],"links":[{"name":"C58786","url":"https://hedgehoglabqa.testrail.io/index.php?/cases/view/58785","type":"tms"},{"name":"C58785","url":"https://hedgehoglabqa.testrail.io/index.php?/cases/view/58785","type":"tms"},{"name":"C58784","url":"https://hedgehoglabqa.testrail.io/index.php?/cases/view/58784","type":"tms"},{"name":"C58783","url":"https://hedgehoglabqa.testrail.io/index.php?/cases/view/58783","type":"tms"},{"name":"Epic QP-356","url":"https://hedgehog-lab.atlassian.net/browse/QP-356","type":"issue"},{"name":"Story QP-382","url":"https://hedgehog-lab.atlassian.net/browse/QP-382","type":"issue"}],"hidden":false,"retry":false,"extra":{"severity":"normal","retries":[{"uid":"9b95bc0ac1fbcd0c","status":"broken","statusDetails":"selenium.common.exceptions.ElementClickInterceptedException: Message: Element <button class=\"btn btn-md btn-primary disabled app-button\" type=\"submit\"> is not clickable at point (189,493) because another element <form class=\"login-form\"> obscures it\nStacktrace:\nRemoteError@chrome://remote/content/shared/RemoteError.sys.mjs:8:8\nWebDriverError@chrome://remote/content/shared/webdriver/Errors.sys.mjs:193:5\nElementClickInterceptedError@chrome://remote/content/shared/webdriver/Errors.sys.mjs:337:5\nwebdriverClickElement@chrome://remote/content/marionette/interaction.sys.mjs:177:11\ninteraction.clickElement@chrome://remote/content/marionette/interaction.sys.mjs:136:11\nclickElement@chrome://remote/content/marionette/actors/MarionetteCommandsChild.sys.mjs:327:29\nreceiveMessage@chrome://remote/content/marionette/actors/MarionetteCommandsChild.sys.mjs:207:31","time":{"start":1734076742879,"stop":1734076746322,"duration":3443}},{"uid":"ec103e4e2983a1f6","status":"broken","statusDetails":"selenium.common.exceptions.ElementClickInterceptedException: Message: Element <button class=\"btn btn-md btn-primary disabled app-button\" type=\"submit\"> is not clickable at point (189,522) because another element <form class=\"login-form\"> obscures it\nStacktrace:\nRemoteError@chrome://remote/content/shared/RemoteError.sys.mjs:8:8\nWebDriverError@chrome://remote/content/shared/webdriver/Errors.sys.mjs:193:5\nElementClickInterceptedError@chrome://remote/content/shared/webdriver/Errors.sys.mjs:337:5\nwebdriverClickElement@chrome://remote/content/marionette/interaction.sys.mjs:177:11\ninteraction.clickElement@chrome://remote/content/marionette/interaction.sys.mjs:136:11\nclickElement@chrome://remote/content/marionette/actors/MarionetteCommandsChild.sys.mjs:327:29\nreceiveMessage@chrome://remote/content/marionette/actors/MarionetteCommandsChild.sys.mjs:207:31","time":{"start":1734076738238,"stop":1734076741853,"duration":3615}},{"uid":"4d1fd332f6024df2","status":"broken","statusDetails":"selenium.common.exceptions.ElementClickInterceptedException: Message: Element <button class=\"btn btn-md btn-primary disabled app-button\" type=\"submit\"> is not clickable at point (189,522) because another element <form class=\"login-form\"> obscures it\nStacktrace:\nRemoteError@chrome://remote/content/shared/RemoteError.sys.mjs:8:8\nWebDriverError@chrome://remote/content/shared/webdriver/Errors.sys.mjs:193:5\nElementClickInterceptedError@chrome://remote/content/shared/webdriver/Errors.sys.mjs:337:5\nwebdriverClickElement@chrome://remote/content/marionette/interaction.sys.mjs:177:11\ninteraction.clickElement@chrome://remote/content/marionette/interaction.sys.mjs:136:11\nclickElement@chrome://remote/content/marionette/actors/MarionetteCommandsChild.sys.mjs:327:29\nreceiveMessage@chrome://remote/content/marionette/actors/MarionetteCommandsChild.sys.mjs:207:31","time":{"start":1734076733659,"stop":1734076737181,"duration":3522}}],"categories":[{"name":"Test defects","matchedStatuses":[],"flaky":false}],"history":{"statistic":{"failed":0,"broken":1,"skipped":0,"passed":1,"unknown":0,"total":2},"items":[{"uid":"8d3b1054b49dd531","reportUrl":"https://Simeon-Zografov.github.io/QUBA_WEB/154//#testresult/8d3b1054b49dd531","status":"passed","time":{"start":1734073529537,"stop":1734073534162,"duration":4625}}]},"tags":["flaky(reruns=3, reruns_delay=1)","dependency(depends=['test_1'])"]},"source":"20559bf56618353c.json","parameterValues":["'firefox'","'simeon.hhl.qa@gmail.co'","'There was a problem logging you in. Please try again.'","'Test#1234'","'C58784'"]}