{"uid":"2266e164e88b6c7e","name":"Unsuccessfully login with email: simeon.hhl.qagmail.com and password: Test#1234","fullName":"Tests.test_Login.TestLogin#test_2","historyId":"478264b44b6746f631bd534b4749547d","time":{"start":1731814590041,"stop":1731814600509,"duration":10468},"status":"broken","statusMessage":"selenium.common.exceptions.NoSuchElementException: Message: no such element: Unable to locate element: {\"method\":\"css selector\",\"selector\":\"[id=\"email\"]\"}\n  (Session info: chrome=131.0.6778.69); For documentation on this error, please visit: https://www.selenium.dev/documentation/webdriver/troubleshooting/errors#no-such-element-exception\nStacktrace:\n#0 0x55c25d1154ca <unknown>\n#1 0x55c25cc28620 <unknown>\n#2 0x55c25cc77306 <unknown>\n#3 0x55c25cc775a1 <unknown>\n#4 0x55c25ccbca04 <unknown>\n#5 0x55c25cc9b39d <unknown>\n#6 0x55c25ccb9de0 <unknown>\n#7 0x55c25cc9b113 <unknown>\n#8 0x55c25cc69be0 <unknown>\n#9 0x55c25cc6abbe <unknown>\n#10 0x55c25d0e1e4b <unknown>\n#11 0x55c25d0e5de2 <unknown>\n#12 0x55c25d0ced2c <unknown>\n#13 0x55c25d0e6957 <unknown>\n#14 0x55c25d0b44bf <unknown>\n#15 0x55c25d104348 <unknown>\n#16 0x55c25d104510 <unknown>\n#17 0x55c25d114346 <unknown>\n#18 0x7f7752a94ac3 <unknown>","statusTrace":"self = <Tests.test_Login.TestLogin object at 0x7fe592cdc750>\ndriver = <selenium.webdriver.chrome.webdriver.WebDriver (session=\"1f85af66577d9addd19bf0f39b5c941b\")>\nemail = 'simeon.hhl.qagmail.com', password = 'Test#1234'\nerror = 'Please enter a valid email'\n\n    @severity(severity_level.NORMAL)\n    @allure.feature('Login')\n    @allure.title(\"Unsuccessfully login with email: {email} and password: {password}\")\n    @pytest.mark.parametrize('email,password,error', [\n        (BaseClass.email[:-1], BaseClass.password, \"There was a problem logging you in. Please try again.\"),\n        (BaseClass.email, BaseClass.password[:-1], \"There was a problem logging you in. Please try again.\"),\n        (BaseClass.email.replace(\"@\", \"\"), BaseClass.password, \"Please enter a valid email\"),\n        (\"\", BaseClass.password, \"Please enter your email\"),\n        (BaseClass.email, \"\", \"Please enter your password\")\n    ])\n    def test_2(self, driver, email, password, error):\n        current_browser = TestLogin.current_browser\n        login_obj = Login(driver)\n        driver.refresh()\n>       login_obj.set_email_field(email, current_browser)\n\nTests/test_Login.py:45: \n_ _ _ _ _ _ _ _ _ _ _ _ _ _ _ _ _ _ _ _ _ _ _ _ _ _ _ _ _ _ _ _ _ _ _ _ _ _ _ _ \nPages/LoginPage.py:27: in set_email_field\n    self.driver.find_element(*self.email_field).click()\n/opt/hostedtoolcache/Python/3.11.10/x64/lib/python3.11/site-packages/selenium/webdriver/remote/webdriver.py:741: in find_element\n    return self.execute(Command.FIND_ELEMENT, {\"using\": by, \"value\": value})[\"value\"]\n/opt/hostedtoolcache/Python/3.11.10/x64/lib/python3.11/site-packages/selenium/webdriver/remote/webdriver.py:347: in execute\n    self.error_handler.check_response(response)\n_ _ _ _ _ _ _ _ _ _ _ _ _ _ _ _ _ _ _ _ _ _ _ _ _ _ _ _ _ _ _ _ _ _ _ _ _ _ _ _ \n\nself = <selenium.webdriver.remote.errorhandler.ErrorHandler object at 0x7fe591aafc90>\nresponse = {'status': 404, 'value': '{\"value\":{\"error\":\"no such element\",\"message\":\"no such element: Unable to locate element: {\\...\\\\n#16 0x55c25d104510 \\\\u003Cunknown>\\\\n#17 0x55c25d114346 \\\\u003Cunknown>\\\\n#18 0x7f7752a94ac3 \\\\u003Cunknown>\\\\n\"}}'}\n\n    def check_response(self, response: Dict[str, Any]) -> None:\n        \"\"\"Checks that a JSON response from the WebDriver does not have an\n        error.\n    \n        :Args:\n         - response - The JSON response from the WebDriver server as a dictionary\n           object.\n    \n        :Raises: If the response contains an error message.\n        \"\"\"\n        status = response.get(\"status\", None)\n        if not status or status == ErrorCode.SUCCESS:\n            return\n        value = None\n        message = response.get(\"message\", \"\")\n        screen: str = response.get(\"screen\", \"\")\n        stacktrace = None\n        if isinstance(status, int):\n            value_json = response.get(\"value\", None)\n            if value_json and isinstance(value_json, str):\n                import json\n    \n                try:\n                    value = json.loads(value_json)\n                    if len(value) == 1:\n                        value = value[\"value\"]\n                    status = value.get(\"error\", None)\n                    if not status:\n                        status = value.get(\"status\", ErrorCode.UNKNOWN_ERROR)\n                        message = value.get(\"value\") or value.get(\"message\")\n                        if not isinstance(message, str):\n                            value = message\n                            message = message.get(\"message\")\n                    else:\n                        message = value.get(\"message\", None)\n                except ValueError:\n                    pass\n    \n        exception_class: Type[WebDriverException]\n        e = ErrorCode()\n        error_codes = [item for item in dir(e) if not item.startswith(\"__\")]\n        for error_code in error_codes:\n            error_info = getattr(ErrorCode, error_code)\n            if isinstance(error_info, list) and status in error_info:\n                exception_class = getattr(ExceptionMapping, error_code, WebDriverException)\n                break\n        else:\n            exception_class = WebDriverException\n    \n        if not value:\n            value = response[\"value\"]\n        if isinstance(value, str):\n            raise exception_class(value)\n        if message == \"\" and \"message\" in value:\n            message = value[\"message\"]\n    \n        screen = None  # type: ignore[assignment]\n        if \"screen\" in value:\n            screen = value[\"screen\"]\n    \n        stacktrace = None\n        st_value = value.get(\"stackTrace\") or value.get(\"stacktrace\")\n        if st_value:\n            if isinstance(st_value, str):\n                stacktrace = st_value.split(\"\\n\")\n            else:\n                stacktrace = []\n                try:\n                    for frame in st_value:\n                        line = frame.get(\"lineNumber\", \"\")\n                        file = frame.get(\"fileName\", \"<anonymous>\")\n                        if line:\n                            file = f\"{file}:{line}\"\n                        meth = frame.get(\"methodName\", \"<anonymous>\")\n                        if \"className\" in frame:\n                            meth = f\"{frame['className']}.{meth}\"\n                        msg = \"    at %s (%s)\"\n                        msg = msg % (meth, file)\n                        stacktrace.append(msg)\n                except TypeError:\n                    pass\n        if exception_class == UnexpectedAlertPresentException:\n            alert_text = None\n            if \"data\" in value:\n                alert_text = value[\"data\"].get(\"text\")\n            elif \"alert\" in value:\n                alert_text = value[\"alert\"].get(\"text\")\n            raise exception_class(message, screen, stacktrace, alert_text)  # type: ignore[call-arg]  # mypy is not smart enough here\n>       raise exception_class(message, screen, stacktrace)\nE       selenium.common.exceptions.NoSuchElementException: Message: no such element: Unable to locate element: {\"method\":\"css selector\",\"selector\":\"[id=\"email\"]\"}\nE         (Session info: chrome=131.0.6778.69); For documentation on this error, please visit: https://www.selenium.dev/documentation/webdriver/troubleshooting/errors#no-such-element-exception\nE       Stacktrace:\nE       #0 0x55c25d1154ca <unknown>\nE       #1 0x55c25cc28620 <unknown>\nE       #2 0x55c25cc77306 <unknown>\nE       #3 0x55c25cc775a1 <unknown>\nE       #4 0x55c25ccbca04 <unknown>\nE       #5 0x55c25cc9b39d <unknown>\nE       #6 0x55c25ccb9de0 <unknown>\nE       #7 0x55c25cc9b113 <unknown>\nE       #8 0x55c25cc69be0 <unknown>\nE       #9 0x55c25cc6abbe <unknown>\nE       #10 0x55c25d0e1e4b <unknown>\nE       #11 0x55c25d0e5de2 <unknown>\nE       #12 0x55c25d0ced2c <unknown>\nE       #13 0x55c25d0e6957 <unknown>\nE       #14 0x55c25d0b44bf <unknown>\nE       #15 0x55c25d104348 <unknown>\nE       #16 0x55c25d104510 <unknown>\nE       #17 0x55c25d114346 <unknown>\nE       #18 0x7f7752a94ac3 <unknown>\n\n/opt/hostedtoolcache/Python/3.11.10/x64/lib/python3.11/site-packages/selenium/webdriver/remote/errorhandler.py:229: NoSuchElementException","flaky":false,"newFailed":false,"newBroken":false,"newPassed":false,"retriesCount":0,"retriesStatusChange":false,"beforeStages":[{"name":"_session_faker","time":{"start":1731814236394,"stop":1731814236449,"duration":55},"status":"passed","steps":[],"attachments":[],"parameters":[],"stepsCount":0,"shouldDisplayMessage":false,"attachmentsCount":0,"hasContent":false,"attachmentStep":false},{"name":"driver","time":{"start":1731814483710,"stop":1731814483975,"duration":265},"status":"passed","steps":[],"attachments":[],"parameters":[],"stepsCount":0,"shouldDisplayMessage":false,"attachmentsCount":0,"hasContent":false,"attachmentStep":false},{"name":"setup","time":{"start":1731814590041,"stop":1731814590041,"duration":0},"status":"passed","steps":[],"attachments":[],"parameters":[],"stepsCount":0,"shouldDisplayMessage":false,"attachmentsCount":0,"hasContent":false,"attachmentStep":false}],"afterStages":[{"name":"driver::0","time":{"start":1731814715509,"stop":1731814715595,"duration":86},"status":"passed","steps":[],"attachments":[],"parameters":[],"stepsCount":0,"shouldDisplayMessage":false,"attachmentsCount":0,"hasContent":false,"attachmentStep":false}],"labels":[{"name":"feature","value":"Login"},{"name":"severity","value":"normal"},{"name":"tag","value":"flaky(reruns=3, reruns_delay=0.5, rerun_except='assert')"},{"name":"parentSuite","value":"Tests"},{"name":"suite","value":"test_Login"},{"name":"subSuite","value":"TestLogin"},{"name":"host","value":"fv-az700-143"},{"name":"thread","value":"1797-MainThread"},{"name":"framework","value":"pytest"},{"name":"language","value":"cpython3"},{"name":"package","value":"Tests.test_Login"},{"name":"resultFormat","value":"allure2"}],"parameters":[{"name":"driver","value":"'chrome'"},{"name":"email","value":"'simeon.hhl.qagmail.com'"},{"name":"error","value":"'Please enter a valid email'"},{"name":"password","value":"'Test#1234'"}],"links":[],"hidden":true,"retry":true,"extra":{"categories":[],"tags":["flaky(reruns=3, reruns_delay=0.5, rerun_except='assert')"]},"source":"2266e164e88b6c7e.json","parameterValues":["'chrome'","'simeon.hhl.qagmail.com'","'Please enter a valid email'","'Test#1234'"]}