{"uid":"36a69cf1262c534e","name":"Check Download section image","fullName":"Tests.test_HomePage.TestHomePage#test_9","historyId":"18840b97bfcf683a56069450a6ee9ac1","time":{"start":1732012824738,"stop":1732012824745,"duration":7},"status":"broken","statusMessage":"TypeError: 'NoneType' object is not subscriptable","statusTrace":"self = <Tests.test_HomePage.TestHomePage object at 0x7f3679da8d10>\ndriver = <selenium.webdriver.firefox.webdriver.WebDriver (session=\"8ccdc156-1774-454e-bd7d-05dfb018d09f\")>\n\n    @severity(severity_level.NORMAL)\n    @allure.feature('Home page')\n    @allure.title(\"Check Download section image\")\n    @allure.issue(\"QP-269\", \"Story QP-269\")\n    @allure.issue(\"QP-356\", \"Epic QP-356\")\n    @allure.testcase(\"58340\", \"C58340\")\n    def test_9(self, driver):\n        home_page_obj = HomePage(driver)\n        with check, allure.step(\"C58340: Check section image\"):\n>           assert home_page_obj.get_download_image() == self.home_page_content[\"download_image\"]\nE           TypeError: 'NoneType' object is not subscriptable\n\nTests/test_HomePage.py:167: TypeError","flaky":false,"newFailed":false,"newBroken":true,"newPassed":false,"retriesCount":3,"retriesStatusChange":false,"beforeStages":[{"name":"_session_faker","time":{"start":1732012584098,"stop":1732012584156,"duration":58},"status":"passed","steps":[],"attachments":[],"parameters":[],"stepsCount":0,"shouldDisplayMessage":false,"attachmentsCount":0,"hasContent":false,"attachmentStep":false},{"name":"_xunit_setup_class_fixture_TestHomePage","time":{"start":1732012794258,"stop":1732012798768,"duration":4510},"status":"passed","steps":[],"attachments":[],"parameters":[],"stepsCount":0,"shouldDisplayMessage":false,"attachmentsCount":0,"hasContent":false,"attachmentStep":false},{"name":"driver","time":{"start":1732012798769,"stop":1732012800659,"duration":1890},"status":"passed","steps":[],"attachments":[],"parameters":[],"stepsCount":0,"shouldDisplayMessage":false,"attachmentsCount":0,"hasContent":false,"attachmentStep":false},{"name":"setup","time":{"start":1732012824738,"stop":1732012824738,"duration":0},"status":"passed","steps":[],"attachments":[],"parameters":[],"stepsCount":0,"shouldDisplayMessage":false,"attachmentsCount":0,"hasContent":false,"attachmentStep":false}],"testStage":{"status":"broken","statusMessage":"TypeError: 'NoneType' object is not subscriptable","statusTrace":"self = <Tests.test_HomePage.TestHomePage object at 0x7f3679da8d10>\ndriver = <selenium.webdriver.firefox.webdriver.WebDriver (session=\"8ccdc156-1774-454e-bd7d-05dfb018d09f\")>\n\n    @severity(severity_level.NORMAL)\n    @allure.feature('Home page')\n    @allure.title(\"Check Download section image\")\n    @allure.issue(\"QP-269\", \"Story QP-269\")\n    @allure.issue(\"QP-356\", \"Epic QP-356\")\n    @allure.testcase(\"58340\", \"C58340\")\n    def test_9(self, driver):\n        home_page_obj = HomePage(driver)\n        with check, allure.step(\"C58340: Check section image\"):\n>           assert home_page_obj.get_download_image() == self.home_page_content[\"download_image\"]\nE           TypeError: 'NoneType' object is not subscriptable\n\nTests/test_HomePage.py:167: TypeError","steps":[{"name":"C58340: Check section image","time":{"start":1732012824738,"stop":1732012824744,"duration":6},"status":"broken","statusMessage":"TypeError: 'NoneType' object is not subscriptable\n","statusTrace":"  File \"/home/runner/work/QUBA_WEB/QUBA_WEB/Tests/test_HomePage.py\", line 167, in test_9\n    assert home_page_obj.get_download_image() == self.home_page_content[\"download_image\"]\n","steps":[],"attachments":[],"parameters":[],"stepsCount":0,"shouldDisplayMessage":true,"attachmentsCount":0,"hasContent":true,"attachmentStep":false}],"attachments":[],"parameters":[],"stepsCount":1,"shouldDisplayMessage":true,"attachmentsCount":0,"hasContent":true,"attachmentStep":false},"afterStages":[{"name":"driver::0","time":{"start":1732012914326,"stop":1732012915082,"duration":756},"status":"passed","steps":[],"attachments":[],"parameters":[],"stepsCount":0,"shouldDisplayMessage":false,"attachmentsCount":0,"hasContent":false,"attachmentStep":false},{"name":"_xunit_setup_class_fixture_TestHomePage::0","time":{"start":1732012915082,"stop":1732012915082,"duration":0},"status":"passed","steps":[],"attachments":[],"parameters":[],"stepsCount":0,"shouldDisplayMessage":false,"attachmentsCount":0,"hasContent":false,"attachmentStep":false}],"labels":[{"name":"severity","value":"normal"},{"name":"feature","value":"Home page"},{"name":"tag","value":"flaky(reruns=3, reruns_delay=1)"},{"name":"parentSuite","value":"Tests"},{"name":"suite","value":"test_HomePage"},{"name":"subSuite","value":"TestHomePage"},{"name":"host","value":"fv-az849-188"},{"name":"thread","value":"1780-MainThread"},{"name":"framework","value":"pytest"},{"name":"language","value":"cpython3"},{"name":"package","value":"Tests.test_HomePage"},{"name":"resultFormat","value":"allure2"}],"parameters":[{"name":"driver","value":"'firefox'"}],"links":[{"name":"C58340","url":"https://hedgehoglabqa.testrail.io/index.php?/cases/view/58340","type":"tms"},{"name":"Epic QP-356","url":"https://hedgehog-lab.atlassian.net/browse/QP-356","type":"issue"},{"name":"Story QP-269","url":"https://hedgehog-lab.atlassian.net/browse/QP-269","type":"issue"}],"hidden":false,"retry":false,"extra":{"severity":"normal","retries":[{"uid":"b63e863f0dfc82ea","status":"broken","statusDetails":"TypeError: 'NoneType' object is not subscriptable","time":{"start":1732012823720,"stop":1732012823726,"duration":6}},{"uid":"a828854fc6001c3b","status":"broken","statusDetails":"TypeError: 'NoneType' object is not subscriptable","time":{"start":1732012822700,"stop":1732012822708,"duration":8}},{"uid":"3163c81f4ae6d876","status":"broken","statusDetails":"TypeError: 'NoneType' object is not subscriptable","time":{"start":1732012821675,"stop":1732012821682,"duration":7}}],"categories":[{"name":"Test defects","matchedStatuses":[],"flaky":false}],"history":{"statistic":{"failed":0,"broken":3,"skipped":0,"passed":7,"unknown":0,"total":10},"items":[{"uid":"78029917173a218d","status":"passed","time":{"start":1731930173925,"stop":1731930173930,"duration":5}},{"uid":"dfba766135656f0d","status":"passed","time":{"start":1731924749760,"stop":1731924749765,"duration":5}},{"uid":"d08f9f229d75ed38","status":"passed","time":{"start":1731914190795,"stop":1731914190800,"duration":5}},{"uid":"d08a9af728b38ad5","status":"broken","statusDetails":"selenium.common.exceptions.NoSuchElementException: Message: Unable to locate element: //section[@class='app-download']//div/img; For documentation on this error, please visit: https://www.selenium.dev/documentation/webdriver/troubleshooting/errors#no-such-element-exception\nStacktrace:\nRemoteError@chrome://remote/content/shared/RemoteError.sys.mjs:8:8\nWebDriverError@chrome://remote/content/shared/webdriver/Errors.sys.mjs:193:5\nNoSuchElementError@chrome://remote/content/shared/webdriver/Errors.sys.mjs:511:5\ndom.find/</<@chrome://remote/content/shared/DOM.sys.mjs:136:16","time":{"start":1731814740743,"stop":1731814750749,"duration":10006}},{"uid":"5b4f7ca8acd47048","status":"broken","statusDetails":"selenium.common.exceptions.NoSuchElementException: Message: Unable to locate element: //section[@class='app-download']//div/img; For documentation on this error, please visit: https://www.selenium.dev/documentation/webdriver/troubleshooting/errors#no-such-element-exception\nStacktrace:\nRemoteError@chrome://remote/content/shared/RemoteError.sys.mjs:8:8\nWebDriverError@chrome://remote/content/shared/webdriver/Errors.sys.mjs:193:5\nNoSuchElementError@chrome://remote/content/shared/webdriver/Errors.sys.mjs:511:5\ndom.find/</<@chrome://remote/content/shared/DOM.sys.mjs:136:16","time":{"start":1731684897061,"stop":1731684907066,"duration":10005}},{"uid":"9c33c7bf5d092bf8","status":"passed","time":{"start":1731570810853,"stop":1731570810858,"duration":5}},{"uid":"cf346c0e735c3c9d","status":"passed","time":{"start":1731485533267,"stop":1731485533272,"duration":5}},{"uid":"38b2d9f2f13bb97c","status":"passed","time":{"start":1731482603930,"stop":1731482603935,"duration":5}},{"uid":"97a207f0b43609ba","status":"passed","time":{"start":1731480628604,"stop":1731480628609,"duration":5}}]},"tags":["flaky(reruns=3, reruns_delay=1)"]},"source":"36a69cf1262c534e.json","parameterValues":["'firefox'"]}