{"uid":"3d7ccbae2345f9d5","name":"Successful message send","fullName":"Tests.test_ContactPage.TestContactPage#test_2","historyId":"8978dd76fe8c7d284809ed91688b663e","time":{"start":1730449662601,"stop":1730449672640,"duration":10039},"status":"broken","statusMessage":"selenium.common.exceptions.NoSuchElementException: Message: no such element: Unable to locate element: {\"method\":\"css selector\",\"selector\":\"[id=\"name\"]\"}\n  (Session info: chrome=130.0.6723.58); For documentation on this error, please visit: https://www.selenium.dev/documentation/webdriver/troubleshooting/errors#no-such-element-exception\nStacktrace:\n#0 0x55e7fee890aa <unknown>\n#1 0x55e7fe9a01a0 <unknown>\n#2 0x55e7fe9ecd06 <unknown>\n#3 0x55e7fe9ecfa1 <unknown>\n#4 0x55e7fea32344 <unknown>\n#5 0x55e7fea10dad <unknown>\n#6 0x55e7fea2f866 <unknown>\n#7 0x55e7fea10b23 <unknown>\n#8 0x55e7fe9df990 <unknown>\n#9 0x55e7fe9e096e <unknown>\n#10 0x55e7fee5516b <unknown>\n#11 0x55e7fee58f68 <unknown>\n#12 0x55e7fee4264c <unknown>\n#13 0x55e7fee59ae7 <unknown>\n#14 0x55e7fee274af <unknown>\n#15 0x55e7fee774f8 <unknown>\n#16 0x55e7fee776c0 <unknown>\n#17 0x55e7fee87f26 <unknown>\n#18 0x7f8818c94ac3 <unknown>","statusTrace":"self = <Tests.test_ContactPage.TestContactPage object at 0x7f51b95c3190>\ndriver = <selenium.webdriver.chrome.webdriver.WebDriver (session=\"8b9f887d95cb3003be23e2dd3249cd30\")>\n\n    @severity(severity_level.CRITICAL)\n    @allure.feature('Contact page')\n    @allure.title(\"Successful message send\")\n    def test_2(self, driver):\n        contact_obj = ContactPage(driver)\n        random_name = contact_obj.generate_random_name()\n        random_email = TestContactPage.current_browser + \"_\" + contact_obj.generate_random_email()\n        random_message = contact_obj.generate_random_message()\n>       contact_obj.set_name_field(random_name)\n\nTests/test_ContactPage.py:42: \n_ _ _ _ _ _ _ _ _ _ _ _ _ _ _ _ _ _ _ _ _ _ _ _ _ _ _ _ _ _ _ _ _ _ _ _ _ _ _ _ \nPages/ContactPage.py:33: in set_name_field\n    self.driver.find_element(*self.name_input_field).send_keys(name)\n/opt/hostedtoolcache/Python/3.11.10/x64/lib/python3.11/site-packages/selenium/webdriver/remote/webdriver.py:741: in find_element\n    return self.execute(Command.FIND_ELEMENT, {\"using\": by, \"value\": value})[\"value\"]\n/opt/hostedtoolcache/Python/3.11.10/x64/lib/python3.11/site-packages/selenium/webdriver/remote/webdriver.py:347: in execute\n    self.error_handler.check_response(response)\n_ _ _ _ _ _ _ _ _ _ _ _ _ _ _ _ _ _ _ _ _ _ _ _ _ _ _ _ _ _ _ _ _ _ _ _ _ _ _ _ \n\nself = <selenium.webdriver.remote.errorhandler.ErrorHandler object at 0x7f51b7dde250>\nresponse = {'status': 404, 'value': '{\"value\":{\"error\":\"no such element\",\"message\":\"no such element: Unable to locate element: {\\...\\\\n#16 0x55e7fee776c0 \\\\u003Cunknown>\\\\n#17 0x55e7fee87f26 \\\\u003Cunknown>\\\\n#18 0x7f8818c94ac3 \\\\u003Cunknown>\\\\n\"}}'}\n\n    def check_response(self, response: Dict[str, Any]) -> None:\n        \"\"\"Checks that a JSON response from the WebDriver does not have an\n        error.\n    \n        :Args:\n         - response - The JSON response from the WebDriver server as a dictionary\n           object.\n    \n        :Raises: If the response contains an error message.\n        \"\"\"\n        status = response.get(\"status\", None)\n        if not status or status == ErrorCode.SUCCESS:\n            return\n        value = None\n        message = response.get(\"message\", \"\")\n        screen: str = response.get(\"screen\", \"\")\n        stacktrace = None\n        if isinstance(status, int):\n            value_json = response.get(\"value\", None)\n            if value_json and isinstance(value_json, str):\n                import json\n    \n                try:\n                    value = json.loads(value_json)\n                    if len(value) == 1:\n                        value = value[\"value\"]\n                    status = value.get(\"error\", None)\n                    if not status:\n                        status = value.get(\"status\", ErrorCode.UNKNOWN_ERROR)\n                        message = value.get(\"value\") or value.get(\"message\")\n                        if not isinstance(message, str):\n                            value = message\n                            message = message.get(\"message\")\n                    else:\n                        message = value.get(\"message\", None)\n                except ValueError:\n                    pass\n    \n        exception_class: Type[WebDriverException]\n        e = ErrorCode()\n        error_codes = [item for item in dir(e) if not item.startswith(\"__\")]\n        for error_code in error_codes:\n            error_info = getattr(ErrorCode, error_code)\n            if isinstance(error_info, list) and status in error_info:\n                exception_class = getattr(ExceptionMapping, error_code, WebDriverException)\n                break\n        else:\n            exception_class = WebDriverException\n    \n        if not value:\n            value = response[\"value\"]\n        if isinstance(value, str):\n            raise exception_class(value)\n        if message == \"\" and \"message\" in value:\n            message = value[\"message\"]\n    \n        screen = None  # type: ignore[assignment]\n        if \"screen\" in value:\n            screen = value[\"screen\"]\n    \n        stacktrace = None\n        st_value = value.get(\"stackTrace\") or value.get(\"stacktrace\")\n        if st_value:\n            if isinstance(st_value, str):\n                stacktrace = st_value.split(\"\\n\")\n            else:\n                stacktrace = []\n                try:\n                    for frame in st_value:\n                        line = frame.get(\"lineNumber\", \"\")\n                        file = frame.get(\"fileName\", \"<anonymous>\")\n                        if line:\n                            file = f\"{file}:{line}\"\n                        meth = frame.get(\"methodName\", \"<anonymous>\")\n                        if \"className\" in frame:\n                            meth = f\"{frame['className']}.{meth}\"\n                        msg = \"    at %s (%s)\"\n                        msg = msg % (meth, file)\n                        stacktrace.append(msg)\n                except TypeError:\n                    pass\n        if exception_class == UnexpectedAlertPresentException:\n            alert_text = None\n            if \"data\" in value:\n                alert_text = value[\"data\"].get(\"text\")\n            elif \"alert\" in value:\n                alert_text = value[\"alert\"].get(\"text\")\n            raise exception_class(message, screen, stacktrace, alert_text)  # type: ignore[call-arg]  # mypy is not smart enough here\n>       raise exception_class(message, screen, stacktrace)\nE       selenium.common.exceptions.NoSuchElementException: Message: no such element: Unable to locate element: {\"method\":\"css selector\",\"selector\":\"[id=\"name\"]\"}\nE         (Session info: chrome=130.0.6723.58); For documentation on this error, please visit: https://www.selenium.dev/documentation/webdriver/troubleshooting/errors#no-such-element-exception\nE       Stacktrace:\nE       #0 0x55e7fee890aa <unknown>\nE       #1 0x55e7fe9a01a0 <unknown>\nE       #2 0x55e7fe9ecd06 <unknown>\nE       #3 0x55e7fe9ecfa1 <unknown>\nE       #4 0x55e7fea32344 <unknown>\nE       #5 0x55e7fea10dad <unknown>\nE       #6 0x55e7fea2f866 <unknown>\nE       #7 0x55e7fea10b23 <unknown>\nE       #8 0x55e7fe9df990 <unknown>\nE       #9 0x55e7fe9e096e <unknown>\nE       #10 0x55e7fee5516b <unknown>\nE       #11 0x55e7fee58f68 <unknown>\nE       #12 0x55e7fee4264c <unknown>\nE       #13 0x55e7fee59ae7 <unknown>\nE       #14 0x55e7fee274af <unknown>\nE       #15 0x55e7fee774f8 <unknown>\nE       #16 0x55e7fee776c0 <unknown>\nE       #17 0x55e7fee87f26 <unknown>\nE       #18 0x7f8818c94ac3 <unknown>\n\n/opt/hostedtoolcache/Python/3.11.10/x64/lib/python3.11/site-packages/selenium/webdriver/remote/errorhandler.py:229: NoSuchElementException","flaky":true,"newFailed":false,"newBroken":true,"newPassed":false,"retriesCount":0,"retriesStatusChange":false,"beforeStages":[{"name":"_session_faker","time":{"start":1730449629853,"stop":1730449629908,"duration":55},"status":"passed","steps":[],"attachments":[],"parameters":[],"stepsCount":0,"shouldDisplayMessage":false,"attachmentsCount":0,"hasContent":false,"attachmentStep":false},{"name":"driver","time":{"start":1730449629909,"stop":1730449658837,"duration":28928},"status":"passed","steps":[],"attachments":[],"parameters":[],"stepsCount":0,"shouldDisplayMessage":false,"attachmentsCount":0,"hasContent":false,"attachmentStep":false},{"name":"setup","time":{"start":1730449662601,"stop":1730449662601,"duration":0},"status":"passed","steps":[],"attachments":[],"parameters":[],"stepsCount":0,"shouldDisplayMessage":false,"attachmentsCount":0,"hasContent":false,"attachmentStep":false}],"afterStages":[{"name":"driver::0","time":{"start":1730449672681,"stop":1730449672768,"duration":87},"status":"passed","steps":[],"attachments":[],"parameters":[],"stepsCount":0,"shouldDisplayMessage":false,"attachmentsCount":0,"hasContent":false,"attachmentStep":false}],"labels":[{"name":"severity","value":"critical"},{"name":"feature","value":"Contact page"},{"name":"parentSuite","value":"Tests"},{"name":"suite","value":"test_ContactPage"},{"name":"subSuite","value":"TestContactPage"},{"name":"host","value":"fv-az1200-258"},{"name":"thread","value":"1752-MainThread"},{"name":"framework","value":"pytest"},{"name":"language","value":"cpython3"},{"name":"package","value":"Tests.test_ContactPage"},{"name":"resultFormat","value":"allure2"}],"parameters":[{"name":"driver","value":"'chrome'"}],"links":[],"hidden":false,"retry":false,"extra":{"severity":"critical","retries":[],"categories":[{"name":"Test defects","matchedStatuses":[],"flaky":false}],"history":{"statistic":{"failed":2,"broken":1,"skipped":0,"passed":1,"unknown":0,"total":4},"items":[{"uid":"f53aaaa4306e274f","status":"passed","time":{"start":1730448494368,"stop":1730448505540,"duration":11172}},{"uid":"e48165ec97485b8c","status":"failed","statusDetails":"AssertionError: FAILURE: assert 'Full name: T...T9fnOWPl1\\r\\n' == 'Full name: E...ge: kkFCO\\r\\n'\n  \n  - Full name: Emily Rojas\r\n  + Full name: Tyler Williams\r\n  - Email address: chrome_jonathan83@example.com\r\n  ?                ^^^^^  ^ ^ ------\n  + Email address: edge_wsosa@example.com\r\n  ?                ^^^  ^^ ^\n  - Your message: kkFCO\r\n  + Your message: BjN11m4cz6T9fnOWPl1\ntest_ContactPage.py:52 in test_2() -> with check, allure.step(\"Email is correct\"):\ntest_ContactPage.py:53 in test_2 -> assert actual_email == expected_email\nAssertionError: assert 'Full name: T...T9fnOWPl1\\r\\n' == 'Full name: E...ge: kkFCO\\r\\n'\n  \n  - Full name: Emily Rojas\r\n  + Full name: Tyler Williams\r\n  - Email address: chrome_jonathan83@example.com\r\n  ?                ^^^^^  ^ ^ ------\n  + Email address: edge_wsosa@example.com\r\n  ?                ^^^  ^^ ^\n  - Your message: kkFCO\r\n  + Your message: BjN11m4cz6T9fnOWPl1\r\n\n\n------------------------------------------------------------\nFailed Checks: 1","time":{"start":1730447069593,"stop":1730447081041,"duration":11448}},{"uid":"b6bb120a4018ce97","status":"failed","statusDetails":"AssertionError: FAILURE: assert 'Full name: W...JEiZRO15A\\r\\n' == 'Full name: A...o59Q LHiy\\r\\n'\n  \n  - Full name: Angela Cooley\r\n  + Full name: William Stewart\r\n  - Email address: fmedina@example.com\r\n  ?                ^  ^ ^\n  + Email address: davismelissa@example.com\r\n  ?                ^^^^^  ^ ^^\n  - Your message: 3aOiS 4R6Y6eBpl2msAhQuaBBveUfI4Cr4BI1o59Q LHiy\r\n  + Your message: ZDt9QjPAKnRSD3PxBV ytBY77bIjkJEiZRO15A\ntest_ContactPage.py:46 in test_2() -> with check, allure.step(\"Email is correct\"):\ntest_ContactPage.py:47 in test_2 -> assert actual_email == expected_email\nAssertionError: assert 'Full name: W...JEiZRO15A\\r\\n' == 'Full name: A...o59Q LHiy\\r\\n'\n  \n  - Full name: Angela Cooley\r\n  + Full name: William Stewart\r\n  - Email address: fmedina@example.com\r\n  ?                ^  ^ ^\n  + Email address: davismelissa@example.com\r\n  ?                ^^^^^  ^ ^^\n  - Your message: 3aOiS 4R6Y6eBpl2msAhQuaBBveUfI4Cr4BI1o59Q LHiy\r\n  + Your message: ZDt9QjPAKnRSD3PxBV ytBY77bIjkJEiZRO15A\r\n\n\n------------------------------------------------------------\nFailed Checks: 1","time":{"start":1730384109296,"stop":1730384120653,"duration":11357}}]},"tags":[]},"source":"3d7ccbae2345f9d5.json","parameterValues":["'chrome'"]}