{"uid":"40065f9b22a1d9ce","name":"Save site button for logged user","fullName":"Tests.test_Sites.TestSites#test_35","historyId":"57555fdda1424be3a09810c2bd31d70f","time":{"start":1733748845021,"stop":1733748855358,"duration":10337},"status":"passed","flaky":false,"newFailed":false,"newBroken":false,"newPassed":true,"retriesCount":0,"retriesStatusChange":false,"beforeStages":[{"name":"_session_faker","time":{"start":1733748054696,"stop":1733748054768,"duration":72},"status":"passed","steps":[],"attachments":[],"parameters":[],"shouldDisplayMessage":false,"stepsCount":0,"attachmentsCount":0,"hasContent":false,"attachmentStep":false},{"name":"driver","time":{"start":1733748422788,"stop":1733748423014,"duration":226},"status":"passed","steps":[],"attachments":[],"parameters":[],"shouldDisplayMessage":false,"stepsCount":0,"attachmentsCount":0,"hasContent":false,"attachmentStep":false}],"testStage":{"status":"passed","steps":[{"name":"C58743: Save site button is visible","time":{"start":1733748855338,"stop":1733748855346,"duration":8},"status":"passed","steps":[],"attachments":[],"parameters":[],"shouldDisplayMessage":false,"stepsCount":0,"attachmentsCount":0,"hasContent":false,"attachmentStep":false},{"name":"C58743: Save site button is not filled","time":{"start":1733748855346,"stop":1733748855358,"duration":12},"status":"passed","steps":[],"attachments":[],"parameters":[],"shouldDisplayMessage":false,"stepsCount":0,"attachmentsCount":0,"hasContent":false,"attachmentStep":false}],"attachments":[],"parameters":[],"shouldDisplayMessage":false,"stepsCount":2,"attachmentsCount":0,"hasContent":true,"attachmentStep":false},"afterStages":[{"name":"driver::0","time":{"start":1733748910479,"stop":1733748910573,"duration":94},"status":"passed","steps":[],"attachments":[],"parameters":[],"shouldDisplayMessage":false,"stepsCount":0,"attachmentsCount":0,"hasContent":false,"attachmentStep":false}],"labels":[{"name":"feature","value":"Individual Sites"},{"name":"severity","value":"critical"},{"name":"tag","value":"flaky(reruns=3, reruns_delay=1)"},{"name":"parentSuite","value":"Tests"},{"name":"suite","value":"test_Sites"},{"name":"subSuite","value":"TestSites"},{"name":"host","value":"fv-az1696-653"},{"name":"thread","value":"1961-MainThread"},{"name":"framework","value":"pytest"},{"name":"language","value":"cpython3"},{"name":"package","value":"Tests.test_Sites"},{"name":"resultFormat","value":"allure2"}],"parameters":[{"name":"driver","value":"'chrome'"}],"links":[{"name":"C58743","url":"https://hedgehoglabqa.testrail.io/index.php?/cases/view/58743","type":"tms"},{"name":"Epic QP-356","url":"https://hedgehog-lab.atlassian.net/browse/QP-356","type":"issue"},{"name":"Story QP-283","url":"https://hedgehog-lab.atlassian.net/browse/QP-283","type":"issue"}],"hidden":false,"retry":false,"extra":{"severity":"critical","retries":[],"categories":[],"history":{"statistic":{"failed":0,"broken":2,"skipped":0,"passed":7,"unknown":0,"total":9},"items":[{"uid":"fefa69081c10fa21","status":"broken","statusDetails":"selenium.common.exceptions.NoSuchElementException: Message: no such element: Unable to locate element: {\"method\":\"xpath\",\"selector\":\"//button[@aria-label='Go to next page']\"}\n  (Session info: chrome=131.0.6778.85); For documentation on this error, please visit: https://www.selenium.dev/documentation/webdriver/troubleshooting/errors#no-such-element-exception\nStacktrace:\n#0 0x561a11abf31a <unknown>\n#1 0x561a115d56e0 <unknown>\n#2 0x561a116243e6 <unknown>\n#3 0x561a11624681 <unknown>\n#4 0x561a11669b04 <unknown>\n#5 0x561a1164848d <unknown>\n#6 0x561a11666ed7 <unknown>\n#7 0x561a11648203 <unknown>\n#8 0x561a11616cc0 <unknown>\n#9 0x561a11617c9e <unknown>\n#10 0x561a11a8cd0b <unknown>\n#11 0x561a11a90c92 <unknown>\n#12 0x561a11a79b3c <unknown>\n#13 0x561a11a91807 <unknown>\n#14 0x561a11a5f0df <unknown>\n#15 0x561a11aae578 <unknown>\n#16 0x561a11aae740 <unknown>\n#17 0x561a11abe196 <unknown>\n#18 0x7f09ca89ca94 <unknown>\n#19 0x7f09ca929c3c <unknown>","time":{"start":1733727376158,"stop":1733727403221,"duration":27063}},{"uid":"eddd1212b61e5c3f","status":"broken","statusDetails":"selenium.common.exceptions.NoSuchElementException: Message: no such element: Unable to locate element: {\"method\":\"xpath\",\"selector\":\"//button[@aria-label='Go to next page']\"}\n  (Session info: chrome=131.0.6778.85); For documentation on this error, please visit: https://www.selenium.dev/documentation/webdriver/troubleshooting/errors#no-such-element-exception\nStacktrace:\n#0 0x55e14e72631a <unknown>\n#1 0x55e14e23c6e0 <unknown>\n#2 0x55e14e28b3e6 <unknown>\n#3 0x55e14e28b681 <unknown>\n#4 0x55e14e2d0b04 <unknown>\n#5 0x55e14e2af48d <unknown>\n#6 0x55e14e2cded7 <unknown>\n#7 0x55e14e2af203 <unknown>\n#8 0x55e14e27dcc0 <unknown>\n#9 0x55e14e27ec9e <unknown>\n#10 0x55e14e6f3d0b <unknown>\n#11 0x55e14e6f7c92 <unknown>\n#12 0x55e14e6e0b3c <unknown>\n#13 0x55e14e6f8807 <unknown>\n#14 0x55e14e6c60df <unknown>\n#15 0x55e14e715578 <unknown>\n#16 0x55e14e715740 <unknown>\n#17 0x55e14e725196 <unknown>\n#18 0x7f3f64c9ca94 <unknown>\n#19 0x7f3f64d29c3c <unknown>","time":{"start":1733631419774,"stop":1733631446824,"duration":27050}},{"uid":"6f86e97f5e0b51c0","status":"passed","time":{"start":1733044900516,"stop":1733044910603,"duration":10087}},{"uid":"a598369f00f4502d","status":"passed","time":{"start":1733025218143,"stop":1733025228394,"duration":10251}},{"uid":"ffce1f6a4b8531a7","status":"passed","time":{"start":1732959683012,"stop":1732959693238,"duration":10226}},{"uid":"39dbc4fdbe57ba29","status":"passed","time":{"start":1732957687615,"stop":1732957697952,"duration":10337}},{"uid":"f0953351342cc016","status":"passed","time":{"start":1732899216105,"stop":1732899243499,"duration":27394}},{"uid":"c1a40c61bc1b5b1e","status":"passed","time":{"start":1732896060898,"stop":1732896071147,"duration":10249}}]},"tags":["flaky(reruns=3, reruns_delay=1)"]},"source":"40065f9b22a1d9ce.json","parameterValues":["'chrome'"]}