{"uid":"444cea8878243c5b","name":"Check individual Historic site","fullName":"Tests.test_Sites.TestSites#test_8","historyId":"a5a48088673e3835ffe61dd2f4f93fe2","time":{"start":1733726107864,"stop":1733726134800,"duration":26936},"status":"broken","statusMessage":"selenium.common.exceptions.NoSuchElementException: Message: ; For documentation on this error, please visit: https://www.selenium.dev/documentation/webdriver/troubleshooting/errors#no-such-element-exception","statusTrace":"self = <Tests.test_Sites.TestSites object at 0x103563e50>\ndriver = <selenium.webdriver.safari.webdriver.WebDriver (session=\"DB76AC28-E9A1-4323-A659-2B65A2C7D3FD\")>\nsite_type = 'Historic', test_case = '58358'\n\n    @severity(severity_level.NORMAL)\n    @allure.feature('Sites')\n    @allure.title(\"Check individual {site_type} site\")\n    @allure.issue(\"QP-263\", \"Story QP-263\")\n    @allure.issue(\"QP-356\", \"Epic QP-356\")\n    @allure.testcase(\"58358\", \"C58358\")\n    @allure.testcase(\"58366\", \"C58366\")\n    @pytest.mark.parametrize('site_type, test_case', [(\"Historic\", \"58358\"), (\"Retail\", \"58366\")])\n    def test_8(self, driver, site_type, test_case):\n        sites_obj = Sites(driver)\n        site_list = self.site_list\n        filtered_site = split_historic_and_retail_sites(site_list, site_type)\n        site_ids = list(filtered_site.keys())\n        random_id = random.choice(site_ids)\n        site_information = self.api_requests.get_individual_site(random_id)\n        sites_obj.scroll_to_tab_buttons()\n        sites_obj.click_site_tab_button(site_type)\n        while not sites_obj.is_site_card_visible_by_title(site_type, site_information[random_id][\"title\"]):\n>           sites_obj.scroll_to_pagination()\n\nTests/test_Sites.py:194: \n_ _ _ _ _ _ _ _ _ _ _ _ _ _ _ _ _ _ _ _ _ _ _ _ _ _ _ _ _ _ _ _ _ _ _ _ _ _ _ _ \nPages/SitesPage.py:193: in scroll_to_pagination\n    element = self.driver.find_element(*self.next_pagination_button)\n/Library/Frameworks/Python.framework/Versions/3.11/lib/python3.11/site-packages/selenium/webdriver/remote/webdriver.py:741: in find_element\n    return self.execute(Command.FIND_ELEMENT, {\"using\": by, \"value\": value})[\"value\"]\n/Library/Frameworks/Python.framework/Versions/3.11/lib/python3.11/site-packages/selenium/webdriver/remote/webdriver.py:347: in execute\n    self.error_handler.check_response(response)\n_ _ _ _ _ _ _ _ _ _ _ _ _ _ _ _ _ _ _ _ _ _ _ _ _ _ _ _ _ _ _ _ _ _ _ _ _ _ _ _ \n\nself = <selenium.webdriver.remote.errorhandler.ErrorHandler object at 0x10362dc10>\nresponse = {'status': 404, 'value': '{\"value\":{\"error\":\"no such element\",\"message\":\"\",\"stacktrace\":\"\"}}'}\n\n    def check_response(self, response: Dict[str, Any]) -> None:\n        \"\"\"Checks that a JSON response from the WebDriver does not have an\n        error.\n    \n        :Args:\n         - response - The JSON response from the WebDriver server as a dictionary\n           object.\n    \n        :Raises: If the response contains an error message.\n        \"\"\"\n        status = response.get(\"status\", None)\n        if not status or status == ErrorCode.SUCCESS:\n            return\n        value = None\n        message = response.get(\"message\", \"\")\n        screen: str = response.get(\"screen\", \"\")\n        stacktrace = None\n        if isinstance(status, int):\n            value_json = response.get(\"value\", None)\n            if value_json and isinstance(value_json, str):\n                import json\n    \n                try:\n                    value = json.loads(value_json)\n                    if len(value) == 1:\n                        value = value[\"value\"]\n                    status = value.get(\"error\", None)\n                    if not status:\n                        status = value.get(\"status\", ErrorCode.UNKNOWN_ERROR)\n                        message = value.get(\"value\") or value.get(\"message\")\n                        if not isinstance(message, str):\n                            value = message\n                            message = message.get(\"message\")\n                    else:\n                        message = value.get(\"message\", None)\n                except ValueError:\n                    pass\n    \n        exception_class: Type[WebDriverException]\n        e = ErrorCode()\n        error_codes = [item for item in dir(e) if not item.startswith(\"__\")]\n        for error_code in error_codes:\n            error_info = getattr(ErrorCode, error_code)\n            if isinstance(error_info, list) and status in error_info:\n                exception_class = getattr(ExceptionMapping, error_code, WebDriverException)\n                break\n        else:\n            exception_class = WebDriverException\n    \n        if not value:\n            value = response[\"value\"]\n        if isinstance(value, str):\n            raise exception_class(value)\n        if message == \"\" and \"message\" in value:\n            message = value[\"message\"]\n    \n        screen = None  # type: ignore[assignment]\n        if \"screen\" in value:\n            screen = value[\"screen\"]\n    \n        stacktrace = None\n        st_value = value.get(\"stackTrace\") or value.get(\"stacktrace\")\n        if st_value:\n            if isinstance(st_value, str):\n                stacktrace = st_value.split(\"\\n\")\n            else:\n                stacktrace = []\n                try:\n                    for frame in st_value:\n                        line = frame.get(\"lineNumber\", \"\")\n                        file = frame.get(\"fileName\", \"<anonymous>\")\n                        if line:\n                            file = f\"{file}:{line}\"\n                        meth = frame.get(\"methodName\", \"<anonymous>\")\n                        if \"className\" in frame:\n                            meth = f\"{frame['className']}.{meth}\"\n                        msg = \"    at %s (%s)\"\n                        msg = msg % (meth, file)\n                        stacktrace.append(msg)\n                except TypeError:\n                    pass\n        if exception_class == UnexpectedAlertPresentException:\n            alert_text = None\n            if \"data\" in value:\n                alert_text = value[\"data\"].get(\"text\")\n            elif \"alert\" in value:\n                alert_text = value[\"alert\"].get(\"text\")\n            raise exception_class(message, screen, stacktrace, alert_text)  # type: ignore[call-arg]  # mypy is not smart enough here\n>       raise exception_class(message, screen, stacktrace)\nE       selenium.common.exceptions.NoSuchElementException: Message: ; For documentation on this error, please visit: https://www.selenium.dev/documentation/webdriver/troubleshooting/errors#no-such-element-exception\n\n/Library/Frameworks/Python.framework/Versions/3.11/lib/python3.11/site-packages/selenium/webdriver/remote/errorhandler.py:229: NoSuchElementException","flaky":false,"newFailed":false,"newBroken":false,"newPassed":false,"retriesCount":3,"retriesStatusChange":false,"beforeStages":[{"name":"_session_faker","time":{"start":1733724913698,"stop":1733724913746,"duration":48},"status":"passed","steps":[],"attachments":[],"parameters":[],"shouldDisplayMessage":false,"stepsCount":0,"attachmentsCount":0,"hasContent":false,"attachmentStep":false},{"name":"driver","time":{"start":1733725645515,"stop":1733725646546,"duration":1031},"status":"passed","steps":[],"attachments":[],"parameters":[],"shouldDisplayMessage":false,"stepsCount":0,"attachmentsCount":0,"hasContent":false,"attachmentStep":false}],"afterStages":[{"name":"driver::0","time":{"start":1733727883329,"stop":1733727883359,"duration":30},"status":"passed","steps":[],"attachments":[],"parameters":[],"shouldDisplayMessage":false,"stepsCount":0,"attachmentsCount":0,"hasContent":false,"attachmentStep":false}],"labels":[{"name":"feature","value":"Sites"},{"name":"severity","value":"normal"},{"name":"tag","value":"flaky(reruns=3, reruns_delay=1)"},{"name":"parentSuite","value":"Tests"},{"name":"suite","value":"test_Sites"},{"name":"subSuite","value":"TestSites"},{"name":"host","value":"Mac-1733723828397.local"},{"name":"thread","value":"2344-MainThread"},{"name":"framework","value":"pytest"},{"name":"language","value":"cpython3"},{"name":"package","value":"Tests.test_Sites"},{"name":"resultFormat","value":"allure2"}],"parameters":[{"name":"driver","value":"'safari'"},{"name":"site_type","value":"'Historic'"},{"name":"test_case","value":"'58358'"}],"links":[{"name":"C58366","url":"https://hedgehoglabqa.testrail.io/index.php?/cases/view/58366","type":"tms"},{"name":"C58358","url":"https://hedgehoglabqa.testrail.io/index.php?/cases/view/58358","type":"tms"},{"name":"Epic QP-356","url":"https://hedgehog-lab.atlassian.net/browse/QP-356","type":"issue"},{"name":"Story QP-263","url":"https://hedgehog-lab.atlassian.net/browse/QP-263","type":"issue"}],"hidden":false,"retry":false,"extra":{"severity":"normal","retries":[{"uid":"d67d355b1277488c","status":"broken","statusDetails":"selenium.common.exceptions.NoSuchElementException: Message: ; For documentation on this error, please visit: https://www.selenium.dev/documentation/webdriver/troubleshooting/errors#no-such-element-exception","time":{"start":1733726079626,"stop":1733726106665,"duration":27039}},{"uid":"82610183d7199c50","status":"broken","statusDetails":"selenium.common.exceptions.NoSuchElementException: Message: ; For documentation on this error, please visit: https://www.selenium.dev/documentation/webdriver/troubleshooting/errors#no-such-element-exception","time":{"start":1733726051486,"stop":1733726078497,"duration":27011}},{"uid":"fafebda332fa917e","status":"broken","statusDetails":"selenium.common.exceptions.NoSuchElementException: Message: ; For documentation on this error, please visit: https://www.selenium.dev/documentation/webdriver/troubleshooting/errors#no-such-element-exception","time":{"start":1733726005681,"stop":1733726050345,"duration":44664}}],"categories":[{"name":"Test defects","matchedStatuses":[],"flaky":false}],"history":{"statistic":{"failed":0,"broken":2,"skipped":0,"passed":9,"unknown":0,"total":11},"items":[{"uid":"e7012b40587ea1c4","status":"broken","statusDetails":"selenium.common.exceptions.NoSuchElementException: Message: ; For documentation on this error, please visit: https://www.selenium.dev/documentation/webdriver/troubleshooting/errors#no-such-element-exception","time":{"start":1733630160050,"stop":1733630187237,"duration":27187}},{"uid":"6a92d3089c5315e2","status":"passed","time":{"start":1733044509057,"stop":1733044522046,"duration":12989}},{"uid":"c70a1f8d905ed984","status":"passed","time":{"start":1733024886658,"stop":1733024899861,"duration":13203}},{"uid":"89a0f3d0ad4c78f3","status":"passed","time":{"start":1732959267903,"stop":1732959280443,"duration":12540}},{"uid":"461e7ba1e6ee9d36","status":"passed","time":{"start":1732957327890,"stop":1732957341035,"duration":13145}},{"uid":"f2ce5dcccd7e9eb2","status":"passed","time":{"start":1732898714942,"stop":1732898728327,"duration":13385}},{"uid":"bf9f88b82b8656f5","status":"passed","time":{"start":1732895568391,"stop":1732895581339,"duration":12948}},{"uid":"622adb17cdb0a617","status":"passed","time":{"start":1732706588199,"stop":1732706594346,"duration":6147}},{"uid":"31a915818c658524","status":"passed","time":{"start":1732419431876,"stop":1732419438674,"duration":6798}},{"uid":"4adad2c87d40c832","status":"passed","time":{"start":1732118991035,"stop":1732118998052,"duration":7017}}]},"tags":["flaky(reruns=3, reruns_delay=1)"]},"source":"444cea8878243c5b.json","parameterValues":["'safari'","'Historic'","'58358'"]}