{"uid":"4bc8891036391858","name":"Check individual Retail site","fullName":"Tests.test_Sites.TestSites#test_8","historyId":"74df91a1097f97f486c7c445f23b1a04","time":{"start":1733629988690,"stop":1733630015463,"duration":26773},"status":"broken","statusMessage":"selenium.common.exceptions.NoSuchElementException: Message: no such element: Unable to locate element: {\"method\":\"xpath\",\"selector\":\"//button[@aria-label='Go to next page']\"}\n  (Session info: chrome=131.0.6778.85); For documentation on this error, please visit: https://www.selenium.dev/documentation/webdriver/troubleshooting/errors#no-such-element-exception\nStacktrace:\n#0 0x55e14e72631a <unknown>\n#1 0x55e14e23c6e0 <unknown>\n#2 0x55e14e28b3e6 <unknown>\n#3 0x55e14e28b681 <unknown>\n#4 0x55e14e2d0b04 <unknown>\n#5 0x55e14e2af48d <unknown>\n#6 0x55e14e2cded7 <unknown>\n#7 0x55e14e2af203 <unknown>\n#8 0x55e14e27dcc0 <unknown>\n#9 0x55e14e27ec9e <unknown>\n#10 0x55e14e6f3d0b <unknown>\n#11 0x55e14e6f7c92 <unknown>\n#12 0x55e14e6e0b3c <unknown>\n#13 0x55e14e6f8807 <unknown>\n#14 0x55e14e6c60df <unknown>\n#15 0x55e14e715578 <unknown>\n#16 0x55e14e715740 <unknown>\n#17 0x55e14e725196 <unknown>\n#18 0x7f3f64c9ca94 <unknown>\n#19 0x7f3f64d29c3c <unknown>","statusTrace":"self = <Tests.test_Sites.TestSites object at 0x7f21b4c95b10>\ndriver = <selenium.webdriver.chrome.webdriver.WebDriver (session=\"76ca9f3bfc72d508e7b685a625cef286\")>\nsite_type = 'Retail', test_case = '58366'\n\n    @severity(severity_level.NORMAL)\n    @allure.feature('Sites')\n    @allure.title(\"Check individual {site_type} site\")\n    @allure.issue(\"QP-263\", \"Story QP-263\")\n    @allure.issue(\"QP-356\", \"Epic QP-356\")\n    @allure.testcase(\"58358\", \"C58358\")\n    @allure.testcase(\"58366\", \"C58366\")\n    @pytest.mark.parametrize('site_type, test_case', [(\"Historic\", \"58358\"), (\"Retail\", \"58366\")])\n    def test_8(self, driver, site_type, test_case):\n        sites_obj = Sites(driver)\n        site_list = self.site_list\n        filtered_site = split_historic_and_retail_sites(site_list, site_type)\n        site_ids = list(filtered_site.keys())\n        random_id = random.choice(site_ids)\n        site_information = self.api_requests.get_individual_site(random_id)\n        sites_obj.scroll_to_tab_buttons()\n        sites_obj.click_site_tab_button(site_type)\n        while not sites_obj.is_site_card_visible_by_title(site_type, site_information[random_id][\"title\"]):\n>           sites_obj.scroll_to_pagination()\n\nTests/test_Sites.py:194: \n_ _ _ _ _ _ _ _ _ _ _ _ _ _ _ _ _ _ _ _ _ _ _ _ _ _ _ _ _ _ _ _ _ _ _ _ _ _ _ _ \nPages/SitesPage.py:193: in scroll_to_pagination\n    element = self.driver.find_element(*self.next_pagination_button)\n/opt/hostedtoolcache/Python/3.11.10/x64/lib/python3.11/site-packages/selenium/webdriver/remote/webdriver.py:741: in find_element\n    return self.execute(Command.FIND_ELEMENT, {\"using\": by, \"value\": value})[\"value\"]\n/opt/hostedtoolcache/Python/3.11.10/x64/lib/python3.11/site-packages/selenium/webdriver/remote/webdriver.py:347: in execute\n    self.error_handler.check_response(response)\n_ _ _ _ _ _ _ _ _ _ _ _ _ _ _ _ _ _ _ _ _ _ _ _ _ _ _ _ _ _ _ _ _ _ _ _ _ _ _ _ \n\nself = <selenium.webdriver.remote.errorhandler.ErrorHandler object at 0x7f21b607ced0>\nresponse = {'status': 404, 'value': '{\"value\":{\"error\":\"no such element\",\"message\":\"no such element: Unable to locate element: {\\...\\\\n#17 0x55e14e725196 \\\\u003Cunknown>\\\\n#18 0x7f3f64c9ca94 \\\\u003Cunknown>\\\\n#19 0x7f3f64d29c3c \\\\u003Cunknown>\\\\n\"}}'}\n\n    def check_response(self, response: Dict[str, Any]) -> None:\n        \"\"\"Checks that a JSON response from the WebDriver does not have an\n        error.\n    \n        :Args:\n         - response - The JSON response from the WebDriver server as a dictionary\n           object.\n    \n        :Raises: If the response contains an error message.\n        \"\"\"\n        status = response.get(\"status\", None)\n        if not status or status == ErrorCode.SUCCESS:\n            return\n        value = None\n        message = response.get(\"message\", \"\")\n        screen: str = response.get(\"screen\", \"\")\n        stacktrace = None\n        if isinstance(status, int):\n            value_json = response.get(\"value\", None)\n            if value_json and isinstance(value_json, str):\n                import json\n    \n                try:\n                    value = json.loads(value_json)\n                    if len(value) == 1:\n                        value = value[\"value\"]\n                    status = value.get(\"error\", None)\n                    if not status:\n                        status = value.get(\"status\", ErrorCode.UNKNOWN_ERROR)\n                        message = value.get(\"value\") or value.get(\"message\")\n                        if not isinstance(message, str):\n                            value = message\n                            message = message.get(\"message\")\n                    else:\n                        message = value.get(\"message\", None)\n                except ValueError:\n                    pass\n    \n        exception_class: Type[WebDriverException]\n        e = ErrorCode()\n        error_codes = [item for item in dir(e) if not item.startswith(\"__\")]\n        for error_code in error_codes:\n            error_info = getattr(ErrorCode, error_code)\n            if isinstance(error_info, list) and status in error_info:\n                exception_class = getattr(ExceptionMapping, error_code, WebDriverException)\n                break\n        else:\n            exception_class = WebDriverException\n    \n        if not value:\n            value = response[\"value\"]\n        if isinstance(value, str):\n            raise exception_class(value)\n        if message == \"\" and \"message\" in value:\n            message = value[\"message\"]\n    \n        screen = None  # type: ignore[assignment]\n        if \"screen\" in value:\n            screen = value[\"screen\"]\n    \n        stacktrace = None\n        st_value = value.get(\"stackTrace\") or value.get(\"stacktrace\")\n        if st_value:\n            if isinstance(st_value, str):\n                stacktrace = st_value.split(\"\\n\")\n            else:\n                stacktrace = []\n                try:\n                    for frame in st_value:\n                        line = frame.get(\"lineNumber\", \"\")\n                        file = frame.get(\"fileName\", \"<anonymous>\")\n                        if line:\n                            file = f\"{file}:{line}\"\n                        meth = frame.get(\"methodName\", \"<anonymous>\")\n                        if \"className\" in frame:\n                            meth = f\"{frame['className']}.{meth}\"\n                        msg = \"    at %s (%s)\"\n                        msg = msg % (meth, file)\n                        stacktrace.append(msg)\n                except TypeError:\n                    pass\n        if exception_class == UnexpectedAlertPresentException:\n            alert_text = None\n            if \"data\" in value:\n                alert_text = value[\"data\"].get(\"text\")\n            elif \"alert\" in value:\n                alert_text = value[\"alert\"].get(\"text\")\n            raise exception_class(message, screen, stacktrace, alert_text)  # type: ignore[call-arg]  # mypy is not smart enough here\n>       raise exception_class(message, screen, stacktrace)\nE       selenium.common.exceptions.NoSuchElementException: Message: no such element: Unable to locate element: {\"method\":\"xpath\",\"selector\":\"//button[@aria-label='Go to next page']\"}\nE         (Session info: chrome=131.0.6778.85); For documentation on this error, please visit: https://www.selenium.dev/documentation/webdriver/troubleshooting/errors#no-such-element-exception\nE       Stacktrace:\nE       #0 0x55e14e72631a <unknown>\nE       #1 0x55e14e23c6e0 <unknown>\nE       #2 0x55e14e28b3e6 <unknown>\nE       #3 0x55e14e28b681 <unknown>\nE       #4 0x55e14e2d0b04 <unknown>\nE       #5 0x55e14e2af48d <unknown>\nE       #6 0x55e14e2cded7 <unknown>\nE       #7 0x55e14e2af203 <unknown>\nE       #8 0x55e14e27dcc0 <unknown>\nE       #9 0x55e14e27ec9e <unknown>\nE       #10 0x55e14e6f3d0b <unknown>\nE       #11 0x55e14e6f7c92 <unknown>\nE       #12 0x55e14e6e0b3c <unknown>\nE       #13 0x55e14e6f8807 <unknown>\nE       #14 0x55e14e6c60df <unknown>\nE       #15 0x55e14e715578 <unknown>\nE       #16 0x55e14e715740 <unknown>\nE       #17 0x55e14e725196 <unknown>\nE       #18 0x7f3f64c9ca94 <unknown>\nE       #19 0x7f3f64d29c3c <unknown>\n\n/opt/hostedtoolcache/Python/3.11.10/x64/lib/python3.11/site-packages/selenium/webdriver/remote/errorhandler.py:229: NoSuchElementException","flaky":false,"newFailed":false,"newBroken":true,"newPassed":false,"retriesCount":3,"retriesStatusChange":false,"beforeStages":[{"name":"_session_faker","time":{"start":1733628971027,"stop":1733628971092,"duration":65},"status":"passed","steps":[],"attachments":[],"parameters":[],"shouldDisplayMessage":false,"stepsCount":0,"attachmentsCount":0,"hasContent":false,"attachmentStep":false},{"name":"driver","time":{"start":1733629718940,"stop":1733629719161,"duration":221},"status":"passed","steps":[],"attachments":[],"parameters":[],"shouldDisplayMessage":false,"stepsCount":0,"attachmentsCount":0,"hasContent":false,"attachmentStep":false}],"afterStages":[{"name":"driver::0","time":{"start":1733631689343,"stop":1733631689433,"duration":90},"status":"passed","steps":[],"attachments":[],"parameters":[],"shouldDisplayMessage":false,"stepsCount":0,"attachmentsCount":0,"hasContent":false,"attachmentStep":false}],"labels":[{"name":"feature","value":"Sites"},{"name":"severity","value":"normal"},{"name":"tag","value":"flaky(reruns=3, reruns_delay=1)"},{"name":"parentSuite","value":"Tests"},{"name":"suite","value":"test_Sites"},{"name":"subSuite","value":"TestSites"},{"name":"host","value":"fv-az1120-212"},{"name":"thread","value":"1964-MainThread"},{"name":"framework","value":"pytest"},{"name":"language","value":"cpython3"},{"name":"package","value":"Tests.test_Sites"},{"name":"resultFormat","value":"allure2"}],"parameters":[{"name":"driver","value":"'chrome'"},{"name":"site_type","value":"'Retail'"},{"name":"test_case","value":"'58366'"}],"links":[{"name":"C58366","url":"https://hedgehoglabqa.testrail.io/index.php?/cases/view/58366","type":"tms"},{"name":"C58358","url":"https://hedgehoglabqa.testrail.io/index.php?/cases/view/58358","type":"tms"},{"name":"Epic QP-356","url":"https://hedgehog-lab.atlassian.net/browse/QP-356","type":"issue"},{"name":"Story QP-263","url":"https://hedgehog-lab.atlassian.net/browse/QP-263","type":"issue"}],"hidden":false,"retry":false,"extra":{"severity":"normal","retries":[{"uid":"5aa61722f9ac5876","status":"broken","statusDetails":"selenium.common.exceptions.NoSuchElementException: Message: no such element: Unable to locate element: {\"method\":\"xpath\",\"selector\":\"//button[@aria-label='Go to next page']\"}\n  (Session info: chrome=131.0.6778.85); For documentation on this error, please visit: https://www.selenium.dev/documentation/webdriver/troubleshooting/errors#no-such-element-exception\nStacktrace:\n#0 0x55e14e72631a <unknown>\n#1 0x55e14e23c6e0 <unknown>\n#2 0x55e14e28b3e6 <unknown>\n#3 0x55e14e28b681 <unknown>\n#4 0x55e14e2d0b04 <unknown>\n#5 0x55e14e2af48d <unknown>\n#6 0x55e14e2cded7 <unknown>\n#7 0x55e14e2af203 <unknown>\n#8 0x55e14e27dcc0 <unknown>\n#9 0x55e14e27ec9e <unknown>\n#10 0x55e14e6f3d0b <unknown>\n#11 0x55e14e6f7c92 <unknown>\n#12 0x55e14e6e0b3c <unknown>\n#13 0x55e14e6f8807 <unknown>\n#14 0x55e14e6c60df <unknown>\n#15 0x55e14e715578 <unknown>\n#16 0x55e14e715740 <unknown>\n#17 0x55e14e725196 <unknown>\n#18 0x7f3f64c9ca94 <unknown>\n#19 0x7f3f64d29c3c <unknown>","time":{"start":1733629960851,"stop":1733629987629,"duration":26778}},{"uid":"b251ae860871055f","status":"broken","statusDetails":"selenium.common.exceptions.NoSuchElementException: Message: no such element: Unable to locate element: {\"method\":\"xpath\",\"selector\":\"//button[@aria-label='Go to next page']\"}\n  (Session info: chrome=131.0.6778.85); For documentation on this error, please visit: https://www.selenium.dev/documentation/webdriver/troubleshooting/errors#no-such-element-exception\nStacktrace:\n#0 0x55e14e72631a <unknown>\n#1 0x55e14e23c6e0 <unknown>\n#2 0x55e14e28b3e6 <unknown>\n#3 0x55e14e28b681 <unknown>\n#4 0x55e14e2d0b04 <unknown>\n#5 0x55e14e2af48d <unknown>\n#6 0x55e14e2cded7 <unknown>\n#7 0x55e14e2af203 <unknown>\n#8 0x55e14e27dcc0 <unknown>\n#9 0x55e14e27ec9e <unknown>\n#10 0x55e14e6f3d0b <unknown>\n#11 0x55e14e6f7c92 <unknown>\n#12 0x55e14e6e0b3c <unknown>\n#13 0x55e14e6f8807 <unknown>\n#14 0x55e14e6c60df <unknown>\n#15 0x55e14e715578 <unknown>\n#16 0x55e14e715740 <unknown>\n#17 0x55e14e725196 <unknown>\n#18 0x7f3f64c9ca94 <unknown>\n#19 0x7f3f64d29c3c <unknown>","time":{"start":1733629933056,"stop":1733629959808,"duration":26752}},{"uid":"ba880238de4352d4","status":"broken","statusDetails":"selenium.common.exceptions.NoSuchElementException: Message: no such element: Unable to locate element: {\"method\":\"xpath\",\"selector\":\"//button[@aria-label='Go to next page']\"}\n  (Session info: chrome=131.0.6778.85); For documentation on this error, please visit: https://www.selenium.dev/documentation/webdriver/troubleshooting/errors#no-such-element-exception\nStacktrace:\n#0 0x55e14e72631a <unknown>\n#1 0x55e14e23c6e0 <unknown>\n#2 0x55e14e28b3e6 <unknown>\n#3 0x55e14e28b681 <unknown>\n#4 0x55e14e2d0b04 <unknown>\n#5 0x55e14e2af48d <unknown>\n#6 0x55e14e2cded7 <unknown>\n#7 0x55e14e2af203 <unknown>\n#8 0x55e14e27dcc0 <unknown>\n#9 0x55e14e27ec9e <unknown>\n#10 0x55e14e6f3d0b <unknown>\n#11 0x55e14e6f7c92 <unknown>\n#12 0x55e14e6e0b3c <unknown>\n#13 0x55e14e6f8807 <unknown>\n#14 0x55e14e6c60df <unknown>\n#15 0x55e14e715578 <unknown>\n#16 0x55e14e715740 <unknown>\n#17 0x55e14e725196 <unknown>\n#18 0x7f3f64c9ca94 <unknown>\n#19 0x7f3f64d29c3c <unknown>","time":{"start":1733629905205,"stop":1733629932014,"duration":26809}}],"categories":[{"name":"Test defects","matchedStatuses":[],"flaky":false}],"history":{"statistic":{"failed":0,"broken":1,"skipped":0,"passed":9,"unknown":0,"total":10},"items":[{"uid":"dee3cabeffcef7e8","status":"passed","time":{"start":1733044530482,"stop":1733044542396,"duration":11914}},{"uid":"904d6b15f9167e49","status":"passed","time":{"start":1733024836152,"stop":1733024848431,"duration":12279}},{"uid":"c22687834d061b42","status":"passed","time":{"start":1732959305372,"stop":1732959317126,"duration":11754}},{"uid":"af037e03aa4fa963","status":"passed","time":{"start":1732957332101,"stop":1732957344697,"duration":12596}},{"uid":"811e0bb4ccc2e2a9","status":"passed","time":{"start":1732898727198,"stop":1732898739475,"duration":12277}},{"uid":"1eb6ea4e2fa236a4","status":"passed","time":{"start":1732895577483,"stop":1732895589676,"duration":12193}},{"uid":"3671986808dd859","status":"passed","time":{"start":1732706585534,"stop":1732706590357,"duration":4823}},{"uid":"401aa138e74182db","status":"passed","time":{"start":1732419405371,"stop":1732419409672,"duration":4301}},{"uid":"bbbc86ac9432421b","status":"passed","time":{"start":1732118980318,"stop":1732118985166,"duration":4848}}]},"tags":["flaky(reruns=3, reruns_delay=1)"]},"source":"4bc8891036391858.json","parameterValues":["'chrome'","'Retail'","'58366'"]}