{"uid":"4c2eda11eac5e1cc","name":"Unsuccessfully login with email: simeon.hhl.qa@gmail.com and password: ","fullName":"Tests.test_Login.TestLogin#test_2","historyId":"ef9f76a413d7b8bb643328a1ffac2787","time":{"start":1730604475926,"stop":1730604510234,"duration":34308},"status":"broken","statusMessage":"selenium.common.exceptions.TimeoutException: Message: \nStacktrace:\nRemoteError@chrome://remote/content/shared/RemoteError.sys.mjs:8:8\nWebDriverError@chrome://remote/content/shared/webdriver/Errors.sys.mjs:193:5\nNoSuchElementError@chrome://remote/content/shared/webdriver/Errors.sys.mjs:511:5\ndom.find/</<@chrome://remote/content/shared/DOM.sys.mjs:136:16","statusTrace":"self = <Tests.test_Login.TestLogin object at 0x7f975e2e9610>\ndriver = <selenium.webdriver.firefox.webdriver.WebDriver (session=\"88bd92bf-1461-422e-a398-1deaf22617b1\")>\nemail = 'simeon.hhl.qa@gmail.com', password = ''\nerror = 'Please enter your password'\n\n    @severity(severity_level.NORMAL)\n    @allure.feature('Login')\n    @allure.title(\"Unsuccessfully login with email: {email} and password: {password}\")\n    @pytest.mark.parametrize('email,password,error', [\n        (BaseClass.email[:-1], BaseClass.password, \"There was a problem logging you in. Please try again.\"),\n        (BaseClass.email, BaseClass.password[:-1], \"There was a problem logging you in. Please try again.\"),\n        (BaseClass.email.replace(\"@\", \"\"), BaseClass.password, \"Please enter a valid email\"),\n        (\"\", BaseClass.password, \"Please enter your email\"),\n        (BaseClass.email, \"\", \"Please enter your password\")\n    ])\n    def test_2(self, driver, email, password, error):\n        current_browser = TestLogin.current_browser\n        login_obj = Login(driver)\n        driver.refresh()\n        login_obj.set_email_field(email, current_browser)\n        login_obj.set_password_field(password, current_browser)\n        with check, allure.step(\"Check for error\"):\n            if \"Please enter\" in error:\n>               assert login_obj.is_filed_error_message_visible()\n\nTests/test_Login.py:49: \n_ _ _ _ _ _ _ _ _ _ _ _ _ _ _ _ _ _ _ _ _ _ _ _ _ _ _ _ _ _ _ _ _ _ _ _ _ _ _ _ \nPages/LoginPage.py:46: in is_filed_error_message_visible\n    message = wait.until(EC.visibility_of_element_located(self.field_error_message))\n_ _ _ _ _ _ _ _ _ _ _ _ _ _ _ _ _ _ _ _ _ _ _ _ _ _ _ _ _ _ _ _ _ _ _ _ _ _ _ _ \n\nself = <selenium.webdriver.support.wait.WebDriverWait (session=\"88bd92bf-1461-422e-a398-1deaf22617b1\")>\nmethod = <function visibility_of_element_located.<locals>._predicate at 0x7f975e8dd6c0>\nmessage = ''\n\n    def until(self, method: Callable[[D], Union[Literal[False], T]], message: str = \"\") -> T:\n        \"\"\"Calls the method provided with the driver as an argument until the \\\n        return value does not evaluate to ``False``.\n    \n        :param method: callable(WebDriver)\n        :param message: optional message for :exc:`TimeoutException`\n        :returns: the result of the last call to `method`\n        :raises: :exc:`selenium.common.exceptions.TimeoutException` if timeout occurs\n        \"\"\"\n        screen = None\n        stacktrace = None\n    \n        end_time = time.monotonic() + self._timeout\n        while True:\n            try:\n                value = method(self._driver)\n                if value:\n                    return value\n            except self._ignored_exceptions as exc:\n                screen = getattr(exc, \"screen\", None)\n                stacktrace = getattr(exc, \"stacktrace\", None)\n            time.sleep(self._poll)\n            if time.monotonic() > end_time:\n                break\n>       raise TimeoutException(message, screen, stacktrace)\nE       selenium.common.exceptions.TimeoutException: Message: \nE       Stacktrace:\nE       RemoteError@chrome://remote/content/shared/RemoteError.sys.mjs:8:8\nE       WebDriverError@chrome://remote/content/shared/webdriver/Errors.sys.mjs:193:5\nE       NoSuchElementError@chrome://remote/content/shared/webdriver/Errors.sys.mjs:511:5\nE       dom.find/</<@chrome://remote/content/shared/DOM.sys.mjs:136:16\n\n/opt/hostedtoolcache/Python/3.11.10/x64/lib/python3.11/site-packages/selenium/webdriver/support/wait.py:105: TimeoutException","flaky":false,"newFailed":false,"newBroken":false,"newPassed":false,"retriesCount":0,"retriesStatusChange":false,"beforeStages":[{"name":"_session_faker","time":{"start":1730604367053,"stop":1730604367108,"duration":55},"status":"passed","steps":[],"attachments":[],"parameters":[],"stepsCount":0,"shouldDisplayMessage":false,"attachmentsCount":0,"hasContent":false,"attachmentStep":false},{"name":"driver","time":{"start":1730604420508,"stop":1730604422305,"duration":1797},"status":"passed","steps":[],"attachments":[],"parameters":[],"stepsCount":0,"shouldDisplayMessage":false,"attachmentsCount":0,"hasContent":false,"attachmentStep":false},{"name":"setup","time":{"start":1730604475926,"stop":1730604475926,"duration":0},"status":"passed","steps":[],"attachments":[],"parameters":[],"stepsCount":0,"shouldDisplayMessage":false,"attachmentsCount":0,"hasContent":false,"attachmentStep":false}],"testStage":{"status":"broken","statusMessage":"selenium.common.exceptions.TimeoutException: Message: \nStacktrace:\nRemoteError@chrome://remote/content/shared/RemoteError.sys.mjs:8:8\nWebDriverError@chrome://remote/content/shared/webdriver/Errors.sys.mjs:193:5\nNoSuchElementError@chrome://remote/content/shared/webdriver/Errors.sys.mjs:511:5\ndom.find/</<@chrome://remote/content/shared/DOM.sys.mjs:136:16","statusTrace":"self = <Tests.test_Login.TestLogin object at 0x7f975e2e9610>\ndriver = <selenium.webdriver.firefox.webdriver.WebDriver (session=\"88bd92bf-1461-422e-a398-1deaf22617b1\")>\nemail = 'simeon.hhl.qa@gmail.com', password = ''\nerror = 'Please enter your password'\n\n    @severity(severity_level.NORMAL)\n    @allure.feature('Login')\n    @allure.title(\"Unsuccessfully login with email: {email} and password: {password}\")\n    @pytest.mark.parametrize('email,password,error', [\n        (BaseClass.email[:-1], BaseClass.password, \"There was a problem logging you in. Please try again.\"),\n        (BaseClass.email, BaseClass.password[:-1], \"There was a problem logging you in. Please try again.\"),\n        (BaseClass.email.replace(\"@\", \"\"), BaseClass.password, \"Please enter a valid email\"),\n        (\"\", BaseClass.password, \"Please enter your email\"),\n        (BaseClass.email, \"\", \"Please enter your password\")\n    ])\n    def test_2(self, driver, email, password, error):\n        current_browser = TestLogin.current_browser\n        login_obj = Login(driver)\n        driver.refresh()\n        login_obj.set_email_field(email, current_browser)\n        login_obj.set_password_field(password, current_browser)\n        with check, allure.step(\"Check for error\"):\n            if \"Please enter\" in error:\n>               assert login_obj.is_filed_error_message_visible()\n\nTests/test_Login.py:49: \n_ _ _ _ _ _ _ _ _ _ _ _ _ _ _ _ _ _ _ _ _ _ _ _ _ _ _ _ _ _ _ _ _ _ _ _ _ _ _ _ \nPages/LoginPage.py:46: in is_filed_error_message_visible\n    message = wait.until(EC.visibility_of_element_located(self.field_error_message))\n_ _ _ _ _ _ _ _ _ _ _ _ _ _ _ _ _ _ _ _ _ _ _ _ _ _ _ _ _ _ _ _ _ _ _ _ _ _ _ _ \n\nself = <selenium.webdriver.support.wait.WebDriverWait (session=\"88bd92bf-1461-422e-a398-1deaf22617b1\")>\nmethod = <function visibility_of_element_located.<locals>._predicate at 0x7f975e8dd6c0>\nmessage = ''\n\n    def until(self, method: Callable[[D], Union[Literal[False], T]], message: str = \"\") -> T:\n        \"\"\"Calls the method provided with the driver as an argument until the \\\n        return value does not evaluate to ``False``.\n    \n        :param method: callable(WebDriver)\n        :param message: optional message for :exc:`TimeoutException`\n        :returns: the result of the last call to `method`\n        :raises: :exc:`selenium.common.exceptions.TimeoutException` if timeout occurs\n        \"\"\"\n        screen = None\n        stacktrace = None\n    \n        end_time = time.monotonic() + self._timeout\n        while True:\n            try:\n                value = method(self._driver)\n                if value:\n                    return value\n            except self._ignored_exceptions as exc:\n                screen = getattr(exc, \"screen\", None)\n                stacktrace = getattr(exc, \"stacktrace\", None)\n            time.sleep(self._poll)\n            if time.monotonic() > end_time:\n                break\n>       raise TimeoutException(message, screen, stacktrace)\nE       selenium.common.exceptions.TimeoutException: Message: \nE       Stacktrace:\nE       RemoteError@chrome://remote/content/shared/RemoteError.sys.mjs:8:8\nE       WebDriverError@chrome://remote/content/shared/webdriver/Errors.sys.mjs:193:5\nE       NoSuchElementError@chrome://remote/content/shared/webdriver/Errors.sys.mjs:511:5\nE       dom.find/</<@chrome://remote/content/shared/DOM.sys.mjs:136:16\n\n/opt/hostedtoolcache/Python/3.11.10/x64/lib/python3.11/site-packages/selenium/webdriver/support/wait.py:105: TimeoutException","steps":[{"name":"Check for error","time":{"start":1730604478706,"stop":1730604510234,"duration":31528},"status":"broken","statusMessage":"selenium.common.exceptions.TimeoutException: Message: \nStacktrace:\nRemoteError@chrome://remote/content/shared/RemoteError.sys.mjs:8:8\nWebDriverError@chrome://remote/content/shared/webdriver/Errors.sys.mjs:193:5\nNoSuchElementError@chrome://remote/content/shared/webdriver/Errors.sys.mjs:511:5\ndom.find/</<@chrome://remote/content/shared/DOM.sys.mjs:136:16\n\n","statusTrace":"  File \"/home/runner/work/QUBA_WEB/QUBA_WEB/Tests/test_Login.py\", line 49, in test_2\n    assert login_obj.is_filed_error_message_visible()\n  File \"/home/runner/work/QUBA_WEB/QUBA_WEB/Pages/LoginPage.py\", line 46, in is_filed_error_message_visible\n    message = wait.until(EC.visibility_of_element_located(self.field_error_message))\n              ^^^^^^^^^^^^^^^^^^^^^^^^^^^^^^^^^^^^^^^^^^^^^^^^^^^^^^^^^^^^^^^^^^^^^^\n  File \"/opt/hostedtoolcache/Python/3.11.10/x64/lib/python3.11/site-packages/selenium/webdriver/support/wait.py\", line 105, in until\n    raise TimeoutException(message, screen, stacktrace)\n","steps":[],"attachments":[],"parameters":[],"stepsCount":0,"shouldDisplayMessage":true,"attachmentsCount":0,"hasContent":true,"attachmentStep":false}],"attachments":[],"parameters":[],"stepsCount":1,"shouldDisplayMessage":true,"attachmentsCount":0,"hasContent":true,"attachmentStep":false},"afterStages":[{"name":"driver::0","time":{"start":1730604524755,"stop":1730604525280,"duration":525},"status":"passed","steps":[],"attachments":[],"parameters":[],"stepsCount":0,"shouldDisplayMessage":false,"attachmentsCount":0,"hasContent":false,"attachmentStep":false}],"labels":[{"name":"severity","value":"normal"},{"name":"feature","value":"Login"},{"name":"tag","value":"flaky(reruns=3, reruns_delay=0.5, rerun_except='assert')"},{"name":"parentSuite","value":"Tests"},{"name":"suite","value":"test_Login"},{"name":"subSuite","value":"TestLogin"},{"name":"host","value":"fv-az570-505"},{"name":"thread","value":"1831-MainThread"},{"name":"framework","value":"pytest"},{"name":"language","value":"cpython3"},{"name":"package","value":"Tests.test_Login"},{"name":"resultFormat","value":"allure2"}],"parameters":[{"name":"driver","value":"'firefox'"},{"name":"email","value":"'simeon.hhl.qa@gmail.com'"},{"name":"error","value":"'Please enter your password'"},{"name":"password","value":"''"}],"links":[],"hidden":true,"retry":true,"extra":{"categories":[],"tags":["flaky(reruns=3, reruns_delay=0.5, rerun_except='assert')"]},"source":"4c2eda11eac5e1cc.json","parameterValues":["'firefox'","'simeon.hhl.qa@gmail.com'","'Please enter your password'","''"]}