{"uid":"4f5d201db92e4fae","name":"Site with more than one photo","fullName":"Tests.test_Sites.TestSites#test_20","historyId":"2f776079b1484ad73c7cb53c60227367","time":{"start":1733630863310,"stop":1733630889438,"duration":26128},"status":"broken","statusMessage":"selenium.common.exceptions.NoSuchElementException: Message: no such element: Unable to locate element: {\"method\":\"xpath\",\"selector\":\"//button[@aria-label='Go to next page']\"}\n  (Session info: MicrosoftEdge=131.0.2903.70); For documentation on this error, please visit: https://www.selenium.dev/documentation/webdriver/troubleshooting/errors#no-such-element-exception\nStacktrace:\n#0 0x564ec808d94e <unknown>\n#1 0x564ec7b42b76 <unknown>\n#2 0x564ec7b9045e <unknown>\n#3 0x564ec7b90731 <unknown>\n#4 0x564ec7bd44f4 <unknown>\n#5 0x564ec7bb420d <unknown>\n#6 0x564ec7bd218a <unknown>\n#7 0x564ec7bb3f83 <unknown>\n#8 0x564ec7b8401e <unknown>\n#9 0x564ec7b84cfe <unknown>\n#10 0x564ec80629e1 <unknown>\n#11 0x564ec8065bde <unknown>\n#12 0x564ec806565b <unknown>\n#13 0x564ec8066005 <unknown>\n#14 0x564ec80543f2 <unknown>\n#15 0x564ec806638d <unknown>\n#16 0x564ec803e5b5 <unknown>\n#17 0x564ec807e008 <unknown>\n#18 0x564ec807e21f <unknown>\n#19 0x564ec808c53c <unknown>\n#20 0x7f09b849ca94 <unknown>\n#21 0x7f09b8529c3c <unknown>","statusTrace":"self = <Tests.test_Sites.TestSites object at 0x7fe44fd8ddd0>\ndriver = <selenium.webdriver.edge.webdriver.WebDriver (session=\"079154f264dffc6ab6d936eef7c68d08\")>\n\n    @severity(severity_level.CRITICAL)\n    @allure.feature('Individual Sites')\n    @allure.title(\"Site with more than one photo\")\n    @allure.issue(\"QP-264\", \"Story QP-264\")\n    @allure.issue(\"QP-356\", \"Epic QP-356\")\n    @allure.testcase(\"58413\", \"C58413\")\n    def test_20(self, driver):\n        sites_obj = Sites(driver)\n        main_nav_obj = MainNavigation(driver)\n        about_obj = AboutPage(driver)\n        if len(list(self.several_images_site.keys())) == 0:\n            pytest.skip(\"No sites available with several images\")\n        site_id = list(self.several_images_site.keys())[0]\n        if sites_obj.is_heading_description_visible():\n            sites_obj.scroll_to_tab_buttons()\n            sites_obj.click_site_tab_button(self.several_images_site[site_id][\"type\"])\n            while not sites_obj.is_site_card_visible_by_title(self.several_images_site[site_id][\"type\"],\n                                                              self.several_images_site[site_id][\"title\"]):\n>               sites_obj.scroll_to_pagination()\n\nTests/test_Sites.py:490: \n_ _ _ _ _ _ _ _ _ _ _ _ _ _ _ _ _ _ _ _ _ _ _ _ _ _ _ _ _ _ _ _ _ _ _ _ _ _ _ _ \nPages/SitesPage.py:193: in scroll_to_pagination\n    element = self.driver.find_element(*self.next_pagination_button)\n/opt/hostedtoolcache/Python/3.11.10/x64/lib/python3.11/site-packages/selenium/webdriver/remote/webdriver.py:741: in find_element\n    return self.execute(Command.FIND_ELEMENT, {\"using\": by, \"value\": value})[\"value\"]\n/opt/hostedtoolcache/Python/3.11.10/x64/lib/python3.11/site-packages/selenium/webdriver/remote/webdriver.py:347: in execute\n    self.error_handler.check_response(response)\n_ _ _ _ _ _ _ _ _ _ _ _ _ _ _ _ _ _ _ _ _ _ _ _ _ _ _ _ _ _ _ _ _ _ _ _ _ _ _ _ \n\nself = <selenium.webdriver.remote.errorhandler.ErrorHandler object at 0x7fe450c53b10>\nresponse = {'status': 404, 'value': '{\"value\":{\"error\":\"no such element\",\"message\":\"no such element: Unable to locate element: {\\...\\\\n#19 0x564ec808c53c \\\\u003Cunknown>\\\\n#20 0x7f09b849ca94 \\\\u003Cunknown>\\\\n#21 0x7f09b8529c3c \\\\u003Cunknown>\\\\n\"}}'}\n\n    def check_response(self, response: Dict[str, Any]) -> None:\n        \"\"\"Checks that a JSON response from the WebDriver does not have an\n        error.\n    \n        :Args:\n         - response - The JSON response from the WebDriver server as a dictionary\n           object.\n    \n        :Raises: If the response contains an error message.\n        \"\"\"\n        status = response.get(\"status\", None)\n        if not status or status == ErrorCode.SUCCESS:\n            return\n        value = None\n        message = response.get(\"message\", \"\")\n        screen: str = response.get(\"screen\", \"\")\n        stacktrace = None\n        if isinstance(status, int):\n            value_json = response.get(\"value\", None)\n            if value_json and isinstance(value_json, str):\n                import json\n    \n                try:\n                    value = json.loads(value_json)\n                    if len(value) == 1:\n                        value = value[\"value\"]\n                    status = value.get(\"error\", None)\n                    if not status:\n                        status = value.get(\"status\", ErrorCode.UNKNOWN_ERROR)\n                        message = value.get(\"value\") or value.get(\"message\")\n                        if not isinstance(message, str):\n                            value = message\n                            message = message.get(\"message\")\n                    else:\n                        message = value.get(\"message\", None)\n                except ValueError:\n                    pass\n    \n        exception_class: Type[WebDriverException]\n        e = ErrorCode()\n        error_codes = [item for item in dir(e) if not item.startswith(\"__\")]\n        for error_code in error_codes:\n            error_info = getattr(ErrorCode, error_code)\n            if isinstance(error_info, list) and status in error_info:\n                exception_class = getattr(ExceptionMapping, error_code, WebDriverException)\n                break\n        else:\n            exception_class = WebDriverException\n    \n        if not value:\n            value = response[\"value\"]\n        if isinstance(value, str):\n            raise exception_class(value)\n        if message == \"\" and \"message\" in value:\n            message = value[\"message\"]\n    \n        screen = None  # type: ignore[assignment]\n        if \"screen\" in value:\n            screen = value[\"screen\"]\n    \n        stacktrace = None\n        st_value = value.get(\"stackTrace\") or value.get(\"stacktrace\")\n        if st_value:\n            if isinstance(st_value, str):\n                stacktrace = st_value.split(\"\\n\")\n            else:\n                stacktrace = []\n                try:\n                    for frame in st_value:\n                        line = frame.get(\"lineNumber\", \"\")\n                        file = frame.get(\"fileName\", \"<anonymous>\")\n                        if line:\n                            file = f\"{file}:{line}\"\n                        meth = frame.get(\"methodName\", \"<anonymous>\")\n                        if \"className\" in frame:\n                            meth = f\"{frame['className']}.{meth}\"\n                        msg = \"    at %s (%s)\"\n                        msg = msg % (meth, file)\n                        stacktrace.append(msg)\n                except TypeError:\n                    pass\n        if exception_class == UnexpectedAlertPresentException:\n            alert_text = None\n            if \"data\" in value:\n                alert_text = value[\"data\"].get(\"text\")\n            elif \"alert\" in value:\n                alert_text = value[\"alert\"].get(\"text\")\n            raise exception_class(message, screen, stacktrace, alert_text)  # type: ignore[call-arg]  # mypy is not smart enough here\n>       raise exception_class(message, screen, stacktrace)\nE       selenium.common.exceptions.NoSuchElementException: Message: no such element: Unable to locate element: {\"method\":\"xpath\",\"selector\":\"//button[@aria-label='Go to next page']\"}\nE         (Session info: MicrosoftEdge=131.0.2903.70); For documentation on this error, please visit: https://www.selenium.dev/documentation/webdriver/troubleshooting/errors#no-such-element-exception\nE       Stacktrace:\nE       #0 0x564ec808d94e <unknown>\nE       #1 0x564ec7b42b76 <unknown>\nE       #2 0x564ec7b9045e <unknown>\nE       #3 0x564ec7b90731 <unknown>\nE       #4 0x564ec7bd44f4 <unknown>\nE       #5 0x564ec7bb420d <unknown>\nE       #6 0x564ec7bd218a <unknown>\nE       #7 0x564ec7bb3f83 <unknown>\nE       #8 0x564ec7b8401e <unknown>\nE       #9 0x564ec7b84cfe <unknown>\nE       #10 0x564ec80629e1 <unknown>\nE       #11 0x564ec8065bde <unknown>\nE       #12 0x564ec806565b <unknown>\nE       #13 0x564ec8066005 <unknown>\nE       #14 0x564ec80543f2 <unknown>\nE       #15 0x564ec806638d <unknown>\nE       #16 0x564ec803e5b5 <unknown>\nE       #17 0x564ec807e008 <unknown>\nE       #18 0x564ec807e21f <unknown>\nE       #19 0x564ec808c53c <unknown>\nE       #20 0x7f09b849ca94 <unknown>\nE       #21 0x7f09b8529c3c <unknown>\n\n/opt/hostedtoolcache/Python/3.11.10/x64/lib/python3.11/site-packages/selenium/webdriver/remote/errorhandler.py:229: NoSuchElementException","flaky":false,"newFailed":false,"newBroken":true,"newPassed":false,"retriesCount":3,"retriesStatusChange":false,"beforeStages":[{"name":"_session_faker","time":{"start":1733628969213,"stop":1733628969273,"duration":60},"status":"passed","steps":[],"attachments":[],"parameters":[],"shouldDisplayMessage":false,"stepsCount":0,"attachmentsCount":0,"hasContent":false,"attachmentStep":false},{"name":"driver","time":{"start":1733629708579,"stop":1733629709018,"duration":439},"status":"passed","steps":[],"attachments":[],"parameters":[],"shouldDisplayMessage":false,"stepsCount":0,"attachmentsCount":0,"hasContent":false,"attachmentStep":false}],"afterStages":[{"name":"driver::0","time":{"start":1733631675286,"stop":1733631675386,"duration":100},"status":"passed","steps":[],"attachments":[],"parameters":[],"shouldDisplayMessage":false,"stepsCount":0,"attachmentsCount":0,"hasContent":false,"attachmentStep":false}],"labels":[{"name":"feature","value":"Individual Sites"},{"name":"severity","value":"critical"},{"name":"tag","value":"flaky(reruns=3, reruns_delay=1)"},{"name":"parentSuite","value":"Tests"},{"name":"suite","value":"test_Sites"},{"name":"subSuite","value":"TestSites"},{"name":"host","value":"fv-az1120-212"},{"name":"thread","value":"1971-MainThread"},{"name":"framework","value":"pytest"},{"name":"language","value":"cpython3"},{"name":"package","value":"Tests.test_Sites"},{"name":"resultFormat","value":"allure2"}],"parameters":[{"name":"driver","value":"'edge'"}],"links":[{"name":"C58413","url":"https://hedgehoglabqa.testrail.io/index.php?/cases/view/58413","type":"tms"},{"name":"Epic QP-356","url":"https://hedgehog-lab.atlassian.net/browse/QP-356","type":"issue"},{"name":"Story QP-264","url":"https://hedgehog-lab.atlassian.net/browse/QP-264","type":"issue"}],"hidden":false,"retry":false,"extra":{"severity":"critical","retries":[{"uid":"af2644c6aedda993","status":"broken","statusDetails":"selenium.common.exceptions.NoSuchElementException: Message: no such element: Unable to locate element: {\"method\":\"xpath\",\"selector\":\"//button[@aria-label='Go to next page']\"}\n  (Session info: MicrosoftEdge=131.0.2903.70); For documentation on this error, please visit: https://www.selenium.dev/documentation/webdriver/troubleshooting/errors#no-such-element-exception\nStacktrace:\n#0 0x564ec808d94e <unknown>\n#1 0x564ec7b42b76 <unknown>\n#2 0x564ec7b9045e <unknown>\n#3 0x564ec7b90731 <unknown>\n#4 0x564ec7bd44f4 <unknown>\n#5 0x564ec7bb420d <unknown>\n#6 0x564ec7bd218a <unknown>\n#7 0x564ec7bb3f83 <unknown>\n#8 0x564ec7b8401e <unknown>\n#9 0x564ec7b84cfe <unknown>\n#10 0x564ec80629e1 <unknown>\n#11 0x564ec8065bde <unknown>\n#12 0x564ec806565b <unknown>\n#13 0x564ec8066005 <unknown>\n#14 0x564ec80543f2 <unknown>\n#15 0x564ec806638d <unknown>\n#16 0x564ec803e5b5 <unknown>\n#17 0x564ec807e008 <unknown>\n#18 0x564ec807e21f <unknown>\n#19 0x564ec808c53c <unknown>\n#20 0x7f09b849ca94 <unknown>\n#21 0x7f09b8529c3c <unknown>","time":{"start":1733630836108,"stop":1733630862257,"duration":26149}},{"uid":"9d3119576781e7b9","status":"broken","statusDetails":"selenium.common.exceptions.NoSuchElementException: Message: no such element: Unable to locate element: {\"method\":\"xpath\",\"selector\":\"//button[@aria-label='Go to next page']\"}\n  (Session info: MicrosoftEdge=131.0.2903.70); For documentation on this error, please visit: https://www.selenium.dev/documentation/webdriver/troubleshooting/errors#no-such-element-exception\nStacktrace:\n#0 0x564ec808d94e <unknown>\n#1 0x564ec7b42b76 <unknown>\n#2 0x564ec7b9045e <unknown>\n#3 0x564ec7b90731 <unknown>\n#4 0x564ec7bd44f4 <unknown>\n#5 0x564ec7bb420d <unknown>\n#6 0x564ec7bd218a <unknown>\n#7 0x564ec7bb3f83 <unknown>\n#8 0x564ec7b8401e <unknown>\n#9 0x564ec7b84cfe <unknown>\n#10 0x564ec80629e1 <unknown>\n#11 0x564ec8065bde <unknown>\n#12 0x564ec806565b <unknown>\n#13 0x564ec8066005 <unknown>\n#14 0x564ec80543f2 <unknown>\n#15 0x564ec806638d <unknown>\n#16 0x564ec803e5b5 <unknown>\n#17 0x564ec807e008 <unknown>\n#18 0x564ec807e21f <unknown>\n#19 0x564ec808c53c <unknown>\n#20 0x7f09b849ca94 <unknown>\n#21 0x7f09b8529c3c <unknown>","time":{"start":1733630808967,"stop":1733630835067,"duration":26100}},{"uid":"c22a2b1f10a0a944","status":"broken","statusDetails":"selenium.common.exceptions.NoSuchElementException: Message: no such element: Unable to locate element: {\"method\":\"xpath\",\"selector\":\"//button[@aria-label='Go to next page']\"}\n  (Session info: MicrosoftEdge=131.0.2903.70); For documentation on this error, please visit: https://www.selenium.dev/documentation/webdriver/troubleshooting/errors#no-such-element-exception\nStacktrace:\n#0 0x564ec808d94e <unknown>\n#1 0x564ec7b42b76 <unknown>\n#2 0x564ec7b9045e <unknown>\n#3 0x564ec7b90731 <unknown>\n#4 0x564ec7bd44f4 <unknown>\n#5 0x564ec7bb420d <unknown>\n#6 0x564ec7bd218a <unknown>\n#7 0x564ec7bb3f83 <unknown>\n#8 0x564ec7b8401e <unknown>\n#9 0x564ec7b84cfe <unknown>\n#10 0x564ec80629e1 <unknown>\n#11 0x564ec8065bde <unknown>\n#12 0x564ec806565b <unknown>\n#13 0x564ec8066005 <unknown>\n#14 0x564ec80543f2 <unknown>\n#15 0x564ec806638d <unknown>\n#16 0x564ec803e5b5 <unknown>\n#17 0x564ec807e008 <unknown>\n#18 0x564ec807e21f <unknown>\n#19 0x564ec808c53c <unknown>\n#20 0x7f09b849ca94 <unknown>\n#21 0x7f09b8529c3c <unknown>","time":{"start":1733630781734,"stop":1733630807927,"duration":26193}}],"categories":[{"name":"Test defects","matchedStatuses":[],"flaky":false}],"history":{"statistic":{"failed":0,"broken":3,"skipped":0,"passed":4,"unknown":0,"total":7},"items":[{"uid":"3dcfbf71c0a71ba2","status":"passed","time":{"start":1733044743640,"stop":1733044755286,"duration":11646}},{"uid":"95fba6e2b2e63121","status":"passed","time":{"start":1733025111294,"stop":1733025122885,"duration":11591}},{"uid":"cfaa16c52e1b2013","status":"passed","time":{"start":1732959542188,"stop":1732959555479,"duration":13291}},{"uid":"b973d7779b0c98a1","status":"broken","statusDetails":"selenium.common.exceptions.TimeoutException: Message: \nStacktrace:\n#0 0x5606d6d0295e <unknown>\n#1 0x5606d67b7b76 <unknown>\n#2 0x5606d680545e <unknown>\n#3 0x5606d6805731 <unknown>\n#4 0x5606d68494f4 <unknown>\n#5 0x5606d682920d <unknown>\n#6 0x5606d684718a <unknown>\n#7 0x5606d6828f83 <unknown>\n#8 0x5606d67f901e <unknown>\n#9 0x5606d67f9cfe <unknown>\n#10 0x5606d6cd79f1 <unknown>\n#11 0x5606d6cdabee <unknown>\n#12 0x5606d6cda66b <unknown>\n#13 0x5606d6cdb015 <unknown>\n#14 0x5606d6cc9402 <unknown>\n#15 0x5606d6cdb39d <unknown>\n#16 0x5606d6cb35c5 <unknown>\n#17 0x5606d6cf3018 <unknown>\n#18 0x5606d6cf322f <unknown>\n#19 0x5606d6d0154c <unknown>\n#20 0x7f4c8b694ac3 <unknown>","time":{"start":1732957633061,"stop":1732957664695,"duration":31634}},{"uid":"2352ac9c57b1817d","status":"passed","time":{"start":1732898927918,"stop":1732898939153,"duration":11235}},{"uid":"b7453f39122a37ac","status":"broken","statusDetails":"selenium.common.exceptions.NoSuchElementException: Message: no such element: Unable to locate element: {\"method\":\"xpath\",\"selector\":\"//ul[@class='nav nav-tabs']\"}\n  (Session info: MicrosoftEdge=131.0.2903.63); For documentation on this error, please visit: https://www.selenium.dev/documentation/webdriver/troubleshooting/errors#no-such-element-exception\nStacktrace:\n#0 0x55952ce9095e <unknown>\n#1 0x55952c945b76 <unknown>\n#2 0x55952c99345e <unknown>\n#3 0x55952c993731 <unknown>\n#4 0x55952c9d74f4 <unknown>\n#5 0x55952c9b720d <unknown>\n#6 0x55952c9d518a <unknown>\n#7 0x55952c9b6f83 <unknown>\n#8 0x55952c98701e <unknown>\n#9 0x55952c987cfe <unknown>\n#10 0x55952ce659f1 <unknown>\n#11 0x55952ce68bee <unknown>\n#12 0x55952ce6866b <unknown>\n#13 0x55952ce69015 <unknown>\n#14 0x55952ce57402 <unknown>\n#15 0x55952ce6939d <unknown>\n#16 0x55952ce415c5 <unknown>\n#17 0x55952ce81018 <unknown>\n#18 0x55952ce8122f <unknown>\n#19 0x55952ce8f54c <unknown>\n#20 0x7ff125894ac3 <unknown>","time":{"start":1732895857118,"stop":1732895867183,"duration":10065}}]},"tags":["flaky(reruns=3, reruns_delay=1)"]},"source":"4f5d201db92e4fae.json","parameterValues":["'edge'"]}