{"uid":"57cfcc452cc78cbf","name":"Check Download section title","fullName":"Tests.test_HomePage.TestHomePage#test_10","historyId":"6395fc838f9c26872210d8403f7d6f96","time":{"start":1732022508675,"stop":1732022508682,"duration":7},"status":"passed","flaky":false,"newFailed":false,"newBroken":false,"newPassed":true,"retriesCount":0,"retriesStatusChange":false,"beforeStages":[{"name":"_session_faker","time":{"start":1732022286485,"stop":1732022286541,"duration":56},"status":"passed","steps":[],"attachments":[],"parameters":[],"stepsCount":0,"shouldDisplayMessage":false,"attachmentsCount":0,"hasContent":false,"attachmentStep":false},{"name":"driver","time":{"start":1732022498542,"stop":1732022500050,"duration":1508},"status":"passed","steps":[],"attachments":[],"parameters":[],"stepsCount":0,"shouldDisplayMessage":false,"attachmentsCount":0,"hasContent":false,"attachmentStep":false},{"name":"setup","time":{"start":1732022508674,"stop":1732022508674,"duration":0},"status":"passed","steps":[],"attachments":[],"parameters":[],"stepsCount":0,"shouldDisplayMessage":false,"attachmentsCount":0,"hasContent":false,"attachmentStep":false}],"testStage":{"status":"passed","steps":[{"name":"C58341: Check section title","time":{"start":1732022508675,"stop":1732022508681,"duration":6},"status":"passed","steps":[],"attachments":[],"parameters":[],"stepsCount":0,"shouldDisplayMessage":false,"attachmentsCount":0,"hasContent":false,"attachmentStep":false}],"attachments":[],"parameters":[],"stepsCount":1,"shouldDisplayMessage":false,"attachmentsCount":0,"hasContent":true,"attachmentStep":false},"afterStages":[{"name":"driver::0","time":{"start":1732022571739,"stop":1732022572290,"duration":551},"status":"passed","steps":[],"attachments":[],"parameters":[],"stepsCount":0,"shouldDisplayMessage":false,"attachmentsCount":0,"hasContent":false,"attachmentStep":false}],"labels":[{"name":"severity","value":"normal"},{"name":"feature","value":"Home page"},{"name":"tag","value":"flaky(reruns=3, reruns_delay=1)"},{"name":"parentSuite","value":"Tests"},{"name":"suite","value":"test_HomePage"},{"name":"subSuite","value":"TestHomePage"},{"name":"host","value":"fv-az1984-766"},{"name":"thread","value":"1771-MainThread"},{"name":"framework","value":"pytest"},{"name":"language","value":"cpython3"},{"name":"package","value":"Tests.test_HomePage"},{"name":"resultFormat","value":"allure2"}],"parameters":[{"name":"driver","value":"'firefox'"}],"links":[{"name":"C58341","url":"https://hedgehoglabqa.testrail.io/index.php?/cases/view/58341","type":"tms"},{"name":"Epic QP-356","url":"https://hedgehog-lab.atlassian.net/browse/QP-356","type":"issue"},{"name":"Story QP-269","url":"https://hedgehog-lab.atlassian.net/browse/QP-269","type":"issue"}],"hidden":false,"retry":false,"extra":{"severity":"normal","retries":[],"categories":[],"history":{"statistic":{"failed":0,"broken":3,"skipped":0,"passed":8,"unknown":0,"total":11},"items":[{"uid":"95e20867a036ecf7","status":"broken","statusDetails":"TypeError: 'NoneType' object is not subscriptable","time":{"start":1732012827823,"stop":1732012827831,"duration":8}},{"uid":"7ce45a50b61b7c1b","status":"passed","time":{"start":1731930173932,"stop":1731930173939,"duration":7}},{"uid":"ba7293233b94217c","status":"passed","time":{"start":1731924749767,"stop":1731924749774,"duration":7}},{"uid":"17641d6c4dfdf93c","status":"passed","time":{"start":1731914190801,"stop":1731914190809,"duration":8}},{"uid":"ae3cc886031fe8f2","status":"broken","statusDetails":"selenium.common.exceptions.NoSuchElementException: Message: Unable to locate element: //section[@class='app-download']//h2; For documentation on this error, please visit: https://www.selenium.dev/documentation/webdriver/troubleshooting/errors#no-such-element-exception\nStacktrace:\nRemoteError@chrome://remote/content/shared/RemoteError.sys.mjs:8:8\nWebDriverError@chrome://remote/content/shared/webdriver/Errors.sys.mjs:193:5\nNoSuchElementError@chrome://remote/content/shared/webdriver/Errors.sys.mjs:511:5\ndom.find/</<@chrome://remote/content/shared/DOM.sys.mjs:136:16","time":{"start":1731814783918,"stop":1731814793930,"duration":10012}},{"uid":"8bf39b161099c28c","status":"broken","statusDetails":"selenium.common.exceptions.NoSuchElementException: Message: Unable to locate element: //section[@class='app-download']//h2; For documentation on this error, please visit: https://www.selenium.dev/documentation/webdriver/troubleshooting/errors#no-such-element-exception\nStacktrace:\nRemoteError@chrome://remote/content/shared/RemoteError.sys.mjs:8:8\nWebDriverError@chrome://remote/content/shared/webdriver/Errors.sys.mjs:193:5\nNoSuchElementError@chrome://remote/content/shared/webdriver/Errors.sys.mjs:511:5\ndom.find/</<@chrome://remote/content/shared/DOM.sys.mjs:136:16","time":{"start":1731684940249,"stop":1731684950260,"duration":10011}},{"uid":"c15f7673345b23cb","status":"passed","time":{"start":1731570810860,"stop":1731570810867,"duration":7}},{"uid":"81d88c6cffca4301","status":"passed","time":{"start":1731485533274,"stop":1731485533281,"duration":7}},{"uid":"cf1c6d8d8bdf16de","status":"passed","time":{"start":1731482603937,"stop":1731482603944,"duration":7}},{"uid":"a12d5d7533c489f7","status":"passed","time":{"start":1731480628611,"stop":1731480628618,"duration":7}}]},"tags":["flaky(reruns=3, reruns_delay=1)"]},"source":"57cfcc452cc78cbf.json","parameterValues":["'firefox'"]}