{"uid":"5960455c5eed6d8","name":"Click Download section App Store button","fullName":"Tests.test_HomePage.TestHomePage#test_14","historyId":"84bc9237b4ffb21684497cab1d088ca3","time":{"start":1732959173684,"stop":1732959173689,"duration":5},"status":"passed","flaky":false,"newFailed":false,"newBroken":false,"newPassed":false,"retriesCount":0,"retriesStatusChange":false,"beforeStages":[{"name":"_session_faker","time":{"start":1732958935691,"stop":1732958935747,"duration":56},"status":"passed","steps":[],"attachments":[],"parameters":[],"stepsCount":0,"shouldDisplayMessage":false,"attachmentsCount":0,"hasContent":false,"attachmentStep":false},{"name":"driver","time":{"start":1732959163177,"stop":1732959164675,"duration":1498},"status":"passed","steps":[],"attachments":[],"parameters":[],"stepsCount":0,"shouldDisplayMessage":false,"attachmentsCount":0,"hasContent":false,"attachmentStep":false},{"name":"setup","time":{"start":1732959173683,"stop":1732959173683,"duration":0},"status":"passed","steps":[],"attachments":[],"parameters":[],"stepsCount":0,"shouldDisplayMessage":false,"attachmentsCount":0,"hasContent":false,"attachmentStep":false}],"testStage":{"status":"passed","steps":[{"name":"C58344: Check the redirected url","time":{"start":1732959173684,"stop":1732959173689,"duration":5},"status":"passed","steps":[],"attachments":[],"parameters":[],"stepsCount":0,"shouldDisplayMessage":false,"attachmentsCount":0,"hasContent":false,"attachmentStep":false}],"attachments":[],"parameters":[],"stepsCount":1,"shouldDisplayMessage":false,"attachmentsCount":0,"hasContent":true,"attachmentStep":false},"afterStages":[{"name":"driver::0","time":{"start":1732959236299,"stop":1732959236852,"duration":553},"status":"passed","steps":[],"attachments":[],"parameters":[],"stepsCount":0,"shouldDisplayMessage":false,"attachmentsCount":0,"hasContent":false,"attachmentStep":false}],"labels":[{"name":"feature","value":"Home page"},{"name":"severity","value":"normal"},{"name":"tag","value":"flaky(reruns=3, reruns_delay=1)"},{"name":"parentSuite","value":"Tests"},{"name":"suite","value":"test_HomePage"},{"name":"subSuite","value":"TestHomePage"},{"name":"host","value":"fv-az887-489"},{"name":"thread","value":"1878-MainThread"},{"name":"framework","value":"pytest"},{"name":"language","value":"cpython3"},{"name":"package","value":"Tests.test_HomePage"},{"name":"resultFormat","value":"allure2"}],"parameters":[{"name":"driver","value":"'firefox'"}],"links":[{"name":"C58344","url":"https://hedgehoglabqa.testrail.io/index.php?/cases/view/58344","type":"tms"},{"name":"Epic QP-356","url":"https://hedgehog-lab.atlassian.net/browse/QP-356","type":"issue"},{"name":"Story QP-269","url":"https://hedgehog-lab.atlassian.net/browse/QP-269","type":"issue"}],"hidden":false,"retry":false,"extra":{"severity":"normal","retries":[],"categories":[],"history":{"statistic":{"failed":0,"broken":2,"skipped":0,"passed":13,"unknown":0,"total":15},"items":[{"uid":"bf9526b23ba4491","status":"passed","time":{"start":1732419369636,"stop":1732419369641,"duration":5}},{"uid":"3c11ac64c5b4fb9f","status":"passed","time":{"start":1732118879976,"stop":1732118879981,"duration":5}},{"uid":"2512585896695a13","status":"passed","time":{"start":1732097476606,"stop":1732097476611,"duration":5}},{"uid":"68fb41f19e70d7d9","status":"passed","time":{"start":1732022508753,"stop":1732022508758,"duration":5}},{"uid":"c95a577d09c3b948","status":"passed","time":{"start":1732012834042,"stop":1732012834047,"duration":5}},{"uid":"a131c42b6a44a6a0","status":"passed","time":{"start":1731930174012,"stop":1731930174017,"duration":5}},{"uid":"e7a8f1aecd542aa8","status":"passed","time":{"start":1731924749843,"stop":1731924749848,"duration":5}},{"uid":"5698518bf77d92cd","status":"passed","time":{"start":1731914190878,"stop":1731914190883,"duration":5}},{"uid":"ded0871ddd72121b","status":"broken","statusDetails":"selenium.common.exceptions.NoSuchElementException: Message: Unable to locate element: //section[@class='app-download']//a[contains(@href, 'apple')]; For documentation on this error, please visit: https://www.selenium.dev/documentation/webdriver/troubleshooting/errors#no-such-element-exception\nStacktrace:\nRemoteError@chrome://remote/content/shared/RemoteError.sys.mjs:8:8\nWebDriverError@chrome://remote/content/shared/webdriver/Errors.sys.mjs:193:5\nNoSuchElementError@chrome://remote/content/shared/webdriver/Errors.sys.mjs:511:5\ndom.find/</<@chrome://remote/content/shared/DOM.sys.mjs:136:16","time":{"start":1731814996398,"stop":1731815006409,"duration":10011}},{"uid":"1d17303adbcd2f2d","status":"broken","statusDetails":"selenium.common.exceptions.NoSuchElementException: Message: Unable to locate element: //section[@class='app-download']//a[contains(@href, 'apple')]; For documentation on this error, please visit: https://www.selenium.dev/documentation/webdriver/troubleshooting/errors#no-such-element-exception\nStacktrace:\nRemoteError@chrome://remote/content/shared/RemoteError.sys.mjs:8:8\nWebDriverError@chrome://remote/content/shared/webdriver/Errors.sys.mjs:193:5\nNoSuchElementError@chrome://remote/content/shared/webdriver/Errors.sys.mjs:511:5\ndom.find/</<@chrome://remote/content/shared/DOM.sys.mjs:136:16","time":{"start":1731685152733,"stop":1731685162740,"duration":10007}},{"uid":"4dc338edda33fdd8","status":"passed","time":{"start":1731570810935,"stop":1731570810940,"duration":5}},{"uid":"d46166ae4df2aa0a","status":"passed","time":{"start":1731485533351,"stop":1731485533356,"duration":5}},{"uid":"a3f4a998d1f5d198","status":"passed","time":{"start":1731482604011,"stop":1731482604016,"duration":5}},{"uid":"1e7826b8685aa772","status":"passed","time":{"start":1731480628687,"stop":1731480628691,"duration":4}}]},"tags":["flaky(reruns=3, reruns_delay=1)"]},"source":"5960455c5eed6d8.json","parameterValues":["'firefox'"]}