{"uid":"6aa7ebcd05eb8f7d","name":"Click save site button","fullName":"Tests.test_Sites.TestSites#test_36","historyId":"d1c37a1b84bf42d255fb3101ca5a0e4e","time":{"start":1733631659795,"stop":1733631670319,"duration":10524},"status":"broken","statusMessage":"selenium.common.exceptions.TimeoutException: Message:","statusTrace":"self = <Tests.test_Sites.TestSites object at 0x1058d2450>\ndriver = <selenium.webdriver.safari.webdriver.WebDriver (session=\"20661C15-44C0-45CC-8E56-3827C3B25E32\")>\n\n    @severity(severity_level.BLOCKER)\n    @allure.feature('Individual Sites')\n    @allure.title(\"Click save site button\")\n    @allure.issue(\"QP-283\", \"Story QP-283\")\n    @allure.issue(\"QP-356\", \"Epic QP-356\")\n    @allure.testcase(\"58745\", \"C58745\")\n    def test_36(self, driver):\n        sites_obj = Sites(driver)\n        main_nav_obj = MainNavigation(driver)\n>       sites_obj.click_save_site_button()\n\nTests/test_Sites.py:878: \n_ _ _ _ _ _ _ _ _ _ _ _ _ _ _ _ _ _ _ _ _ _ _ _ _ _ _ _ _ _ _ _ _ _ _ _ _ _ _ _ \nPages/SitesPage.py:450: in click_save_site_button\n    self.driver.find_element(*self.save_site_button).click()\n/Library/Frameworks/Python.framework/Versions/3.11/lib/python3.11/site-packages/selenium/webdriver/remote/webdriver.py:741: in find_element\n    return self.execute(Command.FIND_ELEMENT, {\"using\": by, \"value\": value})[\"value\"]\n/Library/Frameworks/Python.framework/Versions/3.11/lib/python3.11/site-packages/selenium/webdriver/remote/webdriver.py:347: in execute\n    self.error_handler.check_response(response)\n_ _ _ _ _ _ _ _ _ _ _ _ _ _ _ _ _ _ _ _ _ _ _ _ _ _ _ _ _ _ _ _ _ _ _ _ _ _ _ _ \n\nself = <selenium.webdriver.remote.errorhandler.ErrorHandler object at 0x1068382d0>\nresponse = {'status': 408, 'value': '{\"value\":{\"error\":\"timeout\",\"message\":\"\",\"stacktrace\":\"\"}}'}\n\n    def check_response(self, response: Dict[str, Any]) -> None:\n        \"\"\"Checks that a JSON response from the WebDriver does not have an\n        error.\n    \n        :Args:\n         - response - The JSON response from the WebDriver server as a dictionary\n           object.\n    \n        :Raises: If the response contains an error message.\n        \"\"\"\n        status = response.get(\"status\", None)\n        if not status or status == ErrorCode.SUCCESS:\n            return\n        value = None\n        message = response.get(\"message\", \"\")\n        screen: str = response.get(\"screen\", \"\")\n        stacktrace = None\n        if isinstance(status, int):\n            value_json = response.get(\"value\", None)\n            if value_json and isinstance(value_json, str):\n                import json\n    \n                try:\n                    value = json.loads(value_json)\n                    if len(value) == 1:\n                        value = value[\"value\"]\n                    status = value.get(\"error\", None)\n                    if not status:\n                        status = value.get(\"status\", ErrorCode.UNKNOWN_ERROR)\n                        message = value.get(\"value\") or value.get(\"message\")\n                        if not isinstance(message, str):\n                            value = message\n                            message = message.get(\"message\")\n                    else:\n                        message = value.get(\"message\", None)\n                except ValueError:\n                    pass\n    \n        exception_class: Type[WebDriverException]\n        e = ErrorCode()\n        error_codes = [item for item in dir(e) if not item.startswith(\"__\")]\n        for error_code in error_codes:\n            error_info = getattr(ErrorCode, error_code)\n            if isinstance(error_info, list) and status in error_info:\n                exception_class = getattr(ExceptionMapping, error_code, WebDriverException)\n                break\n        else:\n            exception_class = WebDriverException\n    \n        if not value:\n            value = response[\"value\"]\n        if isinstance(value, str):\n            raise exception_class(value)\n        if message == \"\" and \"message\" in value:\n            message = value[\"message\"]\n    \n        screen = None  # type: ignore[assignment]\n        if \"screen\" in value:\n            screen = value[\"screen\"]\n    \n        stacktrace = None\n        st_value = value.get(\"stackTrace\") or value.get(\"stacktrace\")\n        if st_value:\n            if isinstance(st_value, str):\n                stacktrace = st_value.split(\"\\n\")\n            else:\n                stacktrace = []\n                try:\n                    for frame in st_value:\n                        line = frame.get(\"lineNumber\", \"\")\n                        file = frame.get(\"fileName\", \"<anonymous>\")\n                        if line:\n                            file = f\"{file}:{line}\"\n                        meth = frame.get(\"methodName\", \"<anonymous>\")\n                        if \"className\" in frame:\n                            meth = f\"{frame['className']}.{meth}\"\n                        msg = \"    at %s (%s)\"\n                        msg = msg % (meth, file)\n                        stacktrace.append(msg)\n                except TypeError:\n                    pass\n        if exception_class == UnexpectedAlertPresentException:\n            alert_text = None\n            if \"data\" in value:\n                alert_text = value[\"data\"].get(\"text\")\n            elif \"alert\" in value:\n                alert_text = value[\"alert\"].get(\"text\")\n            raise exception_class(message, screen, stacktrace, alert_text)  # type: ignore[call-arg]  # mypy is not smart enough here\n>       raise exception_class(message, screen, stacktrace)\nE       selenium.common.exceptions.TimeoutException: Message:\n\n/Library/Frameworks/Python.framework/Versions/3.11/lib/python3.11/site-packages/selenium/webdriver/remote/errorhandler.py:229: TimeoutException","flaky":false,"newFailed":false,"newBroken":true,"newPassed":false,"retriesCount":3,"retriesStatusChange":false,"beforeStages":[{"name":"_session_faker","time":{"start":1733628970819,"stop":1733628970869,"duration":50},"status":"passed","steps":[],"attachments":[],"parameters":[],"shouldDisplayMessage":false,"stepsCount":0,"attachmentsCount":0,"hasContent":false,"attachmentStep":false},{"name":"driver","time":{"start":1733629705795,"stop":1733629706624,"duration":829},"status":"passed","steps":[],"attachments":[],"parameters":[],"shouldDisplayMessage":false,"stepsCount":0,"attachmentsCount":0,"hasContent":false,"attachmentStep":false}],"afterStages":[{"name":"driver::0","time":{"start":1733631872750,"stop":1733631872778,"duration":28},"status":"passed","steps":[],"attachments":[],"parameters":[],"shouldDisplayMessage":false,"stepsCount":0,"attachmentsCount":0,"hasContent":false,"attachmentStep":false}],"labels":[{"name":"feature","value":"Individual Sites"},{"name":"severity","value":"blocker"},{"name":"tag","value":"flaky(reruns=3, reruns_delay=1)"},{"name":"parentSuite","value":"Tests"},{"name":"suite","value":"test_Sites"},{"name":"subSuite","value":"TestSites"},{"name":"host","value":"Mac-1733628234449.local"},{"name":"thread","value":"2003-MainThread"},{"name":"framework","value":"pytest"},{"name":"language","value":"cpython3"},{"name":"package","value":"Tests.test_Sites"},{"name":"resultFormat","value":"allure2"}],"parameters":[{"name":"driver","value":"'safari'"}],"links":[{"name":"C58745","url":"https://hedgehoglabqa.testrail.io/index.php?/cases/view/58745","type":"tms"},{"name":"Epic QP-356","url":"https://hedgehog-lab.atlassian.net/browse/QP-356","type":"issue"},{"name":"Story QP-283","url":"https://hedgehog-lab.atlassian.net/browse/QP-283","type":"issue"}],"hidden":false,"retry":false,"extra":{"severity":"blocker","retries":[{"uid":"c96ebe32190e0e65","status":"broken","statusDetails":"selenium.common.exceptions.TimeoutException: Message:","time":{"start":1733631648081,"stop":1733631658597,"duration":10516}},{"uid":"1fd5bc3e0122ef72","status":"broken","statusDetails":"selenium.common.exceptions.NoSuchElementException: Message: ; For documentation on this error, please visit: https://www.selenium.dev/documentation/webdriver/troubleshooting/errors#no-such-element-exception","time":{"start":1733631637043,"stop":1733631647010,"duration":9967}},{"uid":"5f04f64f4c25a6ad","status":"broken","statusDetails":"selenium.common.exceptions.NoSuchElementException: Message: ; For documentation on this error, please visit: https://www.selenium.dev/documentation/webdriver/troubleshooting/errors#no-such-element-exception","time":{"start":1733631625860,"stop":1733631635837,"duration":9977}}],"categories":[{"name":"Test defects","matchedStatuses":[],"flaky":false}],"history":{"statistic":{"failed":0,"broken":2,"skipped":0,"passed":5,"unknown":0,"total":7},"items":[{"uid":"bb459899b0ecb75","status":"passed","time":{"start":1733044953682,"stop":1733044958017,"duration":4335}},{"uid":"dc3a2783ee2cafbf","status":"passed","time":{"start":1733025299899,"stop":1733025304397,"duration":4498}},{"uid":"7835427a56ba216d","status":"passed","time":{"start":1732959715417,"stop":1732959719748,"duration":4331}},{"uid":"c866d3269ac00690","status":"passed","time":{"start":1732957723087,"stop":1732957727593,"duration":4506}},{"uid":"aa7cd3e300dfb283","status":"broken","statusDetails":"selenium.common.exceptions.ElementNotInteractableException: Message:","time":{"start":1732899243323,"stop":1732899243339,"duration":16}},{"uid":"9cc58647fc4ca34a","status":"passed","time":{"start":1732895962659,"stop":1732895966977,"duration":4318}}]},"tags":["flaky(reruns=3, reruns_delay=1)"]},"source":"6aa7ebcd05eb8f7d.json","parameterValues":["'safari'"]}