{"uid":"6b637bca7d3e9300","name":"Site with more than one photo","fullName":"Tests.test_Sites.TestSites#test_20","historyId":"61004779ca357e2f044ed071e544a13b","time":{"start":1732959520335,"stop":1732959532781,"duration":12446},"status":"passed","flaky":false,"newFailed":false,"newBroken":false,"newPassed":false,"retriesCount":1,"retriesStatusChange":true,"beforeStages":[{"name":"_session_faker","time":{"start":1732958944270,"stop":1732958944326,"duration":56},"status":"passed","steps":[],"attachments":[],"parameters":[],"stepsCount":0,"shouldDisplayMessage":false,"attachmentsCount":0,"hasContent":false,"attachmentStep":false},{"name":"driver","time":{"start":1732959270537,"stop":1732959270803,"duration":266},"status":"passed","steps":[],"attachments":[],"parameters":[],"stepsCount":0,"shouldDisplayMessage":false,"attachmentsCount":0,"hasContent":false,"attachmentStep":false}],"testStage":{"status":"passed","steps":[{"name":"C58413: The image 555x465px-Mosque_of_Atban_Bin_Malik_6.webp is correct","time":{"start":1732959531409,"stop":1732959531409,"duration":0},"status":"passed","steps":[],"attachments":[],"parameters":[],"stepsCount":0,"shouldDisplayMessage":false,"attachmentsCount":0,"hasContent":false,"attachmentStep":false},{"name":"C58413: The image abu_as_suud_118292.jpg is correct","time":{"start":1732959531409,"stop":1732959531409,"duration":0},"status":"passed","steps":[],"attachments":[],"parameters":[],"stepsCount":0,"shouldDisplayMessage":false,"attachmentsCount":0,"hasContent":false,"attachmentStep":false},{"name":"C58413: The image download (3).jpeg is correct","time":{"start":1732959531409,"stop":1732959531409,"duration":0},"status":"passed","steps":[],"attachments":[],"parameters":[],"stepsCount":0,"shouldDisplayMessage":false,"attachmentsCount":0,"hasContent":false,"attachmentStep":false},{"name":"C58413: The image download.jpeg is correct","time":{"start":1732959531409,"stop":1732959531409,"duration":0},"status":"passed","steps":[],"attachments":[],"parameters":[],"stepsCount":0,"shouldDisplayMessage":false,"attachmentsCount":0,"hasContent":false,"attachmentStep":false},{"name":"C58413: Next image button is visible","time":{"start":1732959531409,"stop":1732959532414,"duration":1005},"status":"passed","steps":[],"attachments":[],"parameters":[],"stepsCount":0,"shouldDisplayMessage":false,"attachmentsCount":0,"hasContent":false,"attachmentStep":false},{"name":"C58413: Scroll bar is visible","time":{"start":1732959532415,"stop":1732959532430,"duration":15},"status":"passed","steps":[],"attachments":[],"parameters":[],"stepsCount":0,"shouldDisplayMessage":false,"attachmentsCount":0,"hasContent":false,"attachmentStep":false}],"attachments":[],"parameters":[],"stepsCount":6,"shouldDisplayMessage":false,"attachmentsCount":0,"hasContent":true,"attachmentStep":false},"afterStages":[{"name":"driver::0","time":{"start":1732959748120,"stop":1732959748211,"duration":91},"status":"passed","steps":[],"attachments":[],"parameters":[],"stepsCount":0,"shouldDisplayMessage":false,"attachmentsCount":0,"hasContent":false,"attachmentStep":false}],"labels":[{"name":"severity","value":"critical"},{"name":"feature","value":"Individual Sites"},{"name":"tag","value":"flaky(reruns=3, reruns_delay=1)"},{"name":"parentSuite","value":"Tests"},{"name":"suite","value":"test_Sites"},{"name":"subSuite","value":"TestSites"},{"name":"host","value":"fv-az1016-639"},{"name":"thread","value":"1795-MainThread"},{"name":"framework","value":"pytest"},{"name":"language","value":"cpython3"},{"name":"package","value":"Tests.test_Sites"},{"name":"resultFormat","value":"allure2"}],"parameters":[{"name":"driver","value":"'chrome'"}],"links":[{"name":"C58413","url":"https://hedgehoglabqa.testrail.io/index.php?/cases/view/58413","type":"tms"},{"name":"Epic QP-356","url":"https://hedgehog-lab.atlassian.net/browse/QP-356","type":"issue"},{"name":"Story QP-264","url":"https://hedgehog-lab.atlassian.net/browse/QP-264","type":"issue"}],"hidden":false,"retry":false,"extra":{"severity":"critical","retries":[{"uid":"d92e388922c7831","status":"failed","statusDetails":"AssertionError: FAILURE: assert False\n +  where False = <bound method AboutPage.is_next_slide_button_visible of <Pages.AboutPage.AboutPage object at 0x7fd97dfe6f10>>()\n +    where <bound method AboutPage.is_next_slide_button_visible of <Pages.AboutPage.AboutPage object at 0x7fd97dfe6f10>> = <Pages.AboutPage.AboutPage object at 0x7fd97dfe6f10>.is_next_slide_button_visible\ntest_Sites.py:503 in test_20() -> with check, allure.step(\"C58413: Next image button is visible\"):\ntest_Sites.py:504 in test_20 -> assert about_obj.is_next_slide_button_visible()\nAssertionError: assert False\n +  where False = <bound method AboutPage.is_next_slide_button_visible of <Pages.AboutPage.AboutPage object at 0x7fd97dfe6f10>>()\n +    where <bound method AboutPage.is_next_slide_button_visible of <Pages.AboutPage.AboutPage object at 0x7fd97dfe6f10>> = <Pages.AboutPage.AboutPage object at 0x7fd97dfe6f10>.is_next_slide_button_visible\n\n\n------------------------------------------------------------\nFailed Checks: 1","time":{"start":1732959497426,"stop":1732959519333,"duration":21907}}],"categories":[],"history":{"statistic":{"failed":0,"broken":2,"skipped":0,"passed":2,"unknown":0,"total":4},"items":[{"uid":"f22ffc2b1199f447","status":"passed","time":{"start":1732957525566,"stop":1732957537620,"duration":12054}},{"uid":"cab20c4e0e0b12af","status":"broken","statusDetails":"selenium.common.exceptions.NoSuchElementException: Message: no such element: Unable to locate element: {\"method\":\"xpath\",\"selector\":\"//ul[@class='nav nav-tabs']\"}\n  (Session info: chrome=131.0.6778.85); For documentation on this error, please visit: https://www.selenium.dev/documentation/webdriver/troubleshooting/errors#no-such-element-exception\nStacktrace:\n#0 0x565110a5331a <unknown>\n#1 0x5651105696e0 <unknown>\n#2 0x5651105b83e6 <unknown>\n#3 0x5651105b8681 <unknown>\n#4 0x5651105fdb04 <unknown>\n#5 0x5651105dc48d <unknown>\n#6 0x5651105faed7 <unknown>\n#7 0x5651105dc203 <unknown>\n#8 0x5651105aacc0 <unknown>\n#9 0x5651105abc9e <unknown>\n#10 0x565110a20d0b <unknown>\n#11 0x565110a24c92 <unknown>\n#12 0x565110a0db3c <unknown>\n#13 0x565110a25807 <unknown>\n#14 0x5651109f30df <unknown>\n#15 0x565110a42578 <unknown>\n#16 0x565110a42740 <unknown>\n#17 0x565110a52196 <unknown>\n#18 0x7f81cfa94ac3 <unknown>","time":{"start":1732898969159,"stop":1732898979191,"duration":10032}},{"uid":"f3a1537a03abd90e","status":"broken","statusDetails":"selenium.common.exceptions.NoSuchElementException: Message: no such element: Unable to locate element: {\"method\":\"xpath\",\"selector\":\"//ul[@class='nav nav-tabs']\"}\n  (Session info: chrome=131.0.6778.85); For documentation on this error, please visit: https://www.selenium.dev/documentation/webdriver/troubleshooting/errors#no-such-element-exception\nStacktrace:\n#0 0x557bef35631a <unknown>\n#1 0x557beee6c6e0 <unknown>\n#2 0x557beeebb3e6 <unknown>\n#3 0x557beeebb681 <unknown>\n#4 0x557beef00b04 <unknown>\n#5 0x557beeedf48d <unknown>\n#6 0x557beeefded7 <unknown>\n#7 0x557beeedf203 <unknown>\n#8 0x557beeeadcc0 <unknown>\n#9 0x557beeeaec9e <unknown>\n#10 0x557bef323d0b <unknown>\n#11 0x557bef327c92 <unknown>\n#12 0x557bef310b3c <unknown>\n#13 0x557bef328807 <unknown>\n#14 0x557bef2f60df <unknown>\n#15 0x557bef345578 <unknown>\n#16 0x557bef345740 <unknown>\n#17 0x557bef355196 <unknown>\n#18 0x7f533ca94ac3 <unknown>","time":{"start":1732895813926,"stop":1732895823973,"duration":10047}}]},"tags":["flaky(reruns=3, reruns_delay=1)"]},"source":"6b637bca7d3e9300.json","parameterValues":["'chrome'"]}