{"uid":"6f8666f06dbb2763","name":"Click Add to Calendar link","fullName":"Tests.test_Events.TestEvents#test_17","historyId":"8908ec96a3c3d1e16c8303bcf4a5a9f1","time":{"start":1733302696771,"stop":1733302706826,"duration":10055},"status":"failed","statusMessage":"AssertionError: FAILURE: assert False\ntest_Events.py:355 in test_17() -> with check, allure.step(\"C58500: File is downloaded\"):\ntest_Events.py:356 in test_17 -> assert cond\nAssertionError: assert False\n\n\n------------------------------------------------------------\nFailed Checks: 1\n------------------------------------------------------------\nself = <Tests.test_Events.TestEvents object at 0x7f814d91dbd0>\ndriver = <selenium.webdriver.edge.webdriver.WebDriver (session=\"17dea56c1ac367dee40320f8da14349f\")>\n\n    @severity(severity_level.CRITICAL)\n    @allure.feature('Individual Events')\n    @allure.title(\"Click Add to Calendar link\")\n    @allure.issue(\"QP-268\", \"Story QP-268\")\n    @allure.issue(\"QP-356\", \"Epic QP-356\")\n    @allure.testcase(\"58500\", \"C58500\")\n    @pytest.mark.dependency(depends=[\"test_8\"])\n    def test_17(self, driver):\n        events_obj = Events(driver)\n        download_dir = self.create_download_dir(self.current_browser)\n        file_name = self.get_download_file_name(driver.current_url)\n        file_path = os.path.join(download_dir, file_name)\n        events_obj.click_single_event_add_to_calendar_link()\n    \n        cond = False\n        for _ in range(10):\n            if os.path.exists(file_path):\n                cond = True\n                break\n            time.sleep(1)\n        with check, allure.step(\"C58500: File is downloaded\"):\n            assert cond\n    \n        file_content = {}\n>       file = open(file_path, 'r')\nE       FileNotFoundError: [Errno 2] No such file or directory: '/home/runner/work/QUBA_WEB/QUBA_WEB/Resources/edge_download_dir/leverage-synergies.ics'\n\nTests/test_Events.py:359: FileNotFoundError","statusTrace":"FAILURE: assert False\ntest_Events.py:355 in test_17() -> with check, allure.step(\"C58500: File is downloaded\"):\ntest_Events.py:356 in test_17 -> assert cond\nAssertionError: assert False\n\n\n------------------------------------------------------------\nFailed Checks: 1\n------------------------------------------------------------\nself = <Tests.test_Events.TestEvents object at 0x7f814d91dbd0>\ndriver = <selenium.webdriver.edge.webdriver.WebDriver (session=\"17dea56c1ac367dee40320f8da14349f\")>\n\n    @severity(severity_level.CRITICAL)\n    @allure.feature('Individual Events')\n    @allure.title(\"Click Add to Calendar link\")\n    @allure.issue(\"QP-268\", \"Story QP-268\")\n    @allure.issue(\"QP-356\", \"Epic QP-356\")\n    @allure.testcase(\"58500\", \"C58500\")\n    @pytest.mark.dependency(depends=[\"test_8\"])\n    def test_17(self, driver):\n        events_obj = Events(driver)\n        download_dir = self.create_download_dir(self.current_browser)\n        file_name = self.get_download_file_name(driver.current_url)\n        file_path = os.path.join(download_dir, file_name)\n        events_obj.click_single_event_add_to_calendar_link()\n    \n        cond = False\n        for _ in range(10):\n            if os.path.exists(file_path):\n                cond = True\n                break\n            time.sleep(1)\n        with check, allure.step(\"C58500: File is downloaded\"):\n            assert cond\n    \n        file_content = {}\n>       file = open(file_path, 'r')\nE       FileNotFoundError: [Errno 2] No such file or directory: '/home/runner/work/QUBA_WEB/QUBA_WEB/Resources/edge_download_dir/leverage-synergies.ics'\n\nTests/test_Events.py:359: FileNotFoundError","flaky":false,"newFailed":false,"newBroken":false,"newPassed":false,"retriesCount":0,"retriesStatusChange":false,"beforeStages":[{"name":"_session_faker","time":{"start":1733302625141,"stop":1733302625207,"duration":66},"status":"passed","steps":[],"attachments":[],"parameters":[],"stepsCount":0,"shouldDisplayMessage":false,"attachmentsCount":0,"hasContent":false,"attachmentStep":false},{"name":"driver","time":{"start":1733302625207,"stop":1733302647053,"duration":21846},"status":"passed","steps":[],"attachments":[],"parameters":[],"stepsCount":0,"shouldDisplayMessage":false,"attachmentsCount":0,"hasContent":false,"attachmentStep":false}],"testStage":{"status":"failed","statusMessage":"AssertionError: FAILURE: assert False\ntest_Events.py:355 in test_17() -> with check, allure.step(\"C58500: File is downloaded\"):\ntest_Events.py:356 in test_17 -> assert cond\nAssertionError: assert False\n\n\n------------------------------------------------------------\nFailed Checks: 1\n------------------------------------------------------------\nself = <Tests.test_Events.TestEvents object at 0x7f814d91dbd0>\ndriver = <selenium.webdriver.edge.webdriver.WebDriver (session=\"17dea56c1ac367dee40320f8da14349f\")>\n\n    @severity(severity_level.CRITICAL)\n    @allure.feature('Individual Events')\n    @allure.title(\"Click Add to Calendar link\")\n    @allure.issue(\"QP-268\", \"Story QP-268\")\n    @allure.issue(\"QP-356\", \"Epic QP-356\")\n    @allure.testcase(\"58500\", \"C58500\")\n    @pytest.mark.dependency(depends=[\"test_8\"])\n    def test_17(self, driver):\n        events_obj = Events(driver)\n        download_dir = self.create_download_dir(self.current_browser)\n        file_name = self.get_download_file_name(driver.current_url)\n        file_path = os.path.join(download_dir, file_name)\n        events_obj.click_single_event_add_to_calendar_link()\n    \n        cond = False\n        for _ in range(10):\n            if os.path.exists(file_path):\n                cond = True\n                break\n            time.sleep(1)\n        with check, allure.step(\"C58500: File is downloaded\"):\n            assert cond\n    \n        file_content = {}\n>       file = open(file_path, 'r')\nE       FileNotFoundError: [Errno 2] No such file or directory: '/home/runner/work/QUBA_WEB/QUBA_WEB/Resources/edge_download_dir/leverage-synergies.ics'\n\nTests/test_Events.py:359: FileNotFoundError","statusTrace":"FAILURE: assert False\ntest_Events.py:355 in test_17() -> with check, allure.step(\"C58500: File is downloaded\"):\ntest_Events.py:356 in test_17 -> assert cond\nAssertionError: assert False\n\n\n------------------------------------------------------------\nFailed Checks: 1\n------------------------------------------------------------\nself = <Tests.test_Events.TestEvents object at 0x7f814d91dbd0>\ndriver = <selenium.webdriver.edge.webdriver.WebDriver (session=\"17dea56c1ac367dee40320f8da14349f\")>\n\n    @severity(severity_level.CRITICAL)\n    @allure.feature('Individual Events')\n    @allure.title(\"Click Add to Calendar link\")\n    @allure.issue(\"QP-268\", \"Story QP-268\")\n    @allure.issue(\"QP-356\", \"Epic QP-356\")\n    @allure.testcase(\"58500\", \"C58500\")\n    @pytest.mark.dependency(depends=[\"test_8\"])\n    def test_17(self, driver):\n        events_obj = Events(driver)\n        download_dir = self.create_download_dir(self.current_browser)\n        file_name = self.get_download_file_name(driver.current_url)\n        file_path = os.path.join(download_dir, file_name)\n        events_obj.click_single_event_add_to_calendar_link()\n    \n        cond = False\n        for _ in range(10):\n            if os.path.exists(file_path):\n                cond = True\n                break\n            time.sleep(1)\n        with check, allure.step(\"C58500: File is downloaded\"):\n            assert cond\n    \n        file_content = {}\n>       file = open(file_path, 'r')\nE       FileNotFoundError: [Errno 2] No such file or directory: '/home/runner/work/QUBA_WEB/QUBA_WEB/Resources/edge_download_dir/leverage-synergies.ics'\n\nTests/test_Events.py:359: FileNotFoundError","steps":[{"name":"C58500: File is downloaded","time":{"start":1733302706824,"stop":1733302706824,"duration":0},"status":"failed","statusMessage":"AssertionError: assert False\n","statusTrace":"  File \"/home/runner/work/QUBA_WEB/QUBA_WEB/Tests/test_Events.py\", line 356, in test_17\n    assert cond\n","steps":[],"attachments":[],"parameters":[],"stepsCount":0,"shouldDisplayMessage":true,"attachmentsCount":0,"hasContent":true,"attachmentStep":false}],"attachments":[],"parameters":[],"stepsCount":1,"shouldDisplayMessage":true,"attachmentsCount":0,"hasContent":true,"attachmentStep":false},"afterStages":[{"name":"driver::0","time":{"start":1733302717904,"stop":1733302718005,"duration":101},"status":"passed","steps":[],"attachments":[],"parameters":[],"stepsCount":0,"shouldDisplayMessage":false,"attachmentsCount":0,"hasContent":false,"attachmentStep":false}],"labels":[{"name":"severity","value":"critical"},{"name":"feature","value":"Individual Events"},{"name":"tag","value":"dependency(depends=['test_8'])"},{"name":"tag","value":"flaky(reruns=3, reruns_delay=1)"},{"name":"parentSuite","value":"Tests"},{"name":"suite","value":"test_Events"},{"name":"subSuite","value":"TestEvents"},{"name":"host","value":"fv-az1773-789"},{"name":"thread","value":"1783-MainThread"},{"name":"framework","value":"pytest"},{"name":"language","value":"cpython3"},{"name":"package","value":"Tests.test_Events"},{"name":"resultFormat","value":"allure2"}],"parameters":[{"name":"driver","value":"'edge'"}],"links":[{"name":"C58500","url":"https://hedgehoglabqa.testrail.io/index.php?/cases/view/58500","type":"tms"},{"name":"Epic QP-356","url":"https://hedgehog-lab.atlassian.net/browse/QP-356","type":"issue"},{"name":"Story QP-268","url":"https://hedgehog-lab.atlassian.net/browse/QP-268","type":"issue"}],"hidden":true,"retry":true,"extra":{"categories":[],"tags":["dependency(depends=['test_8'])","flaky(reruns=3, reruns_delay=1)"]},"source":"6f8666f06dbb2763.json","parameterValues":["'edge'"]}