{"uid":"83473886930d82db","name":"Welcome message appearance","fullName":"Tests.test_ContactPage.TestContactPage#test_2","historyId":"83892223d8f6dc11f91d0f3f5b4896cb","time":{"start":1733044379786,"stop":1733044379817,"duration":31},"status":"passed","flaky":false,"newFailed":false,"newBroken":false,"newPassed":false,"retriesCount":0,"retriesStatusChange":false,"beforeStages":[{"name":"_session_faker","time":{"start":1733044169517,"stop":1733044169573,"duration":56},"status":"passed","steps":[],"attachments":[],"parameters":[],"stepsCount":0,"shouldDisplayMessage":false,"attachmentsCount":0,"hasContent":false,"attachmentStep":false},{"name":"driver","time":{"start":1733044371531,"stop":1733044373160,"duration":1629},"status":"passed","steps":[],"attachments":[],"parameters":[],"stepsCount":0,"shouldDisplayMessage":false,"attachmentsCount":0,"hasContent":false,"attachmentStep":false}],"testStage":{"status":"passed","steps":[{"name":"C58452: Welcome title is visible","time":{"start":1733044379787,"stop":1733044379806,"duration":19},"status":"passed","steps":[],"attachments":[],"parameters":[],"stepsCount":0,"shouldDisplayMessage":false,"attachmentsCount":0,"hasContent":false,"attachmentStep":false},{"name":"C58452: Welcome description is visible","time":{"start":1733044379806,"stop":1733044379816,"duration":10},"status":"passed","steps":[],"attachments":[],"parameters":[],"stepsCount":0,"shouldDisplayMessage":false,"attachmentsCount":0,"hasContent":false,"attachmentStep":false}],"attachments":[],"parameters":[],"stepsCount":2,"shouldDisplayMessage":false,"attachmentsCount":0,"hasContent":true,"attachmentStep":false},"afterStages":[{"name":"driver::0","time":{"start":1733044405167,"stop":1733044405837,"duration":670},"status":"passed","steps":[],"attachments":[],"parameters":[],"stepsCount":0,"shouldDisplayMessage":false,"attachmentsCount":0,"hasContent":false,"attachmentStep":false}],"labels":[{"name":"severity","value":"normal"},{"name":"feature","value":"Contact page"},{"name":"tag","value":"dependency(depends=['test_1'])"},{"name":"tag","value":"flaky(reruns=3, reruns_delay=1)"},{"name":"parentSuite","value":"Tests"},{"name":"suite","value":"test_ContactPage"},{"name":"subSuite","value":"TestContactPage"},{"name":"host","value":"fv-az1776-739"},{"name":"thread","value":"1833-MainThread"},{"name":"framework","value":"pytest"},{"name":"language","value":"cpython3"},{"name":"package","value":"Tests.test_ContactPage"},{"name":"resultFormat","value":"allure2"}],"parameters":[{"name":"driver","value":"'firefox'"}],"links":[{"name":"C58452","url":"https://hedgehoglabqa.testrail.io/index.php?/cases/view/58452","type":"tms"},{"name":"QP-356","url":"https://hedgehog-lab.atlassian.net/browse/QP-356","type":"issue"},{"name":"QP-271","url":"https://hedgehog-lab.atlassian.net/browse/QP-271","type":"issue"}],"hidden":false,"retry":false,"extra":{"severity":"normal","retries":[],"categories":[],"history":{"statistic":{"failed":2,"broken":4,"skipped":0,"passed":11,"unknown":0,"total":17},"items":[{"uid":"6fa180e0fa6c9284","status":"passed","time":{"start":1733024765496,"stop":1733024786671,"duration":21175}},{"uid":"9953051cf57d561d","status":"passed","time":{"start":1732959141709,"stop":1732959162553,"duration":20844}},{"uid":"4f376a18311041b7","status":"passed","time":{"start":1732419337145,"stop":1732419358196,"duration":21051}},{"uid":"45169bdb15c79ed","status":"passed","time":{"start":1732118846749,"stop":1732118867676,"duration":20927}},{"uid":"153f86d51b9d0208","status":"passed","time":{"start":1732097443410,"stop":1732097464725,"duration":21315}},{"uid":"2539f652978c3a4c","status":"broken","statusDetails":"imaplib.IMAP4.error: b'[AUTHENTICATIONFAILED] Invalid credentials (Failure)'","time":{"start":1732022472083,"stop":1732022497879,"duration":25796}},{"uid":"45e3ee9f0c60909","status":"passed","time":{"start":1732012777821,"stop":1732012793635,"duration":15814}},{"uid":"203dc72df9a92c32","status":"failed","statusDetails":"AssertionError: FAILURE: assert 'Full name: A...F1N4ypAR5\\r\\n' == 'Full name: M...rUKBnBkyV\\r\\n'\n  \n  - Full name: Matthew Francis\r\n  + Full name: Anna Ford\r\n  - Email address: firefox_gregperry@example.com\r\n  ?                        ----   ^^         ^^^\n  + Email address: firefox_petersonjason@example.net\r\n  ?                          ++ ^^^^^^^^         ^^^\n  - Your message: Uz7EAZo1oSo5LZ7Caa1dNTLfn2iPsiZZrUKBnBkyV\r\n  + Your message: f3cL1MbsTW4XoOLqF1N4ypAR5\ntest_ContactPage.py:52 in test_2() -> with check, allure.step(\"Email is correct\"):\ntest_ContactPage.py:53 in test_2 -> assert actual_email == expected_email\nAssertionError: assert 'Full name: A...F1N4ypAR5\\r\\n' == 'Full name: M...rUKBnBkyV\\r\\n'\n  \n  - Full name: Matthew Francis\r\n  + Full name: Anna Ford\r\n  - Email address: firefox_gregperry@example.com\r\n  ?                        ----   ^^         ^^^\n  + Email address: firefox_petersonjason@example.net\r\n  ?                          ++ ^^^^^^^^         ^^^\n  - Your message: Uz7EAZo1oSo5LZ7Caa1dNTLfn2iPsiZZrUKBnBkyV\r\n  + Your message: f3cL1MbsTW4XoOLqF1N4ypAR5\r\n\n\n------------------------------------------------------------\nFailed Checks: 1","time":{"start":1731930139529,"stop":1731930155606,"duration":16077}},{"uid":"31776c955d3495c8","status":"failed","statusDetails":"AssertionError: FAILURE: assert 'Full name: R... BvzHujYS\\r\\n' == 'Full name: S...C627uGZE7\\r\\n'\n  \n  - Full name: Susan Ford\r\n  + Full name: Ronnie Dennis\r\n  - Email address: firefox_bjordan@example.org\r\n  ?                        ^^^ ^ ^\n  + Email address: firefox_humphreyheather@example.org\r\n  ?                        ^^^^^ ^^^^ ^^^^\n  - Your message: ObNc7zpqAvft2sc34K9shGRPkQpdqi6sWRTYud2rC627uGZE7\r\n  + Your message: MqYANPY GmDCMzmjcv3MAzKgs BvzHujYS\ntest_ContactPage.py:52 in test_2() -> with check, allure.step(\"Email is correct\"):\ntest_ContactPage.py:53 in test_2 -> assert actual_email == expected_email\nAssertionError: assert 'Full name: R... BvzHujYS\\r\\n' == 'Full name: S...C627uGZE7\\r\\n'\n  \n  - Full name: Susan Ford\r\n  + Full name: Ronnie Dennis\r\n  - Email address: firefox_bjordan@example.org\r\n  ?                        ^^^ ^ ^\n  + Email address: firefox_humphreyheather@example.org\r\n  ?                        ^^^^^ ^^^^ ^^^^\n  - Your message: ObNc7zpqAvft2sc34K9shGRPkQpdqi6sWRTYud2rC627uGZE7\r\n  + Your message: MqYANPY GmDCMzmjcv3MAzKgs BvzHujYS\r\n\n\n------------------------------------------------------------\nFailed Checks: 1","time":{"start":1731924716602,"stop":1731924732633,"duration":16031}},{"uid":"dc6425cec8fd926d","status":"broken","statusDetails":"selenium.common.exceptions.NoSuchElementException: Message: Unable to locate element: [id=\"name\"]; For documentation on this error, please visit: https://www.selenium.dev/documentation/webdriver/troubleshooting/errors#no-such-element-exception\nStacktrace:\nRemoteError@chrome://remote/content/shared/RemoteError.sys.mjs:8:8\nWebDriverError@chrome://remote/content/shared/webdriver/Errors.sys.mjs:193:5\nNoSuchElementError@chrome://remote/content/shared/webdriver/Errors.sys.mjs:511:5\ndom.find/</<@chrome://remote/content/shared/DOM.sys.mjs:136:16","time":{"start":1731914164118,"stop":1731914174140,"duration":10022}},{"uid":"beea3f3aa254862e","status":"broken","statusDetails":"selenium.common.exceptions.NoSuchElementException: Message: Unable to locate element: [id=\"name\"]; For documentation on this error, please visit: https://www.selenium.dev/documentation/webdriver/troubleshooting/errors#no-such-element-exception\nStacktrace:\nRemoteError@chrome://remote/content/shared/RemoteError.sys.mjs:8:8\nWebDriverError@chrome://remote/content/shared/webdriver/Errors.sys.mjs:193:5\nNoSuchElementError@chrome://remote/content/shared/webdriver/Errors.sys.mjs:511:5\ndom.find/</<@chrome://remote/content/shared/DOM.sys.mjs:136:16","time":{"start":1731814425655,"stop":1731814435676,"duration":10021}},{"uid":"bd71c25f36b10759","status":"broken","statusDetails":"selenium.common.exceptions.NoSuchElementException: Message: Unable to locate element: [id=\"name\"]; For documentation on this error, please visit: https://www.selenium.dev/documentation/webdriver/troubleshooting/errors#no-such-element-exception\nStacktrace:\nRemoteError@chrome://remote/content/shared/RemoteError.sys.mjs:8:8\nWebDriverError@chrome://remote/content/shared/webdriver/Errors.sys.mjs:193:5\nNoSuchElementError@chrome://remote/content/shared/webdriver/Errors.sys.mjs:511:5\ndom.find/</<@chrome://remote/content/shared/DOM.sys.mjs:136:16","time":{"start":1731684583214,"stop":1731684593235,"duration":10021}},{"uid":"348ce7622f36c2b7","status":"passed","time":{"start":1731208876686,"stop":1731208892960,"duration":16274}},{"uid":"faf4d1f52a692150","status":"passed","time":{"start":1730604393047,"stop":1730604409057,"duration":16010}},{"uid":"2718cda27c2646d","status":"passed","time":{"start":1730463484339,"stop":1730463500504,"duration":16165}},{"uid":"9780089b5673d75f","status":"passed","time":{"start":1730460714170,"stop":1730460730425,"duration":16255}}]},"tags":["flaky(reruns=3, reruns_delay=1)","dependency(depends=['test_1'])"]},"source":"83473886930d82db.json","parameterValues":["'firefox'"]}