{"uid":"83a8b05a0dea4821","name":"Successful message send","fullName":"Tests.test_ContactPage.TestContactPage#test_2","historyId":"a7d44a5a87f619d306cc83d9283fd5a6","time":{"start":1730449639079,"stop":1730449649138,"duration":10059},"status":"broken","statusMessage":"selenium.common.exceptions.NoSuchElementException: Message: ; For documentation on this error, please visit: https://www.selenium.dev/documentation/webdriver/troubleshooting/errors#no-such-element-exception","statusTrace":"self = <Tests.test_ContactPage.TestContactPage object at 0x104df6650>\ndriver = <selenium.webdriver.safari.webdriver.WebDriver (session=\"1548B2B3-A615-4C30-8E94-DFFEF51C0116\")>\n\n    @severity(severity_level.CRITICAL)\n    @allure.feature('Contact page')\n    @allure.title(\"Successful message send\")\n    def test_2(self, driver):\n        contact_obj = ContactPage(driver)\n        random_name = contact_obj.generate_random_name()\n        random_email = TestContactPage.current_browser + \"_\" + contact_obj.generate_random_email()\n        random_message = contact_obj.generate_random_message()\n>       contact_obj.set_name_field(random_name)\n\nTests/test_ContactPage.py:42: \n_ _ _ _ _ _ _ _ _ _ _ _ _ _ _ _ _ _ _ _ _ _ _ _ _ _ _ _ _ _ _ _ _ _ _ _ _ _ _ _ \nPages/ContactPage.py:33: in set_name_field\n    self.driver.find_element(*self.name_input_field).send_keys(name)\n/Library/Frameworks/Python.framework/Versions/3.11/lib/python3.11/site-packages/selenium/webdriver/remote/webdriver.py:741: in find_element\n    return self.execute(Command.FIND_ELEMENT, {\"using\": by, \"value\": value})[\"value\"]\n/Library/Frameworks/Python.framework/Versions/3.11/lib/python3.11/site-packages/selenium/webdriver/remote/webdriver.py:347: in execute\n    self.error_handler.check_response(response)\n_ _ _ _ _ _ _ _ _ _ _ _ _ _ _ _ _ _ _ _ _ _ _ _ _ _ _ _ _ _ _ _ _ _ _ _ _ _ _ _ \n\nself = <selenium.webdriver.remote.errorhandler.ErrorHandler object at 0x105e43210>\nresponse = {'status': 404, 'value': '{\"value\":{\"error\":\"no such element\",\"message\":\"\",\"stacktrace\":\"\"}}'}\n\n    def check_response(self, response: Dict[str, Any]) -> None:\n        \"\"\"Checks that a JSON response from the WebDriver does not have an\n        error.\n    \n        :Args:\n         - response - The JSON response from the WebDriver server as a dictionary\n           object.\n    \n        :Raises: If the response contains an error message.\n        \"\"\"\n        status = response.get(\"status\", None)\n        if not status or status == ErrorCode.SUCCESS:\n            return\n        value = None\n        message = response.get(\"message\", \"\")\n        screen: str = response.get(\"screen\", \"\")\n        stacktrace = None\n        if isinstance(status, int):\n            value_json = response.get(\"value\", None)\n            if value_json and isinstance(value_json, str):\n                import json\n    \n                try:\n                    value = json.loads(value_json)\n                    if len(value) == 1:\n                        value = value[\"value\"]\n                    status = value.get(\"error\", None)\n                    if not status:\n                        status = value.get(\"status\", ErrorCode.UNKNOWN_ERROR)\n                        message = value.get(\"value\") or value.get(\"message\")\n                        if not isinstance(message, str):\n                            value = message\n                            message = message.get(\"message\")\n                    else:\n                        message = value.get(\"message\", None)\n                except ValueError:\n                    pass\n    \n        exception_class: Type[WebDriverException]\n        e = ErrorCode()\n        error_codes = [item for item in dir(e) if not item.startswith(\"__\")]\n        for error_code in error_codes:\n            error_info = getattr(ErrorCode, error_code)\n            if isinstance(error_info, list) and status in error_info:\n                exception_class = getattr(ExceptionMapping, error_code, WebDriverException)\n                break\n        else:\n            exception_class = WebDriverException\n    \n        if not value:\n            value = response[\"value\"]\n        if isinstance(value, str):\n            raise exception_class(value)\n        if message == \"\" and \"message\" in value:\n            message = value[\"message\"]\n    \n        screen = None  # type: ignore[assignment]\n        if \"screen\" in value:\n            screen = value[\"screen\"]\n    \n        stacktrace = None\n        st_value = value.get(\"stackTrace\") or value.get(\"stacktrace\")\n        if st_value:\n            if isinstance(st_value, str):\n                stacktrace = st_value.split(\"\\n\")\n            else:\n                stacktrace = []\n                try:\n                    for frame in st_value:\n                        line = frame.get(\"lineNumber\", \"\")\n                        file = frame.get(\"fileName\", \"<anonymous>\")\n                        if line:\n                            file = f\"{file}:{line}\"\n                        meth = frame.get(\"methodName\", \"<anonymous>\")\n                        if \"className\" in frame:\n                            meth = f\"{frame['className']}.{meth}\"\n                        msg = \"    at %s (%s)\"\n                        msg = msg % (meth, file)\n                        stacktrace.append(msg)\n                except TypeError:\n                    pass\n        if exception_class == UnexpectedAlertPresentException:\n            alert_text = None\n            if \"data\" in value:\n                alert_text = value[\"data\"].get(\"text\")\n            elif \"alert\" in value:\n                alert_text = value[\"alert\"].get(\"text\")\n            raise exception_class(message, screen, stacktrace, alert_text)  # type: ignore[call-arg]  # mypy is not smart enough here\n>       raise exception_class(message, screen, stacktrace)\nE       selenium.common.exceptions.NoSuchElementException: Message: ; For documentation on this error, please visit: https://www.selenium.dev/documentation/webdriver/troubleshooting/errors#no-such-element-exception\n\n/Library/Frameworks/Python.framework/Versions/3.11/lib/python3.11/site-packages/selenium/webdriver/remote/errorhandler.py:229: NoSuchElementException","flaky":true,"newFailed":false,"newBroken":true,"newPassed":false,"retriesCount":0,"retriesStatusChange":false,"beforeStages":[{"name":"_session_faker","time":{"start":1730449627417,"stop":1730449627452,"duration":35},"status":"passed","steps":[],"attachments":[],"parameters":[],"stepsCount":0,"shouldDisplayMessage":false,"attachmentsCount":0,"hasContent":false,"attachmentStep":false},{"name":"driver","time":{"start":1730449627452,"stop":1730449632652,"duration":5200},"status":"passed","steps":[],"attachments":[],"parameters":[],"stepsCount":0,"shouldDisplayMessage":false,"attachmentsCount":0,"hasContent":false,"attachmentStep":false},{"name":"setup","time":{"start":1730449639075,"stop":1730449639075,"duration":0},"status":"passed","steps":[],"attachments":[],"parameters":[],"stepsCount":0,"shouldDisplayMessage":false,"attachmentsCount":0,"hasContent":false,"attachmentStep":false}],"afterStages":[{"name":"driver::0","time":{"start":1730449649198,"stop":1730449649525,"duration":327},"status":"passed","steps":[],"attachments":[],"parameters":[],"stepsCount":0,"shouldDisplayMessage":false,"attachmentsCount":0,"hasContent":false,"attachmentStep":false}],"labels":[{"name":"severity","value":"critical"},{"name":"feature","value":"Contact page"},{"name":"parentSuite","value":"Tests"},{"name":"suite","value":"test_ContactPage"},{"name":"subSuite","value":"TestContactPage"},{"name":"host","value":"Mac-1730448806559.local"},{"name":"thread","value":"1938-MainThread"},{"name":"framework","value":"pytest"},{"name":"language","value":"cpython3"},{"name":"package","value":"Tests.test_ContactPage"},{"name":"resultFormat","value":"allure2"}],"parameters":[{"name":"driver","value":"'safari'"}],"links":[],"hidden":false,"retry":false,"extra":{"severity":"critical","retries":[],"categories":[{"name":"Test defects","matchedStatuses":[],"flaky":false}],"history":{"statistic":{"failed":2,"broken":1,"skipped":0,"passed":1,"unknown":0,"total":4},"items":[{"uid":"20d09a6a26e8da98","status":"passed","time":{"start":1730448508733,"stop":1730448521411,"duration":12678}},{"uid":"d04b92010f662ec7","status":"failed","statusDetails":"AssertionError: FAILURE: assert 'Full name: T...T9fnOWPl1\\r\\n' == 'Full name: J...OqUJpZtH4\\r\\n'\n  \n  - Full name: Joseph Gomez\r\n  - Email address: safari_kellythomas@example.com\r\n  - Your message: ESG6ksyoH0R5xOUd2r1VoCYLq8DuNh4shJOqUJpZtH4\r\n  + Full name: Tyler Williams\r\n  + Email address: edge_wsosa@example.com\r\n  + Your message: BjN11m4cz6T9fnOWPl1\ntest_ContactPage.py:52 in test_2() -> with check, allure.step(\"Email is correct\"):\ntest_ContactPage.py:53 in test_2 -> assert actual_email == expected_email\nAssertionError: assert 'Full name: T...T9fnOWPl1\\r\\n' == 'Full name: J...OqUJpZtH4\\r\\n'\n  \n  - Full name: Joseph Gomez\r\n  - Email address: safari_kellythomas@example.com\r\n  - Your message: ESG6ksyoH0R5xOUd2r1VoCYLq8DuNh4shJOqUJpZtH4\r\n  + Full name: Tyler Williams\r\n  + Email address: edge_wsosa@example.com\r\n  + Your message: BjN11m4cz6T9fnOWPl1\r\n\n\n------------------------------------------------------------\nFailed Checks: 1","time":{"start":1730447068197,"stop":1730447082147,"duration":13950}},{"uid":"fa250844989d1a56","status":"failed","statusDetails":"AssertionError: FAILURE: assert 'Full name: W...JEiZRO15A\\r\\n' == 'Full name: J...pOuhP yV4\\r\\n'\n  \n  - Full name: Jeff Harris\r\n  + Full name: William Stewart\r\n  - Email address: brian27@example.org\r\n  ?                ^^  ---          ^^\n  + Email address: davismelissa@example.com\r\n  ?                ^^^ +++++++          + ^\n  - Your message: VUjbsscVpOuhP yV4\r\n  + Your message: ZDt9QjPAKnRSD3PxBV ytBY77bIjkJEiZRO15A\ntest_ContactPage.py:46 in test_2() -> with check, allure.step(\"Email is correct\"):\ntest_ContactPage.py:47 in test_2 -> assert actual_email == expected_email\nAssertionError: assert 'Full name: W...JEiZRO15A\\r\\n' == 'Full name: J...pOuhP yV4\\r\\n'\n  \n  - Full name: Jeff Harris\r\n  + Full name: William Stewart\r\n  - Email address: brian27@example.org\r\n  ?                ^^  ---          ^^\n  + Email address: davismelissa@example.com\r\n  ?                ^^^ +++++++          + ^\n  - Your message: VUjbsscVpOuhP yV4\r\n  + Your message: ZDt9QjPAKnRSD3PxBV ytBY77bIjkJEiZRO15A\r\n\n\n------------------------------------------------------------\nFailed Checks: 1","time":{"start":1730384112409,"stop":1730384123996,"duration":11587}}]},"tags":[]},"source":"83a8b05a0dea4821.json","parameterValues":["'safari'"]}