{"uid":"8892ec561038cf53","name":"Successful message send","fullName":"Tests.test_ContactPage.TestContactPage#test_2","historyId":"8978dd76fe8c7d284809ed91688b663e","time":{"start":1732022470392,"stop":1732022496206,"duration":25814},"status":"broken","statusMessage":"imaplib.IMAP4.error: b'[AUTHENTICATIONFAILED] Invalid credentials (Failure)'","statusTrace":"self = <Tests.test_ContactPage.TestContactPage object at 0x7fe04df09010>\ndriver = <selenium.webdriver.chrome.webdriver.WebDriver (session=\"c24a00772b04dd6b64cae56dd41e7dd0\")>\n\n    @severity(severity_level.CRITICAL)\n    @allure.feature('Contact page')\n    @allure.title(\"Successful message send\")\n    def test_2(self, driver):\n        contact_obj = ContactPage(driver)\n        random_name = contact_obj.generate_random_name()\n        random_email = TestContactPage.current_browser + \"_\" + contact_obj.generate_random_email()\n        random_message = contact_obj.generate_random_message()\n        contact_obj.set_name_field(random_name)\n        contact_obj.set_email_field(random_email)\n        contact_obj.set_message_field(random_message)\n        contact_obj.click_send_message_button()\n        time.sleep(25)\n        with check, allure.step(\"Success message is visible\"):\n            assert contact_obj.is_success_message_visible()\n        expected_email = f\"Full name: {random_name}\\r\\nEmail address: {random_email}\\r\\nYour message: {random_message}\\r\\n\"\n>       actual_email = Email.get_latest_email_content(TestContactPage.current_browser)\n\nTests/test_ContactPage.py:51: \n_ _ _ _ _ _ _ _ _ _ _ _ _ _ _ _ _ _ _ _ _ _ _ _ _ _ _ _ _ _ _ _ _ _ _ _ _ _ _ _ \nCommon/Email.py:59: in get_latest_email_content\n    email_body = get_last_email(EMAIL, PASSWORD, 'ci@hedgehoglab.com', browser)\nCommon/Email.py:9: in get_last_email\n    server.login(email_address, password)\n_ _ _ _ _ _ _ _ _ _ _ _ _ _ _ _ _ _ _ _ _ _ _ _ _ _ _ _ _ _ _ _ _ _ _ _ _ _ _ _ \n\nself = <imaplib.IMAP4_SSL object at 0x7fe04cae9a10>\nuser = 'simeon.hhl.qa@gmail.com', password = 'Test#1234'\n\n    def login(self, user, password):\n        \"\"\"Identify client using plaintext password.\n    \n        (typ, [data]) = <instance>.login(user, password)\n    \n        NB: 'password' will be quoted.\n        \"\"\"\n        typ, dat = self._simple_command('LOGIN', user, self._quote(password))\n        if typ != 'OK':\n>           raise self.error(dat[-1])\nE           imaplib.IMAP4.error: b'[AUTHENTICATIONFAILED] Invalid credentials (Failure)'\n\n/opt/hostedtoolcache/Python/3.11.10/x64/lib/python3.11/imaplib.py:612: error","flaky":false,"newFailed":false,"newBroken":true,"newPassed":false,"retriesCount":0,"retriesStatusChange":false,"beforeStages":[{"name":"_session_faker","time":{"start":1732022287503,"stop":1732022287561,"duration":58},"status":"passed","steps":[],"attachments":[],"parameters":[],"stepsCount":0,"shouldDisplayMessage":false,"attachmentsCount":0,"hasContent":false,"attachmentStep":false},{"name":"driver","time":{"start":1732022463292,"stop":1732022463576,"duration":284},"status":"passed","steps":[],"attachments":[],"parameters":[],"stepsCount":0,"shouldDisplayMessage":false,"attachmentsCount":0,"hasContent":false,"attachmentStep":false},{"name":"setup","time":{"start":1732022470392,"stop":1732022470392,"duration":0},"status":"passed","steps":[],"attachments":[],"parameters":[],"stepsCount":0,"shouldDisplayMessage":false,"attachmentsCount":0,"hasContent":false,"attachmentStep":false}],"testStage":{"status":"broken","statusMessage":"imaplib.IMAP4.error: b'[AUTHENTICATIONFAILED] Invalid credentials (Failure)'","statusTrace":"self = <Tests.test_ContactPage.TestContactPage object at 0x7fe04df09010>\ndriver = <selenium.webdriver.chrome.webdriver.WebDriver (session=\"c24a00772b04dd6b64cae56dd41e7dd0\")>\n\n    @severity(severity_level.CRITICAL)\n    @allure.feature('Contact page')\n    @allure.title(\"Successful message send\")\n    def test_2(self, driver):\n        contact_obj = ContactPage(driver)\n        random_name = contact_obj.generate_random_name()\n        random_email = TestContactPage.current_browser + \"_\" + contact_obj.generate_random_email()\n        random_message = contact_obj.generate_random_message()\n        contact_obj.set_name_field(random_name)\n        contact_obj.set_email_field(random_email)\n        contact_obj.set_message_field(random_message)\n        contact_obj.click_send_message_button()\n        time.sleep(25)\n        with check, allure.step(\"Success message is visible\"):\n            assert contact_obj.is_success_message_visible()\n        expected_email = f\"Full name: {random_name}\\r\\nEmail address: {random_email}\\r\\nYour message: {random_message}\\r\\n\"\n>       actual_email = Email.get_latest_email_content(TestContactPage.current_browser)\n\nTests/test_ContactPage.py:51: \n_ _ _ _ _ _ _ _ _ _ _ _ _ _ _ _ _ _ _ _ _ _ _ _ _ _ _ _ _ _ _ _ _ _ _ _ _ _ _ _ \nCommon/Email.py:59: in get_latest_email_content\n    email_body = get_last_email(EMAIL, PASSWORD, 'ci@hedgehoglab.com', browser)\nCommon/Email.py:9: in get_last_email\n    server.login(email_address, password)\n_ _ _ _ _ _ _ _ _ _ _ _ _ _ _ _ _ _ _ _ _ _ _ _ _ _ _ _ _ _ _ _ _ _ _ _ _ _ _ _ \n\nself = <imaplib.IMAP4_SSL object at 0x7fe04cae9a10>\nuser = 'simeon.hhl.qa@gmail.com', password = 'Test#1234'\n\n    def login(self, user, password):\n        \"\"\"Identify client using plaintext password.\n    \n        (typ, [data]) = <instance>.login(user, password)\n    \n        NB: 'password' will be quoted.\n        \"\"\"\n        typ, dat = self._simple_command('LOGIN', user, self._quote(password))\n        if typ != 'OK':\n>           raise self.error(dat[-1])\nE           imaplib.IMAP4.error: b'[AUTHENTICATIONFAILED] Invalid credentials (Failure)'\n\n/opt/hostedtoolcache/Python/3.11.10/x64/lib/python3.11/imaplib.py:612: error","steps":[{"name":"Success message is visible","time":{"start":1732022495791,"stop":1732022495806,"duration":15},"status":"passed","steps":[],"attachments":[],"parameters":[],"stepsCount":0,"shouldDisplayMessage":false,"attachmentsCount":0,"hasContent":false,"attachmentStep":false}],"attachments":[],"parameters":[],"stepsCount":1,"shouldDisplayMessage":true,"attachmentsCount":0,"hasContent":true,"attachmentStep":false},"afterStages":[{"name":"driver::0","time":{"start":1732022496255,"stop":1732022496327,"duration":72},"status":"passed","steps":[],"attachments":[],"parameters":[],"stepsCount":0,"shouldDisplayMessage":false,"attachmentsCount":0,"hasContent":false,"attachmentStep":false}],"labels":[{"name":"feature","value":"Contact page"},{"name":"severity","value":"critical"},{"name":"parentSuite","value":"Tests"},{"name":"suite","value":"test_ContactPage"},{"name":"subSuite","value":"TestContactPage"},{"name":"host","value":"fv-az738-625"},{"name":"thread","value":"1799-MainThread"},{"name":"framework","value":"pytest"},{"name":"language","value":"cpython3"},{"name":"package","value":"Tests.test_ContactPage"},{"name":"resultFormat","value":"allure2"}],"parameters":[{"name":"driver","value":"'chrome'"}],"links":[],"hidden":false,"retry":false,"extra":{"severity":"critical","retries":[],"categories":[{"name":"Test defects","matchedStatuses":[],"flaky":false}],"history":{"statistic":{"failed":0,"broken":3,"skipped":0,"passed":8,"unknown":0,"total":11},"items":[{"uid":"9ba78afb881005a3","status":"passed","time":{"start":1732012758594,"stop":1732012774589,"duration":15995}},{"uid":"8884efb2a727c26b","status":"passed","time":{"start":1731924633959,"stop":1731924650245,"duration":16286}},{"uid":"38622c86586b3fe0","status":"passed","time":{"start":1731914126299,"stop":1731914142397,"duration":16098}},{"uid":"3e0de8b1c4a6b3d4","status":"broken","statusDetails":"selenium.common.exceptions.NoSuchElementException: Message: no such element: Unable to locate element: {\"method\":\"css selector\",\"selector\":\"[id=\"name\"]\"}\n  (Session info: chrome=131.0.6778.69); For documentation on this error, please visit: https://www.selenium.dev/documentation/webdriver/troubleshooting/errors#no-such-element-exception\nStacktrace:\n#0 0x55eebaa854ca <unknown>\n#1 0x55eeba598620 <unknown>\n#2 0x55eeba5e7306 <unknown>\n#3 0x55eeba5e75a1 <unknown>\n#4 0x55eeba62ca04 <unknown>\n#5 0x55eeba60b39d <unknown>\n#6 0x55eeba629de0 <unknown>\n#7 0x55eeba60b113 <unknown>\n#8 0x55eeba5d9be0 <unknown>\n#9 0x55eeba5dabbe <unknown>\n#10 0x55eebaa51e4b <unknown>\n#11 0x55eebaa55de2 <unknown>\n#12 0x55eebaa3ed2c <unknown>\n#13 0x55eebaa56957 <unknown>\n#14 0x55eebaa244bf <unknown>\n#15 0x55eebaa74348 <unknown>\n#16 0x55eebaa74510 <unknown>\n#17 0x55eebaa84346 <unknown>\n#18 0x7fb8d6a94ac3 <unknown>","time":{"start":1731814411488,"stop":1731814421512,"duration":10024}},{"uid":"4b4500963e04983","status":"broken","statusDetails":"selenium.common.exceptions.NoSuchElementException: Message: no such element: Unable to locate element: {\"method\":\"css selector\",\"selector\":\"[id=\"name\"]\"}\n  (Session info: chrome=131.0.6778.69); For documentation on this error, please visit: https://www.selenium.dev/documentation/webdriver/troubleshooting/errors#no-such-element-exception\nStacktrace:\n#0 0x55e5bc3704ca <unknown>\n#1 0x55e5bbe83620 <unknown>\n#2 0x55e5bbed2306 <unknown>\n#3 0x55e5bbed25a1 <unknown>\n#4 0x55e5bbf17a04 <unknown>\n#5 0x55e5bbef639d <unknown>\n#6 0x55e5bbf14de0 <unknown>\n#7 0x55e5bbef6113 <unknown>\n#8 0x55e5bbec4be0 <unknown>\n#9 0x55e5bbec5bbe <unknown>\n#10 0x55e5bc33ce4b <unknown>\n#11 0x55e5bc340de2 <unknown>\n#12 0x55e5bc329d2c <unknown>\n#13 0x55e5bc341957 <unknown>\n#14 0x55e5bc30f4bf <unknown>\n#15 0x55e5bc35f348 <unknown>\n#16 0x55e5bc35f510 <unknown>\n#17 0x55e5bc36f346 <unknown>\n#18 0x7f9592c94ac3 <unknown>","time":{"start":1731684506342,"stop":1731684516394,"duration":10052}},{"uid":"ea3bda055524aaa","status":"passed","time":{"start":1731208859838,"stop":1731208875984,"duration":16146}},{"uid":"e12256ce738391bf","status":"passed","time":{"start":1730604373351,"stop":1730604389533,"duration":16182}},{"uid":"5961e08dd27a31d3","status":"passed","time":{"start":1730469195291,"stop":1730469211456,"duration":16165}},{"uid":"9d9e3390946a8221","status":"passed","time":{"start":1730463483674,"stop":1730463500050,"duration":16376}},{"uid":"2cdb756939646add","status":"passed","time":{"start":1730460723910,"stop":1730460740518,"duration":16608}}]},"tags":[]},"source":"8892ec561038cf53.json","parameterValues":["'chrome'"]}