{"uid":"b572e8cdf59b8fe0","name":"Benefits banner appearance","fullName":"Tests.test_SponsorsPage.TestSponsorsPage#test_8","historyId":"df358ee2f22e36e10be6a6a827d18c6a","time":{"start":1732000658855,"stop":1732000658855,"duration":0},"status":"skipped","statusMessage":"Skipped: test_8[chrome] depends on test_1","statusTrace":"('/opt/hostedtoolcache/Python/3.11.10/x64/lib/python3.11/site-packages/pytest_dependency.py', 101, 'Skipped: test_8[chrome] depends on test_1')","flaky":false,"newFailed":false,"newBroken":false,"newPassed":false,"retriesCount":0,"retriesStatusChange":false,"beforeStages":[{"name":"_session_faker","time":{"start":1732000586010,"stop":1732000586064,"duration":54},"status":"passed","steps":[],"attachments":[],"parameters":[],"stepsCount":0,"shouldDisplayMessage":false,"attachmentsCount":0,"hasContent":false,"attachmentStep":false},{"name":"driver","time":{"start":1732000586065,"stop":1732000600678,"duration":14613},"status":"passed","steps":[],"attachments":[],"parameters":[],"stepsCount":0,"shouldDisplayMessage":false,"attachmentsCount":0,"hasContent":false,"attachmentStep":false},{"name":"get_sponsors_page_content","time":{"start":1732000600679,"stop":1732000621611,"duration":20932},"status":"broken","statusMessage":"selenium.common.exceptions.NoSuchElementException: Message: no such element: Unable to locate element: {\"method\":\"xpath\",\"selector\":\"//label[contains(.,'logos')]/../../..//span[@class ='sc-dkPtRN cSldSA']\"}\n  (Session info: chrome=131.0.6778.69); For documentation on this error, please visit: https://www.selenium.dev/documentation/webdriver/troubleshooting/errors#no-such-element-exception\nStacktrace:\n#0 0x561b56ddf4ca <unknown>\n#1 0x561b568f2620 <unknown>\n#2 0x561b56941306 <unknown>\n#3 0x561b569415a1 <unknown>\n#4 0x561b56986a04 <unknown>\n#5 0x561b5696539d <unknown>\n#6 0x561b56983de0 <unknown>\n#7 0x561b56965113 <unknown>\n#8 0x561b56933be0 <unknown>\n#9 0x561b56934bbe <unknown>\n#10 0x561b56dabe4b <unknown>\n#11 0x561b56dafde2 <unknown>\n#12 0x561b56d98d2c <unknown>\n#13 0x561b56db0957 <unknown>\n#14 0x561b56d7e4bf <unknown>\n#15 0x561b56dce348 <unknown>\n#16 0x561b56dce510 <unknown>\n#17 0x561b56dde346 <unknown>\n#18 0x7fed33c94ac3 <unknown>\n\n","statusTrace":"  File \"/opt/hostedtoolcache/Python/3.11.10/x64/lib/python3.11/site-packages/pluggy/_callers.py\", line 166, in _multicall\n    teardown.throw(outcome._exception)\n  File \"/opt/hostedtoolcache/Python/3.11.10/x64/lib/python3.11/site-packages/_pytest/setuponly.py\", line 36, in pytest_fixture_setup\n    return (yield)\n            ^^^^^\n  File \"/opt/hostedtoolcache/Python/3.11.10/x64/lib/python3.11/site-packages/pluggy/_callers.py\", line 102, in _multicall\n    res = hook_impl.function(*args)\n          ^^^^^^^^^^^^^^^^^^^^^^^^^\n  File \"/opt/hostedtoolcache/Python/3.11.10/x64/lib/python3.11/site-packages/_pytest/fixtures.py\", line 1132, in pytest_fixture_setup\n    result = call_fixture_func(fixturefunc, request, kwargs)\n             ^^^^^^^^^^^^^^^^^^^^^^^^^^^^^^^^^^^^^^^^^^^^^^^\n  File \"/opt/hostedtoolcache/Python/3.11.10/x64/lib/python3.11/site-packages/_pytest/fixtures.py\", line 913, in call_fixture_func\n    fixture_result = fixturefunc(**kwargs)\n                     ^^^^^^^^^^^^^^^^^^^^^\n  File \"/home/runner/work/QUBA_WEB/QUBA_WEB/Tests/test_SponsorsPage.py\", line 27, in get_sponsors_page_content\n    TestSponsorsPage.sponsors_page_content = admin_obj.get_sponsors_page_content()\n                                             ^^^^^^^^^^^^^^^^^^^^^^^^^^^^^^^^^^^^^\n  File \"/home/runner/work/QUBA_WEB/QUBA_WEB/Pages/Admin.py\", line 358, in get_sponsors_page_content\n    \"logos\": self.get_sponsors_logos_filenames(),\n             ^^^^^^^^^^^^^^^^^^^^^^^^^^^^^^^^^^^\n  File \"/home/runner/work/QUBA_WEB/QUBA_WEB/Pages/Admin.py\", line 320, in get_sponsors_logos_filenames\n    filenames.append(self.driver.find_element(*self.sponsors_logo_filename).text)\n                     ^^^^^^^^^^^^^^^^^^^^^^^^^^^^^^^^^^^^^^^^^^^^^^^^^^^^^^\n  File \"/opt/hostedtoolcache/Python/3.11.10/x64/lib/python3.11/site-packages/selenium/webdriver/remote/webdriver.py\", line 741, in find_element\n    return self.execute(Command.FIND_ELEMENT, {\"using\": by, \"value\": value})[\"value\"]\n           ^^^^^^^^^^^^^^^^^^^^^^^^^^^^^^^^^^^^^^^^^^^^^^^^^^^^^^^^^^^^^^^^^\n  File \"/opt/hostedtoolcache/Python/3.11.10/x64/lib/python3.11/site-packages/selenium/webdriver/remote/webdriver.py\", line 347, in execute\n    self.error_handler.check_response(response)\n  File \"/opt/hostedtoolcache/Python/3.11.10/x64/lib/python3.11/site-packages/selenium/webdriver/remote/errorhandler.py\", line 229, in check_response\n    raise exception_class(message, screen, stacktrace)\n","steps":[],"attachments":[],"parameters":[],"stepsCount":0,"shouldDisplayMessage":true,"attachmentsCount":0,"hasContent":true,"attachmentStep":false},{"name":"get_sponsors_page_content","time":{"start":1732000622685,"stop":1732000634210,"duration":11525},"status":"broken","statusMessage":"selenium.common.exceptions.NoSuchElementException: Message: no such element: Unable to locate element: {\"method\":\"xpath\",\"selector\":\"(//span[.='Content Manager'])[1]/..\"}\n  (Session info: chrome=131.0.6778.69); For documentation on this error, please visit: https://www.selenium.dev/documentation/webdriver/troubleshooting/errors#no-such-element-exception\nStacktrace:\n#0 0x561b56ddf4ca <unknown>\n#1 0x561b568f2620 <unknown>\n#2 0x561b56941306 <unknown>\n#3 0x561b569415a1 <unknown>\n#4 0x561b56986a04 <unknown>\n#5 0x561b5696539d <unknown>\n#6 0x561b56983de0 <unknown>\n#7 0x561b56965113 <unknown>\n#8 0x561b56933be0 <unknown>\n#9 0x561b56934bbe <unknown>\n#10 0x561b56dabe4b <unknown>\n#11 0x561b56dafde2 <unknown>\n#12 0x561b56d98d2c <unknown>\n#13 0x561b56db0957 <unknown>\n#14 0x561b56d7e4bf <unknown>\n#15 0x561b56dce348 <unknown>\n#16 0x561b56dce510 <unknown>\n#17 0x561b56dde346 <unknown>\n#18 0x7fed33c94ac3 <unknown>\n\n","statusTrace":"  File \"/opt/hostedtoolcache/Python/3.11.10/x64/lib/python3.11/site-packages/pluggy/_callers.py\", line 166, in _multicall\n    teardown.throw(outcome._exception)\n  File \"/opt/hostedtoolcache/Python/3.11.10/x64/lib/python3.11/site-packages/_pytest/setuponly.py\", line 36, in pytest_fixture_setup\n    return (yield)\n            ^^^^^\n  File \"/opt/hostedtoolcache/Python/3.11.10/x64/lib/python3.11/site-packages/pluggy/_callers.py\", line 102, in _multicall\n    res = hook_impl.function(*args)\n          ^^^^^^^^^^^^^^^^^^^^^^^^^\n  File \"/opt/hostedtoolcache/Python/3.11.10/x64/lib/python3.11/site-packages/_pytest/fixtures.py\", line 1132, in pytest_fixture_setup\n    result = call_fixture_func(fixturefunc, request, kwargs)\n             ^^^^^^^^^^^^^^^^^^^^^^^^^^^^^^^^^^^^^^^^^^^^^^^\n  File \"/opt/hostedtoolcache/Python/3.11.10/x64/lib/python3.11/site-packages/_pytest/fixtures.py\", line 913, in call_fixture_func\n    fixture_result = fixturefunc(**kwargs)\n                     ^^^^^^^^^^^^^^^^^^^^^\n  File \"/home/runner/work/QUBA_WEB/QUBA_WEB/Tests/test_SponsorsPage.py\", line 27, in get_sponsors_page_content\n    TestSponsorsPage.sponsors_page_content = admin_obj.get_sponsors_page_content()\n                                             ^^^^^^^^^^^^^^^^^^^^^^^^^^^^^^^^^^^^^\n  File \"/home/runner/work/QUBA_WEB/QUBA_WEB/Pages/Admin.py\", line 353, in get_sponsors_page_content\n    self.click_content_manager_button()\n  File \"/home/runner/work/QUBA_WEB/QUBA_WEB/Pages/Admin.py\", line 100, in click_content_manager_button\n    self.driver.find_element(*self.content_manager_button).click()\n    ^^^^^^^^^^^^^^^^^^^^^^^^^^^^^^^^^^^^^^^^^^^^^^^^^^^^^^\n  File \"/opt/hostedtoolcache/Python/3.11.10/x64/lib/python3.11/site-packages/selenium/webdriver/remote/webdriver.py\", line 741, in find_element\n    return self.execute(Command.FIND_ELEMENT, {\"using\": by, \"value\": value})[\"value\"]\n           ^^^^^^^^^^^^^^^^^^^^^^^^^^^^^^^^^^^^^^^^^^^^^^^^^^^^^^^^^^^^^^^^^\n  File \"/opt/hostedtoolcache/Python/3.11.10/x64/lib/python3.11/site-packages/selenium/webdriver/remote/webdriver.py\", line 347, in execute\n    self.error_handler.check_response(response)\n  File \"/opt/hostedtoolcache/Python/3.11.10/x64/lib/python3.11/site-packages/selenium/webdriver/remote/errorhandler.py\", line 229, in check_response\n    raise exception_class(message, screen, stacktrace)\n","steps":[],"attachments":[],"parameters":[],"stepsCount":0,"shouldDisplayMessage":true,"attachmentsCount":0,"hasContent":true,"attachmentStep":false},{"name":"get_sponsors_page_content","time":{"start":1732000635242,"stop":1732000646520,"duration":11278},"status":"broken","statusMessage":"selenium.common.exceptions.NoSuchElementException: Message: no such element: Unable to locate element: {\"method\":\"xpath\",\"selector\":\"(//span[.='Content Manager'])[1]/..\"}\n  (Session info: chrome=131.0.6778.69); For documentation on this error, please visit: https://www.selenium.dev/documentation/webdriver/troubleshooting/errors#no-such-element-exception\nStacktrace:\n#0 0x561b56ddf4ca <unknown>\n#1 0x561b568f2620 <unknown>\n#2 0x561b56941306 <unknown>\n#3 0x561b569415a1 <unknown>\n#4 0x561b56986a04 <unknown>\n#5 0x561b5696539d <unknown>\n#6 0x561b56983de0 <unknown>\n#7 0x561b56965113 <unknown>\n#8 0x561b56933be0 <unknown>\n#9 0x561b56934bbe <unknown>\n#10 0x561b56dabe4b <unknown>\n#11 0x561b56dafde2 <unknown>\n#12 0x561b56d98d2c <unknown>\n#13 0x561b56db0957 <unknown>\n#14 0x561b56d7e4bf <unknown>\n#15 0x561b56dce348 <unknown>\n#16 0x561b56dce510 <unknown>\n#17 0x561b56dde346 <unknown>\n#18 0x7fed33c94ac3 <unknown>\n\n","statusTrace":"  File \"/opt/hostedtoolcache/Python/3.11.10/x64/lib/python3.11/site-packages/pluggy/_callers.py\", line 166, in _multicall\n    teardown.throw(outcome._exception)\n  File \"/opt/hostedtoolcache/Python/3.11.10/x64/lib/python3.11/site-packages/_pytest/setuponly.py\", line 36, in pytest_fixture_setup\n    return (yield)\n            ^^^^^\n  File \"/opt/hostedtoolcache/Python/3.11.10/x64/lib/python3.11/site-packages/pluggy/_callers.py\", line 102, in _multicall\n    res = hook_impl.function(*args)\n          ^^^^^^^^^^^^^^^^^^^^^^^^^\n  File \"/opt/hostedtoolcache/Python/3.11.10/x64/lib/python3.11/site-packages/_pytest/fixtures.py\", line 1132, in pytest_fixture_setup\n    result = call_fixture_func(fixturefunc, request, kwargs)\n             ^^^^^^^^^^^^^^^^^^^^^^^^^^^^^^^^^^^^^^^^^^^^^^^\n  File \"/opt/hostedtoolcache/Python/3.11.10/x64/lib/python3.11/site-packages/_pytest/fixtures.py\", line 913, in call_fixture_func\n    fixture_result = fixturefunc(**kwargs)\n                     ^^^^^^^^^^^^^^^^^^^^^\n  File \"/home/runner/work/QUBA_WEB/QUBA_WEB/Tests/test_SponsorsPage.py\", line 27, in get_sponsors_page_content\n    TestSponsorsPage.sponsors_page_content = admin_obj.get_sponsors_page_content()\n                                             ^^^^^^^^^^^^^^^^^^^^^^^^^^^^^^^^^^^^^\n  File \"/home/runner/work/QUBA_WEB/QUBA_WEB/Pages/Admin.py\", line 353, in get_sponsors_page_content\n    self.click_content_manager_button()\n  File \"/home/runner/work/QUBA_WEB/QUBA_WEB/Pages/Admin.py\", line 100, in click_content_manager_button\n    self.driver.find_element(*self.content_manager_button).click()\n    ^^^^^^^^^^^^^^^^^^^^^^^^^^^^^^^^^^^^^^^^^^^^^^^^^^^^^^\n  File \"/opt/hostedtoolcache/Python/3.11.10/x64/lib/python3.11/site-packages/selenium/webdriver/remote/webdriver.py\", line 741, in find_element\n    return self.execute(Command.FIND_ELEMENT, {\"using\": by, \"value\": value})[\"value\"]\n           ^^^^^^^^^^^^^^^^^^^^^^^^^^^^^^^^^^^^^^^^^^^^^^^^^^^^^^^^^^^^^^^^^\n  File \"/opt/hostedtoolcache/Python/3.11.10/x64/lib/python3.11/site-packages/selenium/webdriver/remote/webdriver.py\", line 347, in execute\n    self.error_handler.check_response(response)\n  File \"/opt/hostedtoolcache/Python/3.11.10/x64/lib/python3.11/site-packages/selenium/webdriver/remote/errorhandler.py\", line 229, in check_response\n    raise exception_class(message, screen, stacktrace)\n","steps":[],"attachments":[],"parameters":[],"stepsCount":0,"shouldDisplayMessage":true,"attachmentsCount":0,"hasContent":true,"attachmentStep":false},{"name":"get_sponsors_page_content","time":{"start":1732000647551,"stop":1732000658817,"duration":11266},"status":"broken","statusMessage":"selenium.common.exceptions.NoSuchElementException: Message: no such element: Unable to locate element: {\"method\":\"xpath\",\"selector\":\"(//span[.='Content Manager'])[1]/..\"}\n  (Session info: chrome=131.0.6778.69); For documentation on this error, please visit: https://www.selenium.dev/documentation/webdriver/troubleshooting/errors#no-such-element-exception\nStacktrace:\n#0 0x561b56ddf4ca <unknown>\n#1 0x561b568f2620 <unknown>\n#2 0x561b56941306 <unknown>\n#3 0x561b569415a1 <unknown>\n#4 0x561b56986a04 <unknown>\n#5 0x561b5696539d <unknown>\n#6 0x561b56983de0 <unknown>\n#7 0x561b56965113 <unknown>\n#8 0x561b56933be0 <unknown>\n#9 0x561b56934bbe <unknown>\n#10 0x561b56dabe4b <unknown>\n#11 0x561b56dafde2 <unknown>\n#12 0x561b56d98d2c <unknown>\n#13 0x561b56db0957 <unknown>\n#14 0x561b56d7e4bf <unknown>\n#15 0x561b56dce348 <unknown>\n#16 0x561b56dce510 <unknown>\n#17 0x561b56dde346 <unknown>\n#18 0x7fed33c94ac3 <unknown>\n\n","statusTrace":"  File \"/opt/hostedtoolcache/Python/3.11.10/x64/lib/python3.11/site-packages/pluggy/_callers.py\", line 166, in _multicall\n    teardown.throw(outcome._exception)\n  File \"/opt/hostedtoolcache/Python/3.11.10/x64/lib/python3.11/site-packages/_pytest/setuponly.py\", line 36, in pytest_fixture_setup\n    return (yield)\n            ^^^^^\n  File \"/opt/hostedtoolcache/Python/3.11.10/x64/lib/python3.11/site-packages/pluggy/_callers.py\", line 102, in _multicall\n    res = hook_impl.function(*args)\n          ^^^^^^^^^^^^^^^^^^^^^^^^^\n  File \"/opt/hostedtoolcache/Python/3.11.10/x64/lib/python3.11/site-packages/_pytest/fixtures.py\", line 1132, in pytest_fixture_setup\n    result = call_fixture_func(fixturefunc, request, kwargs)\n             ^^^^^^^^^^^^^^^^^^^^^^^^^^^^^^^^^^^^^^^^^^^^^^^\n  File \"/opt/hostedtoolcache/Python/3.11.10/x64/lib/python3.11/site-packages/_pytest/fixtures.py\", line 913, in call_fixture_func\n    fixture_result = fixturefunc(**kwargs)\n                     ^^^^^^^^^^^^^^^^^^^^^\n  File \"/home/runner/work/QUBA_WEB/QUBA_WEB/Tests/test_SponsorsPage.py\", line 27, in get_sponsors_page_content\n    TestSponsorsPage.sponsors_page_content = admin_obj.get_sponsors_page_content()\n                                             ^^^^^^^^^^^^^^^^^^^^^^^^^^^^^^^^^^^^^\n  File \"/home/runner/work/QUBA_WEB/QUBA_WEB/Pages/Admin.py\", line 353, in get_sponsors_page_content\n    self.click_content_manager_button()\n  File \"/home/runner/work/QUBA_WEB/QUBA_WEB/Pages/Admin.py\", line 100, in click_content_manager_button\n    self.driver.find_element(*self.content_manager_button).click()\n    ^^^^^^^^^^^^^^^^^^^^^^^^^^^^^^^^^^^^^^^^^^^^^^^^^^^^^^\n  File \"/opt/hostedtoolcache/Python/3.11.10/x64/lib/python3.11/site-packages/selenium/webdriver/remote/webdriver.py\", line 741, in find_element\n    return self.execute(Command.FIND_ELEMENT, {\"using\": by, \"value\": value})[\"value\"]\n           ^^^^^^^^^^^^^^^^^^^^^^^^^^^^^^^^^^^^^^^^^^^^^^^^^^^^^^^^^^^^^^^^^\n  File \"/opt/hostedtoolcache/Python/3.11.10/x64/lib/python3.11/site-packages/selenium/webdriver/remote/webdriver.py\", line 347, in execute\n    self.error_handler.check_response(response)\n  File \"/opt/hostedtoolcache/Python/3.11.10/x64/lib/python3.11/site-packages/selenium/webdriver/remote/errorhandler.py\", line 229, in check_response\n    raise exception_class(message, screen, stacktrace)\n","steps":[],"attachments":[],"parameters":[],"stepsCount":0,"shouldDisplayMessage":true,"attachmentsCount":0,"hasContent":true,"attachmentStep":false}],"afterStages":[{"name":"driver::0","time":{"start":1732000658860,"stop":1732000658941,"duration":81},"status":"passed","steps":[],"attachments":[],"parameters":[],"stepsCount":0,"shouldDisplayMessage":false,"attachmentsCount":0,"hasContent":false,"attachmentStep":false}],"labels":[{"name":"feature","value":"Sponsors page"},{"name":"severity","value":"normal"},{"name":"tag","value":"dependency(depends=['test_1'])"},{"name":"tag","value":"flaky(reruns=3, reruns_delay=1)"},{"name":"parentSuite","value":"Tests"},{"name":"suite","value":"test_SponsorsPage"},{"name":"subSuite","value":"TestSponsorsPage"},{"name":"host","value":"fv-az1980-820"},{"name":"thread","value":"1859-MainThread"},{"name":"framework","value":"pytest"},{"name":"language","value":"cpython3"},{"name":"package","value":"Tests.test_SponsorsPage"},{"name":"resultFormat","value":"allure2"}],"parameters":[{"name":"driver","value":"'chrome'"}],"links":[{"name":"C58570","url":"https://hedgehoglabqa.testrail.io/index.php?/cases/view/58570","type":"tms"},{"name":"Epic QP-356","url":"https://hedgehog-lab.atlassian.net/browse/QP-356","type":"issue"},{"name":"Story QP-270","url":"https://hedgehog-lab.atlassian.net/browse/QP-270","type":"issue"}],"hidden":false,"retry":false,"extra":{"severity":"normal","retries":[],"categories":[],"tags":["flaky(reruns=3, reruns_delay=1)","dependency(depends=['test_1'])"]},"source":"b572e8cdf59b8fe0.json","parameterValues":["'chrome'"]}