{"uid":"d3a5bba4102cacb1","name":"Site with only one photo","fullName":"Tests.test_Sites.TestSites#test_19","historyId":"5a40a5d9425bcdc3c8f71f5a218d9816","time":{"start":1733748675472,"stop":1733748702058,"duration":26586},"status":"passed","flaky":false,"newFailed":false,"newBroken":false,"newPassed":true,"retriesCount":0,"retriesStatusChange":false,"beforeStages":[{"name":"_session_faker","time":{"start":1733748053926,"stop":1733748053991,"duration":65},"status":"passed","steps":[],"attachments":[],"parameters":[],"shouldDisplayMessage":false,"stepsCount":0,"attachmentsCount":0,"hasContent":false,"attachmentStep":false},{"name":"driver","time":{"start":1733748462721,"stop":1733748464350,"duration":1629},"status":"passed","steps":[],"attachments":[],"parameters":[],"shouldDisplayMessage":false,"stepsCount":0,"attachmentsCount":0,"hasContent":false,"attachmentStep":false}],"testStage":{"status":"passed","steps":[{"name":"C58411: Next image button is not visible","time":{"start":1733748688008,"stop":1733748699011,"duration":11003},"status":"passed","steps":[],"attachments":[],"parameters":[],"shouldDisplayMessage":false,"stepsCount":0,"attachmentsCount":0,"hasContent":false,"attachmentStep":false},{"name":"C58411: Scroll bar is not visible","time":{"start":1733748699011,"stop":1733748699021,"duration":10},"status":"passed","steps":[],"attachments":[],"parameters":[],"shouldDisplayMessage":false,"stepsCount":0,"attachmentsCount":0,"hasContent":false,"attachmentStep":false},{"name":"C58411: Only one image is visible","time":{"start":1733748699021,"stop":1733748699025,"duration":4},"status":"passed","steps":[],"attachments":[],"parameters":[],"shouldDisplayMessage":false,"stepsCount":0,"attachmentsCount":0,"hasContent":false,"attachmentStep":false},{"name":"C58522: The correct image is displayed","time":{"start":1733748699025,"stop":1733748699030,"duration":5},"status":"passed","steps":[],"attachments":[],"parameters":[],"shouldDisplayMessage":false,"stepsCount":0,"attachmentsCount":0,"hasContent":false,"attachmentStep":false}],"attachments":[],"parameters":[],"shouldDisplayMessage":false,"stepsCount":4,"attachmentsCount":0,"hasContent":true,"attachmentStep":false},"afterStages":[{"name":"driver::0","time":{"start":1733748934947,"stop":1733748935146,"duration":199},"status":"passed","steps":[],"attachments":[],"parameters":[],"shouldDisplayMessage":false,"stepsCount":0,"attachmentsCount":0,"hasContent":false,"attachmentStep":false}],"labels":[{"name":"severity","value":"critical"},{"name":"feature","value":"Individual Sites"},{"name":"tag","value":"flaky(reruns=3, reruns_delay=1)"},{"name":"parentSuite","value":"Tests"},{"name":"suite","value":"test_Sites"},{"name":"subSuite","value":"TestSites"},{"name":"host","value":"fv-az1912-975"},{"name":"thread","value":"1949-MainThread"},{"name":"framework","value":"pytest"},{"name":"language","value":"cpython3"},{"name":"package","value":"Tests.test_Sites"},{"name":"resultFormat","value":"allure2"}],"parameters":[{"name":"driver","value":"'firefox'"}],"links":[{"name":"C58411","url":"https://hedgehoglabqa.testrail.io/index.php?/cases/view/58411","type":"tms"},{"name":"Epic QP-356","url":"https://hedgehog-lab.atlassian.net/browse/QP-356","type":"issue"},{"name":"Story QP-264","url":"https://hedgehog-lab.atlassian.net/browse/QP-264","type":"issue"}],"hidden":false,"retry":false,"extra":{"severity":"critical","retries":[],"categories":[],"history":{"statistic":{"failed":0,"broken":2,"skipped":0,"passed":7,"unknown":0,"total":9},"items":[{"uid":"78405b8025d6b0ae","status":"broken","statusDetails":"selenium.common.exceptions.NoSuchElementException: Message: Unable to locate element: //button[@aria-label='Go to next page']; For documentation on this error, please visit: https://www.selenium.dev/documentation/webdriver/troubleshooting/errors#no-such-element-exception\nStacktrace:\nRemoteError@chrome://remote/content/shared/RemoteError.sys.mjs:8:8\nWebDriverError@chrome://remote/content/shared/webdriver/Errors.sys.mjs:193:5\nNoSuchElementError@chrome://remote/content/shared/webdriver/Errors.sys.mjs:511:5\ndom.find/</<@chrome://remote/content/shared/DOM.sys.mjs:136:16","time":{"start":1733726798229,"stop":1733726827190,"duration":28961}},{"uid":"7f8bbd16d703076d","status":"broken","statusDetails":"selenium.common.exceptions.NoSuchElementException: Message: Unable to locate element: //button[@aria-label='Go to next page']; For documentation on this error, please visit: https://www.selenium.dev/documentation/webdriver/troubleshooting/errors#no-such-element-exception\nStacktrace:\nRemoteError@chrome://remote/content/shared/RemoteError.sys.mjs:8:8\nWebDriverError@chrome://remote/content/shared/webdriver/Errors.sys.mjs:193:5\nNoSuchElementError@chrome://remote/content/shared/webdriver/Errors.sys.mjs:511:5\ndom.find/</<@chrome://remote/content/shared/DOM.sys.mjs:136:16","time":{"start":1733630846091,"stop":1733630874765,"duration":28674}},{"uid":"e576b8762297ec6e","status":"passed","time":{"start":1733044733943,"stop":1733044760588,"duration":26645}},{"uid":"1f10e780eb06ea32","status":"passed","time":{"start":1733025137172,"stop":1733025163953,"duration":26781}},{"uid":"46f995ed36437b6f","status":"passed","time":{"start":1732959509342,"stop":1732959535936,"duration":26594}},{"uid":"3514d4fc99ac504f","status":"passed","time":{"start":1732957517419,"stop":1732957544366,"duration":26947}},{"uid":"2152bad9c20191af","status":"passed","time":{"start":1732898931987,"stop":1732898959361,"duration":27374}},{"uid":"f4a46c7bfb03f3b4","status":"passed","time":{"start":1732895761230,"stop":1732895788038,"duration":26808}}]},"tags":["flaky(reruns=3, reruns_delay=1)"]},"source":"d3a5bba4102cacb1.json","parameterValues":["'firefox'"]}