{"uid":"db7505d87c8315cd","name":"Successful login","fullName":"Tests.test_Login.TestLogin#test_3","historyId":"5c1631479cca5fe1ebc32033458703b7","time":{"start":1731684845415,"stop":1731684845789,"duration":374},"status":"broken","statusMessage":"TypeError: MainNavigation.wait_page_to_load() takes 1 positional argument but 2 were given","statusTrace":"self = <Tests.test_Login.TestLogin object at 0x1060ffcd0>\ndriver = <selenium.webdriver.safari.webdriver.WebDriver (session=\"E05CF557-9733-470F-A02B-8D926EE18B58\")>\n\n    @severity(severity_level.CRITICAL)\n    @allure.feature('Login')\n    @allure.title(\"Successful login\")\n    def test_3(self, driver):\n        current_browser = TestLogin.current_browser\n        login_obj = Login(driver)\n        main_nav_obj = MainNavigation(driver)\n        driver.refresh()\n>       main_nav_obj.wait_page_to_load(TestLogin.current_browser)\nE       TypeError: MainNavigation.wait_page_to_load() takes 1 positional argument but 2 were given\n\nTests/test_Login.py:67: TypeError","flaky":false,"newFailed":false,"newBroken":true,"newPassed":false,"retriesCount":3,"retriesStatusChange":false,"beforeStages":[{"name":"_session_faker","time":{"start":1731684376349,"stop":1731684376385,"duration":36},"status":"passed","steps":[],"attachments":[],"parameters":[],"stepsCount":0,"shouldDisplayMessage":false,"attachmentsCount":0,"hasContent":false,"attachmentStep":false},{"name":"driver","time":{"start":1731684613280,"stop":1731684614369,"duration":1089},"status":"passed","steps":[],"attachments":[],"parameters":[],"stepsCount":0,"shouldDisplayMessage":false,"attachmentsCount":0,"hasContent":false,"attachmentStep":false},{"name":"setup","time":{"start":1731684845415,"stop":1731684845415,"duration":0},"status":"passed","steps":[],"attachments":[],"parameters":[],"stepsCount":0,"shouldDisplayMessage":false,"attachmentsCount":0,"hasContent":false,"attachmentStep":false}],"afterStages":[{"name":"driver::0","time":{"start":1731684849705,"stop":1731684849786,"duration":81},"status":"passed","steps":[],"attachments":[],"parameters":[],"stepsCount":0,"shouldDisplayMessage":false,"attachmentsCount":0,"hasContent":false,"attachmentStep":false}],"labels":[{"name":"severity","value":"critical"},{"name":"feature","value":"Login"},{"name":"tag","value":"flaky(reruns=3, reruns_delay=0.5, rerun_except='assert')"},{"name":"parentSuite","value":"Tests"},{"name":"suite","value":"test_Login"},{"name":"subSuite","value":"TestLogin"},{"name":"host","value":"Mac-1731684069148.local"},{"name":"thread","value":"1912-MainThread"},{"name":"framework","value":"pytest"},{"name":"language","value":"cpython3"},{"name":"package","value":"Tests.test_Login"},{"name":"resultFormat","value":"allure2"}],"parameters":[{"name":"driver","value":"'safari'"}],"links":[],"hidden":false,"retry":false,"extra":{"severity":"critical","retries":[{"uid":"44a25487bff3b6c3","status":"broken","statusDetails":"TypeError: MainNavigation.wait_page_to_load() takes 1 positional argument but 2 were given","time":{"start":1731684844507,"stop":1731684844887,"duration":380}},{"uid":"fa3770646ca71846","status":"broken","statusDetails":"TypeError: MainNavigation.wait_page_to_load() takes 1 positional argument but 2 were given","time":{"start":1731684843478,"stop":1731684843884,"duration":406}},{"uid":"81b09e17c2d3e836","status":"broken","statusDetails":"TypeError: MainNavigation.wait_page_to_load() takes 1 positional argument but 2 were given","time":{"start":1731684841262,"stop":1731684842867,"duration":1605}}],"categories":[{"name":"Test defects","matchedStatuses":[],"flaky":false}],"history":{"statistic":{"failed":0,"broken":3,"skipped":0,"passed":5,"unknown":0,"total":8},"items":[{"uid":"2acf6b4686e42fae","status":"passed","time":{"start":1731208922030,"stop":1731208933688,"duration":11658}},{"uid":"832b5a32228b6404","status":"passed","time":{"start":1730604442417,"stop":1730604455411,"duration":12994}},{"uid":"2032555109eb1413","status":"passed","time":{"start":1730469245660,"stop":1730469258166,"duration":12506}},{"uid":"67c57b7c846e2a7f","status":"passed","time":{"start":1730463535801,"stop":1730463547044,"duration":11243}},{"uid":"642fb7b6e0748e4e","status":"passed","time":{"start":1730463256759,"stop":1730463268620,"duration":11861}},{"uid":"5b5123fb09378a65","status":"broken","statusDetails":"selenium.common.exceptions.NoSuchElementException: Message: ; For documentation on this error, please visit: https://www.selenium.dev/documentation/webdriver/troubleshooting/errors#no-such-element-exception","time":{"start":1730462150751,"stop":1730462163483,"duration":12732}},{"uid":"2109f2c605341c35","status":"broken","statusDetails":"selenium.common.exceptions.NoSuchElementException: Message: ; For documentation on this error, please visit: https://www.selenium.dev/documentation/webdriver/troubleshooting/errors#no-such-element-exception","time":{"start":1730460789246,"stop":1730460800787,"duration":11541}}]},"tags":["flaky(reruns=3, reruns_delay=0.5, rerun_except='assert')"]},"source":"db7505d87c8315cd.json","parameterValues":["'safari'"]}