{"uid":"fe002a182f6725f6","name":"Benefits banner appearance","fullName":"Tests.test_SponsorsPage.TestSponsorsPage#test_8","historyId":"919e9cc63f442359b4cfe82ca9ff2d92","time":{"start":1732000662503,"stop":1732000662503,"duration":0},"status":"skipped","statusMessage":"Skipped: test_8[firefox] depends on test_1","statusTrace":"('/opt/hostedtoolcache/Python/3.11.10/x64/lib/python3.11/site-packages/pytest_dependency.py', 101, 'Skipped: test_8[firefox] depends on test_1')","flaky":false,"newFailed":false,"newBroken":false,"newPassed":false,"retriesCount":0,"retriesStatusChange":false,"beforeStages":[{"name":"_session_faker","time":{"start":1732000586625,"stop":1732000586689,"duration":64},"status":"passed","steps":[],"attachments":[],"parameters":[],"stepsCount":0,"shouldDisplayMessage":false,"attachmentsCount":0,"hasContent":false,"attachmentStep":false},{"name":"driver","time":{"start":1732000586690,"stop":1732000601959,"duration":15269},"status":"passed","steps":[],"attachments":[],"parameters":[],"stepsCount":0,"shouldDisplayMessage":false,"attachmentsCount":0,"hasContent":false,"attachmentStep":false},{"name":"get_sponsors_page_content","time":{"start":1732000601960,"stop":1732000620386,"duration":18426},"status":"broken","statusMessage":"selenium.common.exceptions.NoSuchElementException: Message: Unable to locate element: //label[contains(.,'logos')]/../../..//span[@class ='sc-dkPtRN cSldSA']; For documentation on this error, please visit: https://www.selenium.dev/documentation/webdriver/troubleshooting/errors#no-such-element-exception\nStacktrace:\nRemoteError@chrome://remote/content/shared/RemoteError.sys.mjs:8:8\nWebDriverError@chrome://remote/content/shared/webdriver/Errors.sys.mjs:193:5\nNoSuchElementError@chrome://remote/content/shared/webdriver/Errors.sys.mjs:511:5\ndom.find/</<@chrome://remote/content/shared/DOM.sys.mjs:136:16\n\n","statusTrace":"  File \"/opt/hostedtoolcache/Python/3.11.10/x64/lib/python3.11/site-packages/pluggy/_callers.py\", line 166, in _multicall\n    teardown.throw(outcome._exception)\n  File \"/opt/hostedtoolcache/Python/3.11.10/x64/lib/python3.11/site-packages/_pytest/setuponly.py\", line 36, in pytest_fixture_setup\n    return (yield)\n            ^^^^^\n  File \"/opt/hostedtoolcache/Python/3.11.10/x64/lib/python3.11/site-packages/pluggy/_callers.py\", line 102, in _multicall\n    res = hook_impl.function(*args)\n          ^^^^^^^^^^^^^^^^^^^^^^^^^\n  File \"/opt/hostedtoolcache/Python/3.11.10/x64/lib/python3.11/site-packages/_pytest/fixtures.py\", line 1132, in pytest_fixture_setup\n    result = call_fixture_func(fixturefunc, request, kwargs)\n             ^^^^^^^^^^^^^^^^^^^^^^^^^^^^^^^^^^^^^^^^^^^^^^^\n  File \"/opt/hostedtoolcache/Python/3.11.10/x64/lib/python3.11/site-packages/_pytest/fixtures.py\", line 913, in call_fixture_func\n    fixture_result = fixturefunc(**kwargs)\n                     ^^^^^^^^^^^^^^^^^^^^^\n  File \"/home/runner/work/QUBA_WEB/QUBA_WEB/Tests/test_SponsorsPage.py\", line 27, in get_sponsors_page_content\n    TestSponsorsPage.sponsors_page_content = admin_obj.get_sponsors_page_content()\n                                             ^^^^^^^^^^^^^^^^^^^^^^^^^^^^^^^^^^^^^\n  File \"/home/runner/work/QUBA_WEB/QUBA_WEB/Pages/Admin.py\", line 358, in get_sponsors_page_content\n    \"logos\": self.get_sponsors_logos_filenames(),\n             ^^^^^^^^^^^^^^^^^^^^^^^^^^^^^^^^^^^\n  File \"/home/runner/work/QUBA_WEB/QUBA_WEB/Pages/Admin.py\", line 320, in get_sponsors_logos_filenames\n    filenames.append(self.driver.find_element(*self.sponsors_logo_filename).text)\n                     ^^^^^^^^^^^^^^^^^^^^^^^^^^^^^^^^^^^^^^^^^^^^^^^^^^^^^^\n  File \"/opt/hostedtoolcache/Python/3.11.10/x64/lib/python3.11/site-packages/selenium/webdriver/remote/webdriver.py\", line 741, in find_element\n    return self.execute(Command.FIND_ELEMENT, {\"using\": by, \"value\": value})[\"value\"]\n           ^^^^^^^^^^^^^^^^^^^^^^^^^^^^^^^^^^^^^^^^^^^^^^^^^^^^^^^^^^^^^^^^^\n  File \"/opt/hostedtoolcache/Python/3.11.10/x64/lib/python3.11/site-packages/selenium/webdriver/remote/webdriver.py\", line 347, in execute\n    self.error_handler.check_response(response)\n  File \"/opt/hostedtoolcache/Python/3.11.10/x64/lib/python3.11/site-packages/selenium/webdriver/remote/errorhandler.py\", line 229, in check_response\n    raise exception_class(message, screen, stacktrace)\n","steps":[],"attachments":[],"parameters":[],"stepsCount":0,"shouldDisplayMessage":true,"attachmentsCount":0,"hasContent":true,"attachmentStep":false},{"name":"get_sponsors_page_content","time":{"start":1732000621464,"stop":1732000636092,"duration":14628},"status":"broken","statusMessage":"selenium.common.exceptions.NoSuchElementException: Message: Unable to locate element: //label[contains(.,'logos')]/../../..//span[@class ='sc-dkPtRN cSldSA']; For documentation on this error, please visit: https://www.selenium.dev/documentation/webdriver/troubleshooting/errors#no-such-element-exception\nStacktrace:\nRemoteError@chrome://remote/content/shared/RemoteError.sys.mjs:8:8\nWebDriverError@chrome://remote/content/shared/webdriver/Errors.sys.mjs:193:5\nNoSuchElementError@chrome://remote/content/shared/webdriver/Errors.sys.mjs:511:5\ndom.find/</<@chrome://remote/content/shared/DOM.sys.mjs:136:16\n\n","statusTrace":"  File \"/opt/hostedtoolcache/Python/3.11.10/x64/lib/python3.11/site-packages/pluggy/_callers.py\", line 166, in _multicall\n    teardown.throw(outcome._exception)\n  File \"/opt/hostedtoolcache/Python/3.11.10/x64/lib/python3.11/site-packages/_pytest/setuponly.py\", line 36, in pytest_fixture_setup\n    return (yield)\n            ^^^^^\n  File \"/opt/hostedtoolcache/Python/3.11.10/x64/lib/python3.11/site-packages/pluggy/_callers.py\", line 102, in _multicall\n    res = hook_impl.function(*args)\n          ^^^^^^^^^^^^^^^^^^^^^^^^^\n  File \"/opt/hostedtoolcache/Python/3.11.10/x64/lib/python3.11/site-packages/_pytest/fixtures.py\", line 1132, in pytest_fixture_setup\n    result = call_fixture_func(fixturefunc, request, kwargs)\n             ^^^^^^^^^^^^^^^^^^^^^^^^^^^^^^^^^^^^^^^^^^^^^^^\n  File \"/opt/hostedtoolcache/Python/3.11.10/x64/lib/python3.11/site-packages/_pytest/fixtures.py\", line 913, in call_fixture_func\n    fixture_result = fixturefunc(**kwargs)\n                     ^^^^^^^^^^^^^^^^^^^^^\n  File \"/home/runner/work/QUBA_WEB/QUBA_WEB/Tests/test_SponsorsPage.py\", line 27, in get_sponsors_page_content\n    TestSponsorsPage.sponsors_page_content = admin_obj.get_sponsors_page_content()\n                                             ^^^^^^^^^^^^^^^^^^^^^^^^^^^^^^^^^^^^^\n  File \"/home/runner/work/QUBA_WEB/QUBA_WEB/Pages/Admin.py\", line 358, in get_sponsors_page_content\n    \"logos\": self.get_sponsors_logos_filenames(),\n             ^^^^^^^^^^^^^^^^^^^^^^^^^^^^^^^^^^^\n  File \"/home/runner/work/QUBA_WEB/QUBA_WEB/Pages/Admin.py\", line 320, in get_sponsors_logos_filenames\n    filenames.append(self.driver.find_element(*self.sponsors_logo_filename).text)\n                     ^^^^^^^^^^^^^^^^^^^^^^^^^^^^^^^^^^^^^^^^^^^^^^^^^^^^^^\n  File \"/opt/hostedtoolcache/Python/3.11.10/x64/lib/python3.11/site-packages/selenium/webdriver/remote/webdriver.py\", line 741, in find_element\n    return self.execute(Command.FIND_ELEMENT, {\"using\": by, \"value\": value})[\"value\"]\n           ^^^^^^^^^^^^^^^^^^^^^^^^^^^^^^^^^^^^^^^^^^^^^^^^^^^^^^^^^^^^^^^^^\n  File \"/opt/hostedtoolcache/Python/3.11.10/x64/lib/python3.11/site-packages/selenium/webdriver/remote/webdriver.py\", line 347, in execute\n    self.error_handler.check_response(response)\n  File \"/opt/hostedtoolcache/Python/3.11.10/x64/lib/python3.11/site-packages/selenium/webdriver/remote/errorhandler.py\", line 229, in check_response\n    raise exception_class(message, screen, stacktrace)\n","steps":[],"attachments":[],"parameters":[],"stepsCount":0,"shouldDisplayMessage":true,"attachmentsCount":0,"hasContent":true,"attachmentStep":false},{"name":"get_sponsors_page_content","time":{"start":1732000637125,"stop":1732000649256,"duration":12131},"status":"broken","statusMessage":"selenium.common.exceptions.NoSuchElementException: Message: Unable to locate element: (//span[.='Content Manager'])[1]/..; For documentation on this error, please visit: https://www.selenium.dev/documentation/webdriver/troubleshooting/errors#no-such-element-exception\nStacktrace:\nRemoteError@chrome://remote/content/shared/RemoteError.sys.mjs:8:8\nWebDriverError@chrome://remote/content/shared/webdriver/Errors.sys.mjs:193:5\nNoSuchElementError@chrome://remote/content/shared/webdriver/Errors.sys.mjs:511:5\ndom.find/</<@chrome://remote/content/shared/DOM.sys.mjs:136:16\n\n","statusTrace":"  File \"/opt/hostedtoolcache/Python/3.11.10/x64/lib/python3.11/site-packages/pluggy/_callers.py\", line 166, in _multicall\n    teardown.throw(outcome._exception)\n  File \"/opt/hostedtoolcache/Python/3.11.10/x64/lib/python3.11/site-packages/_pytest/setuponly.py\", line 36, in pytest_fixture_setup\n    return (yield)\n            ^^^^^\n  File \"/opt/hostedtoolcache/Python/3.11.10/x64/lib/python3.11/site-packages/pluggy/_callers.py\", line 102, in _multicall\n    res = hook_impl.function(*args)\n          ^^^^^^^^^^^^^^^^^^^^^^^^^\n  File \"/opt/hostedtoolcache/Python/3.11.10/x64/lib/python3.11/site-packages/_pytest/fixtures.py\", line 1132, in pytest_fixture_setup\n    result = call_fixture_func(fixturefunc, request, kwargs)\n             ^^^^^^^^^^^^^^^^^^^^^^^^^^^^^^^^^^^^^^^^^^^^^^^\n  File \"/opt/hostedtoolcache/Python/3.11.10/x64/lib/python3.11/site-packages/_pytest/fixtures.py\", line 913, in call_fixture_func\n    fixture_result = fixturefunc(**kwargs)\n                     ^^^^^^^^^^^^^^^^^^^^^\n  File \"/home/runner/work/QUBA_WEB/QUBA_WEB/Tests/test_SponsorsPage.py\", line 27, in get_sponsors_page_content\n    TestSponsorsPage.sponsors_page_content = admin_obj.get_sponsors_page_content()\n                                             ^^^^^^^^^^^^^^^^^^^^^^^^^^^^^^^^^^^^^\n  File \"/home/runner/work/QUBA_WEB/QUBA_WEB/Pages/Admin.py\", line 353, in get_sponsors_page_content\n    self.click_content_manager_button()\n  File \"/home/runner/work/QUBA_WEB/QUBA_WEB/Pages/Admin.py\", line 100, in click_content_manager_button\n    self.driver.find_element(*self.content_manager_button).click()\n    ^^^^^^^^^^^^^^^^^^^^^^^^^^^^^^^^^^^^^^^^^^^^^^^^^^^^^^\n  File \"/opt/hostedtoolcache/Python/3.11.10/x64/lib/python3.11/site-packages/selenium/webdriver/remote/webdriver.py\", line 741, in find_element\n    return self.execute(Command.FIND_ELEMENT, {\"using\": by, \"value\": value})[\"value\"]\n           ^^^^^^^^^^^^^^^^^^^^^^^^^^^^^^^^^^^^^^^^^^^^^^^^^^^^^^^^^^^^^^^^^\n  File \"/opt/hostedtoolcache/Python/3.11.10/x64/lib/python3.11/site-packages/selenium/webdriver/remote/webdriver.py\", line 347, in execute\n    self.error_handler.check_response(response)\n  File \"/opt/hostedtoolcache/Python/3.11.10/x64/lib/python3.11/site-packages/selenium/webdriver/remote/errorhandler.py\", line 229, in check_response\n    raise exception_class(message, screen, stacktrace)\n","steps":[],"attachments":[],"parameters":[],"stepsCount":0,"shouldDisplayMessage":true,"attachmentsCount":0,"hasContent":true,"attachmentStep":false},{"name":"get_sponsors_page_content","time":{"start":1732000650289,"stop":1732000662461,"duration":12172},"status":"broken","statusMessage":"selenium.common.exceptions.NoSuchElementException: Message: Unable to locate element: (//span[.='Content Manager'])[1]/..; For documentation on this error, please visit: https://www.selenium.dev/documentation/webdriver/troubleshooting/errors#no-such-element-exception\nStacktrace:\nRemoteError@chrome://remote/content/shared/RemoteError.sys.mjs:8:8\nWebDriverError@chrome://remote/content/shared/webdriver/Errors.sys.mjs:193:5\nNoSuchElementError@chrome://remote/content/shared/webdriver/Errors.sys.mjs:511:5\ndom.find/</<@chrome://remote/content/shared/DOM.sys.mjs:136:16\n\n","statusTrace":"  File \"/opt/hostedtoolcache/Python/3.11.10/x64/lib/python3.11/site-packages/pluggy/_callers.py\", line 166, in _multicall\n    teardown.throw(outcome._exception)\n  File \"/opt/hostedtoolcache/Python/3.11.10/x64/lib/python3.11/site-packages/_pytest/setuponly.py\", line 36, in pytest_fixture_setup\n    return (yield)\n            ^^^^^\n  File \"/opt/hostedtoolcache/Python/3.11.10/x64/lib/python3.11/site-packages/pluggy/_callers.py\", line 102, in _multicall\n    res = hook_impl.function(*args)\n          ^^^^^^^^^^^^^^^^^^^^^^^^^\n  File \"/opt/hostedtoolcache/Python/3.11.10/x64/lib/python3.11/site-packages/_pytest/fixtures.py\", line 1132, in pytest_fixture_setup\n    result = call_fixture_func(fixturefunc, request, kwargs)\n             ^^^^^^^^^^^^^^^^^^^^^^^^^^^^^^^^^^^^^^^^^^^^^^^\n  File \"/opt/hostedtoolcache/Python/3.11.10/x64/lib/python3.11/site-packages/_pytest/fixtures.py\", line 913, in call_fixture_func\n    fixture_result = fixturefunc(**kwargs)\n                     ^^^^^^^^^^^^^^^^^^^^^\n  File \"/home/runner/work/QUBA_WEB/QUBA_WEB/Tests/test_SponsorsPage.py\", line 27, in get_sponsors_page_content\n    TestSponsorsPage.sponsors_page_content = admin_obj.get_sponsors_page_content()\n                                             ^^^^^^^^^^^^^^^^^^^^^^^^^^^^^^^^^^^^^\n  File \"/home/runner/work/QUBA_WEB/QUBA_WEB/Pages/Admin.py\", line 353, in get_sponsors_page_content\n    self.click_content_manager_button()\n  File \"/home/runner/work/QUBA_WEB/QUBA_WEB/Pages/Admin.py\", line 100, in click_content_manager_button\n    self.driver.find_element(*self.content_manager_button).click()\n    ^^^^^^^^^^^^^^^^^^^^^^^^^^^^^^^^^^^^^^^^^^^^^^^^^^^^^^\n  File \"/opt/hostedtoolcache/Python/3.11.10/x64/lib/python3.11/site-packages/selenium/webdriver/remote/webdriver.py\", line 741, in find_element\n    return self.execute(Command.FIND_ELEMENT, {\"using\": by, \"value\": value})[\"value\"]\n           ^^^^^^^^^^^^^^^^^^^^^^^^^^^^^^^^^^^^^^^^^^^^^^^^^^^^^^^^^^^^^^^^^\n  File \"/opt/hostedtoolcache/Python/3.11.10/x64/lib/python3.11/site-packages/selenium/webdriver/remote/webdriver.py\", line 347, in execute\n    self.error_handler.check_response(response)\n  File \"/opt/hostedtoolcache/Python/3.11.10/x64/lib/python3.11/site-packages/selenium/webdriver/remote/errorhandler.py\", line 229, in check_response\n    raise exception_class(message, screen, stacktrace)\n","steps":[],"attachments":[],"parameters":[],"stepsCount":0,"shouldDisplayMessage":true,"attachmentsCount":0,"hasContent":true,"attachmentStep":false}],"afterStages":[{"name":"driver::0","time":{"start":1732000662507,"stop":1732000663303,"duration":796},"status":"passed","steps":[],"attachments":[],"parameters":[],"stepsCount":0,"shouldDisplayMessage":false,"attachmentsCount":0,"hasContent":false,"attachmentStep":false}],"labels":[{"name":"feature","value":"Sponsors page"},{"name":"severity","value":"normal"},{"name":"tag","value":"dependency(depends=['test_1'])"},{"name":"tag","value":"flaky(reruns=3, reruns_delay=1)"},{"name":"parentSuite","value":"Tests"},{"name":"suite","value":"test_SponsorsPage"},{"name":"subSuite","value":"TestSponsorsPage"},{"name":"host","value":"fv-az520-557"},{"name":"thread","value":"1787-MainThread"},{"name":"framework","value":"pytest"},{"name":"language","value":"cpython3"},{"name":"package","value":"Tests.test_SponsorsPage"},{"name":"resultFormat","value":"allure2"}],"parameters":[{"name":"driver","value":"'firefox'"}],"links":[{"name":"C58570","url":"https://hedgehoglabqa.testrail.io/index.php?/cases/view/58570","type":"tms"},{"name":"Epic QP-356","url":"https://hedgehog-lab.atlassian.net/browse/QP-356","type":"issue"},{"name":"Story QP-270","url":"https://hedgehog-lab.atlassian.net/browse/QP-270","type":"issue"}],"hidden":false,"retry":false,"extra":{"severity":"normal","retries":[],"categories":[],"tags":["flaky(reruns=3, reruns_delay=1)","dependency(depends=['test_1'])"]},"source":"fe002a182f6725f6.json","parameterValues":["'firefox'"]}